ARM GAS  C:\Users\DNIEL~1\AppData\Local\Temp\ccubpwY8.s 			page 1


   1              		.syntax unified
   2              		.cpu cortex-m3
   3              		.fpu softvfp
   4              		.eabi_attribute 20, 1
   5              		.eabi_attribute 21, 1
   6              		.eabi_attribute 23, 3
   7              		.eabi_attribute 24, 1
   8              		.eabi_attribute 25, 1
   9              		.eabi_attribute 26, 1
  10              		.eabi_attribute 30, 2
  11              		.eabi_attribute 18, 4
  12              		.thumb
  13              		.file	"chcond.c"
  14              		.section	.debug_abbrev,"",%progbits
  15              	.Ldebug_abbrev0:
  16              		.section	.debug_info,"",%progbits
  17              	.Ldebug_info0:
  18              		.section	.debug_line,"",%progbits
  19              	.Ldebug_line0:
  20 0000 3A020000 		.text
  20      02006901 
  20      00000201 
  20      FB0E0D00 
  20      01010101 
  21              	.Ltext0:
  22              		.cfi_sections	.debug_frame
  23              		.section	.text.chCondInit,"ax",%progbits
  24              		.align	2
  25              		.p2align 4,,15
  26              		.global	chCondInit
  27              		.thumb
  28              		.thumb_func
  29              		.type	chCondInit, %function
  30              	chCondInit:
  31              	.LFB0:
  32              		.file 1 "../../../ChibiOS/os/kernel/src/chcond.c"
  33              		.loc 1 59 0
  34              		.cfi_startproc
  35              		@ args = 0, pretend = 0, frame = 0
  36              		@ frame_needed = 0, uses_anonymous_args = 0
  37              		@ link register save eliminated.
  38              	.LVL0:
  39              		.loc 1 63 0
  40 0000 4060     		str	r0, [r0, #4]
  41 0002 0060     		str	r0, [r0, #0]
  42              		.loc 1 64 0
  43 0004 7047     		bx	lr
  44              		.cfi_endproc
  45              	.LFE0:
  46              		.size	chCondInit, .-chCondInit
  47 0006 00BFAFF3 		.section	.text.chCondSignal,"ax",%progbits
  47      0080AFF3 
  47      0080
  48              		.align	2
  49              		.p2align 4,,15
  50              		.global	chCondSignal
  51              		.thumb
ARM GAS  C:\Users\DNIEL~1\AppData\Local\Temp\ccubpwY8.s 			page 2


  52              		.thumb_func
  53              		.type	chCondSignal, %function
  54              	chCondSignal:
  55              	.LFB1:
  56              		.loc 1 73 0
  57              		.cfi_startproc
  58              		@ args = 0, pretend = 0, frame = 0
  59              		@ frame_needed = 0, uses_anonymous_args = 0
  60              	.LVL1:
  61 0000 08B5     		push	{r3, lr}
  62              	.LCFI0:
  63              		.cfi_def_cfa_offset 8
  64              		.loc 1 77 0
  65              	@ 77 "../../../ChibiOS/os/kernel/src/chcond.c" 1
  66 0002 FFF7FEFF 		bl      _port_lock
  67              	@ 0 "" 2
  68              		.loc 1 78 0
  69              		.thumb
  70 0006 0368     		ldr	r3, [r0, #0]
  71              		.cfi_offset 14, -4
  72              		.cfi_offset 3, -8
  73 0008 8342     		cmp	r3, r0
  74 000a 04D0     		beq	.L3
  75              		.loc 1 79 0
  76 000c FFF7FEFF 		bl	fifo_remove
  77              	.LVL2:
  78 0010 0021     		movs	r1, #0
  79 0012 FFF7FEFF 		bl	chSchWakeupS
  80              	.L3:
  81              		.loc 1 80 0
  82              	@ 80 "../../../ChibiOS/os/kernel/src/chcond.c" 1
  83 0016 FFF7FEFF 		bl      _port_unlock
  84              	@ 0 "" 2
  85              		.loc 1 81 0
  86              		.thumb
  87 001a 08BD     		pop	{r3, pc}
  88              		.cfi_endproc
  89              	.LFE1:
  90              		.size	chCondSignal, .-chCondSignal
  91 001c AFF30080 		.section	.text.chCondSignalI,"ax",%progbits
  92              		.align	2
  93              		.p2align 4,,15
  94              		.global	chCondSignalI
  95              		.thumb
  96              		.thumb_func
  97              		.type	chCondSignalI, %function
  98              	chCondSignalI:
  99              	.LFB2:
 100              		.loc 1 94 0
 101              		.cfi_startproc
 102              		@ args = 0, pretend = 0, frame = 0
 103              		@ frame_needed = 0, uses_anonymous_args = 0
 104              	.LVL3:
 105 0000 08B5     		push	{r3, lr}
 106              	.LCFI1:
 107              		.cfi_def_cfa_offset 8
 108              		.loc 1 99 0
ARM GAS  C:\Users\DNIEL~1\AppData\Local\Temp\ccubpwY8.s 			page 3


 109 0002 0368     		ldr	r3, [r0, #0]
 110              		.cfi_offset 14, -4
 111              		.cfi_offset 3, -8
 112 0004 8342     		cmp	r3, r0
 113 0006 05D0     		beq	.L5
 114              		.loc 1 100 0
 115 0008 FFF7FEFF 		bl	fifo_remove
 116              	.LVL4:
 117 000c FFF7FEFF 		bl	chSchReadyI
 118 0010 0021     		movs	r1, #0
 119 0012 4162     		str	r1, [r0, #36]
 120              	.L5:
 121 0014 08BD     		pop	{r3, pc}
 122              		.cfi_endproc
 123              	.LFE2:
 124              		.size	chCondSignalI, .-chCondSignalI
 125 0016 00BFAFF3 		.section	.text.chCondBroadcastI,"ax",%progbits
 125      0080AFF3 
 125      0080
 126              		.align	2
 127              		.p2align 4,,15
 128              		.global	chCondBroadcastI
 129              		.thumb
 130              		.thumb_func
 131              		.type	chCondBroadcastI, %function
 132              	chCondBroadcastI:
 133              	.LFB4:
 134              		.loc 1 129 0
 135              		.cfi_startproc
 136              		@ args = 0, pretend = 0, frame = 0
 137              		@ frame_needed = 0, uses_anonymous_args = 0
 138              	.LVL5:
 139 0000 38B5     		push	{r3, r4, r5, lr}
 140              	.LCFI2:
 141              		.cfi_def_cfa_offset 16
 142              		.loc 1 137 0
 143 0002 0368     		ldr	r3, [r0, #0]
 144              		.cfi_offset 14, -4
 145              		.cfi_offset 5, -8
 146              		.cfi_offset 4, -12
 147              		.cfi_offset 3, -16
 148              		.loc 1 129 0
 149 0004 0446     		mov	r4, r0
 150              		.loc 1 137 0
 151 0006 8342     		cmp	r3, r0
 152 0008 0AD0     		beq	.L7
 153              		.loc 1 138 0
 154 000a 6FF00105 		mvn	r5, #1
 155              	.LVL6:
 156              	.L10:
 157 000e 2046     		mov	r0, r4
 158 0010 FFF7FEFF 		bl	fifo_remove
 159 0014 FFF7FEFF 		bl	chSchReadyI
 160 0018 4562     		str	r5, [r0, #36]
 161              		.loc 1 137 0
 162 001a 2068     		ldr	r0, [r4, #0]
 163 001c A042     		cmp	r0, r4
ARM GAS  C:\Users\DNIEL~1\AppData\Local\Temp\ccubpwY8.s 			page 4


 164 001e F6D1     		bne	.L10
 165              	.L7:
 166 0020 38BD     		pop	{r3, r4, r5, pc}
 167              		.cfi_endproc
 168              	.LFE4:
 169              		.size	chCondBroadcastI, .-chCondBroadcastI
 170 0022 00BFAFF3 		.section	.text.chCondBroadcast,"ax",%progbits
 170      0080AFF3 
 170      0080AFF3 
 170      0080
 171              		.align	2
 172              		.p2align 4,,15
 173              		.global	chCondBroadcast
 174              		.thumb
 175              		.thumb_func
 176              		.type	chCondBroadcast, %function
 177              	chCondBroadcast:
 178              	.LFB3:
 179              		.loc 1 110 0
 180              		.cfi_startproc
 181              		@ args = 0, pretend = 0, frame = 0
 182              		@ frame_needed = 0, uses_anonymous_args = 0
 183              	.LVL7:
 184 0000 08B5     		push	{r3, lr}
 185              	.LCFI3:
 186              		.cfi_def_cfa_offset 8
 187              		.loc 1 112 0
 188              	@ 112 "../../../ChibiOS/os/kernel/src/chcond.c" 1
 189 0002 FFF7FEFF 		bl      _port_lock
 190              	@ 0 "" 2
 191              		.loc 1 113 0
 192              		.thumb
 193              		.cfi_offset 14, -4
 194              		.cfi_offset 3, -8
 195 0006 FFF7FEFF 		bl	chCondBroadcastI
 196              	.LVL8:
 197              		.loc 1 114 0
 198 000a FFF7FEFF 		bl	chSchRescheduleS
 199              		.loc 1 115 0
 200              	@ 115 "../../../ChibiOS/os/kernel/src/chcond.c" 1
 201 000e FFF7FEFF 		bl      _port_unlock
 202              	@ 0 "" 2
 203              		.loc 1 116 0
 204              		.thumb
 205 0012 08BD     		pop	{r3, pc}
 206              		.cfi_endproc
 207              	.LFE3:
 208              		.size	chCondBroadcast, .-chCondBroadcast
 209 0014 AFF30080 		.section	.text.chCondWaitS,"ax",%progbits
 209      AFF30080 
 209      AFF30080 
 210              		.align	2
 211              		.p2align 4,,15
 212              		.global	chCondWaitS
 213              		.thumb
 214              		.thumb_func
 215              		.type	chCondWaitS, %function
ARM GAS  C:\Users\DNIEL~1\AppData\Local\Temp\ccubpwY8.s 			page 5


 216              	chCondWaitS:
 217              	.LFB6:
 218              		.loc 1 184 0
 219              		.cfi_startproc
 220              		@ args = 0, pretend = 0, frame = 0
 221              		@ frame_needed = 0, uses_anonymous_args = 0
 222              	.LVL9:
 223              		.loc 1 185 0
 224 0000 0A4B     		ldr	r3, .L14
 225              		.loc 1 184 0
 226 0002 70B5     		push	{r4, r5, r6, lr}
 227              	.LCFI4:
 228              		.cfi_def_cfa_offset 16
 229              		.loc 1 185 0
 230 0004 9C69     		ldr	r4, [r3, #24]
 231              		.cfi_offset 14, -4
 232              		.cfi_offset 6, -8
 233              		.cfi_offset 5, -12
 234              		.cfi_offset 4, -16
 235              	.LVL10:
 236              		.loc 1 184 0
 237 0006 0546     		mov	r5, r0
 238              		.loc 1 195 0
 239 0008 FFF7FEFF 		bl	chMtxUnlockS
 240              	.LVL11:
 241              		.loc 1 197 0
 242 000c 2946     		mov	r1, r5
 243              		.loc 1 195 0
 244 000e 0646     		mov	r6, r0
 245              	.LVL12:
 246              		.loc 1 196 0
 247 0010 6562     		str	r5, [r4, #36]
 248              		.loc 1 197 0
 249 0012 2046     		mov	r0, r4
 250              	.LVL13:
 251 0014 FFF7FEFF 		bl	prio_insert
 252              		.loc 1 198 0
 253 0018 0520     		movs	r0, #5
 254 001a FFF7FEFF 		bl	chSchGoSleepS
 255              		.loc 1 199 0
 256 001e 646A     		ldr	r4, [r4, #36]
 257              	.LVL14:
 258              		.loc 1 200 0
 259 0020 3046     		mov	r0, r6
 260 0022 FFF7FEFF 		bl	chMtxLockS
 261              		.loc 1 202 0
 262 0026 2046     		mov	r0, r4
 263 0028 70BD     		pop	{r4, r5, r6, pc}
 264              	.L15:
 265 002a 00BF     		.align	2
 266              	.L14:
 267 002c 00000000 		.word	rlist
 268              		.cfi_endproc
 269              	.LFE6:
 270              		.size	chCondWaitS, .-chCondWaitS
 271              		.section	.text.chCondWait,"ax",%progbits
 272              		.align	2
ARM GAS  C:\Users\DNIEL~1\AppData\Local\Temp\ccubpwY8.s 			page 6


 273              		.p2align 4,,15
 274              		.global	chCondWait
 275              		.thumb
 276              		.thumb_func
 277              		.type	chCondWait, %function
 278              	chCondWait:
 279              	.LFB5:
 280              		.loc 1 158 0
 281              		.cfi_startproc
 282              		@ args = 0, pretend = 0, frame = 0
 283              		@ frame_needed = 0, uses_anonymous_args = 0
 284              	.LVL15:
 285 0000 08B5     		push	{r3, lr}
 286              	.LCFI5:
 287              		.cfi_def_cfa_offset 8
 288              		.loc 1 161 0
 289              	@ 161 "../../../ChibiOS/os/kernel/src/chcond.c" 1
 290 0002 FFF7FEFF 		bl      _port_lock
 291              	@ 0 "" 2
 292              		.loc 1 162 0
 293              		.thumb
 294              		.cfi_offset 14, -4
 295              		.cfi_offset 3, -8
 296 0006 FFF7FEFF 		bl	chCondWaitS
 297              	.LVL16:
 298              		.loc 1 163 0
 299              	@ 163 "../../../ChibiOS/os/kernel/src/chcond.c" 1
 300 000a FFF7FEFF 		bl      _port_unlock
 301              	@ 0 "" 2
 302              		.loc 1 165 0
 303              		.thumb
 304 000e 08BD     		pop	{r3, pc}
 305              		.cfi_endproc
 306              	.LFE5:
 307              		.size	chCondWait, .-chCondWait
 308              		.section	.text.chCondWaitTimeoutS,"ax",%progbits
 309              		.align	2
 310              		.p2align 4,,15
 311              		.global	chCondWaitTimeoutS
 312              		.thumb
 313              		.thumb_func
 314              		.type	chCondWaitTimeoutS, %function
 315              	chCondWaitTimeoutS:
 316              	.LFB8:
 317              		.loc 1 270 0
 318              		.cfi_startproc
 319              		@ args = 0, pretend = 0, frame = 0
 320              		@ frame_needed = 0, uses_anonymous_args = 0
 321              	.LVL17:
 322 0000 70B5     		push	{r4, r5, r6, lr}
 323              	.LCFI6:
 324              		.cfi_def_cfa_offset 16
 325              		.loc 1 270 0
 326 0002 0446     		mov	r4, r0
 327              		.cfi_offset 14, -4
 328              		.cfi_offset 6, -8
 329              		.cfi_offset 5, -12
ARM GAS  C:\Users\DNIEL~1\AppData\Local\Temp\ccubpwY8.s 			page 7


 330              		.cfi_offset 4, -16
 331 0004 0D46     		mov	r5, r1
 332              		.loc 1 280 0
 333 0006 FFF7FEFF 		bl	chMtxUnlockS
 334              	.LVL18:
 335 000a 0646     		mov	r6, r0
 336              	.LVL19:
 337              		.loc 1 281 0
 338 000c 0948     		ldr	r0, .L19
 339              	.LVL20:
 340              		.loc 1 282 0
 341 000e 2146     		mov	r1, r4
 342              		.loc 1 281 0
 343 0010 8369     		ldr	r3, [r0, #24]
 344              		.loc 1 282 0
 345 0012 1846     		mov	r0, r3
 346              		.loc 1 281 0
 347 0014 5C62     		str	r4, [r3, #36]
 348              		.loc 1 282 0
 349 0016 FFF7FEFF 		bl	prio_insert
 350              		.loc 1 283 0
 351 001a 0520     		movs	r0, #5
 352 001c 2946     		mov	r1, r5
 353 001e FFF7FEFF 		bl	chSchGoSleepTimeoutS
 354              		.loc 1 284 0
 355 0022 B0F1FF3F 		cmp	r0, #-1
 356              		.loc 1 283 0
 357 0026 0446     		mov	r4, r0
 358              	.LVL21:
 359              		.loc 1 284 0
 360 0028 02D0     		beq	.L18
 361              		.loc 1 285 0
 362 002a 3046     		mov	r0, r6
 363              	.LVL22:
 364 002c FFF7FEFF 		bl	chMtxLockS
 365              	.L18:
 366              		.loc 1 287 0
 367 0030 2046     		mov	r0, r4
 368 0032 70BD     		pop	{r4, r5, r6, pc}
 369              	.L20:
 370              		.align	2
 371              	.L19:
 372 0034 00000000 		.word	rlist
 373              		.cfi_endproc
 374              	.LFE8:
 375              		.size	chCondWaitTimeoutS, .-chCondWaitTimeoutS
 376 0038 AFF30080 		.section	.text.chCondWaitTimeout,"ax",%progbits
 376      AFF30080 
 377              		.align	2
 378              		.p2align 4,,15
 379              		.global	chCondWaitTimeout
 380              		.thumb
 381              		.thumb_func
 382              		.type	chCondWaitTimeout, %function
 383              	chCondWaitTimeout:
 384              	.LFB7:
 385              		.loc 1 233 0
ARM GAS  C:\Users\DNIEL~1\AppData\Local\Temp\ccubpwY8.s 			page 8


 386              		.cfi_startproc
 387              		@ args = 0, pretend = 0, frame = 0
 388              		@ frame_needed = 0, uses_anonymous_args = 0
 389              	.LVL23:
 390 0000 08B5     		push	{r3, lr}
 391              	.LCFI7:
 392              		.cfi_def_cfa_offset 8
 393              		.loc 1 236 0
 394              	@ 236 "../../../ChibiOS/os/kernel/src/chcond.c" 1
 395 0002 FFF7FEFF 		bl      _port_lock
 396              	@ 0 "" 2
 397              		.loc 1 237 0
 398              		.thumb
 399              		.cfi_offset 14, -4
 400              		.cfi_offset 3, -8
 401 0006 FFF7FEFF 		bl	chCondWaitTimeoutS
 402              	.LVL24:
 403              		.loc 1 238 0
 404              	@ 238 "../../../ChibiOS/os/kernel/src/chcond.c" 1
 405 000a FFF7FEFF 		bl      _port_unlock
 406              	@ 0 "" 2
 407              		.loc 1 240 0
 408              		.thumb
 409 000e 08BD     		pop	{r3, pc}
 410              		.cfi_endproc
 411              	.LFE7:
 412              		.size	chCondWaitTimeout, .-chCondWaitTimeout
 413              		.text
 414              	.Letext0:
 415              		.section	.debug_loc,"",%progbits
 416              	.Ldebug_loc0:
 417              	.LLST0:
 418 0000 00000000 		.4byte	.LFB1
 419 0004 02000000 		.4byte	.LCFI0
 420 0008 0200     		.2byte	0x2
 421 000a 7D       		.byte	0x7d
 422 000b 00       		.sleb128 0
 423 000c 02000000 		.4byte	.LCFI0
 424 0010 1C000000 		.4byte	.LFE1
 425 0014 0200     		.2byte	0x2
 426 0016 7D       		.byte	0x7d
 427 0017 08       		.sleb128 8
 428 0018 00000000 		.4byte	0x0
 429 001c 00000000 		.4byte	0x0
 430              	.LLST1:
 431 0020 00000000 		.4byte	.LVL1
 432 0024 0F000000 		.4byte	.LVL2-1
 433 0028 0100     		.2byte	0x1
 434 002a 50       		.byte	0x50
 435 002b 00000000 		.4byte	0x0
 436 002f 00000000 		.4byte	0x0
 437              	.LLST2:
 438 0033 00000000 		.4byte	.LFB2
 439 0037 02000000 		.4byte	.LCFI1
 440 003b 0200     		.2byte	0x2
 441 003d 7D       		.byte	0x7d
 442 003e 00       		.sleb128 0
ARM GAS  C:\Users\DNIEL~1\AppData\Local\Temp\ccubpwY8.s 			page 9


 443 003f 02000000 		.4byte	.LCFI1
 444 0043 16000000 		.4byte	.LFE2
 445 0047 0200     		.2byte	0x2
 446 0049 7D       		.byte	0x7d
 447 004a 08       		.sleb128 8
 448 004b 00000000 		.4byte	0x0
 449 004f 00000000 		.4byte	0x0
 450              	.LLST3:
 451 0053 00000000 		.4byte	.LVL3
 452 0057 0B000000 		.4byte	.LVL4-1
 453 005b 0100     		.2byte	0x1
 454 005d 50       		.byte	0x50
 455 005e 00000000 		.4byte	0x0
 456 0062 00000000 		.4byte	0x0
 457              	.LLST4:
 458 0066 00000000 		.4byte	.LFB4
 459 006a 02000000 		.4byte	.LCFI2
 460 006e 0200     		.2byte	0x2
 461 0070 7D       		.byte	0x7d
 462 0071 00       		.sleb128 0
 463 0072 02000000 		.4byte	.LCFI2
 464 0076 22000000 		.4byte	.LFE4
 465 007a 0200     		.2byte	0x2
 466 007c 7D       		.byte	0x7d
 467 007d 10       		.sleb128 16
 468 007e 00000000 		.4byte	0x0
 469 0082 00000000 		.4byte	0x0
 470              	.LLST5:
 471 0086 00000000 		.4byte	.LVL5
 472 008a 0E000000 		.4byte	.LVL6
 473 008e 0100     		.2byte	0x1
 474 0090 50       		.byte	0x50
 475 0091 0E000000 		.4byte	.LVL6
 476 0095 22000000 		.4byte	.LFE4
 477 0099 0100     		.2byte	0x1
 478 009b 54       		.byte	0x54
 479 009c 00000000 		.4byte	0x0
 480 00a0 00000000 		.4byte	0x0
 481              	.LLST6:
 482 00a4 00000000 		.4byte	.LFB3
 483 00a8 02000000 		.4byte	.LCFI3
 484 00ac 0200     		.2byte	0x2
 485 00ae 7D       		.byte	0x7d
 486 00af 00       		.sleb128 0
 487 00b0 02000000 		.4byte	.LCFI3
 488 00b4 14000000 		.4byte	.LFE3
 489 00b8 0200     		.2byte	0x2
 490 00ba 7D       		.byte	0x7d
 491 00bb 08       		.sleb128 8
 492 00bc 00000000 		.4byte	0x0
 493 00c0 00000000 		.4byte	0x0
 494              	.LLST7:
 495 00c4 00000000 		.4byte	.LVL7
 496 00c8 09000000 		.4byte	.LVL8-1
 497 00cc 0100     		.2byte	0x1
 498 00ce 50       		.byte	0x50
 499 00cf 00000000 		.4byte	0x0
ARM GAS  C:\Users\DNIEL~1\AppData\Local\Temp\ccubpwY8.s 			page 10


 500 00d3 00000000 		.4byte	0x0
 501              	.LLST8:
 502 00d7 00000000 		.4byte	.LFB6
 503 00db 04000000 		.4byte	.LCFI4
 504 00df 0200     		.2byte	0x2
 505 00e1 7D       		.byte	0x7d
 506 00e2 00       		.sleb128 0
 507 00e3 04000000 		.4byte	.LCFI4
 508 00e7 30000000 		.4byte	.LFE6
 509 00eb 0200     		.2byte	0x2
 510 00ed 7D       		.byte	0x7d
 511 00ee 10       		.sleb128 16
 512 00ef 00000000 		.4byte	0x0
 513 00f3 00000000 		.4byte	0x0
 514              	.LLST9:
 515 00f7 00000000 		.4byte	.LVL9
 516 00fb 0B000000 		.4byte	.LVL11-1
 517 00ff 0100     		.2byte	0x1
 518 0101 50       		.byte	0x50
 519 0102 0B000000 		.4byte	.LVL11-1
 520 0106 30000000 		.4byte	.LFE6
 521 010a 0100     		.2byte	0x1
 522 010c 55       		.byte	0x55
 523 010d 00000000 		.4byte	0x0
 524 0111 00000000 		.4byte	0x0
 525              	.LLST10:
 526 0115 06000000 		.4byte	.LVL10
 527 0119 0B000000 		.4byte	.LVL11-1
 528 011d 0200     		.2byte	0x2
 529 011f 73       		.byte	0x73
 530 0120 18       		.sleb128 24
 531 0121 0B000000 		.4byte	.LVL11-1
 532 0125 20000000 		.4byte	.LVL14
 533 0129 0100     		.2byte	0x1
 534 012b 54       		.byte	0x54
 535 012c 00000000 		.4byte	0x0
 536 0130 00000000 		.4byte	0x0
 537              	.LLST11:
 538 0134 10000000 		.4byte	.LVL12
 539 0138 14000000 		.4byte	.LVL13
 540 013c 0100     		.2byte	0x1
 541 013e 50       		.byte	0x50
 542 013f 14000000 		.4byte	.LVL13
 543 0143 30000000 		.4byte	.LFE6
 544 0147 0100     		.2byte	0x1
 545 0149 56       		.byte	0x56
 546 014a 00000000 		.4byte	0x0
 547 014e 00000000 		.4byte	0x0
 548              	.LLST12:
 549 0152 00000000 		.4byte	.LFB5
 550 0156 02000000 		.4byte	.LCFI5
 551 015a 0200     		.2byte	0x2
 552 015c 7D       		.byte	0x7d
 553 015d 00       		.sleb128 0
 554 015e 02000000 		.4byte	.LCFI5
 555 0162 10000000 		.4byte	.LFE5
 556 0166 0200     		.2byte	0x2
ARM GAS  C:\Users\DNIEL~1\AppData\Local\Temp\ccubpwY8.s 			page 11


 557 0168 7D       		.byte	0x7d
 558 0169 08       		.sleb128 8
 559 016a 00000000 		.4byte	0x0
 560 016e 00000000 		.4byte	0x0
 561              	.LLST13:
 562 0172 00000000 		.4byte	.LVL15
 563 0176 09000000 		.4byte	.LVL16-1
 564 017a 0100     		.2byte	0x1
 565 017c 50       		.byte	0x50
 566 017d 00000000 		.4byte	0x0
 567 0181 00000000 		.4byte	0x0
 568              	.LLST14:
 569 0185 00000000 		.4byte	.LFB8
 570 0189 02000000 		.4byte	.LCFI6
 571 018d 0200     		.2byte	0x2
 572 018f 7D       		.byte	0x7d
 573 0190 00       		.sleb128 0
 574 0191 02000000 		.4byte	.LCFI6
 575 0195 38000000 		.4byte	.LFE8
 576 0199 0200     		.2byte	0x2
 577 019b 7D       		.byte	0x7d
 578 019c 10       		.sleb128 16
 579 019d 00000000 		.4byte	0x0
 580 01a1 00000000 		.4byte	0x0
 581              	.LLST15:
 582 01a5 00000000 		.4byte	.LVL17
 583 01a9 09000000 		.4byte	.LVL18-1
 584 01ad 0100     		.2byte	0x1
 585 01af 50       		.byte	0x50
 586 01b0 09000000 		.4byte	.LVL18-1
 587 01b4 28000000 		.4byte	.LVL21
 588 01b8 0100     		.2byte	0x1
 589 01ba 54       		.byte	0x54
 590 01bb 00000000 		.4byte	0x0
 591 01bf 00000000 		.4byte	0x0
 592              	.LLST16:
 593 01c3 00000000 		.4byte	.LVL17
 594 01c7 09000000 		.4byte	.LVL18-1
 595 01cb 0100     		.2byte	0x1
 596 01cd 51       		.byte	0x51
 597 01ce 09000000 		.4byte	.LVL18-1
 598 01d2 38000000 		.4byte	.LFE8
 599 01d6 0100     		.2byte	0x1
 600 01d8 55       		.byte	0x55
 601 01d9 00000000 		.4byte	0x0
 602 01dd 00000000 		.4byte	0x0
 603              	.LLST17:
 604 01e1 0C000000 		.4byte	.LVL19
 605 01e5 0E000000 		.4byte	.LVL20
 606 01e9 0100     		.2byte	0x1
 607 01eb 50       		.byte	0x50
 608 01ec 0E000000 		.4byte	.LVL20
 609 01f0 38000000 		.4byte	.LFE8
 610 01f4 0100     		.2byte	0x1
 611 01f6 56       		.byte	0x56
 612 01f7 00000000 		.4byte	0x0
 613 01fb 00000000 		.4byte	0x0
ARM GAS  C:\Users\DNIEL~1\AppData\Local\Temp\ccubpwY8.s 			page 12


 614              	.LLST18:
 615 01ff 28000000 		.4byte	.LVL21
 616 0203 2C000000 		.4byte	.LVL22
 617 0207 0100     		.2byte	0x1
 618 0209 50       		.byte	0x50
 619 020a 2C000000 		.4byte	.LVL22
 620 020e 38000000 		.4byte	.LFE8
 621 0212 0100     		.2byte	0x1
 622 0214 54       		.byte	0x54
 623 0215 00000000 		.4byte	0x0
 624 0219 00000000 		.4byte	0x0
 625              	.LLST19:
 626 021d 00000000 		.4byte	.LFB7
 627 0221 02000000 		.4byte	.LCFI7
 628 0225 0200     		.2byte	0x2
 629 0227 7D       		.byte	0x7d
 630 0228 00       		.sleb128 0
 631 0229 02000000 		.4byte	.LCFI7
 632 022d 10000000 		.4byte	.LFE7
 633 0231 0200     		.2byte	0x2
 634 0233 7D       		.byte	0x7d
 635 0234 08       		.sleb128 8
 636 0235 00000000 		.4byte	0x0
 637 0239 00000000 		.4byte	0x0
 638              	.LLST20:
 639 023d 00000000 		.4byte	.LVL23
 640 0241 09000000 		.4byte	.LVL24-1
 641 0245 0100     		.2byte	0x1
 642 0247 50       		.byte	0x50
 643 0248 00000000 		.4byte	0x0
 644 024c 00000000 		.4byte	0x0
 645              	.LLST21:
 646 0250 00000000 		.4byte	.LVL23
 647 0254 09000000 		.4byte	.LVL24-1
 648 0258 0100     		.2byte	0x1
 649 025a 51       		.byte	0x51
 650 025b 00000000 		.4byte	0x0
 651 025f 00000000 		.4byte	0x0
 652              		.file 2 "c:\\program files (x86)\\codesourcery\\sourcery g++ lite\\bin\\../lib/gcc/arm-none-eabi/4
 653              		.file 3 "../../../ChibiOS/os/ports/GCC/ARMCMx/chtypes.h"
 654              		.file 4 "../../../ChibiOS/os/kernel/include/chlists.h"
 655              		.file 5 "../../../ChibiOS/os/kernel/include/chthreads.h"
 656              		.file 6 "../../../ChibiOS/os/ports/GCC/ARMCMx/chcore_v7m.h"
 657              		.file 7 "../../../ChibiOS/os/kernel/include/chschd.h"
 658              		.file 8 "../../../ChibiOS/os/kernel/include/chmtx.h"
 659              		.file 9 "../../../ChibiOS/os/kernel/include/chcond.h"
 660              		.section	.debug_info
 661 0000 6F060000 		.4byte	0x66f
 662 0004 0200     		.2byte	0x2
 663 0006 00000000 		.4byte	.Ldebug_abbrev0
 664 000a 04       		.byte	0x4
 665 000b 01       		.uleb128 0x1
 666 000c 0C030000 		.4byte	.LASF75
 667 0010 01       		.byte	0x1
 668 0011 C0000000 		.4byte	.LASF76
 669 0015 0B010000 		.4byte	.LASF77
 670 0019 00000000 		.4byte	0x0
ARM GAS  C:\Users\DNIEL~1\AppData\Local\Temp\ccubpwY8.s 			page 13


 671 001d 00000000 		.4byte	0x0
 672 0021 00000000 		.4byte	.Ldebug_ranges0+0x0
 673 0025 00000000 		.4byte	.Ldebug_line0
 674 0029 02       		.uleb128 0x2
 675 002a 04       		.byte	0x4
 676 002b 05       		.byte	0x5
 677 002c 696E7400 		.ascii	"int\000"
 678 0030 03       		.uleb128 0x3
 679 0031 04       		.byte	0x4
 680 0032 07       		.byte	0x7
 681 0033 FE000000 		.4byte	.LASF0
 682 0037 03       		.uleb128 0x3
 683 0038 01       		.byte	0x1
 684 0039 06       		.byte	0x6
 685 003a 5E000000 		.4byte	.LASF1
 686 003e 04       		.uleb128 0x4
 687 003f FD020000 		.4byte	.LASF5
 688 0043 02       		.byte	0x2
 689 0044 2A       		.byte	0x2a
 690 0045 49000000 		.4byte	0x49
 691 0049 03       		.uleb128 0x3
 692 004a 01       		.byte	0x1
 693 004b 08       		.byte	0x8
 694 004c 19020000 		.4byte	.LASF2
 695 0050 03       		.uleb128 0x3
 696 0051 02       		.byte	0x2
 697 0052 05       		.byte	0x5
 698 0053 31020000 		.4byte	.LASF3
 699 0057 03       		.uleb128 0x3
 700 0058 02       		.byte	0x2
 701 0059 07       		.byte	0x7
 702 005a 52010000 		.4byte	.LASF4
 703 005e 04       		.uleb128 0x4
 704 005f 11020000 		.4byte	.LASF6
 705 0063 02       		.byte	0x2
 706 0064 4F       		.byte	0x4f
 707 0065 69000000 		.4byte	0x69
 708 0069 03       		.uleb128 0x3
 709 006a 04       		.byte	0x4
 710 006b 05       		.byte	0x5
 711 006c 9E000000 		.4byte	.LASF7
 712 0070 04       		.uleb128 0x4
 713 0071 84020000 		.4byte	.LASF8
 714 0075 02       		.byte	0x2
 715 0076 50       		.byte	0x50
 716 0077 7B000000 		.4byte	0x7b
 717 007b 03       		.uleb128 0x3
 718 007c 04       		.byte	0x4
 719 007d 07       		.byte	0x7
 720 007e 6A000000 		.4byte	.LASF9
 721 0082 03       		.uleb128 0x3
 722 0083 08       		.byte	0x8
 723 0084 05       		.byte	0x5
 724 0085 50000000 		.4byte	.LASF10
 725 0089 03       		.uleb128 0x3
 726 008a 08       		.byte	0x8
 727 008b 07       		.byte	0x7
ARM GAS  C:\Users\DNIEL~1\AppData\Local\Temp\ccubpwY8.s 			page 14


 728 008c 18000000 		.4byte	.LASF11
 729 0090 03       		.uleb128 0x3
 730 0091 01       		.byte	0x1
 731 0092 02       		.byte	0x2
 732 0093 0B020000 		.4byte	.LASF12
 733 0097 04       		.uleb128 0x4
 734 0098 6B010000 		.4byte	.LASF13
 735 009c 03       		.byte	0x3
 736 009d 2C       		.byte	0x2c
 737 009e 3E000000 		.4byte	0x3e
 738 00a2 04       		.uleb128 0x4
 739 00a3 A7000000 		.4byte	.LASF14
 740 00a7 03       		.byte	0x3
 741 00a8 2D       		.byte	0x2d
 742 00a9 3E000000 		.4byte	0x3e
 743 00ad 04       		.uleb128 0x4
 744 00ae E6010000 		.4byte	.LASF15
 745 00b2 03       		.byte	0x3
 746 00b3 2E       		.byte	0x2e
 747 00b4 3E000000 		.4byte	0x3e
 748 00b8 04       		.uleb128 0x4
 749 00b9 8C000000 		.4byte	.LASF16
 750 00bd 03       		.byte	0x3
 751 00be 2F       		.byte	0x2f
 752 00bf 3E000000 		.4byte	0x3e
 753 00c3 04       		.uleb128 0x4
 754 00c4 F5010000 		.4byte	.LASF17
 755 00c8 03       		.byte	0x3
 756 00c9 30       		.byte	0x30
 757 00ca 70000000 		.4byte	0x70
 758 00ce 04       		.uleb128 0x4
 759 00cf 65010000 		.4byte	.LASF18
 760 00d3 03       		.byte	0x3
 761 00d4 31       		.byte	0x31
 762 00d5 5E000000 		.4byte	0x5e
 763 00d9 04       		.uleb128 0x4
 764 00da 7F010000 		.4byte	.LASF19
 765 00de 03       		.byte	0x3
 766 00df 33       		.byte	0x33
 767 00e0 70000000 		.4byte	0x70
 768 00e4 04       		.uleb128 0x4
 769 00e5 AD020000 		.4byte	.LASF20
 770 00e9 03       		.byte	0x3
 771 00ea 35       		.byte	0x35
 772 00eb 70000000 		.4byte	0x70
 773 00ef 04       		.uleb128 0x4
 774 00f0 6A020000 		.4byte	.LASF21
 775 00f4 04       		.byte	0x4
 776 00f5 2A       		.byte	0x2a
 777 00f6 FA000000 		.4byte	0xfa
 778 00fa 05       		.uleb128 0x5
 779 00fb 6A020000 		.4byte	.LASF21
 780 00ff 48       		.byte	0x48
 781 0100 05       		.byte	0x5
 782 0101 5E       		.byte	0x5e
 783 0102 1F020000 		.4byte	0x21f
 784 0106 06       		.uleb128 0x6
ARM GAS  C:\Users\DNIEL~1\AppData\Local\Temp\ccubpwY8.s 			page 15


 785 0107 5B020000 		.4byte	.LASF22
 786 010b 05       		.byte	0x5
 787 010c 5F       		.byte	0x5f
 788 010d 44020000 		.4byte	0x244
 789 0111 02       		.byte	0x2
 790 0112 23       		.byte	0x23
 791 0113 00       		.uleb128 0x0
 792 0114 06       		.uleb128 0x6
 793 0115 EE010000 		.4byte	.LASF23
 794 0119 05       		.byte	0x5
 795 011a 61       		.byte	0x61
 796 011b 44020000 		.4byte	0x244
 797 011f 02       		.byte	0x2
 798 0120 23       		.byte	0x23
 799 0121 04       		.uleb128 0x4
 800 0122 06       		.uleb128 0x6
 801 0123 49000000 		.4byte	.LASF24
 802 0127 05       		.byte	0x5
 803 0128 63       		.byte	0x63
 804 0129 C3000000 		.4byte	0xc3
 805 012d 02       		.byte	0x2
 806 012e 23       		.byte	0x23
 807 012f 08       		.uleb128 0x8
 808 0130 06       		.uleb128 0x6
 809 0131 39030000 		.4byte	.LASF25
 810 0135 05       		.byte	0x5
 811 0136 64       		.byte	0x64
 812 0137 12030000 		.4byte	0x312
 813 013b 02       		.byte	0x2
 814 013c 23       		.byte	0x23
 815 013d 0C       		.uleb128 0xc
 816 013e 06       		.uleb128 0x6
 817 013f B0000000 		.4byte	.LASF26
 818 0143 05       		.byte	0x5
 819 0144 66       		.byte	0x66
 820 0145 44020000 		.4byte	0x244
 821 0149 02       		.byte	0x2
 822 014a 23       		.byte	0x23
 823 014b 10       		.uleb128 0x10
 824 014c 06       		.uleb128 0x6
 825 014d A4010000 		.4byte	.LASF27
 826 0151 05       		.byte	0x5
 827 0152 67       		.byte	0x67
 828 0153 44020000 		.4byte	0x244
 829 0157 02       		.byte	0x2
 830 0158 23       		.byte	0x23
 831 0159 14       		.uleb128 0x14
 832 015a 06       		.uleb128 0x6
 833 015b 18030000 		.4byte	.LASF28
 834 015f 05       		.byte	0x5
 835 0160 6E       		.byte	0x6e
 836 0161 45040000 		.4byte	0x445
 837 0165 02       		.byte	0x2
 838 0166 23       		.byte	0x23
 839 0167 18       		.uleb128 0x18
 840 0168 06       		.uleb128 0x6
 841 0169 3B020000 		.4byte	.LASF29
ARM GAS  C:\Users\DNIEL~1\AppData\Local\Temp\ccubpwY8.s 			page 16


 842 016d 05       		.byte	0x5
 843 016e 79       		.byte	0x79
 844 016f A2000000 		.4byte	0xa2
 845 0173 02       		.byte	0x2
 846 0174 23       		.byte	0x23
 847 0175 1C       		.uleb128 0x1c
 848 0176 06       		.uleb128 0x6
 849 0177 62020000 		.4byte	.LASF30
 850 017b 05       		.byte	0x5
 851 017c 7D       		.byte	0x7d
 852 017d 97000000 		.4byte	0x97
 853 0181 02       		.byte	0x2
 854 0182 23       		.byte	0x23
 855 0183 1D       		.uleb128 0x1d
 856 0184 06       		.uleb128 0x6
 857 0185 E6020000 		.4byte	.LASF31
 858 0189 05       		.byte	0x5
 859 018a 82       		.byte	0x82
 860 018b AD000000 		.4byte	0xad
 861 018f 02       		.byte	0x2
 862 0190 23       		.byte	0x23
 863 0191 1E       		.uleb128 0x1e
 864 0192 06       		.uleb128 0x6
 865 0193 43020000 		.4byte	.LASF32
 866 0197 05       		.byte	0x5
 867 0198 88       		.byte	0x88
 868 0199 B8000000 		.4byte	0xb8
 869 019d 02       		.byte	0x2
 870 019e 23       		.byte	0x23
 871 019f 1F       		.uleb128 0x1f
 872 01a0 06       		.uleb128 0x6
 873 01a1 CD020000 		.4byte	.LASF33
 874 01a5 05       		.byte	0x5
 875 01a6 8F       		.byte	0x8f
 876 01a7 35030000 		.4byte	0x335
 877 01ab 02       		.byte	0x2
 878 01ac 23       		.byte	0x23
 879 01ad 20       		.uleb128 0x20
 880 01ae 07       		.uleb128 0x7
 881 01af 705F7500 		.ascii	"p_u\000"
 882 01b3 05       		.byte	0x5
 883 01b4 B4       		.byte	0xb4
 884 01b5 10040000 		.4byte	0x410
 885 01b9 02       		.byte	0x2
 886 01ba 23       		.byte	0x23
 887 01bb 24       		.uleb128 0x24
 888 01bc 06       		.uleb128 0x6
 889 01bd 3F030000 		.4byte	.LASF34
 890 01c1 05       		.byte	0x5
 891 01c2 B9       		.byte	0xb9
 892 01c3 6C020000 		.4byte	0x26c
 893 01c7 02       		.byte	0x2
 894 01c8 23       		.byte	0x23
 895 01c9 28       		.uleb128 0x28
 896 01ca 06       		.uleb128 0x6
 897 01cb DB020000 		.4byte	.LASF35
 898 01cf 05       		.byte	0x5
ARM GAS  C:\Users\DNIEL~1\AppData\Local\Temp\ccubpwY8.s 			page 17


 899 01d0 BF       		.byte	0xbf
 900 01d1 4A020000 		.4byte	0x24a
 901 01d5 02       		.byte	0x2
 902 01d6 23       		.byte	0x23
 903 01d7 2C       		.uleb128 0x2c
 904 01d8 06       		.uleb128 0x6
 905 01d9 00000000 		.4byte	.LASF36
 906 01dd 05       		.byte	0x5
 907 01de C3       		.byte	0xc3
 908 01df CE000000 		.4byte	0xce
 909 01e3 02       		.byte	0x2
 910 01e4 23       		.byte	0x23
 911 01e5 34       		.uleb128 0x34
 912 01e6 06       		.uleb128 0x6
 913 01e7 79020000 		.4byte	.LASF37
 914 01eb 05       		.byte	0x5
 915 01ec C9       		.byte	0xc9
 916 01ed D9000000 		.4byte	0xd9
 917 01f1 02       		.byte	0x2
 918 01f2 23       		.byte	0x23
 919 01f3 38       		.uleb128 0x38
 920 01f4 06       		.uleb128 0x6
 921 01f5 27020000 		.4byte	.LASF38
 922 01f9 05       		.byte	0x5
 923 01fa D0       		.byte	0xd0
 924 01fb 57040000 		.4byte	0x457
 925 01ff 02       		.byte	0x2
 926 0200 23       		.byte	0x23
 927 0201 3C       		.uleb128 0x3c
 928 0202 06       		.uleb128 0x6
 929 0203 B7020000 		.4byte	.LASF39
 930 0207 05       		.byte	0x5
 931 0208 D4       		.byte	0xd4
 932 0209 C3000000 		.4byte	0xc3
 933 020d 02       		.byte	0x2
 934 020e 23       		.byte	0x23
 935 020f 40       		.uleb128 0x40
 936 0210 06       		.uleb128 0x6
 937 0211 7C000000 		.4byte	.LASF40
 938 0215 05       		.byte	0x5
 939 0216 DA       		.byte	0xda
 940 0217 82020000 		.4byte	0x282
 941 021b 02       		.byte	0x2
 942 021c 23       		.byte	0x23
 943 021d 44       		.uleb128 0x44
 944 021e 00       		.byte	0x0
 945 021f 08       		.uleb128 0x8
 946 0220 08       		.byte	0x8
 947 0221 04       		.byte	0x4
 948 0222 61       		.byte	0x61
 949 0223 44020000 		.4byte	0x244
 950 0227 06       		.uleb128 0x6
 951 0228 5B020000 		.4byte	.LASF22
 952 022c 04       		.byte	0x4
 953 022d 62       		.byte	0x62
 954 022e 44020000 		.4byte	0x244
 955 0232 02       		.byte	0x2
ARM GAS  C:\Users\DNIEL~1\AppData\Local\Temp\ccubpwY8.s 			page 18


 956 0233 23       		.byte	0x23
 957 0234 00       		.uleb128 0x0
 958 0235 06       		.uleb128 0x6
 959 0236 EE010000 		.4byte	.LASF23
 960 023a 04       		.byte	0x4
 961 023b 64       		.byte	0x64
 962 023c 44020000 		.4byte	0x244
 963 0240 02       		.byte	0x2
 964 0241 23       		.byte	0x23
 965 0242 04       		.uleb128 0x4
 966 0243 00       		.byte	0x0
 967 0244 09       		.uleb128 0x9
 968 0245 04       		.byte	0x4
 969 0246 EF000000 		.4byte	0xef
 970 024a 04       		.uleb128 0x4
 971 024b B2010000 		.4byte	.LASF41
 972 024f 04       		.byte	0x4
 973 0250 66       		.byte	0x66
 974 0251 1F020000 		.4byte	0x21f
 975 0255 08       		.uleb128 0x8
 976 0256 04       		.byte	0x4
 977 0257 04       		.byte	0x4
 978 0258 6B       		.byte	0x6b
 979 0259 6C020000 		.4byte	0x26c
 980 025d 06       		.uleb128 0x6
 981 025e 5B020000 		.4byte	.LASF22
 982 0262 04       		.byte	0x4
 983 0263 6D       		.byte	0x6d
 984 0264 44020000 		.4byte	0x244
 985 0268 02       		.byte	0x2
 986 0269 23       		.byte	0x23
 987 026a 00       		.uleb128 0x0
 988 026b 00       		.byte	0x0
 989 026c 04       		.uleb128 0x4
 990 026d 73010000 		.4byte	.LASF42
 991 0271 04       		.byte	0x4
 992 0272 70       		.byte	0x70
 993 0273 55020000 		.4byte	0x255
 994 0277 04       		.uleb128 0x4
 995 0278 E8000000 		.4byte	.LASF43
 996 027c 06       		.byte	0x6
 997 027d E5       		.byte	0xe5
 998 027e 82020000 		.4byte	0x282
 999 0282 0A       		.uleb128 0xa
 1000 0283 04       		.byte	0x4
 1001 0284 0B       		.uleb128 0xb
 1002 0285 D4020000 		.4byte	.LASF44
 1003 0289 24       		.byte	0x24
 1004 028a 06       		.byte	0x6
 1005 028b 0C01     		.2byte	0x10c
 1006 028d 12030000 		.4byte	0x312
 1007 0291 0C       		.uleb128 0xc
 1008 0292 723400   		.ascii	"r4\000"
 1009 0295 06       		.byte	0x6
 1010 0296 1F01     		.2byte	0x11f
 1011 0298 77020000 		.4byte	0x277
 1012 029c 02       		.byte	0x2
ARM GAS  C:\Users\DNIEL~1\AppData\Local\Temp\ccubpwY8.s 			page 19


 1013 029d 23       		.byte	0x23
 1014 029e 00       		.uleb128 0x0
 1015 029f 0C       		.uleb128 0xc
 1016 02a0 723500   		.ascii	"r5\000"
 1017 02a3 06       		.byte	0x6
 1018 02a4 2001     		.2byte	0x120
 1019 02a6 77020000 		.4byte	0x277
 1020 02aa 02       		.byte	0x2
 1021 02ab 23       		.byte	0x23
 1022 02ac 04       		.uleb128 0x4
 1023 02ad 0C       		.uleb128 0xc
 1024 02ae 723600   		.ascii	"r6\000"
 1025 02b1 06       		.byte	0x6
 1026 02b2 2101     		.2byte	0x121
 1027 02b4 77020000 		.4byte	0x277
 1028 02b8 02       		.byte	0x2
 1029 02b9 23       		.byte	0x23
 1030 02ba 08       		.uleb128 0x8
 1031 02bb 0C       		.uleb128 0xc
 1032 02bc 723700   		.ascii	"r7\000"
 1033 02bf 06       		.byte	0x6
 1034 02c0 2201     		.2byte	0x122
 1035 02c2 77020000 		.4byte	0x277
 1036 02c6 02       		.byte	0x2
 1037 02c7 23       		.byte	0x23
 1038 02c8 0C       		.uleb128 0xc
 1039 02c9 0C       		.uleb128 0xc
 1040 02ca 723800   		.ascii	"r8\000"
 1041 02cd 06       		.byte	0x6
 1042 02ce 2301     		.2byte	0x123
 1043 02d0 77020000 		.4byte	0x277
 1044 02d4 02       		.byte	0x2
 1045 02d5 23       		.byte	0x23
 1046 02d6 10       		.uleb128 0x10
 1047 02d7 0C       		.uleb128 0xc
 1048 02d8 723900   		.ascii	"r9\000"
 1049 02db 06       		.byte	0x6
 1050 02dc 2401     		.2byte	0x124
 1051 02de 77020000 		.4byte	0x277
 1052 02e2 02       		.byte	0x2
 1053 02e3 23       		.byte	0x23
 1054 02e4 14       		.uleb128 0x14
 1055 02e5 0C       		.uleb128 0xc
 1056 02e6 72313000 		.ascii	"r10\000"
 1057 02ea 06       		.byte	0x6
 1058 02eb 2501     		.2byte	0x125
 1059 02ed 77020000 		.4byte	0x277
 1060 02f1 02       		.byte	0x2
 1061 02f2 23       		.byte	0x23
 1062 02f3 18       		.uleb128 0x18
 1063 02f4 0C       		.uleb128 0xc
 1064 02f5 72313100 		.ascii	"r11\000"
 1065 02f9 06       		.byte	0x6
 1066 02fa 2601     		.2byte	0x126
 1067 02fc 77020000 		.4byte	0x277
 1068 0300 02       		.byte	0x2
 1069 0301 23       		.byte	0x23
ARM GAS  C:\Users\DNIEL~1\AppData\Local\Temp\ccubpwY8.s 			page 20


 1070 0302 1C       		.uleb128 0x1c
 1071 0303 0C       		.uleb128 0xc
 1072 0304 6C7200   		.ascii	"lr\000"
 1073 0307 06       		.byte	0x6
 1074 0308 2701     		.2byte	0x127
 1075 030a 77020000 		.4byte	0x277
 1076 030e 02       		.byte	0x2
 1077 030f 23       		.byte	0x23
 1078 0310 20       		.uleb128 0x20
 1079 0311 00       		.byte	0x0
 1080 0312 0B       		.uleb128 0xb
 1081 0313 4A010000 		.4byte	.LASF45
 1082 0317 04       		.byte	0x4
 1083 0318 06       		.byte	0x6
 1084 0319 3101     		.2byte	0x131
 1085 031b 2F030000 		.4byte	0x32f
 1086 031f 0C       		.uleb128 0xc
 1087 0320 72313300 		.ascii	"r13\000"
 1088 0324 06       		.byte	0x6
 1089 0325 3201     		.2byte	0x132
 1090 0327 2F030000 		.4byte	0x32f
 1091 032b 02       		.byte	0x2
 1092 032c 23       		.byte	0x23
 1093 032d 00       		.uleb128 0x0
 1094 032e 00       		.byte	0x0
 1095 032f 09       		.uleb128 0x9
 1096 0330 04       		.byte	0x4
 1097 0331 84020000 		.4byte	0x284
 1098 0335 0D       		.uleb128 0xd
 1099 0336 E4000000 		.4byte	0xe4
 1100 033a 08       		.uleb128 0x8
 1101 033b 1C       		.byte	0x1c
 1102 033c 07       		.byte	0x7
 1103 033d 5E       		.byte	0x5e
 1104 033e 97030000 		.4byte	0x397
 1105 0342 06       		.uleb128 0x6
 1106 0343 8D020000 		.4byte	.LASF46
 1107 0347 07       		.byte	0x7
 1108 0348 5F       		.byte	0x5f
 1109 0349 4A020000 		.4byte	0x24a
 1110 034d 02       		.byte	0x2
 1111 034e 23       		.byte	0x23
 1112 034f 00       		.uleb128 0x0
 1113 0350 06       		.uleb128 0x6
 1114 0351 4D020000 		.4byte	.LASF47
 1115 0355 07       		.byte	0x7
 1116 0356 60       		.byte	0x60
 1117 0357 C3000000 		.4byte	0xc3
 1118 035b 02       		.byte	0x2
 1119 035c 23       		.byte	0x23
 1120 035d 08       		.uleb128 0x8
 1121 035e 06       		.uleb128 0x6
 1122 035f AC010000 		.4byte	.LASF48
 1123 0363 07       		.byte	0x7
 1124 0364 62       		.byte	0x62
 1125 0365 12030000 		.4byte	0x312
 1126 0369 02       		.byte	0x2
ARM GAS  C:\Users\DNIEL~1\AppData\Local\Temp\ccubpwY8.s 			page 21


 1127 036a 23       		.byte	0x23
 1128 036b 0C       		.uleb128 0xc
 1129 036c 06       		.uleb128 0x6
 1130 036d B8000000 		.4byte	.LASF49
 1131 0371 07       		.byte	0x7
 1132 0372 65       		.byte	0x65
 1133 0373 44020000 		.4byte	0x244
 1134 0377 02       		.byte	0x2
 1135 0378 23       		.byte	0x23
 1136 0379 10       		.uleb128 0x10
 1137 037a 06       		.uleb128 0x6
 1138 037b CE010000 		.4byte	.LASF50
 1139 037f 07       		.byte	0x7
 1140 0380 66       		.byte	0x66
 1141 0381 44020000 		.4byte	0x244
 1142 0385 02       		.byte	0x2
 1143 0386 23       		.byte	0x23
 1144 0387 14       		.uleb128 0x14
 1145 0388 06       		.uleb128 0x6
 1146 0389 C4010000 		.4byte	.LASF51
 1147 038d 07       		.byte	0x7
 1148 038e 69       		.byte	0x69
 1149 038f 44020000 		.4byte	0x244
 1150 0393 02       		.byte	0x2
 1151 0394 23       		.byte	0x23
 1152 0395 18       		.uleb128 0x18
 1153 0396 00       		.byte	0x0
 1154 0397 04       		.uleb128 0x4
 1155 0398 ED020000 		.4byte	.LASF52
 1156 039c 07       		.byte	0x7
 1157 039d 6B       		.byte	0x6b
 1158 039e 3A030000 		.4byte	0x33a
 1159 03a2 05       		.uleb128 0x5
 1160 03a3 8B010000 		.4byte	.LASF53
 1161 03a7 10       		.byte	0x10
 1162 03a8 08       		.byte	0x8
 1163 03a9 2C       		.byte	0x2c
 1164 03aa D9030000 		.4byte	0x3d9
 1165 03ae 06       		.uleb128 0x6
 1166 03af 84000000 		.4byte	.LASF54
 1167 03b3 08       		.byte	0x8
 1168 03b4 2D       		.byte	0x2d
 1169 03b5 4A020000 		.4byte	0x24a
 1170 03b9 02       		.byte	0x2
 1171 03ba 23       		.byte	0x23
 1172 03bb 00       		.uleb128 0x0
 1173 03bc 06       		.uleb128 0x6
 1174 03bd 31030000 		.4byte	.LASF55
 1175 03c1 08       		.byte	0x8
 1176 03c2 2F       		.byte	0x2f
 1177 03c3 44020000 		.4byte	0x244
 1178 03c7 02       		.byte	0x2
 1179 03c8 23       		.byte	0x23
 1180 03c9 08       		.uleb128 0x8
 1181 03ca 06       		.uleb128 0x6
 1182 03cb A6020000 		.4byte	.LASF56
 1183 03cf 08       		.byte	0x8
ARM GAS  C:\Users\DNIEL~1\AppData\Local\Temp\ccubpwY8.s 			page 22


 1184 03d0 31       		.byte	0x31
 1185 03d1 D9030000 		.4byte	0x3d9
 1186 03d5 02       		.byte	0x2
 1187 03d6 23       		.byte	0x23
 1188 03d7 0C       		.uleb128 0xc
 1189 03d8 00       		.byte	0x0
 1190 03d9 09       		.uleb128 0x9
 1191 03da 04       		.byte	0x4
 1192 03db A2030000 		.4byte	0x3a2
 1193 03df 04       		.uleb128 0x4
 1194 03e0 8B010000 		.4byte	.LASF53
 1195 03e4 08       		.byte	0x8
 1196 03e5 33       		.byte	0x33
 1197 03e6 A2030000 		.4byte	0x3a2
 1198 03ea 05       		.uleb128 0x5
 1199 03eb 96000000 		.4byte	.LASF57
 1200 03ef 08       		.byte	0x8
 1201 03f0 09       		.byte	0x9
 1202 03f1 36       		.byte	0x36
 1203 03f2 05040000 		.4byte	0x405
 1204 03f6 06       		.uleb128 0x6
 1205 03f7 71020000 		.4byte	.LASF58
 1206 03fb 09       		.byte	0x9
 1207 03fc 37       		.byte	0x37
 1208 03fd 4A020000 		.4byte	0x24a
 1209 0401 02       		.byte	0x2
 1210 0402 23       		.byte	0x23
 1211 0403 00       		.uleb128 0x0
 1212 0404 00       		.byte	0x0
 1213 0405 04       		.uleb128 0x4
 1214 0406 96000000 		.4byte	.LASF57
 1215 040a 09       		.byte	0x9
 1216 040b 38       		.byte	0x38
 1217 040c EA030000 		.4byte	0x3ea
 1218 0410 0E       		.uleb128 0xe
 1219 0411 04       		.byte	0x4
 1220 0412 05       		.byte	0x5
 1221 0413 96       		.byte	0x96
 1222 0414 45040000 		.4byte	0x445
 1223 0418 0F       		.uleb128 0xf
 1224 0419 11000000 		.4byte	.LASF59
 1225 041d 05       		.byte	0x5
 1226 041e 9D       		.byte	0x9d
 1227 041f CE000000 		.4byte	0xce
 1228 0423 0F       		.uleb128 0xf
 1229 0424 2F000000 		.4byte	.LASF60
 1230 0428 05       		.byte	0x5
 1231 0429 A4       		.byte	0xa4
 1232 042a CE000000 		.4byte	0xce
 1233 042e 0F       		.uleb128 0xf
 1234 042f 05030000 		.4byte	.LASF61
 1235 0433 05       		.byte	0x5
 1236 0434 AB       		.byte	0xab
 1237 0435 82020000 		.4byte	0x282
 1238 0439 0F       		.uleb128 0xf
 1239 043a 54020000 		.4byte	.LASF62
 1240 043e 05       		.byte	0x5
ARM GAS  C:\Users\DNIEL~1\AppData\Local\Temp\ccubpwY8.s 			page 23


 1241 043f B2       		.byte	0xb2
 1242 0440 D9000000 		.4byte	0xd9
 1243 0444 00       		.byte	0x0
 1244 0445 09       		.uleb128 0x9
 1245 0446 04       		.byte	0x4
 1246 0447 4B040000 		.4byte	0x44b
 1247 044b 10       		.uleb128 0x10
 1248 044c 50040000 		.4byte	0x450
 1249 0450 03       		.uleb128 0x3
 1250 0451 01       		.byte	0x1
 1251 0452 08       		.byte	0x8
 1252 0453 95020000 		.4byte	.LASF63
 1253 0457 09       		.uleb128 0x9
 1254 0458 04       		.byte	0x4
 1255 0459 DF030000 		.4byte	0x3df
 1256 045d 11       		.uleb128 0x11
 1257 045e 01       		.byte	0x1
 1258 045f 06000000 		.4byte	.LASF64
 1259 0463 01       		.byte	0x1
 1260 0464 3B       		.byte	0x3b
 1261 0465 01       		.byte	0x1
 1262 0466 00000000 		.4byte	.LFB0
 1263 046a 06000000 		.4byte	.LFE0
 1264 046e 02       		.byte	0x2
 1265 046f 7D       		.byte	0x7d
 1266 0470 00       		.sleb128 0
 1267 0471 82040000 		.4byte	0x482
 1268 0475 12       		.uleb128 0x12
 1269 0476 637000   		.ascii	"cp\000"
 1270 0479 01       		.byte	0x1
 1271 047a 3B       		.byte	0x3b
 1272 047b 82040000 		.4byte	0x482
 1273 047f 01       		.byte	0x1
 1274 0480 50       		.byte	0x50
 1275 0481 00       		.byte	0x0
 1276 0482 09       		.uleb128 0x9
 1277 0483 04       		.byte	0x4
 1278 0484 05040000 		.4byte	0x405
 1279 0488 13       		.uleb128 0x13
 1280 0489 01       		.byte	0x1
 1281 048a F1000000 		.4byte	.LASF65
 1282 048e 01       		.byte	0x1
 1283 048f 49       		.byte	0x49
 1284 0490 01       		.byte	0x1
 1285 0491 00000000 		.4byte	.LFB1
 1286 0495 1C000000 		.4byte	.LFE1
 1287 0499 00000000 		.4byte	.LLST0
 1288 049d B0040000 		.4byte	0x4b0
 1289 04a1 14       		.uleb128 0x14
 1290 04a2 637000   		.ascii	"cp\000"
 1291 04a5 01       		.byte	0x1
 1292 04a6 49       		.byte	0x49
 1293 04a7 82040000 		.4byte	0x482
 1294 04ab 20000000 		.4byte	.LLST1
 1295 04af 00       		.byte	0x0
 1296 04b0 13       		.uleb128 0x13
 1297 04b1 01       		.byte	0x1
ARM GAS  C:\Users\DNIEL~1\AppData\Local\Temp\ccubpwY8.s 			page 24


 1298 04b2 FD010000 		.4byte	.LASF66
 1299 04b6 01       		.byte	0x1
 1300 04b7 5E       		.byte	0x5e
 1301 04b8 01       		.byte	0x1
 1302 04b9 00000000 		.4byte	.LFB2
 1303 04bd 16000000 		.4byte	.LFE2
 1304 04c1 33000000 		.4byte	.LLST2
 1305 04c5 D8040000 		.4byte	0x4d8
 1306 04c9 14       		.uleb128 0x14
 1307 04ca 637000   		.ascii	"cp\000"
 1308 04cd 01       		.byte	0x1
 1309 04ce 5E       		.byte	0x5e
 1310 04cf 82040000 		.4byte	0x482
 1311 04d3 53000000 		.4byte	.LLST3
 1312 04d7 00       		.byte	0x0
 1313 04d8 13       		.uleb128 0x13
 1314 04d9 01       		.byte	0x1
 1315 04da 38000000 		.4byte	.LASF67
 1316 04de 01       		.byte	0x1
 1317 04df 81       		.byte	0x81
 1318 04e0 01       		.byte	0x1
 1319 04e1 00000000 		.4byte	.LFB4
 1320 04e5 22000000 		.4byte	.LFE4
 1321 04e9 66000000 		.4byte	.LLST4
 1322 04ed 00050000 		.4byte	0x500
 1323 04f1 14       		.uleb128 0x14
 1324 04f2 637000   		.ascii	"cp\000"
 1325 04f5 01       		.byte	0x1
 1326 04f6 81       		.byte	0x81
 1327 04f7 82040000 		.4byte	0x482
 1328 04fb 86000000 		.4byte	.LLST5
 1329 04ff 00       		.byte	0x0
 1330 0500 13       		.uleb128 0x13
 1331 0501 01       		.byte	0x1
 1332 0502 D6010000 		.4byte	.LASF68
 1333 0506 01       		.byte	0x1
 1334 0507 6E       		.byte	0x6e
 1335 0508 01       		.byte	0x1
 1336 0509 00000000 		.4byte	.LFB3
 1337 050d 14000000 		.4byte	.LFE3
 1338 0511 A4000000 		.4byte	.LLST6
 1339 0515 28050000 		.4byte	0x528
 1340 0519 14       		.uleb128 0x14
 1341 051a 637000   		.ascii	"cp\000"
 1342 051d 01       		.byte	0x1
 1343 051e 6E       		.byte	0x6e
 1344 051f 82040000 		.4byte	0x482
 1345 0523 C4000000 		.4byte	.LLST7
 1346 0527 00       		.byte	0x0
 1347 0528 15       		.uleb128 0x15
 1348 0529 01       		.byte	0x1
 1349 052a 9A020000 		.4byte	.LASF69
 1350 052e 01       		.byte	0x1
 1351 052f B8       		.byte	0xb8
 1352 0530 01       		.byte	0x1
 1353 0531 CE000000 		.4byte	0xce
 1354 0535 00000000 		.4byte	.LFB6
ARM GAS  C:\Users\DNIEL~1\AppData\Local\Temp\ccubpwY8.s 			page 25


 1355 0539 30000000 		.4byte	.LFE6
 1356 053d D7000000 		.4byte	.LLST8
 1357 0541 7E050000 		.4byte	0x57e
 1358 0545 14       		.uleb128 0x14
 1359 0546 637000   		.ascii	"cp\000"
 1360 0549 01       		.byte	0x1
 1361 054a B8       		.byte	0xb8
 1362 054b 82040000 		.4byte	0x482
 1363 054f F7000000 		.4byte	.LLST9
 1364 0553 16       		.uleb128 0x16
 1365 0554 63747000 		.ascii	"ctp\000"
 1366 0558 01       		.byte	0x1
 1367 0559 B9       		.byte	0xb9
 1368 055a 44020000 		.4byte	0x244
 1369 055e 15010000 		.4byte	.LLST10
 1370 0562 16       		.uleb128 0x16
 1371 0563 6D7000   		.ascii	"mp\000"
 1372 0566 01       		.byte	0x1
 1373 0567 BA       		.byte	0xba
 1374 0568 57040000 		.4byte	0x457
 1375 056c 34010000 		.4byte	.LLST11
 1376 0570 17       		.uleb128 0x17
 1377 0571 6D736700 		.ascii	"msg\000"
 1378 0575 01       		.byte	0x1
 1379 0576 BB       		.byte	0xbb
 1380 0577 CE000000 		.4byte	0xce
 1381 057b 01       		.byte	0x1
 1382 057c 54       		.byte	0x54
 1383 057d 00       		.byte	0x0
 1384 057e 15       		.uleb128 0x15
 1385 057f 01       		.byte	0x1
 1386 0580 C2020000 		.4byte	.LASF70
 1387 0584 01       		.byte	0x1
 1388 0585 9E       		.byte	0x9e
 1389 0586 01       		.byte	0x1
 1390 0587 CE000000 		.4byte	0xce
 1391 058b 00000000 		.4byte	.LFB5
 1392 058f 10000000 		.4byte	.LFE5
 1393 0593 52010000 		.4byte	.LLST12
 1394 0597 B5050000 		.4byte	0x5b5
 1395 059b 14       		.uleb128 0x14
 1396 059c 637000   		.ascii	"cp\000"
 1397 059f 01       		.byte	0x1
 1398 05a0 9E       		.byte	0x9e
 1399 05a1 82040000 		.4byte	0x482
 1400 05a5 72010000 		.4byte	.LLST13
 1401 05a9 18       		.uleb128 0x18
 1402 05aa 6D736700 		.ascii	"msg\000"
 1403 05ae 01       		.byte	0x1
 1404 05af 9F       		.byte	0x9f
 1405 05b0 CE000000 		.4byte	0xce
 1406 05b4 00       		.byte	0x0
 1407 05b5 19       		.uleb128 0x19
 1408 05b6 01       		.byte	0x1
 1409 05b7 91010000 		.4byte	.LASF71
 1410 05bb 01       		.byte	0x1
 1411 05bc 0E01     		.2byte	0x10e
ARM GAS  C:\Users\DNIEL~1\AppData\Local\Temp\ccubpwY8.s 			page 26


 1412 05be 01       		.byte	0x1
 1413 05bf CE000000 		.4byte	0xce
 1414 05c3 00000000 		.4byte	.LFB8
 1415 05c7 38000000 		.4byte	.LFE8
 1416 05cb 85010000 		.4byte	.LLST14
 1417 05cf 12060000 		.4byte	0x612
 1418 05d3 1A       		.uleb128 0x1a
 1419 05d4 637000   		.ascii	"cp\000"
 1420 05d7 01       		.byte	0x1
 1421 05d8 0E01     		.2byte	0x10e
 1422 05da 82040000 		.4byte	0x482
 1423 05de A5010000 		.4byte	.LLST15
 1424 05e2 1B       		.uleb128 0x1b
 1425 05e3 BF010000 		.4byte	.LASF72
 1426 05e7 01       		.byte	0x1
 1427 05e8 0E01     		.2byte	0x10e
 1428 05ea E4000000 		.4byte	0xe4
 1429 05ee C3010000 		.4byte	.LLST16
 1430 05f2 1C       		.uleb128 0x1c
 1431 05f3 6D7000   		.ascii	"mp\000"
 1432 05f6 01       		.byte	0x1
 1433 05f7 0F01     		.2byte	0x10f
 1434 05f9 57040000 		.4byte	0x457
 1435 05fd E1010000 		.4byte	.LLST17
 1436 0601 1C       		.uleb128 0x1c
 1437 0602 6D736700 		.ascii	"msg\000"
 1438 0606 01       		.byte	0x1
 1439 0607 1001     		.2byte	0x110
 1440 0609 CE000000 		.4byte	0xce
 1441 060d FF010000 		.4byte	.LLST18
 1442 0611 00       		.byte	0x0
 1443 0612 15       		.uleb128 0x15
 1444 0613 01       		.byte	0x1
 1445 0614 1F030000 		.4byte	.LASF73
 1446 0618 01       		.byte	0x1
 1447 0619 E9       		.byte	0xe9
 1448 061a 01       		.byte	0x1
 1449 061b CE000000 		.4byte	0xce
 1450 061f 00000000 		.4byte	.LFB7
 1451 0623 10000000 		.4byte	.LFE7
 1452 0627 1D020000 		.4byte	.LLST19
 1453 062b 58060000 		.4byte	0x658
 1454 062f 14       		.uleb128 0x14
 1455 0630 637000   		.ascii	"cp\000"
 1456 0633 01       		.byte	0x1
 1457 0634 E9       		.byte	0xe9
 1458 0635 82040000 		.4byte	0x482
 1459 0639 3D020000 		.4byte	.LLST20
 1460 063d 1D       		.uleb128 0x1d
 1461 063e BF010000 		.4byte	.LASF72
 1462 0642 01       		.byte	0x1
 1463 0643 E9       		.byte	0xe9
 1464 0644 E4000000 		.4byte	0xe4
 1465 0648 50020000 		.4byte	.LLST21
 1466 064c 18       		.uleb128 0x18
 1467 064d 6D736700 		.ascii	"msg\000"
 1468 0651 01       		.byte	0x1
ARM GAS  C:\Users\DNIEL~1\AppData\Local\Temp\ccubpwY8.s 			page 27


 1469 0652 EA       		.byte	0xea
 1470 0653 CE000000 		.4byte	0xce
 1471 0657 00       		.byte	0x0
 1472 0658 1E       		.uleb128 0x1e
 1473 0659 F7020000 		.4byte	.LASF74
 1474 065d 07       		.byte	0x7
 1475 065e 6F       		.byte	0x6f
 1476 065f 97030000 		.4byte	0x397
 1477 0663 01       		.byte	0x1
 1478 0664 01       		.byte	0x1
 1479 0665 1E       		.uleb128 0x1e
 1480 0666 F7020000 		.4byte	.LASF74
 1481 066a 07       		.byte	0x7
 1482 066b 6F       		.byte	0x6f
 1483 066c 97030000 		.4byte	0x397
 1484 0670 01       		.byte	0x1
 1485 0671 01       		.byte	0x1
 1486 0672 00       		.byte	0x0
 1487              		.section	.debug_abbrev
 1488 0000 01       		.uleb128 0x1
 1489 0001 11       		.uleb128 0x11
 1490 0002 01       		.byte	0x1
 1491 0003 25       		.uleb128 0x25
 1492 0004 0E       		.uleb128 0xe
 1493 0005 13       		.uleb128 0x13
 1494 0006 0B       		.uleb128 0xb
 1495 0007 03       		.uleb128 0x3
 1496 0008 0E       		.uleb128 0xe
 1497 0009 1B       		.uleb128 0x1b
 1498 000a 0E       		.uleb128 0xe
 1499 000b 11       		.uleb128 0x11
 1500 000c 01       		.uleb128 0x1
 1501 000d 52       		.uleb128 0x52
 1502 000e 01       		.uleb128 0x1
 1503 000f 55       		.uleb128 0x55
 1504 0010 06       		.uleb128 0x6
 1505 0011 10       		.uleb128 0x10
 1506 0012 06       		.uleb128 0x6
 1507 0013 00       		.byte	0x0
 1508 0014 00       		.byte	0x0
 1509 0015 02       		.uleb128 0x2
 1510 0016 24       		.uleb128 0x24
 1511 0017 00       		.byte	0x0
 1512 0018 0B       		.uleb128 0xb
 1513 0019 0B       		.uleb128 0xb
 1514 001a 3E       		.uleb128 0x3e
 1515 001b 0B       		.uleb128 0xb
 1516 001c 03       		.uleb128 0x3
 1517 001d 08       		.uleb128 0x8
 1518 001e 00       		.byte	0x0
 1519 001f 00       		.byte	0x0
 1520 0020 03       		.uleb128 0x3
 1521 0021 24       		.uleb128 0x24
 1522 0022 00       		.byte	0x0
 1523 0023 0B       		.uleb128 0xb
 1524 0024 0B       		.uleb128 0xb
 1525 0025 3E       		.uleb128 0x3e
ARM GAS  C:\Users\DNIEL~1\AppData\Local\Temp\ccubpwY8.s 			page 28


 1526 0026 0B       		.uleb128 0xb
 1527 0027 03       		.uleb128 0x3
 1528 0028 0E       		.uleb128 0xe
 1529 0029 00       		.byte	0x0
 1530 002a 00       		.byte	0x0
 1531 002b 04       		.uleb128 0x4
 1532 002c 16       		.uleb128 0x16
 1533 002d 00       		.byte	0x0
 1534 002e 03       		.uleb128 0x3
 1535 002f 0E       		.uleb128 0xe
 1536 0030 3A       		.uleb128 0x3a
 1537 0031 0B       		.uleb128 0xb
 1538 0032 3B       		.uleb128 0x3b
 1539 0033 0B       		.uleb128 0xb
 1540 0034 49       		.uleb128 0x49
 1541 0035 13       		.uleb128 0x13
 1542 0036 00       		.byte	0x0
 1543 0037 00       		.byte	0x0
 1544 0038 05       		.uleb128 0x5
 1545 0039 13       		.uleb128 0x13
 1546 003a 01       		.byte	0x1
 1547 003b 03       		.uleb128 0x3
 1548 003c 0E       		.uleb128 0xe
 1549 003d 0B       		.uleb128 0xb
 1550 003e 0B       		.uleb128 0xb
 1551 003f 3A       		.uleb128 0x3a
 1552 0040 0B       		.uleb128 0xb
 1553 0041 3B       		.uleb128 0x3b
 1554 0042 0B       		.uleb128 0xb
 1555 0043 01       		.uleb128 0x1
 1556 0044 13       		.uleb128 0x13
 1557 0045 00       		.byte	0x0
 1558 0046 00       		.byte	0x0
 1559 0047 06       		.uleb128 0x6
 1560 0048 0D       		.uleb128 0xd
 1561 0049 00       		.byte	0x0
 1562 004a 03       		.uleb128 0x3
 1563 004b 0E       		.uleb128 0xe
 1564 004c 3A       		.uleb128 0x3a
 1565 004d 0B       		.uleb128 0xb
 1566 004e 3B       		.uleb128 0x3b
 1567 004f 0B       		.uleb128 0xb
 1568 0050 49       		.uleb128 0x49
 1569 0051 13       		.uleb128 0x13
 1570 0052 38       		.uleb128 0x38
 1571 0053 0A       		.uleb128 0xa
 1572 0054 00       		.byte	0x0
 1573 0055 00       		.byte	0x0
 1574 0056 07       		.uleb128 0x7
 1575 0057 0D       		.uleb128 0xd
 1576 0058 00       		.byte	0x0
 1577 0059 03       		.uleb128 0x3
 1578 005a 08       		.uleb128 0x8
 1579 005b 3A       		.uleb128 0x3a
 1580 005c 0B       		.uleb128 0xb
 1581 005d 3B       		.uleb128 0x3b
 1582 005e 0B       		.uleb128 0xb
ARM GAS  C:\Users\DNIEL~1\AppData\Local\Temp\ccubpwY8.s 			page 29


 1583 005f 49       		.uleb128 0x49
 1584 0060 13       		.uleb128 0x13
 1585 0061 38       		.uleb128 0x38
 1586 0062 0A       		.uleb128 0xa
 1587 0063 00       		.byte	0x0
 1588 0064 00       		.byte	0x0
 1589 0065 08       		.uleb128 0x8
 1590 0066 13       		.uleb128 0x13
 1591 0067 01       		.byte	0x1
 1592 0068 0B       		.uleb128 0xb
 1593 0069 0B       		.uleb128 0xb
 1594 006a 3A       		.uleb128 0x3a
 1595 006b 0B       		.uleb128 0xb
 1596 006c 3B       		.uleb128 0x3b
 1597 006d 0B       		.uleb128 0xb
 1598 006e 01       		.uleb128 0x1
 1599 006f 13       		.uleb128 0x13
 1600 0070 00       		.byte	0x0
 1601 0071 00       		.byte	0x0
 1602 0072 09       		.uleb128 0x9
 1603 0073 0F       		.uleb128 0xf
 1604 0074 00       		.byte	0x0
 1605 0075 0B       		.uleb128 0xb
 1606 0076 0B       		.uleb128 0xb
 1607 0077 49       		.uleb128 0x49
 1608 0078 13       		.uleb128 0x13
 1609 0079 00       		.byte	0x0
 1610 007a 00       		.byte	0x0
 1611 007b 0A       		.uleb128 0xa
 1612 007c 0F       		.uleb128 0xf
 1613 007d 00       		.byte	0x0
 1614 007e 0B       		.uleb128 0xb
 1615 007f 0B       		.uleb128 0xb
 1616 0080 00       		.byte	0x0
 1617 0081 00       		.byte	0x0
 1618 0082 0B       		.uleb128 0xb
 1619 0083 13       		.uleb128 0x13
 1620 0084 01       		.byte	0x1
 1621 0085 03       		.uleb128 0x3
 1622 0086 0E       		.uleb128 0xe
 1623 0087 0B       		.uleb128 0xb
 1624 0088 0B       		.uleb128 0xb
 1625 0089 3A       		.uleb128 0x3a
 1626 008a 0B       		.uleb128 0xb
 1627 008b 3B       		.uleb128 0x3b
 1628 008c 05       		.uleb128 0x5
 1629 008d 01       		.uleb128 0x1
 1630 008e 13       		.uleb128 0x13
 1631 008f 00       		.byte	0x0
 1632 0090 00       		.byte	0x0
 1633 0091 0C       		.uleb128 0xc
 1634 0092 0D       		.uleb128 0xd
 1635 0093 00       		.byte	0x0
 1636 0094 03       		.uleb128 0x3
 1637 0095 08       		.uleb128 0x8
 1638 0096 3A       		.uleb128 0x3a
 1639 0097 0B       		.uleb128 0xb
ARM GAS  C:\Users\DNIEL~1\AppData\Local\Temp\ccubpwY8.s 			page 30


 1640 0098 3B       		.uleb128 0x3b
 1641 0099 05       		.uleb128 0x5
 1642 009a 49       		.uleb128 0x49
 1643 009b 13       		.uleb128 0x13
 1644 009c 38       		.uleb128 0x38
 1645 009d 0A       		.uleb128 0xa
 1646 009e 00       		.byte	0x0
 1647 009f 00       		.byte	0x0
 1648 00a0 0D       		.uleb128 0xd
 1649 00a1 35       		.uleb128 0x35
 1650 00a2 00       		.byte	0x0
 1651 00a3 49       		.uleb128 0x49
 1652 00a4 13       		.uleb128 0x13
 1653 00a5 00       		.byte	0x0
 1654 00a6 00       		.byte	0x0
 1655 00a7 0E       		.uleb128 0xe
 1656 00a8 17       		.uleb128 0x17
 1657 00a9 01       		.byte	0x1
 1658 00aa 0B       		.uleb128 0xb
 1659 00ab 0B       		.uleb128 0xb
 1660 00ac 3A       		.uleb128 0x3a
 1661 00ad 0B       		.uleb128 0xb
 1662 00ae 3B       		.uleb128 0x3b
 1663 00af 0B       		.uleb128 0xb
 1664 00b0 01       		.uleb128 0x1
 1665 00b1 13       		.uleb128 0x13
 1666 00b2 00       		.byte	0x0
 1667 00b3 00       		.byte	0x0
 1668 00b4 0F       		.uleb128 0xf
 1669 00b5 0D       		.uleb128 0xd
 1670 00b6 00       		.byte	0x0
 1671 00b7 03       		.uleb128 0x3
 1672 00b8 0E       		.uleb128 0xe
 1673 00b9 3A       		.uleb128 0x3a
 1674 00ba 0B       		.uleb128 0xb
 1675 00bb 3B       		.uleb128 0x3b
 1676 00bc 0B       		.uleb128 0xb
 1677 00bd 49       		.uleb128 0x49
 1678 00be 13       		.uleb128 0x13
 1679 00bf 00       		.byte	0x0
 1680 00c0 00       		.byte	0x0
 1681 00c1 10       		.uleb128 0x10
 1682 00c2 26       		.uleb128 0x26
 1683 00c3 00       		.byte	0x0
 1684 00c4 49       		.uleb128 0x49
 1685 00c5 13       		.uleb128 0x13
 1686 00c6 00       		.byte	0x0
 1687 00c7 00       		.byte	0x0
 1688 00c8 11       		.uleb128 0x11
 1689 00c9 2E       		.uleb128 0x2e
 1690 00ca 01       		.byte	0x1
 1691 00cb 3F       		.uleb128 0x3f
 1692 00cc 0C       		.uleb128 0xc
 1693 00cd 03       		.uleb128 0x3
 1694 00ce 0E       		.uleb128 0xe
 1695 00cf 3A       		.uleb128 0x3a
 1696 00d0 0B       		.uleb128 0xb
ARM GAS  C:\Users\DNIEL~1\AppData\Local\Temp\ccubpwY8.s 			page 31


 1697 00d1 3B       		.uleb128 0x3b
 1698 00d2 0B       		.uleb128 0xb
 1699 00d3 27       		.uleb128 0x27
 1700 00d4 0C       		.uleb128 0xc
 1701 00d5 11       		.uleb128 0x11
 1702 00d6 01       		.uleb128 0x1
 1703 00d7 12       		.uleb128 0x12
 1704 00d8 01       		.uleb128 0x1
 1705 00d9 40       		.uleb128 0x40
 1706 00da 0A       		.uleb128 0xa
 1707 00db 01       		.uleb128 0x1
 1708 00dc 13       		.uleb128 0x13
 1709 00dd 00       		.byte	0x0
 1710 00de 00       		.byte	0x0
 1711 00df 12       		.uleb128 0x12
 1712 00e0 05       		.uleb128 0x5
 1713 00e1 00       		.byte	0x0
 1714 00e2 03       		.uleb128 0x3
 1715 00e3 08       		.uleb128 0x8
 1716 00e4 3A       		.uleb128 0x3a
 1717 00e5 0B       		.uleb128 0xb
 1718 00e6 3B       		.uleb128 0x3b
 1719 00e7 0B       		.uleb128 0xb
 1720 00e8 49       		.uleb128 0x49
 1721 00e9 13       		.uleb128 0x13
 1722 00ea 02       		.uleb128 0x2
 1723 00eb 0A       		.uleb128 0xa
 1724 00ec 00       		.byte	0x0
 1725 00ed 00       		.byte	0x0
 1726 00ee 13       		.uleb128 0x13
 1727 00ef 2E       		.uleb128 0x2e
 1728 00f0 01       		.byte	0x1
 1729 00f1 3F       		.uleb128 0x3f
 1730 00f2 0C       		.uleb128 0xc
 1731 00f3 03       		.uleb128 0x3
 1732 00f4 0E       		.uleb128 0xe
 1733 00f5 3A       		.uleb128 0x3a
 1734 00f6 0B       		.uleb128 0xb
 1735 00f7 3B       		.uleb128 0x3b
 1736 00f8 0B       		.uleb128 0xb
 1737 00f9 27       		.uleb128 0x27
 1738 00fa 0C       		.uleb128 0xc
 1739 00fb 11       		.uleb128 0x11
 1740 00fc 01       		.uleb128 0x1
 1741 00fd 12       		.uleb128 0x12
 1742 00fe 01       		.uleb128 0x1
 1743 00ff 40       		.uleb128 0x40
 1744 0100 06       		.uleb128 0x6
 1745 0101 01       		.uleb128 0x1
 1746 0102 13       		.uleb128 0x13
 1747 0103 00       		.byte	0x0
 1748 0104 00       		.byte	0x0
 1749 0105 14       		.uleb128 0x14
 1750 0106 05       		.uleb128 0x5
 1751 0107 00       		.byte	0x0
 1752 0108 03       		.uleb128 0x3
 1753 0109 08       		.uleb128 0x8
ARM GAS  C:\Users\DNIEL~1\AppData\Local\Temp\ccubpwY8.s 			page 32


 1754 010a 3A       		.uleb128 0x3a
 1755 010b 0B       		.uleb128 0xb
 1756 010c 3B       		.uleb128 0x3b
 1757 010d 0B       		.uleb128 0xb
 1758 010e 49       		.uleb128 0x49
 1759 010f 13       		.uleb128 0x13
 1760 0110 02       		.uleb128 0x2
 1761 0111 06       		.uleb128 0x6
 1762 0112 00       		.byte	0x0
 1763 0113 00       		.byte	0x0
 1764 0114 15       		.uleb128 0x15
 1765 0115 2E       		.uleb128 0x2e
 1766 0116 01       		.byte	0x1
 1767 0117 3F       		.uleb128 0x3f
 1768 0118 0C       		.uleb128 0xc
 1769 0119 03       		.uleb128 0x3
 1770 011a 0E       		.uleb128 0xe
 1771 011b 3A       		.uleb128 0x3a
 1772 011c 0B       		.uleb128 0xb
 1773 011d 3B       		.uleb128 0x3b
 1774 011e 0B       		.uleb128 0xb
 1775 011f 27       		.uleb128 0x27
 1776 0120 0C       		.uleb128 0xc
 1777 0121 49       		.uleb128 0x49
 1778 0122 13       		.uleb128 0x13
 1779 0123 11       		.uleb128 0x11
 1780 0124 01       		.uleb128 0x1
 1781 0125 12       		.uleb128 0x12
 1782 0126 01       		.uleb128 0x1
 1783 0127 40       		.uleb128 0x40
 1784 0128 06       		.uleb128 0x6
 1785 0129 01       		.uleb128 0x1
 1786 012a 13       		.uleb128 0x13
 1787 012b 00       		.byte	0x0
 1788 012c 00       		.byte	0x0
 1789 012d 16       		.uleb128 0x16
 1790 012e 34       		.uleb128 0x34
 1791 012f 00       		.byte	0x0
 1792 0130 03       		.uleb128 0x3
 1793 0131 08       		.uleb128 0x8
 1794 0132 3A       		.uleb128 0x3a
 1795 0133 0B       		.uleb128 0xb
 1796 0134 3B       		.uleb128 0x3b
 1797 0135 0B       		.uleb128 0xb
 1798 0136 49       		.uleb128 0x49
 1799 0137 13       		.uleb128 0x13
 1800 0138 02       		.uleb128 0x2
 1801 0139 06       		.uleb128 0x6
 1802 013a 00       		.byte	0x0
 1803 013b 00       		.byte	0x0
 1804 013c 17       		.uleb128 0x17
 1805 013d 34       		.uleb128 0x34
 1806 013e 00       		.byte	0x0
 1807 013f 03       		.uleb128 0x3
 1808 0140 08       		.uleb128 0x8
 1809 0141 3A       		.uleb128 0x3a
 1810 0142 0B       		.uleb128 0xb
ARM GAS  C:\Users\DNIEL~1\AppData\Local\Temp\ccubpwY8.s 			page 33


 1811 0143 3B       		.uleb128 0x3b
 1812 0144 0B       		.uleb128 0xb
 1813 0145 49       		.uleb128 0x49
 1814 0146 13       		.uleb128 0x13
 1815 0147 02       		.uleb128 0x2
 1816 0148 0A       		.uleb128 0xa
 1817 0149 00       		.byte	0x0
 1818 014a 00       		.byte	0x0
 1819 014b 18       		.uleb128 0x18
 1820 014c 34       		.uleb128 0x34
 1821 014d 00       		.byte	0x0
 1822 014e 03       		.uleb128 0x3
 1823 014f 08       		.uleb128 0x8
 1824 0150 3A       		.uleb128 0x3a
 1825 0151 0B       		.uleb128 0xb
 1826 0152 3B       		.uleb128 0x3b
 1827 0153 0B       		.uleb128 0xb
 1828 0154 49       		.uleb128 0x49
 1829 0155 13       		.uleb128 0x13
 1830 0156 00       		.byte	0x0
 1831 0157 00       		.byte	0x0
 1832 0158 19       		.uleb128 0x19
 1833 0159 2E       		.uleb128 0x2e
 1834 015a 01       		.byte	0x1
 1835 015b 3F       		.uleb128 0x3f
 1836 015c 0C       		.uleb128 0xc
 1837 015d 03       		.uleb128 0x3
 1838 015e 0E       		.uleb128 0xe
 1839 015f 3A       		.uleb128 0x3a
 1840 0160 0B       		.uleb128 0xb
 1841 0161 3B       		.uleb128 0x3b
 1842 0162 05       		.uleb128 0x5
 1843 0163 27       		.uleb128 0x27
 1844 0164 0C       		.uleb128 0xc
 1845 0165 49       		.uleb128 0x49
 1846 0166 13       		.uleb128 0x13
 1847 0167 11       		.uleb128 0x11
 1848 0168 01       		.uleb128 0x1
 1849 0169 12       		.uleb128 0x12
 1850 016a 01       		.uleb128 0x1
 1851 016b 40       		.uleb128 0x40
 1852 016c 06       		.uleb128 0x6
 1853 016d 01       		.uleb128 0x1
 1854 016e 13       		.uleb128 0x13
 1855 016f 00       		.byte	0x0
 1856 0170 00       		.byte	0x0
 1857 0171 1A       		.uleb128 0x1a
 1858 0172 05       		.uleb128 0x5
 1859 0173 00       		.byte	0x0
 1860 0174 03       		.uleb128 0x3
 1861 0175 08       		.uleb128 0x8
 1862 0176 3A       		.uleb128 0x3a
 1863 0177 0B       		.uleb128 0xb
 1864 0178 3B       		.uleb128 0x3b
 1865 0179 05       		.uleb128 0x5
 1866 017a 49       		.uleb128 0x49
 1867 017b 13       		.uleb128 0x13
ARM GAS  C:\Users\DNIEL~1\AppData\Local\Temp\ccubpwY8.s 			page 34


 1868 017c 02       		.uleb128 0x2
 1869 017d 06       		.uleb128 0x6
 1870 017e 00       		.byte	0x0
 1871 017f 00       		.byte	0x0
 1872 0180 1B       		.uleb128 0x1b
 1873 0181 05       		.uleb128 0x5
 1874 0182 00       		.byte	0x0
 1875 0183 03       		.uleb128 0x3
 1876 0184 0E       		.uleb128 0xe
 1877 0185 3A       		.uleb128 0x3a
 1878 0186 0B       		.uleb128 0xb
 1879 0187 3B       		.uleb128 0x3b
 1880 0188 05       		.uleb128 0x5
 1881 0189 49       		.uleb128 0x49
 1882 018a 13       		.uleb128 0x13
 1883 018b 02       		.uleb128 0x2
 1884 018c 06       		.uleb128 0x6
 1885 018d 00       		.byte	0x0
 1886 018e 00       		.byte	0x0
 1887 018f 1C       		.uleb128 0x1c
 1888 0190 34       		.uleb128 0x34
 1889 0191 00       		.byte	0x0
 1890 0192 03       		.uleb128 0x3
 1891 0193 08       		.uleb128 0x8
 1892 0194 3A       		.uleb128 0x3a
 1893 0195 0B       		.uleb128 0xb
 1894 0196 3B       		.uleb128 0x3b
 1895 0197 05       		.uleb128 0x5
 1896 0198 49       		.uleb128 0x49
 1897 0199 13       		.uleb128 0x13
 1898 019a 02       		.uleb128 0x2
 1899 019b 06       		.uleb128 0x6
 1900 019c 00       		.byte	0x0
 1901 019d 00       		.byte	0x0
 1902 019e 1D       		.uleb128 0x1d
 1903 019f 05       		.uleb128 0x5
 1904 01a0 00       		.byte	0x0
 1905 01a1 03       		.uleb128 0x3
 1906 01a2 0E       		.uleb128 0xe
 1907 01a3 3A       		.uleb128 0x3a
 1908 01a4 0B       		.uleb128 0xb
 1909 01a5 3B       		.uleb128 0x3b
 1910 01a6 0B       		.uleb128 0xb
 1911 01a7 49       		.uleb128 0x49
 1912 01a8 13       		.uleb128 0x13
 1913 01a9 02       		.uleb128 0x2
 1914 01aa 06       		.uleb128 0x6
 1915 01ab 00       		.byte	0x0
 1916 01ac 00       		.byte	0x0
 1917 01ad 1E       		.uleb128 0x1e
 1918 01ae 34       		.uleb128 0x34
 1919 01af 00       		.byte	0x0
 1920 01b0 03       		.uleb128 0x3
 1921 01b1 0E       		.uleb128 0xe
 1922 01b2 3A       		.uleb128 0x3a
 1923 01b3 0B       		.uleb128 0xb
 1924 01b4 3B       		.uleb128 0x3b
ARM GAS  C:\Users\DNIEL~1\AppData\Local\Temp\ccubpwY8.s 			page 35


 1925 01b5 0B       		.uleb128 0xb
 1926 01b6 49       		.uleb128 0x49
 1927 01b7 13       		.uleb128 0x13
 1928 01b8 3F       		.uleb128 0x3f
 1929 01b9 0C       		.uleb128 0xc
 1930 01ba 3C       		.uleb128 0x3c
 1931 01bb 0C       		.uleb128 0xc
 1932 01bc 00       		.byte	0x0
 1933 01bd 00       		.byte	0x0
 1934 01be 00       		.byte	0x0
 1935              		.section	.debug_pubnames,"",%progbits
 1936 0000 B5000000 		.4byte	0xb5
 1937 0004 0200     		.2byte	0x2
 1938 0006 00000000 		.4byte	.Ldebug_info0
 1939 000a 73060000 		.4byte	0x673
 1940 000e 5D040000 		.4byte	0x45d
 1941 0012 6368436F 		.ascii	"chCondInit\000"
 1941      6E64496E 
 1941      697400
 1942 001d 88040000 		.4byte	0x488
 1943 0021 6368436F 		.ascii	"chCondSignal\000"
 1943      6E645369 
 1943      676E616C 
 1943      00
 1944 002e B0040000 		.4byte	0x4b0
 1945 0032 6368436F 		.ascii	"chCondSignalI\000"
 1945      6E645369 
 1945      676E616C 
 1945      4900
 1946 0040 D8040000 		.4byte	0x4d8
 1947 0044 6368436F 		.ascii	"chCondBroadcastI\000"
 1947      6E644272 
 1947      6F616463 
 1947      61737449 
 1947      00
 1948 0055 00050000 		.4byte	0x500
 1949 0059 6368436F 		.ascii	"chCondBroadcast\000"
 1949      6E644272 
 1949      6F616463 
 1949      61737400 
 1950 0069 28050000 		.4byte	0x528
 1951 006d 6368436F 		.ascii	"chCondWaitS\000"
 1951      6E645761 
 1951      69745300 
 1952 0079 7E050000 		.4byte	0x57e
 1953 007d 6368436F 		.ascii	"chCondWait\000"
 1953      6E645761 
 1953      697400
 1954 0088 B5050000 		.4byte	0x5b5
 1955 008c 6368436F 		.ascii	"chCondWaitTimeoutS\000"
 1955      6E645761 
 1955      69745469 
 1955      6D656F75 
 1955      745300
 1956 009f 12060000 		.4byte	0x612
 1957 00a3 6368436F 		.ascii	"chCondWaitTimeout\000"
 1957      6E645761 
ARM GAS  C:\Users\DNIEL~1\AppData\Local\Temp\ccubpwY8.s 			page 36


 1957      69745469 
 1957      6D656F75 
 1957      7400
 1958 00b5 00000000 		.4byte	0x0
 1959              		.section	.debug_pubtypes,"",%progbits
 1960 0000 2F010000 		.4byte	0x12f
 1961 0004 0200     		.2byte	0x2
 1962 0006 00000000 		.4byte	.Ldebug_info0
 1963 000a 73060000 		.4byte	0x673
 1964 000e 3E000000 		.4byte	0x3e
 1965 0012 75696E74 		.ascii	"uint8_t\000"
 1965      385F7400 
 1966 001a 5E000000 		.4byte	0x5e
 1967 001e 696E7433 		.ascii	"int32_t\000"
 1967      325F7400 
 1968 0026 70000000 		.4byte	0x70
 1969 002a 75696E74 		.ascii	"uint32_t\000"
 1969      33325F74 
 1969      00
 1970 0033 97000000 		.4byte	0x97
 1971 0037 746D6F64 		.ascii	"tmode_t\000"
 1971      655F7400 
 1972 003f A2000000 		.4byte	0xa2
 1973 0043 74737461 		.ascii	"tstate_t\000"
 1973      74655F74 
 1973      00
 1974 004c AD000000 		.4byte	0xad
 1975 0050 74726566 		.ascii	"trefs_t\000"
 1975      735F7400 
 1976 0058 B8000000 		.4byte	0xb8
 1977 005c 74736C69 		.ascii	"tslices_t\000"
 1977      6365735F 
 1977      7400
 1978 0066 C3000000 		.4byte	0xc3
 1979 006a 74707269 		.ascii	"tprio_t\000"
 1979      6F5F7400 
 1980 0072 CE000000 		.4byte	0xce
 1981 0076 6D73675F 		.ascii	"msg_t\000"
 1981      7400
 1982 007c D9000000 		.4byte	0xd9
 1983 0080 6576656E 		.ascii	"eventmask_t\000"
 1983      746D6173 
 1983      6B5F7400 
 1984 008c E4000000 		.4byte	0xe4
 1985 0090 73797374 		.ascii	"systime_t\000"
 1985      696D655F 
 1985      7400
 1986 009a EF000000 		.4byte	0xef
 1987 009e 54687265 		.ascii	"Thread\000"
 1987      616400
 1988 00a5 4A020000 		.4byte	0x24a
 1989 00a9 54687265 		.ascii	"ThreadsQueue\000"
 1989      61647351 
 1989      75657565 
 1989      00
 1990 00b6 6C020000 		.4byte	0x26c
 1991 00ba 54687265 		.ascii	"ThreadsList\000"
ARM GAS  C:\Users\DNIEL~1\AppData\Local\Temp\ccubpwY8.s 			page 37


 1991      6164734C 
 1991      69737400 
 1992 00c6 77020000 		.4byte	0x277
 1993 00ca 72656761 		.ascii	"regarm_t\000"
 1993      726D5F74 
 1993      00
 1994 00d3 84020000 		.4byte	0x284
 1995 00d7 696E7463 		.ascii	"intctx\000"
 1995      747800
 1996 00de 12030000 		.4byte	0x312
 1997 00e2 636F6E74 		.ascii	"context\000"
 1997      65787400 
 1998 00ea 97030000 		.4byte	0x397
 1999 00ee 52656164 		.ascii	"ReadyList\000"
 1999      794C6973 
 1999      7400
 2000 00f8 A2030000 		.4byte	0x3a2
 2001 00fc 4D757465 		.ascii	"Mutex\000"
 2001      7800
 2002 0102 DF030000 		.4byte	0x3df
 2003 0106 4D757465 		.ascii	"Mutex\000"
 2003      7800
 2004 010c EA030000 		.4byte	0x3ea
 2005 0110 436F6E64 		.ascii	"CondVar\000"
 2005      56617200 
 2006 0118 05040000 		.4byte	0x405
 2007 011c 436F6E64 		.ascii	"CondVar\000"
 2007      56617200 
 2008 0124 FA000000 		.4byte	0xfa
 2009 0128 54687265 		.ascii	"Thread\000"
 2009      616400
 2010 012f 00000000 		.4byte	0x0
 2011              		.section	.debug_aranges,"",%progbits
 2012 0000 5C000000 		.4byte	0x5c
 2013 0004 0200     		.2byte	0x2
 2014 0006 00000000 		.4byte	.Ldebug_info0
 2015 000a 04       		.byte	0x4
 2016 000b 00       		.byte	0x0
 2017 000c 0000     		.2byte	0x0
 2018 000e 0000     		.2byte	0x0
 2019 0010 00000000 		.4byte	.LFB0
 2020 0014 06000000 		.4byte	.LFE0-.LFB0
 2021 0018 00000000 		.4byte	.LFB1
 2022 001c 1C000000 		.4byte	.LFE1-.LFB1
 2023 0020 00000000 		.4byte	.LFB2
 2024 0024 16000000 		.4byte	.LFE2-.LFB2
 2025 0028 00000000 		.4byte	.LFB4
 2026 002c 22000000 		.4byte	.LFE4-.LFB4
 2027 0030 00000000 		.4byte	.LFB3
 2028 0034 14000000 		.4byte	.LFE3-.LFB3
 2029 0038 00000000 		.4byte	.LFB6
 2030 003c 30000000 		.4byte	.LFE6-.LFB6
 2031 0040 00000000 		.4byte	.LFB5
 2032 0044 10000000 		.4byte	.LFE5-.LFB5
 2033 0048 00000000 		.4byte	.LFB8
 2034 004c 38000000 		.4byte	.LFE8-.LFB8
 2035 0050 00000000 		.4byte	.LFB7
ARM GAS  C:\Users\DNIEL~1\AppData\Local\Temp\ccubpwY8.s 			page 38


 2036 0054 10000000 		.4byte	.LFE7-.LFB7
 2037 0058 00000000 		.4byte	0x0
 2038 005c 00000000 		.4byte	0x0
 2039              		.section	.debug_ranges,"",%progbits
 2040              	.Ldebug_ranges0:
 2041 0000 00000000 		.4byte	.LFB0
 2042 0004 06000000 		.4byte	.LFE0
 2043 0008 00000000 		.4byte	.LFB1
 2044 000c 1C000000 		.4byte	.LFE1
 2045 0010 00000000 		.4byte	.LFB2
 2046 0014 16000000 		.4byte	.LFE2
 2047 0018 00000000 		.4byte	.LFB4
 2048 001c 22000000 		.4byte	.LFE4
 2049 0020 00000000 		.4byte	.LFB3
 2050 0024 14000000 		.4byte	.LFE3
 2051 0028 00000000 		.4byte	.LFB6
 2052 002c 30000000 		.4byte	.LFE6
 2053 0030 00000000 		.4byte	.LFB5
 2054 0034 10000000 		.4byte	.LFE5
 2055 0038 00000000 		.4byte	.LFB8
 2056 003c 38000000 		.4byte	.LFE8
 2057 0040 00000000 		.4byte	.LFB7
 2058 0044 10000000 		.4byte	.LFE7
 2059 0048 00000000 		.4byte	0x0
 2060 004c 00000000 		.4byte	0x0
 2061              		.section	.debug_str,"MS",%progbits,1
 2062              	.LASF36:
 2063 0000 705F6D73 		.ascii	"p_msg\000"
 2063      6700
 2064              	.LASF64:
 2065 0006 6368436F 		.ascii	"chCondInit\000"
 2065      6E64496E 
 2065      697400
 2066              	.LASF59:
 2067 0011 7264796D 		.ascii	"rdymsg\000"
 2067      736700
 2068              	.LASF11:
 2069 0018 6C6F6E67 		.ascii	"long long unsigned int\000"
 2069      206C6F6E 
 2069      6720756E 
 2069      7369676E 
 2069      65642069 
 2070              	.LASF60:
 2071 002f 65786974 		.ascii	"exitcode\000"
 2071      636F6465 
 2071      00
 2072              	.LASF67:
 2073 0038 6368436F 		.ascii	"chCondBroadcastI\000"
 2073      6E644272 
 2073      6F616463 
 2073      61737449 
 2073      00
 2074              	.LASF24:
 2075 0049 705F7072 		.ascii	"p_prio\000"
 2075      696F00
 2076              	.LASF10:
 2077 0050 6C6F6E67 		.ascii	"long long int\000"
ARM GAS  C:\Users\DNIEL~1\AppData\Local\Temp\ccubpwY8.s 			page 39


 2077      206C6F6E 
 2077      6720696E 
 2077      7400
 2078              	.LASF1:
 2079 005e 7369676E 		.ascii	"signed char\000"
 2079      65642063 
 2079      68617200 
 2080              	.LASF9:
 2081 006a 6C6F6E67 		.ascii	"long unsigned int\000"
 2081      20756E73 
 2081      69676E65 
 2081      6420696E 
 2081      7400
 2082              	.LASF40:
 2083 007c 705F6D70 		.ascii	"p_mpool\000"
 2083      6F6F6C00 
 2084              	.LASF54:
 2085 0084 6D5F7175 		.ascii	"m_queue\000"
 2085      65756500 
 2086              	.LASF16:
 2087 008c 74736C69 		.ascii	"tslices_t\000"
 2087      6365735F 
 2087      7400
 2088              	.LASF57:
 2089 0096 436F6E64 		.ascii	"CondVar\000"
 2089      56617200 
 2090              	.LASF7:
 2091 009e 6C6F6E67 		.ascii	"long int\000"
 2091      20696E74 
 2091      00
 2092              	.LASF14:
 2093 00a7 74737461 		.ascii	"tstate_t\000"
 2093      74655F74 
 2093      00
 2094              	.LASF26:
 2095 00b0 705F6E65 		.ascii	"p_newer\000"
 2095      77657200 
 2096              	.LASF49:
 2097 00b8 725F6E65 		.ascii	"r_newer\000"
 2097      77657200 
 2098              	.LASF76:
 2099 00c0 2E2E2F2E 		.ascii	"../../../ChibiOS/os/kernel/src/chcond.c\000"
 2099      2E2F2E2E 
 2099      2F436869 
 2099      62694F53 
 2099      2F6F732F 
 2100              	.LASF43:
 2101 00e8 72656761 		.ascii	"regarm_t\000"
 2101      726D5F74 
 2101      00
 2102              	.LASF65:
 2103 00f1 6368436F 		.ascii	"chCondSignal\000"
 2103      6E645369 
 2103      676E616C 
 2103      00
 2104              	.LASF0:
 2105 00fe 756E7369 		.ascii	"unsigned int\000"
ARM GAS  C:\Users\DNIEL~1\AppData\Local\Temp\ccubpwY8.s 			page 40


 2105      676E6564 
 2105      20696E74 
 2105      00
 2106              	.LASF77:
 2107 010b 433A5C44 		.ascii	"C:\\Dani\\MegaLux\\Repo\\LuxControl\\LuxControl\\lu"
 2107      616E695C 
 2107      4D656761 
 2107      4C75785C 
 2107      5265706F 
 2108 0138 78636F6E 		.ascii	"xcontrol\\firmware\000"
 2108      74726F6C 
 2108      5C666972 
 2108      6D776172 
 2108      6500
 2109              	.LASF45:
 2110 014a 636F6E74 		.ascii	"context\000"
 2110      65787400 
 2111              	.LASF4:
 2112 0152 73686F72 		.ascii	"short unsigned int\000"
 2112      7420756E 
 2112      7369676E 
 2112      65642069 
 2112      6E7400
 2113              	.LASF18:
 2114 0165 6D73675F 		.ascii	"msg_t\000"
 2114      7400
 2115              	.LASF13:
 2116 016b 746D6F64 		.ascii	"tmode_t\000"
 2116      655F7400 
 2117              	.LASF42:
 2118 0173 54687265 		.ascii	"ThreadsList\000"
 2118      6164734C 
 2118      69737400 
 2119              	.LASF19:
 2120 017f 6576656E 		.ascii	"eventmask_t\000"
 2120      746D6173 
 2120      6B5F7400 
 2121              	.LASF53:
 2122 018b 4D757465 		.ascii	"Mutex\000"
 2122      7800
 2123              	.LASF71:
 2124 0191 6368436F 		.ascii	"chCondWaitTimeoutS\000"
 2124      6E645761 
 2124      69745469 
 2124      6D656F75 
 2124      745300
 2125              	.LASF27:
 2126 01a4 705F6F6C 		.ascii	"p_older\000"
 2126      64657200 
 2127              	.LASF48:
 2128 01ac 725F6374 		.ascii	"r_ctx\000"
 2128      7800
 2129              	.LASF41:
 2130 01b2 54687265 		.ascii	"ThreadsQueue\000"
 2130      61647351 
 2130      75657565 
 2130      00
ARM GAS  C:\Users\DNIEL~1\AppData\Local\Temp\ccubpwY8.s 			page 41


 2131              	.LASF72:
 2132 01bf 74696D65 		.ascii	"time\000"
 2132      00
 2133              	.LASF51:
 2134 01c4 725F6375 		.ascii	"r_current\000"
 2134      7272656E 
 2134      7400
 2135              	.LASF50:
 2136 01ce 725F6F6C 		.ascii	"r_older\000"
 2136      64657200 
 2137              	.LASF68:
 2138 01d6 6368436F 		.ascii	"chCondBroadcast\000"
 2138      6E644272 
 2138      6F616463 
 2138      61737400 
 2139              	.LASF15:
 2140 01e6 74726566 		.ascii	"trefs_t\000"
 2140      735F7400 
 2141              	.LASF23:
 2142 01ee 705F7072 		.ascii	"p_prev\000"
 2142      657600
 2143              	.LASF17:
 2144 01f5 74707269 		.ascii	"tprio_t\000"
 2144      6F5F7400 
 2145              	.LASF66:
 2146 01fd 6368436F 		.ascii	"chCondSignalI\000"
 2146      6E645369 
 2146      676E616C 
 2146      4900
 2147              	.LASF12:
 2148 020b 5F426F6F 		.ascii	"_Bool\000"
 2148      6C00
 2149              	.LASF6:
 2150 0211 696E7433 		.ascii	"int32_t\000"
 2150      325F7400 
 2151              	.LASF2:
 2152 0219 756E7369 		.ascii	"unsigned char\000"
 2152      676E6564 
 2152      20636861 
 2152      7200
 2153              	.LASF38:
 2154 0227 705F6D74 		.ascii	"p_mtxlist\000"
 2154      786C6973 
 2154      7400
 2155              	.LASF3:
 2156 0231 73686F72 		.ascii	"short int\000"
 2156      7420696E 
 2156      7400
 2157              	.LASF29:
 2158 023b 705F7374 		.ascii	"p_state\000"
 2158      61746500 
 2159              	.LASF32:
 2160 0243 705F7072 		.ascii	"p_preempt\000"
 2160      65656D70 
 2160      7400
 2161              	.LASF47:
 2162 024d 725F7072 		.ascii	"r_prio\000"
ARM GAS  C:\Users\DNIEL~1\AppData\Local\Temp\ccubpwY8.s 			page 42


 2162      696F00
 2163              	.LASF62:
 2164 0254 65776D61 		.ascii	"ewmask\000"
 2164      736B00
 2165              	.LASF22:
 2166 025b 705F6E65 		.ascii	"p_next\000"
 2166      787400
 2167              	.LASF30:
 2168 0262 705F666C 		.ascii	"p_flags\000"
 2168      61677300 
 2169              	.LASF21:
 2170 026a 54687265 		.ascii	"Thread\000"
 2170      616400
 2171              	.LASF58:
 2172 0271 635F7175 		.ascii	"c_queue\000"
 2172      65756500 
 2173              	.LASF37:
 2174 0279 705F6570 		.ascii	"p_epending\000"
 2174      656E6469 
 2174      6E6700
 2175              	.LASF8:
 2176 0284 75696E74 		.ascii	"uint32_t\000"
 2176      33325F74 
 2176      00
 2177              	.LASF46:
 2178 028d 725F7175 		.ascii	"r_queue\000"
 2178      65756500 
 2179              	.LASF63:
 2180 0295 63686172 		.ascii	"char\000"
 2180      00
 2181              	.LASF69:
 2182 029a 6368436F 		.ascii	"chCondWaitS\000"
 2182      6E645761 
 2182      69745300 
 2183              	.LASF56:
 2184 02a6 6D5F6E65 		.ascii	"m_next\000"
 2184      787400
 2185              	.LASF20:
 2186 02ad 73797374 		.ascii	"systime_t\000"
 2186      696D655F 
 2186      7400
 2187              	.LASF39:
 2188 02b7 705F7265 		.ascii	"p_realprio\000"
 2188      616C7072 
 2188      696F00
 2189              	.LASF70:
 2190 02c2 6368436F 		.ascii	"chCondWait\000"
 2190      6E645761 
 2190      697400
 2191              	.LASF33:
 2192 02cd 705F7469 		.ascii	"p_time\000"
 2192      6D6500
 2193              	.LASF44:
 2194 02d4 696E7463 		.ascii	"intctx\000"
 2194      747800
 2195              	.LASF35:
 2196 02db 705F6D73 		.ascii	"p_msgqueue\000"
ARM GAS  C:\Users\DNIEL~1\AppData\Local\Temp\ccubpwY8.s 			page 43


 2196      67717565 
 2196      756500
 2197              	.LASF31:
 2198 02e6 705F7265 		.ascii	"p_refs\000"
 2198      667300
 2199              	.LASF52:
 2200 02ed 52656164 		.ascii	"ReadyList\000"
 2200      794C6973 
 2200      7400
 2201              	.LASF74:
 2202 02f7 726C6973 		.ascii	"rlist\000"
 2202      7400
 2203              	.LASF5:
 2204 02fd 75696E74 		.ascii	"uint8_t\000"
 2204      385F7400 
 2205              	.LASF61:
 2206 0305 77746F62 		.ascii	"wtobjp\000"
 2206      6A7000
 2207              	.LASF75:
 2208 030c 474E5520 		.ascii	"GNU C 4.5.2\000"
 2208      4320342E 
 2208      352E3200 
 2209              	.LASF28:
 2210 0318 705F6E61 		.ascii	"p_name\000"
 2210      6D6500
 2211              	.LASF73:
 2212 031f 6368436F 		.ascii	"chCondWaitTimeout\000"
 2212      6E645761 
 2212      69745469 
 2212      6D656F75 
 2212      7400
 2213              	.LASF55:
 2214 0331 6D5F6F77 		.ascii	"m_owner\000"
 2214      6E657200 
 2215              	.LASF25:
 2216 0339 705F6374 		.ascii	"p_ctx\000"
 2216      7800
 2217              	.LASF34:
 2218 033f 705F7761 		.ascii	"p_waiting\000"
 2218      6974696E 
 2218      6700
 2219              		.ident	"GCC: (Sourcery G++ Lite 2011.03-42) 4.5.2"
ARM GAS  C:\Users\DNIEL~1\AppData\Local\Temp\ccubpwY8.s 			page 44


DEFINED SYMBOLS
                            *ABS*:00000000 chcond.c
C:\Users\DNIEL~1\AppData\Local\Temp\ccubpwY8.s:24     .text.chCondInit:00000000 $t
C:\Users\DNIEL~1\AppData\Local\Temp\ccubpwY8.s:30     .text.chCondInit:00000000 chCondInit
C:\Users\DNIEL~1\AppData\Local\Temp\ccubpwY8.s:48     .text.chCondSignal:00000000 $t
C:\Users\DNIEL~1\AppData\Local\Temp\ccubpwY8.s:54     .text.chCondSignal:00000000 chCondSignal
C:\Users\DNIEL~1\AppData\Local\Temp\ccubpwY8.s:92     .text.chCondSignalI:00000000 $t
C:\Users\DNIEL~1\AppData\Local\Temp\ccubpwY8.s:98     .text.chCondSignalI:00000000 chCondSignalI
C:\Users\DNIEL~1\AppData\Local\Temp\ccubpwY8.s:126    .text.chCondBroadcastI:00000000 $t
C:\Users\DNIEL~1\AppData\Local\Temp\ccubpwY8.s:132    .text.chCondBroadcastI:00000000 chCondBroadcastI
C:\Users\DNIEL~1\AppData\Local\Temp\ccubpwY8.s:171    .text.chCondBroadcast:00000000 $t
C:\Users\DNIEL~1\AppData\Local\Temp\ccubpwY8.s:177    .text.chCondBroadcast:00000000 chCondBroadcast
C:\Users\DNIEL~1\AppData\Local\Temp\ccubpwY8.s:210    .text.chCondWaitS:00000000 $t
C:\Users\DNIEL~1\AppData\Local\Temp\ccubpwY8.s:216    .text.chCondWaitS:00000000 chCondWaitS
C:\Users\DNIEL~1\AppData\Local\Temp\ccubpwY8.s:267    .text.chCondWaitS:0000002c $d
C:\Users\DNIEL~1\AppData\Local\Temp\ccubpwY8.s:272    .text.chCondWait:00000000 $t
C:\Users\DNIEL~1\AppData\Local\Temp\ccubpwY8.s:278    .text.chCondWait:00000000 chCondWait
C:\Users\DNIEL~1\AppData\Local\Temp\ccubpwY8.s:309    .text.chCondWaitTimeoutS:00000000 $t
C:\Users\DNIEL~1\AppData\Local\Temp\ccubpwY8.s:315    .text.chCondWaitTimeoutS:00000000 chCondWaitTimeoutS
C:\Users\DNIEL~1\AppData\Local\Temp\ccubpwY8.s:372    .text.chCondWaitTimeoutS:00000034 $d
C:\Users\DNIEL~1\AppData\Local\Temp\ccubpwY8.s:377    .text.chCondWaitTimeout:00000000 $t
C:\Users\DNIEL~1\AppData\Local\Temp\ccubpwY8.s:383    .text.chCondWaitTimeout:00000000 chCondWaitTimeout
                     .debug_frame:00000010 $d
C:\Users\DNIEL~1\AppData\Local\Temp\ccubpwY8.s:376    .text.chCondWaitTimeoutS:00000038 $t

UNDEFINED SYMBOLS
_port_lock
fifo_remove
chSchWakeupS
_port_unlock
chSchReadyI
chSchRescheduleS
chMtxUnlockS
prio_insert
chSchGoSleepS
chMtxLockS
rlist
chSchGoSleepTimeoutS
