ARM GAS  C:\Users\DNIEL~1\AppData\Local\Temp\ccf2CX2s.s 			page 1


   1              		.syntax unified
   2              		.cpu cortex-m3
   3              		.fpu softvfp
   4              		.eabi_attribute 20, 1
   5              		.eabi_attribute 21, 1
   6              		.eabi_attribute 23, 3
   7              		.eabi_attribute 24, 1
   8              		.eabi_attribute 25, 1
   9              		.eabi_attribute 26, 1
  10              		.eabi_attribute 30, 2
  11              		.eabi_attribute 18, 4
  12              		.thumb
  13              		.file	"chdebug.c"
  14              		.section	.debug_abbrev,"",%progbits
  15              	.Ldebug_abbrev0:
  16              		.section	.debug_info,"",%progbits
  17              	.Ldebug_info0:
  18              		.section	.debug_line,"",%progbits
  19              	.Ldebug_line0:
  20 0000 19000000 		.text
  20      02001300 
  20      00000201 
  20      FB0E0D00 
  20      01010101 
  21              	.Ltext0:
  22              		.cfi_sections	.debug_frame
  23              	.Letext0:
  24              		.section	.debug_info
  25 0000 6F000000 		.4byte	0x6f
  26 0004 0200     		.2byte	0x2
  27 0006 00000000 		.4byte	.Ldebug_abbrev0
  28 000a 04       		.byte	0x4
  29 000b 01       		.uleb128 0x1
  30 000c FA000000 		.4byte	.LASF10
  31 0010 01       		.byte	0x1
  32 0011 BA000000 		.4byte	.LASF11
  33 0015 48000000 		.4byte	.LASF12
  34 0019 00000000 		.4byte	.Ltext0
  35 001d 00000000 		.4byte	.Letext0
  36 0021 00000000 		.4byte	.Ldebug_line0
  37 0025 02       		.uleb128 0x2
  38 0026 04       		.byte	0x4
  39 0027 05       		.byte	0x5
  40 0028 696E7400 		.ascii	"int\000"
  41 002c 03       		.uleb128 0x3
  42 002d 04       		.byte	0x4
  43 002e 07       		.byte	0x7
  44 002f 00000000 		.4byte	.LASF0
  45 0033 03       		.uleb128 0x3
  46 0034 01       		.byte	0x1
  47 0035 06       		.byte	0x6
  48 0036 1F000000 		.4byte	.LASF1
  49 003a 03       		.uleb128 0x3
  50 003b 01       		.byte	0x1
  51 003c 08       		.byte	0x8
  52 003d E3000000 		.4byte	.LASF2
  53 0041 03       		.uleb128 0x3
ARM GAS  C:\Users\DNIEL~1\AppData\Local\Temp\ccf2CX2s.s 			page 2


  54 0042 02       		.byte	0x2
  55 0043 05       		.byte	0x5
  56 0044 3E000000 		.4byte	.LASF3
  57 0048 03       		.uleb128 0x3
  58 0049 02       		.byte	0x2
  59 004a 07       		.byte	0x7
  60 004b 2B000000 		.4byte	.LASF4
  61 004f 03       		.uleb128 0x3
  62 0050 04       		.byte	0x4
  63 0051 05       		.byte	0x5
  64 0052 F1000000 		.4byte	.LASF5
  65 0056 03       		.uleb128 0x3
  66 0057 04       		.byte	0x4
  67 0058 07       		.byte	0x7
  68 0059 0D000000 		.4byte	.LASF6
  69 005d 03       		.uleb128 0x3
  70 005e 08       		.byte	0x8
  71 005f 05       		.byte	0x5
  72 0060 0B010000 		.4byte	.LASF7
  73 0064 03       		.uleb128 0x3
  74 0065 08       		.byte	0x8
  75 0066 07       		.byte	0x7
  76 0067 A3000000 		.4byte	.LASF8
  77 006b 03       		.uleb128 0x3
  78 006c 01       		.byte	0x1
  79 006d 08       		.byte	0x8
  80 006e 06010000 		.4byte	.LASF9
  81 0072 00       		.byte	0x0
  82              		.section	.debug_abbrev
  83 0000 01       		.uleb128 0x1
  84 0001 11       		.uleb128 0x11
  85 0002 01       		.byte	0x1
  86 0003 25       		.uleb128 0x25
  87 0004 0E       		.uleb128 0xe
  88 0005 13       		.uleb128 0x13
  89 0006 0B       		.uleb128 0xb
  90 0007 03       		.uleb128 0x3
  91 0008 0E       		.uleb128 0xe
  92 0009 1B       		.uleb128 0x1b
  93 000a 0E       		.uleb128 0xe
  94 000b 11       		.uleb128 0x11
  95 000c 01       		.uleb128 0x1
  96 000d 12       		.uleb128 0x12
  97 000e 01       		.uleb128 0x1
  98 000f 10       		.uleb128 0x10
  99 0010 06       		.uleb128 0x6
 100 0011 00       		.byte	0x0
 101 0012 00       		.byte	0x0
 102 0013 02       		.uleb128 0x2
 103 0014 24       		.uleb128 0x24
 104 0015 00       		.byte	0x0
 105 0016 0B       		.uleb128 0xb
 106 0017 0B       		.uleb128 0xb
 107 0018 3E       		.uleb128 0x3e
 108 0019 0B       		.uleb128 0xb
 109 001a 03       		.uleb128 0x3
 110 001b 08       		.uleb128 0x8
ARM GAS  C:\Users\DNIEL~1\AppData\Local\Temp\ccf2CX2s.s 			page 3


 111 001c 00       		.byte	0x0
 112 001d 00       		.byte	0x0
 113 001e 03       		.uleb128 0x3
 114 001f 24       		.uleb128 0x24
 115 0020 00       		.byte	0x0
 116 0021 0B       		.uleb128 0xb
 117 0022 0B       		.uleb128 0xb
 118 0023 3E       		.uleb128 0x3e
 119 0024 0B       		.uleb128 0xb
 120 0025 03       		.uleb128 0x3
 121 0026 0E       		.uleb128 0xe
 122 0027 00       		.byte	0x0
 123 0028 00       		.byte	0x0
 124 0029 00       		.byte	0x0
 125              		.section	.debug_pubtypes,"",%progbits
 126 0000 0E000000 		.4byte	0xe
 127 0004 0200     		.2byte	0x2
 128 0006 00000000 		.4byte	.Ldebug_info0
 129 000a 73000000 		.4byte	0x73
 130 000e 00000000 		.4byte	0x0
 131              		.section	.debug_str,"MS",%progbits,1
 132              	.LASF0:
 133 0000 756E7369 		.ascii	"unsigned int\000"
 133      676E6564 
 133      20696E74 
 133      00
 134              	.LASF6:
 135 000d 6C6F6E67 		.ascii	"long unsigned int\000"
 135      20756E73 
 135      69676E65 
 135      6420696E 
 135      7400
 136              	.LASF1:
 137 001f 7369676E 		.ascii	"signed char\000"
 137      65642063 
 137      68617200 
 138              	.LASF4:
 139 002b 73686F72 		.ascii	"short unsigned int\000"
 139      7420756E 
 139      7369676E 
 139      65642069 
 139      6E7400
 140              	.LASF3:
 141 003e 73686F72 		.ascii	"short int\000"
 141      7420696E 
 141      7400
 142              	.LASF12:
 143 0048 433A5C55 		.ascii	"C:\\Users\\D\341niel\\Dropbox\\Solar Racing\\Szoftv"
 143      73657273 
 143      5C44E16E 
 143      69656C5C 
 143      44726F70 
 144 0073 65725C4C 		.ascii	"er\\LuxControl\\LuxControl_v1\\luxcontrol\\firmware"
 144      7578436F 
 144      6E74726F 
 144      6C5C4C75 
 144      78436F6E 
ARM GAS  C:\Users\DNIEL~1\AppData\Local\Temp\ccf2CX2s.s 			page 4


 145 00a2 00       		.ascii	"\000"
 146              	.LASF8:
 147 00a3 6C6F6E67 		.ascii	"long long unsigned int\000"
 147      206C6F6E 
 147      6720756E 
 147      7369676E 
 147      65642069 
 148              	.LASF11:
 149 00ba 2E2E2F2E 		.ascii	"../../../ChibiOS/os/kernel/src/chdebug.c\000"
 149      2E2F2E2E 
 149      2F436869 
 149      62694F53 
 149      2F6F732F 
 150              	.LASF2:
 151 00e3 756E7369 		.ascii	"unsigned char\000"
 151      676E6564 
 151      20636861 
 151      7200
 152              	.LASF5:
 153 00f1 6C6F6E67 		.ascii	"long int\000"
 153      20696E74 
 153      00
 154              	.LASF10:
 155 00fa 474E5520 		.ascii	"GNU C 4.5.2\000"
 155      4320342E 
 155      352E3200 
 156              	.LASF9:
 157 0106 63686172 		.ascii	"char\000"
 157      00
 158              	.LASF7:
 159 010b 6C6F6E67 		.ascii	"long long int\000"
 159      206C6F6E 
 159      6720696E 
 159      7400
 160              		.ident	"GCC: (Sourcery G++ Lite 2011.03-42) 4.5.2"
ARM GAS  C:\Users\DNIEL~1\AppData\Local\Temp\ccf2CX2s.s 			page 5


DEFINED SYMBOLS
                            *ABS*:00000000 chdebug.c

NO UNDEFINED SYMBOLS
