ARM GAS  C:\Users\DNIEL~1\AppData\Local\Temp\ccRZBRaY.s 			page 1


   1              		.syntax unified
   2              		.cpu cortex-m3
   3              		.fpu softvfp
   4              		.eabi_attribute 20, 1
   5              		.eabi_attribute 21, 1
   6              		.eabi_attribute 23, 3
   7              		.eabi_attribute 24, 1
   8              		.eabi_attribute 25, 1
   9              		.eabi_attribute 26, 1
  10              		.eabi_attribute 30, 2
  11              		.eabi_attribute 18, 4
  12              		.thumb
  13              		.file	"chdynamic.c"
  14              		.section	.debug_abbrev,"",%progbits
  15              	.Ldebug_abbrev0:
  16              		.section	.debug_info,"",%progbits
  17              	.Ldebug_info0:
  18              		.section	.debug_line,"",%progbits
  19              	.Ldebug_line0:
  20 0000 73020000 		.text
  20      0200EC01 
  20      00000201 
  20      FB0E0D00 
  20      01010101 
  21              	.Ltext0:
  22              		.cfi_sections	.debug_frame
  23              		.section	.text.chThdAddRef,"ax",%progbits
  24              		.align	2
  25              		.p2align 4,,15
  26              		.global	chThdAddRef
  27              		.thumb
  28              		.thumb_func
  29              		.type	chThdAddRef, %function
  30              	chThdAddRef:
  31              	.LFB0:
  32              		.file 1 "../../../ChibiOS/os/kernel/src/chdynamic.c"
  33              		.loc 1 52 0
  34              		.cfi_startproc
  35              		@ args = 0, pretend = 0, frame = 0
  36              		@ frame_needed = 0, uses_anonymous_args = 0
  37              	.LVL0:
  38 0000 00B5     		push	{lr}
  39              	.LCFI0:
  40              		.cfi_def_cfa_offset 4
  41              		.loc 1 54 0
  42              	@ 54 "../../../ChibiOS/os/kernel/src/chdynamic.c" 1
  43 0002 FFF7FEFF 		bl      _port_lock
  44              	@ 0 "" 2
  45              		.loc 1 56 0
  46              		.thumb
  47 0006 817F     		ldrb	r1, [r0, #30]	@ zero_extendqisi2
  48 0008 4B1C     		adds	r3, r1, #1
  49 000a 8377     		strb	r3, [r0, #30]
  50              		.loc 1 57 0
  51              	@ 57 "../../../ChibiOS/os/kernel/src/chdynamic.c" 1
  52 000c FFF7FEFF 		bl      _port_unlock
  53              	@ 0 "" 2
ARM GAS  C:\Users\DNIEL~1\AppData\Local\Temp\ccRZBRaY.s 			page 2


  54              		.loc 1 59 0
  55              		.thumb
  56 0010 5DF804FB 		ldr	pc, [sp], #4
  57              		.cfi_offset 14, -4
  58              		.cfi_endproc
  59              	.LFE0:
  60              		.size	chThdAddRef, .-chThdAddRef
  61 0014 AFF30080 		.section	.text.chThdRelease,"ax",%progbits
  61      AFF30080 
  61      AFF30080 
  62              		.align	2
  63              		.p2align 4,,15
  64              		.global	chThdRelease
  65              		.thumb
  66              		.thumb_func
  67              		.type	chThdRelease, %function
  68              	chThdRelease:
  69              	.LFB1:
  70              		.loc 1 74 0
  71              		.cfi_startproc
  72              		@ args = 0, pretend = 0, frame = 0
  73              		@ frame_needed = 0, uses_anonymous_args = 0
  74              	.LVL1:
  75 0000 00B5     		push	{lr}
  76              	.LCFI1:
  77              		.cfi_def_cfa_offset 4
  78              		.loc 1 74 0
  79 0002 0146     		mov	r1, r0
  80              		.loc 1 77 0
  81              	@ 77 "../../../ChibiOS/os/kernel/src/chdynamic.c" 1
  82 0004 FFF7FEFF 		bl      _port_lock
  83              	@ 0 "" 2
  84              		.loc 1 79 0
  85              		.thumb
  86 0008 827F     		ldrb	r2, [r0, #30]	@ zero_extendqisi2
  87 000a 531E     		subs	r3, r2, #1
  88 000c DAB2     		uxtb	r2, r3
  89 000e 8277     		strb	r2, [r0, #30]
  90              	.LVL2:
  91              		.loc 1 80 0
  92              	@ 80 "../../../ChibiOS/os/kernel/src/chdynamic.c" 1
  93 0010 FFF7FEFF 		bl      _port_unlock
  94              	@ 0 "" 2
  95              		.loc 1 85 0
  96              		.thumb
  97 0014 22B9     		cbnz	r2, .L2
  98              		.cfi_offset 14, -4
  99              		.loc 1 85 0 is_stmt 0 discriminator 1
 100 0016 90F81CC0 		ldrb	ip, [r0, #28]	@ zero_extendqisi2
 101 001a BCF10E0F 		cmp	ip, #14
 102 001e 01D0     		beq	.L7
 103              	.L2:
 104 0020 5DF804FB 		ldr	pc, [sp], #4
 105              	.L7:
 106              		.loc 1 86 0 is_stmt 1
 107 0024 90F81DE0 		ldrb	lr, [r0, #29]	@ zero_extendqisi2
 108 0028 0EF00303 		and	r3, lr, #3
ARM GAS  C:\Users\DNIEL~1\AppData\Local\Temp\ccRZBRaY.s 			page 3


 109 002c 012B     		cmp	r3, #1
 110 002e 0BD0     		beq	.L4
 111 0030 022B     		cmp	r3, #2
 112 0032 F5D1     		bne	.L2
 113              		.loc 1 98 0
 114 0034 4369     		ldr	r3, [r0, #20]
 115 0036 0269     		ldr	r2, [r0, #16]
 116              	.LVL3:
 117              		.loc 1 100 0
 118 0038 406C     		ldr	r0, [r0, #68]
 119              	.LVL4:
 120              		.loc 1 98 0
 121 003a 1A61     		str	r2, [r3, #16]
 122 003c 0A69     		ldr	r2, [r1, #16]
 123 003e 5361     		str	r3, [r2, #20]
 124              		.loc 1 105 0
 125 0040 5DF804EB 		ldr	lr, [sp], #4
 126              		.loc 1 100 0
 127 0044 FFF7FEBF 		b	chPoolFree
 128              	.LVL5:
 129              	.L4:
 130              		.loc 1 90 0
 131 0048 4369     		ldr	r3, [r0, #20]
 132 004a 0269     		ldr	r2, [r0, #16]
 133              	.LVL6:
 134 004c 1A61     		str	r2, [r3, #16]
 135 004e 0169     		ldr	r1, [r0, #16]
 136 0050 4B61     		str	r3, [r1, #20]
 137              		.loc 1 105 0
 138 0052 5DF804EB 		ldr	lr, [sp], #4
 139              		.loc 1 92 0
 140 0056 FFF7FEBF 		b	chHeapFree
 141              		.cfi_endproc
 142              	.LFE1:
 143              		.size	chThdRelease, .-chThdRelease
 144 005a 00BFAFF3 		.section	.text.chThdCreateFromHeap,"ax",%progbits
 144      0080
 145              		.align	2
 146              		.p2align 4,,15
 147              		.global	chThdCreateFromHeap
 148              		.thumb
 149              		.thumb_func
 150              		.type	chThdCreateFromHeap, %function
 151              	chThdCreateFromHeap:
 152              	.LFB2:
 153              		.loc 1 131 0
 154              		.cfi_startproc
 155              		@ args = 4, pretend = 0, frame = 0
 156              		@ frame_needed = 0, uses_anonymous_args = 0
 157              	.LVL7:
 158 0000 70B5     		push	{r4, r5, r6, lr}
 159              	.LCFI2:
 160              		.cfi_def_cfa_offset 16
 161 0002 82B0     		sub	sp, sp, #8
 162              	.LCFI3:
 163              		.cfi_def_cfa_offset 24
 164              		.loc 1 131 0
ARM GAS  C:\Users\DNIEL~1\AppData\Local\Temp\ccRZBRaY.s 			page 4


 165 0004 0D46     		mov	r5, r1
 166              		.cfi_offset 14, -4
 167              		.cfi_offset 6, -8
 168              		.cfi_offset 5, -12
 169              		.cfi_offset 4, -16
 170 0006 1646     		mov	r6, r2
 171 0008 1C46     		mov	r4, r3
 172              		.loc 1 135 0
 173 000a FFF7FEFF 		bl	chHeapAlloc
 174              	.LVL8:
 175              		.loc 1 136 0
 176 000e 98B1     		cbz	r0, .L10
 177              		.loc 1 148 0
 178              	@ 148 "../../../ChibiOS/os/kernel/src/chdynamic.c" 1
 179 0010 FFF7FEFF 		bl      _port_lock
 180              	@ 0 "" 2
 181              		.loc 1 149 0
 182              		.thumb
 183 0014 2346     		mov	r3, r4
 184 0016 069C     		ldr	r4, [sp, #24]
 185              	.LVL9:
 186 0018 2946     		mov	r1, r5
 187 001a 3246     		mov	r2, r6
 188 001c 0094     		str	r4, [sp, #0]
 189 001e FFF7FEFF 		bl	chThdCreateI
 190              	.LVL10:
 191              		.loc 1 150 0
 192 0022 0123     		movs	r3, #1
 193 0024 4377     		strb	r3, [r0, #29]
 194              		.loc 1 151 0
 195 0026 0021     		movs	r1, #0
 196              		.loc 1 149 0
 197 0028 0446     		mov	r4, r0
 198              	.LVL11:
 199              		.loc 1 151 0
 200 002a FFF7FEFF 		bl	chSchWakeupS
 201              	.LVL12:
 202              		.loc 1 152 0
 203              	@ 152 "../../../ChibiOS/os/kernel/src/chdynamic.c" 1
 204 002e FFF7FEFF 		bl      _port_unlock
 205              	@ 0 "" 2
 206              	.LVL13:
 207              		.thumb
 208              	.L9:
 209              		.loc 1 154 0
 210 0032 2046     		mov	r0, r4
 211 0034 02B0     		add	sp, sp, #8
 212 0036 70BD     		pop	{r4, r5, r6, pc}
 213              	.LVL14:
 214              	.L10:
 215              		.loc 1 137 0
 216 0038 0446     		mov	r4, r0
 217              	.LVL15:
 218 003a FAE7     		b	.L9
 219              		.cfi_endproc
 220              	.LFE2:
 221              		.size	chThdCreateFromHeap, .-chThdCreateFromHeap
ARM GAS  C:\Users\DNIEL~1\AppData\Local\Temp\ccRZBRaY.s 			page 5


 222 003c AFF30080 		.section	.text.chThdCreateFromMemoryPool,"ax",%progbits
 223              		.align	2
 224              		.p2align 4,,15
 225              		.global	chThdCreateFromMemoryPool
 226              		.thumb
 227              		.thumb_func
 228              		.type	chThdCreateFromMemoryPool, %function
 229              	chThdCreateFromMemoryPool:
 230              	.LFB3:
 231              		.loc 1 180 0
 232              		.cfi_startproc
 233              		@ args = 0, pretend = 0, frame = 0
 234              		@ frame_needed = 0, uses_anonymous_args = 0
 235              	.LVL16:
 236 0000 F0B5     		push	{r4, r5, r6, r7, lr}
 237              	.LCFI4:
 238              		.cfi_def_cfa_offset 20
 239 0002 83B0     		sub	sp, sp, #12
 240              	.LCFI5:
 241              		.cfi_def_cfa_offset 32
 242              		.loc 1 180 0
 243 0004 0446     		mov	r4, r0
 244              		.cfi_offset 14, -4
 245              		.cfi_offset 7, -8
 246              		.cfi_offset 6, -12
 247              		.cfi_offset 5, -16
 248              		.cfi_offset 4, -20
 249 0006 0F46     		mov	r7, r1
 250 0008 1646     		mov	r6, r2
 251 000a 1D46     		mov	r5, r3
 252              		.loc 1 186 0
 253 000c FFF7FEFF 		bl	chPoolAlloc
 254              	.LVL17:
 255              		.loc 1 187 0
 256 0010 98B1     		cbz	r0, .L13
 257              		.loc 1 199 0
 258              	@ 199 "../../../ChibiOS/os/kernel/src/chdynamic.c" 1
 259 0012 FFF7FEFF 		bl      _port_lock
 260              	@ 0 "" 2
 261              		.loc 1 200 0
 262              		.thumb
 263 0016 6168     		ldr	r1, [r4, #4]
 264 0018 3A46     		mov	r2, r7
 265 001a 3346     		mov	r3, r6
 266 001c 0095     		str	r5, [sp, #0]
 267 001e FFF7FEFF 		bl	chThdCreateI
 268              	.LVL18:
 269              		.loc 1 201 0
 270 0022 0223     		movs	r3, #2
 271 0024 4377     		strb	r3, [r0, #29]
 272              		.loc 1 202 0
 273 0026 4464     		str	r4, [r0, #68]
 274              		.loc 1 203 0
 275 0028 0021     		movs	r1, #0
 276              		.loc 1 200 0
 277 002a 0546     		mov	r5, r0
 278              	.LVL19:
ARM GAS  C:\Users\DNIEL~1\AppData\Local\Temp\ccRZBRaY.s 			page 6


 279              		.loc 1 203 0
 280 002c FFF7FEFF 		bl	chSchWakeupS
 281              	.LVL20:
 282              		.loc 1 204 0
 283              	@ 204 "../../../ChibiOS/os/kernel/src/chdynamic.c" 1
 284 0030 FFF7FEFF 		bl      _port_unlock
 285              	@ 0 "" 2
 286              	.LVL21:
 287              		.thumb
 288              	.L12:
 289              		.loc 1 206 0
 290 0034 2846     		mov	r0, r5
 291 0036 03B0     		add	sp, sp, #12
 292 0038 F0BD     		pop	{r4, r5, r6, r7, pc}
 293              	.LVL22:
 294              	.L13:
 295              		.loc 1 188 0
 296 003a 0546     		mov	r5, r0
 297              	.LVL23:
 298 003c FAE7     		b	.L12
 299              		.cfi_endproc
 300              	.LFE3:
 301              		.size	chThdCreateFromMemoryPool, .-chThdCreateFromMemoryPool
 302 003e 00BF     		.text
 303              	.Letext0:
 304              		.section	.debug_loc,"",%progbits
 305              	.Ldebug_loc0:
 306              	.LLST0:
 307 0000 00000000 		.4byte	.LFB0
 308 0004 02000000 		.4byte	.LCFI0
 309 0008 0200     		.2byte	0x2
 310 000a 7D       		.byte	0x7d
 311 000b 00       		.sleb128 0
 312 000c 02000000 		.4byte	.LCFI0
 313 0010 14000000 		.4byte	.LFE0
 314 0014 0200     		.2byte	0x2
 315 0016 7D       		.byte	0x7d
 316 0017 04       		.sleb128 4
 317 0018 00000000 		.4byte	0x0
 318 001c 00000000 		.4byte	0x0
 319              	.LLST1:
 320 0020 00000000 		.4byte	.LFB1
 321 0024 02000000 		.4byte	.LCFI1
 322 0028 0200     		.2byte	0x2
 323 002a 7D       		.byte	0x7d
 324 002b 00       		.sleb128 0
 325 002c 02000000 		.4byte	.LCFI1
 326 0030 5A000000 		.4byte	.LFE1
 327 0034 0200     		.2byte	0x2
 328 0036 7D       		.byte	0x7d
 329 0037 04       		.sleb128 4
 330 0038 00000000 		.4byte	0x0
 331 003c 00000000 		.4byte	0x0
 332              	.LLST2:
 333 0040 00000000 		.4byte	.LVL1
 334 0044 3A000000 		.4byte	.LVL4
 335 0048 0100     		.2byte	0x1
ARM GAS  C:\Users\DNIEL~1\AppData\Local\Temp\ccRZBRaY.s 			page 7


 336 004a 50       		.byte	0x50
 337 004b 3A000000 		.4byte	.LVL4
 338 004f 47000000 		.4byte	.LVL5-1
 339 0053 0100     		.2byte	0x1
 340 0055 51       		.byte	0x51
 341 0056 48000000 		.4byte	.LVL5
 342 005a 5A000000 		.4byte	.LFE1
 343 005e 0100     		.2byte	0x1
 344 0060 50       		.byte	0x50
 345 0061 00000000 		.4byte	0x0
 346 0065 00000000 		.4byte	0x0
 347              	.LLST3:
 348 0069 10000000 		.4byte	.LVL2
 349 006d 38000000 		.4byte	.LVL3
 350 0071 0100     		.2byte	0x1
 351 0073 52       		.byte	0x52
 352 0074 48000000 		.4byte	.LVL5
 353 0078 4C000000 		.4byte	.LVL6
 354 007c 0100     		.2byte	0x1
 355 007e 52       		.byte	0x52
 356 007f 00000000 		.4byte	0x0
 357 0083 00000000 		.4byte	0x0
 358              	.LLST4:
 359 0087 00000000 		.4byte	.LFB2
 360 008b 02000000 		.4byte	.LCFI2
 361 008f 0200     		.2byte	0x2
 362 0091 7D       		.byte	0x7d
 363 0092 00       		.sleb128 0
 364 0093 02000000 		.4byte	.LCFI2
 365 0097 04000000 		.4byte	.LCFI3
 366 009b 0200     		.2byte	0x2
 367 009d 7D       		.byte	0x7d
 368 009e 10       		.sleb128 16
 369 009f 04000000 		.4byte	.LCFI3
 370 00a3 3C000000 		.4byte	.LFE2
 371 00a7 0200     		.2byte	0x2
 372 00a9 7D       		.byte	0x7d
 373 00aa 18       		.sleb128 24
 374 00ab 00000000 		.4byte	0x0
 375 00af 00000000 		.4byte	0x0
 376              	.LLST5:
 377 00b3 00000000 		.4byte	.LVL7
 378 00b7 0D000000 		.4byte	.LVL8-1
 379 00bb 0100     		.2byte	0x1
 380 00bd 50       		.byte	0x50
 381 00be 00000000 		.4byte	0x0
 382 00c2 00000000 		.4byte	0x0
 383              	.LLST6:
 384 00c6 00000000 		.4byte	.LVL7
 385 00ca 0D000000 		.4byte	.LVL8-1
 386 00ce 0100     		.2byte	0x1
 387 00d0 51       		.byte	0x51
 388 00d1 0D000000 		.4byte	.LVL8-1
 389 00d5 3C000000 		.4byte	.LFE2
 390 00d9 0100     		.2byte	0x1
 391 00db 55       		.byte	0x55
 392 00dc 00000000 		.4byte	0x0
ARM GAS  C:\Users\DNIEL~1\AppData\Local\Temp\ccRZBRaY.s 			page 8


 393 00e0 00000000 		.4byte	0x0
 394              	.LLST7:
 395 00e4 00000000 		.4byte	.LVL7
 396 00e8 0D000000 		.4byte	.LVL8-1
 397 00ec 0100     		.2byte	0x1
 398 00ee 52       		.byte	0x52
 399 00ef 0D000000 		.4byte	.LVL8-1
 400 00f3 3C000000 		.4byte	.LFE2
 401 00f7 0100     		.2byte	0x1
 402 00f9 56       		.byte	0x56
 403 00fa 00000000 		.4byte	0x0
 404 00fe 00000000 		.4byte	0x0
 405              	.LLST8:
 406 0102 00000000 		.4byte	.LVL7
 407 0106 0D000000 		.4byte	.LVL8-1
 408 010a 0100     		.2byte	0x1
 409 010c 53       		.byte	0x53
 410 010d 0D000000 		.4byte	.LVL8-1
 411 0111 18000000 		.4byte	.LVL9
 412 0115 0100     		.2byte	0x1
 413 0117 54       		.byte	0x54
 414 0118 18000000 		.4byte	.LVL9
 415 011c 21000000 		.4byte	.LVL10-1
 416 0120 0100     		.2byte	0x1
 417 0122 53       		.byte	0x53
 418 0123 38000000 		.4byte	.LVL14
 419 0127 3A000000 		.4byte	.LVL15
 420 012b 0100     		.2byte	0x1
 421 012d 54       		.byte	0x54
 422 012e 00000000 		.4byte	0x0
 423 0132 00000000 		.4byte	0x0
 424              	.LLST9:
 425 0136 0E000000 		.4byte	.LVL8
 426 013a 21000000 		.4byte	.LVL10-1
 427 013e 0100     		.2byte	0x1
 428 0140 50       		.byte	0x50
 429 0141 38000000 		.4byte	.LVL14
 430 0145 3C000000 		.4byte	.LFE2
 431 0149 0100     		.2byte	0x1
 432 014b 50       		.byte	0x50
 433 014c 00000000 		.4byte	0x0
 434 0150 00000000 		.4byte	0x0
 435              	.LLST10:
 436 0154 2A000000 		.4byte	.LVL11
 437 0158 2D000000 		.4byte	.LVL12-1
 438 015c 0100     		.2byte	0x1
 439 015e 50       		.byte	0x50
 440 015f 2D000000 		.4byte	.LVL12-1
 441 0163 32000000 		.4byte	.LVL13
 442 0167 0100     		.2byte	0x1
 443 0169 54       		.byte	0x54
 444 016a 00000000 		.4byte	0x0
 445 016e 00000000 		.4byte	0x0
 446              	.LLST11:
 447 0172 00000000 		.4byte	.LFB3
 448 0176 02000000 		.4byte	.LCFI4
 449 017a 0200     		.2byte	0x2
ARM GAS  C:\Users\DNIEL~1\AppData\Local\Temp\ccRZBRaY.s 			page 9


 450 017c 7D       		.byte	0x7d
 451 017d 00       		.sleb128 0
 452 017e 02000000 		.4byte	.LCFI4
 453 0182 04000000 		.4byte	.LCFI5
 454 0186 0200     		.2byte	0x2
 455 0188 7D       		.byte	0x7d
 456 0189 14       		.sleb128 20
 457 018a 04000000 		.4byte	.LCFI5
 458 018e 3E000000 		.4byte	.LFE3
 459 0192 0200     		.2byte	0x2
 460 0194 7D       		.byte	0x7d
 461 0195 20       		.sleb128 32
 462 0196 00000000 		.4byte	0x0
 463 019a 00000000 		.4byte	0x0
 464              	.LLST12:
 465 019e 00000000 		.4byte	.LVL16
 466 01a2 0F000000 		.4byte	.LVL17-1
 467 01a6 0100     		.2byte	0x1
 468 01a8 50       		.byte	0x50
 469 01a9 0F000000 		.4byte	.LVL17-1
 470 01ad 3E000000 		.4byte	.LFE3
 471 01b1 0100     		.2byte	0x1
 472 01b3 54       		.byte	0x54
 473 01b4 00000000 		.4byte	0x0
 474 01b8 00000000 		.4byte	0x0
 475              	.LLST13:
 476 01bc 00000000 		.4byte	.LVL16
 477 01c0 0F000000 		.4byte	.LVL17-1
 478 01c4 0100     		.2byte	0x1
 479 01c6 51       		.byte	0x51
 480 01c7 0F000000 		.4byte	.LVL17-1
 481 01cb 3E000000 		.4byte	.LFE3
 482 01cf 0100     		.2byte	0x1
 483 01d1 57       		.byte	0x57
 484 01d2 00000000 		.4byte	0x0
 485 01d6 00000000 		.4byte	0x0
 486              	.LLST14:
 487 01da 00000000 		.4byte	.LVL16
 488 01de 0F000000 		.4byte	.LVL17-1
 489 01e2 0100     		.2byte	0x1
 490 01e4 52       		.byte	0x52
 491 01e5 0F000000 		.4byte	.LVL17-1
 492 01e9 3E000000 		.4byte	.LFE3
 493 01ed 0100     		.2byte	0x1
 494 01ef 56       		.byte	0x56
 495 01f0 00000000 		.4byte	0x0
 496 01f4 00000000 		.4byte	0x0
 497              	.LLST15:
 498 01f8 00000000 		.4byte	.LVL16
 499 01fc 0F000000 		.4byte	.LVL17-1
 500 0200 0100     		.2byte	0x1
 501 0202 53       		.byte	0x53
 502 0203 0F000000 		.4byte	.LVL17-1
 503 0207 2C000000 		.4byte	.LVL19
 504 020b 0100     		.2byte	0x1
 505 020d 55       		.byte	0x55
 506 020e 3A000000 		.4byte	.LVL22
ARM GAS  C:\Users\DNIEL~1\AppData\Local\Temp\ccRZBRaY.s 			page 10


 507 0212 3C000000 		.4byte	.LVL23
 508 0216 0100     		.2byte	0x1
 509 0218 55       		.byte	0x55
 510 0219 00000000 		.4byte	0x0
 511 021d 00000000 		.4byte	0x0
 512              	.LLST16:
 513 0221 10000000 		.4byte	.LVL17
 514 0225 21000000 		.4byte	.LVL18-1
 515 0229 0100     		.2byte	0x1
 516 022b 50       		.byte	0x50
 517 022c 3A000000 		.4byte	.LVL22
 518 0230 3E000000 		.4byte	.LFE3
 519 0234 0100     		.2byte	0x1
 520 0236 50       		.byte	0x50
 521 0237 00000000 		.4byte	0x0
 522 023b 00000000 		.4byte	0x0
 523              	.LLST17:
 524 023f 2C000000 		.4byte	.LVL19
 525 0243 2F000000 		.4byte	.LVL20-1
 526 0247 0100     		.2byte	0x1
 527 0249 50       		.byte	0x50
 528 024a 2F000000 		.4byte	.LVL20-1
 529 024e 34000000 		.4byte	.LVL21
 530 0252 0100     		.2byte	0x1
 531 0254 55       		.byte	0x55
 532 0255 00000000 		.4byte	0x0
 533 0259 00000000 		.4byte	0x0
 534              		.file 2 "c:\\program files (x86)\\codesourcery\\sourcery g++ lite\\bin\\../lib/gcc/arm-none-eabi/4
 535              		.file 3 "c:\\program files (x86)\\codesourcery\\sourcery g++ lite\\bin\\../lib/gcc/arm-none-eabi/4
 536              		.file 4 "../../../ChibiOS/os/ports/GCC/ARMCMx/chtypes.h"
 537              		.file 5 "../../../ChibiOS/os/kernel/include/chlists.h"
 538              		.file 6 "../../../ChibiOS/os/kernel/include/chthreads.h"
 539              		.file 7 "../../../ChibiOS/os/ports/GCC/ARMCMx/chcore_v7m.h"
 540              		.file 8 "../../../ChibiOS/os/kernel/include/chmtx.h"
 541              		.file 9 "../../../ChibiOS/os/kernel/include/chmemcore.h"
 542              		.file 10 "../../../ChibiOS/os/kernel/include/chheap.h"
 543              		.file 11 "../../../ChibiOS/os/kernel/include/chmempools.h"
 544              		.section	.debug_info
 545 0000 9F060000 		.4byte	0x69f
 546 0004 0200     		.2byte	0x2
 547 0006 00000000 		.4byte	.Ldebug_abbrev0
 548 000a 04       		.byte	0x4
 549 000b 01       		.uleb128 0x1
 550 000c 57030000 		.4byte	.LASF81
 551 0010 01       		.byte	0x1
 552 0011 25000000 		.4byte	.LASF82
 553 0015 65010000 		.4byte	.LASF83
 554 0019 00000000 		.4byte	0x0
 555 001d 00000000 		.4byte	0x0
 556 0021 00000000 		.4byte	.Ldebug_ranges0+0x0
 557 0025 00000000 		.4byte	.Ldebug_line0
 558 0029 02       		.uleb128 0x2
 559 002a 04       		.byte	0x4
 560 002b 05       		.byte	0x5
 561 002c 696E7400 		.ascii	"int\000"
 562 0030 03       		.uleb128 0x3
 563 0031 0E000000 		.4byte	.LASF2
ARM GAS  C:\Users\DNIEL~1\AppData\Local\Temp\ccRZBRaY.s 			page 11


 564 0035 02       		.byte	0x2
 565 0036 D3       		.byte	0xd3
 566 0037 3B000000 		.4byte	0x3b
 567 003b 04       		.uleb128 0x4
 568 003c 04       		.byte	0x4
 569 003d 07       		.byte	0x7
 570 003e 58010000 		.4byte	.LASF0
 571 0042 04       		.uleb128 0x4
 572 0043 01       		.byte	0x1
 573 0044 06       		.byte	0x6
 574 0045 AF000000 		.4byte	.LASF1
 575 0049 03       		.uleb128 0x3
 576 004a 48030000 		.4byte	.LASF3
 577 004e 03       		.byte	0x3
 578 004f 2A       		.byte	0x2a
 579 0050 54000000 		.4byte	0x54
 580 0054 04       		.uleb128 0x4
 581 0055 01       		.byte	0x1
 582 0056 08       		.byte	0x8
 583 0057 6D020000 		.4byte	.LASF4
 584 005b 04       		.uleb128 0x4
 585 005c 02       		.byte	0x2
 586 005d 05       		.byte	0x5
 587 005e 90020000 		.4byte	.LASF5
 588 0062 04       		.uleb128 0x4
 589 0063 02       		.byte	0x2
 590 0064 07       		.byte	0x7
 591 0065 B1010000 		.4byte	.LASF6
 592 0069 03       		.uleb128 0x3
 593 006a 65020000 		.4byte	.LASF7
 594 006e 03       		.byte	0x3
 595 006f 4F       		.byte	0x4f
 596 0070 74000000 		.4byte	0x74
 597 0074 04       		.uleb128 0x4
 598 0075 04       		.byte	0x4
 599 0076 05       		.byte	0x5
 600 0077 ED000000 		.4byte	.LASF8
 601 007b 03       		.uleb128 0x3
 602 007c ED020000 		.4byte	.LASF9
 603 0080 03       		.byte	0x3
 604 0081 50       		.byte	0x50
 605 0082 86000000 		.4byte	0x86
 606 0086 04       		.uleb128 0x4
 607 0087 04       		.byte	0x4
 608 0088 07       		.byte	0x7
 609 0089 C1000000 		.4byte	.LASF10
 610 008d 04       		.uleb128 0x4
 611 008e 08       		.byte	0x8
 612 008f 05       		.byte	0x5
 613 0090 A1000000 		.4byte	.LASF11
 614 0094 03       		.uleb128 0x3
 615 0095 1C000000 		.4byte	.LASF12
 616 0099 03       		.byte	0x3
 617 009a 78       		.byte	0x78
 618 009b 9F000000 		.4byte	0x9f
 619 009f 04       		.uleb128 0x4
 620 00a0 08       		.byte	0x8
ARM GAS  C:\Users\DNIEL~1\AppData\Local\Temp\ccRZBRaY.s 			page 12


 621 00a1 07       		.byte	0x7
 622 00a2 68000000 		.4byte	.LASF13
 623 00a6 04       		.uleb128 0x4
 624 00a7 01       		.byte	0x1
 625 00a8 02       		.byte	0x2
 626 00a9 5F020000 		.4byte	.LASF14
 627 00ad 03       		.uleb128 0x3
 628 00ae CA010000 		.4byte	.LASF15
 629 00b2 04       		.byte	0x4
 630 00b3 2C       		.byte	0x2c
 631 00b4 49000000 		.4byte	0x49
 632 00b8 03       		.uleb128 0x3
 633 00b9 0A010000 		.4byte	.LASF16
 634 00bd 04       		.byte	0x4
 635 00be 2D       		.byte	0x2d
 636 00bf 49000000 		.4byte	0x49
 637 00c3 03       		.uleb128 0x3
 638 00c4 43020000 		.4byte	.LASF17
 639 00c8 04       		.byte	0x4
 640 00c9 2E       		.byte	0x2e
 641 00ca 49000000 		.4byte	0x49
 642 00ce 03       		.uleb128 0x3
 643 00cf E3000000 		.4byte	.LASF18
 644 00d3 04       		.byte	0x4
 645 00d4 2F       		.byte	0x2f
 646 00d5 49000000 		.4byte	0x49
 647 00d9 03       		.uleb128 0x3
 648 00da 57020000 		.4byte	.LASF19
 649 00de 04       		.byte	0x4
 650 00df 30       		.byte	0x30
 651 00e0 7B000000 		.4byte	0x7b
 652 00e4 03       		.uleb128 0x3
 653 00e5 C4010000 		.4byte	.LASF20
 654 00e9 04       		.byte	0x4
 655 00ea 31       		.byte	0x31
 656 00eb 69000000 		.4byte	0x69
 657 00ef 03       		.uleb128 0x3
 658 00f0 DE010000 		.4byte	.LASF21
 659 00f4 04       		.byte	0x4
 660 00f5 33       		.byte	0x33
 661 00f6 7B000000 		.4byte	0x7b
 662 00fa 03       		.uleb128 0x3
 663 00fb 07030000 		.4byte	.LASF22
 664 00ff 04       		.byte	0x4
 665 0100 35       		.byte	0x35
 666 0101 7B000000 		.4byte	0x7b
 667 0105 03       		.uleb128 0x3
 668 0106 DB020000 		.4byte	.LASF23
 669 010a 05       		.byte	0x5
 670 010b 2A       		.byte	0x2a
 671 010c 10010000 		.4byte	0x110
 672 0110 05       		.uleb128 0x5
 673 0111 DB020000 		.4byte	.LASF23
 674 0115 48       		.byte	0x48
 675 0116 06       		.byte	0x6
 676 0117 5E       		.byte	0x5e
 677 0118 35020000 		.4byte	0x235
ARM GAS  C:\Users\DNIEL~1\AppData\Local\Temp\ccRZBRaY.s 			page 13


 678 011c 06       		.uleb128 0x6
 679 011d BF020000 		.4byte	.LASF24
 680 0121 06       		.byte	0x6
 681 0122 5F       		.byte	0x5f
 682 0123 5A020000 		.4byte	0x25a
 683 0127 02       		.byte	0x2
 684 0128 23       		.byte	0x23
 685 0129 00       		.uleb128 0x0
 686 012a 06       		.uleb128 0x6
 687 012b 50020000 		.4byte	.LASF25
 688 012f 06       		.byte	0x6
 689 0130 61       		.byte	0x61
 690 0131 5A020000 		.4byte	0x25a
 691 0135 02       		.byte	0x2
 692 0136 23       		.byte	0x23
 693 0137 04       		.uleb128 0x4
 694 0138 06       		.uleb128 0x6
 695 0139 9A000000 		.4byte	.LASF26
 696 013d 06       		.byte	0x6
 697 013e 63       		.byte	0x63
 698 013f D9000000 		.4byte	0xd9
 699 0143 02       		.byte	0x2
 700 0144 23       		.byte	0x23
 701 0145 08       		.uleb128 0x8
 702 0146 06       		.uleb128 0x6
 703 0147 72030000 		.4byte	.LASF27
 704 014b 06       		.byte	0x6
 705 014c 64       		.byte	0x64
 706 014d 33030000 		.4byte	0x333
 707 0151 02       		.byte	0x2
 708 0152 23       		.byte	0x23
 709 0153 0C       		.uleb128 0xc
 710 0154 06       		.uleb128 0x6
 711 0155 1B010000 		.4byte	.LASF28
 712 0159 06       		.byte	0x6
 713 015a 66       		.byte	0x66
 714 015b 5A020000 		.4byte	0x25a
 715 015f 02       		.byte	0x2
 716 0160 23       		.byte	0x23
 717 0161 10       		.uleb128 0x10
 718 0162 06       		.uleb128 0x6
 719 0163 07020000 		.4byte	.LASF29
 720 0167 06       		.byte	0x6
 721 0168 67       		.byte	0x67
 722 0169 5A020000 		.4byte	0x25a
 723 016d 02       		.byte	0x2
 724 016e 23       		.byte	0x23
 725 016f 14       		.uleb128 0x14
 726 0170 06       		.uleb128 0x6
 727 0171 63030000 		.4byte	.LASF30
 728 0175 06       		.byte	0x6
 729 0176 6E       		.byte	0x6e
 730 0177 09050000 		.4byte	0x509
 731 017b 02       		.byte	0x2
 732 017c 23       		.byte	0x23
 733 017d 18       		.uleb128 0x18
 734 017e 06       		.uleb128 0x6
ARM GAS  C:\Users\DNIEL~1\AppData\Local\Temp\ccRZBRaY.s 			page 14


 735 017f 9A020000 		.4byte	.LASF31
 736 0183 06       		.byte	0x6
 737 0184 79       		.byte	0x79
 738 0185 B8000000 		.4byte	0xb8
 739 0189 02       		.byte	0x2
 740 018a 23       		.byte	0x23
 741 018b 1C       		.uleb128 0x1c
 742 018c 06       		.uleb128 0x6
 743 018d C6020000 		.4byte	.LASF32
 744 0191 06       		.byte	0x6
 745 0192 7D       		.byte	0x7d
 746 0193 AD000000 		.4byte	0xad
 747 0197 02       		.byte	0x2
 748 0198 23       		.byte	0x23
 749 0199 1D       		.uleb128 0x1d
 750 019a 06       		.uleb128 0x6
 751 019b 41030000 		.4byte	.LASF33
 752 019f 06       		.byte	0x6
 753 01a0 82       		.byte	0x82
 754 01a1 C3000000 		.4byte	0xc3
 755 01a5 02       		.byte	0x2
 756 01a6 23       		.byte	0x23
 757 01a7 1E       		.uleb128 0x1e
 758 01a8 06       		.uleb128 0x6
 759 01a9 A2020000 		.4byte	.LASF34
 760 01ad 06       		.byte	0x6
 761 01ae 88       		.byte	0x88
 762 01af CE000000 		.4byte	0xce
 763 01b3 02       		.byte	0x2
 764 01b4 23       		.byte	0x23
 765 01b5 1F       		.uleb128 0x1f
 766 01b6 06       		.uleb128 0x6
 767 01b7 1C030000 		.4byte	.LASF35
 768 01bb 06       		.byte	0x6
 769 01bc 8F       		.byte	0x8f
 770 01bd 56030000 		.4byte	0x356
 771 01c1 02       		.byte	0x2
 772 01c2 23       		.byte	0x23
 773 01c3 20       		.uleb128 0x20
 774 01c4 07       		.uleb128 0x7
 775 01c5 705F7500 		.ascii	"p_u\000"
 776 01c9 06       		.byte	0x6
 777 01ca B4       		.byte	0xb4
 778 01cb D4040000 		.4byte	0x4d4
 779 01cf 02       		.byte	0x2
 780 01d0 23       		.byte	0x23
 781 01d1 24       		.uleb128 0x24
 782 01d2 06       		.uleb128 0x6
 783 01d3 78030000 		.4byte	.LASF36
 784 01d7 06       		.byte	0x6
 785 01d8 B9       		.byte	0xb9
 786 01d9 82020000 		.4byte	0x282
 787 01dd 02       		.byte	0x2
 788 01de 23       		.byte	0x23
 789 01df 28       		.uleb128 0x28
 790 01e0 06       		.uleb128 0x6
 791 01e1 2A030000 		.4byte	.LASF37
ARM GAS  C:\Users\DNIEL~1\AppData\Local\Temp\ccRZBRaY.s 			page 15


 792 01e5 06       		.byte	0x6
 793 01e6 BF       		.byte	0xbf
 794 01e7 60020000 		.4byte	0x260
 795 01eb 02       		.byte	0x2
 796 01ec 23       		.byte	0x23
 797 01ed 2C       		.uleb128 0x2c
 798 01ee 06       		.uleb128 0x6
 799 01ef 08000000 		.4byte	.LASF38
 800 01f3 06       		.byte	0x6
 801 01f4 C3       		.byte	0xc3
 802 01f5 E4000000 		.4byte	0xe4
 803 01f9 02       		.byte	0x2
 804 01fa 23       		.byte	0x23
 805 01fb 34       		.uleb128 0x34
 806 01fc 06       		.uleb128 0x6
 807 01fd E2020000 		.4byte	.LASF39
 808 0201 06       		.byte	0x6
 809 0202 C9       		.byte	0xc9
 810 0203 EF000000 		.4byte	0xef
 811 0207 02       		.byte	0x2
 812 0208 23       		.byte	0x23
 813 0209 38       		.uleb128 0x38
 814 020a 06       		.uleb128 0x6
 815 020b 86020000 		.4byte	.LASF40
 816 020f 06       		.byte	0x6
 817 0210 D0       		.byte	0xd0
 818 0211 1B050000 		.4byte	0x51b
 819 0215 02       		.byte	0x2
 820 0216 23       		.byte	0x23
 821 0217 3C       		.uleb128 0x3c
 822 0218 06       		.uleb128 0x6
 823 0219 11030000 		.4byte	.LASF41
 824 021d 06       		.byte	0x6
 825 021e D4       		.byte	0xd4
 826 021f D9000000 		.4byte	0xd9
 827 0223 02       		.byte	0x2
 828 0224 23       		.byte	0x23
 829 0225 40       		.uleb128 0x40
 830 0226 06       		.uleb128 0x6
 831 0227 D3000000 		.4byte	.LASF42
 832 022b 06       		.byte	0x6
 833 022c DA       		.byte	0xda
 834 022d 98020000 		.4byte	0x298
 835 0231 02       		.byte	0x2
 836 0232 23       		.byte	0x23
 837 0233 44       		.uleb128 0x44
 838 0234 00       		.byte	0x0
 839 0235 08       		.uleb128 0x8
 840 0236 08       		.byte	0x8
 841 0237 05       		.byte	0x5
 842 0238 61       		.byte	0x61
 843 0239 5A020000 		.4byte	0x25a
 844 023d 06       		.uleb128 0x6
 845 023e BF020000 		.4byte	.LASF24
 846 0242 05       		.byte	0x5
 847 0243 62       		.byte	0x62
 848 0244 5A020000 		.4byte	0x25a
ARM GAS  C:\Users\DNIEL~1\AppData\Local\Temp\ccRZBRaY.s 			page 16


 849 0248 02       		.byte	0x2
 850 0249 23       		.byte	0x23
 851 024a 00       		.uleb128 0x0
 852 024b 06       		.uleb128 0x6
 853 024c 50020000 		.4byte	.LASF25
 854 0250 05       		.byte	0x5
 855 0251 64       		.byte	0x64
 856 0252 5A020000 		.4byte	0x25a
 857 0256 02       		.byte	0x2
 858 0257 23       		.byte	0x23
 859 0258 04       		.uleb128 0x4
 860 0259 00       		.byte	0x0
 861 025a 09       		.uleb128 0x9
 862 025b 04       		.byte	0x4
 863 025c 05010000 		.4byte	0x105
 864 0260 03       		.uleb128 0x3
 865 0261 0F020000 		.4byte	.LASF43
 866 0265 05       		.byte	0x5
 867 0266 66       		.byte	0x66
 868 0267 35020000 		.4byte	0x235
 869 026b 08       		.uleb128 0x8
 870 026c 04       		.byte	0x4
 871 026d 05       		.byte	0x5
 872 026e 6B       		.byte	0x6b
 873 026f 82020000 		.4byte	0x282
 874 0273 06       		.uleb128 0x6
 875 0274 BF020000 		.4byte	.LASF24
 876 0278 05       		.byte	0x5
 877 0279 6D       		.byte	0x6d
 878 027a 5A020000 		.4byte	0x25a
 879 027e 02       		.byte	0x2
 880 027f 23       		.byte	0x23
 881 0280 00       		.uleb128 0x0
 882 0281 00       		.byte	0x0
 883 0282 03       		.uleb128 0x3
 884 0283 D2010000 		.4byte	.LASF44
 885 0287 05       		.byte	0x5
 886 0288 70       		.byte	0x70
 887 0289 6B020000 		.4byte	0x26b
 888 028d 03       		.uleb128 0x3
 889 028e 49010000 		.4byte	.LASF45
 890 0292 07       		.byte	0x7
 891 0293 E5       		.byte	0xe5
 892 0294 98020000 		.4byte	0x298
 893 0298 0A       		.uleb128 0xa
 894 0299 04       		.byte	0x4
 895 029a 03       		.uleb128 0x3
 896 029b FC010000 		.4byte	.LASF46
 897 029f 07       		.byte	0x7
 898 02a0 EB       		.byte	0xeb
 899 02a1 94000000 		.4byte	0x94
 900 02a5 0B       		.uleb128 0xb
 901 02a6 23030000 		.4byte	.LASF47
 902 02aa 24       		.byte	0x24
 903 02ab 07       		.byte	0x7
 904 02ac 0C01     		.2byte	0x10c
 905 02ae 33030000 		.4byte	0x333
ARM GAS  C:\Users\DNIEL~1\AppData\Local\Temp\ccRZBRaY.s 			page 17


 906 02b2 0C       		.uleb128 0xc
 907 02b3 723400   		.ascii	"r4\000"
 908 02b6 07       		.byte	0x7
 909 02b7 1F01     		.2byte	0x11f
 910 02b9 8D020000 		.4byte	0x28d
 911 02bd 02       		.byte	0x2
 912 02be 23       		.byte	0x23
 913 02bf 00       		.uleb128 0x0
 914 02c0 0C       		.uleb128 0xc
 915 02c1 723500   		.ascii	"r5\000"
 916 02c4 07       		.byte	0x7
 917 02c5 2001     		.2byte	0x120
 918 02c7 8D020000 		.4byte	0x28d
 919 02cb 02       		.byte	0x2
 920 02cc 23       		.byte	0x23
 921 02cd 04       		.uleb128 0x4
 922 02ce 0C       		.uleb128 0xc
 923 02cf 723600   		.ascii	"r6\000"
 924 02d2 07       		.byte	0x7
 925 02d3 2101     		.2byte	0x121
 926 02d5 8D020000 		.4byte	0x28d
 927 02d9 02       		.byte	0x2
 928 02da 23       		.byte	0x23
 929 02db 08       		.uleb128 0x8
 930 02dc 0C       		.uleb128 0xc
 931 02dd 723700   		.ascii	"r7\000"
 932 02e0 07       		.byte	0x7
 933 02e1 2201     		.2byte	0x122
 934 02e3 8D020000 		.4byte	0x28d
 935 02e7 02       		.byte	0x2
 936 02e8 23       		.byte	0x23
 937 02e9 0C       		.uleb128 0xc
 938 02ea 0C       		.uleb128 0xc
 939 02eb 723800   		.ascii	"r8\000"
 940 02ee 07       		.byte	0x7
 941 02ef 2301     		.2byte	0x123
 942 02f1 8D020000 		.4byte	0x28d
 943 02f5 02       		.byte	0x2
 944 02f6 23       		.byte	0x23
 945 02f7 10       		.uleb128 0x10
 946 02f8 0C       		.uleb128 0xc
 947 02f9 723900   		.ascii	"r9\000"
 948 02fc 07       		.byte	0x7
 949 02fd 2401     		.2byte	0x124
 950 02ff 8D020000 		.4byte	0x28d
 951 0303 02       		.byte	0x2
 952 0304 23       		.byte	0x23
 953 0305 14       		.uleb128 0x14
 954 0306 0C       		.uleb128 0xc
 955 0307 72313000 		.ascii	"r10\000"
 956 030b 07       		.byte	0x7
 957 030c 2501     		.2byte	0x125
 958 030e 8D020000 		.4byte	0x28d
 959 0312 02       		.byte	0x2
 960 0313 23       		.byte	0x23
 961 0314 18       		.uleb128 0x18
 962 0315 0C       		.uleb128 0xc
ARM GAS  C:\Users\DNIEL~1\AppData\Local\Temp\ccRZBRaY.s 			page 18


 963 0316 72313100 		.ascii	"r11\000"
 964 031a 07       		.byte	0x7
 965 031b 2601     		.2byte	0x126
 966 031d 8D020000 		.4byte	0x28d
 967 0321 02       		.byte	0x2
 968 0322 23       		.byte	0x23
 969 0323 1C       		.uleb128 0x1c
 970 0324 0C       		.uleb128 0xc
 971 0325 6C7200   		.ascii	"lr\000"
 972 0328 07       		.byte	0x7
 973 0329 2701     		.2byte	0x127
 974 032b 8D020000 		.4byte	0x28d
 975 032f 02       		.byte	0x2
 976 0330 23       		.byte	0x23
 977 0331 20       		.uleb128 0x20
 978 0332 00       		.byte	0x0
 979 0333 0B       		.uleb128 0xb
 980 0334 A4010000 		.4byte	.LASF48
 981 0338 04       		.byte	0x4
 982 0339 07       		.byte	0x7
 983 033a 3101     		.2byte	0x131
 984 033c 50030000 		.4byte	0x350
 985 0340 0C       		.uleb128 0xc
 986 0341 72313300 		.ascii	"r13\000"
 987 0345 07       		.byte	0x7
 988 0346 3201     		.2byte	0x132
 989 0348 50030000 		.4byte	0x350
 990 034c 02       		.byte	0x2
 991 034d 23       		.byte	0x23
 992 034e 00       		.uleb128 0x0
 993 034f 00       		.byte	0x0
 994 0350 09       		.uleb128 0x9
 995 0351 04       		.byte	0x4
 996 0352 A5020000 		.4byte	0x2a5
 997 0356 0D       		.uleb128 0xd
 998 0357 FA000000 		.4byte	0xfa
 999 035b 05       		.uleb128 0x5
 1000 035c EA010000 		.4byte	.LASF49
 1001 0360 10       		.byte	0x10
 1002 0361 08       		.byte	0x8
 1003 0362 2C       		.byte	0x2c
 1004 0363 92030000 		.4byte	0x392
 1005 0367 06       		.uleb128 0x6
 1006 0368 DB000000 		.4byte	.LASF50
 1007 036c 08       		.byte	0x8
 1008 036d 2D       		.byte	0x2d
 1009 036e 60020000 		.4byte	0x260
 1010 0372 02       		.byte	0x2
 1011 0373 23       		.byte	0x23
 1012 0374 00       		.uleb128 0x0
 1013 0375 06       		.uleb128 0x6
 1014 0376 6A030000 		.4byte	.LASF51
 1015 037a 08       		.byte	0x8
 1016 037b 2F       		.byte	0x2f
 1017 037c 5A020000 		.4byte	0x25a
 1018 0380 02       		.byte	0x2
 1019 0381 23       		.byte	0x23
ARM GAS  C:\Users\DNIEL~1\AppData\Local\Temp\ccRZBRaY.s 			page 19


 1020 0382 08       		.uleb128 0x8
 1021 0383 06       		.uleb128 0x6
 1022 0384 00030000 		.4byte	.LASF52
 1023 0388 08       		.byte	0x8
 1024 0389 31       		.byte	0x31
 1025 038a 92030000 		.4byte	0x392
 1026 038e 02       		.byte	0x2
 1027 038f 23       		.byte	0x23
 1028 0390 0C       		.uleb128 0xc
 1029 0391 00       		.byte	0x0
 1030 0392 09       		.uleb128 0x9
 1031 0393 04       		.byte	0x4
 1032 0394 5B030000 		.4byte	0x35b
 1033 0398 03       		.uleb128 0x3
 1034 0399 EA010000 		.4byte	.LASF49
 1035 039d 08       		.byte	0x8
 1036 039e 33       		.byte	0x33
 1037 039f 5B030000 		.4byte	0x35b
 1038 03a3 03       		.uleb128 0x3
 1039 03a4 5B000000 		.4byte	.LASF53
 1040 03a8 09       		.byte	0x9
 1041 03a9 2C       		.byte	0x2c
 1042 03aa AE030000 		.4byte	0x3ae
 1043 03ae 09       		.uleb128 0x9
 1044 03af 04       		.byte	0x4
 1045 03b0 B4030000 		.4byte	0x3b4
 1046 03b4 0E       		.uleb128 0xe
 1047 03b5 01       		.byte	0x1
 1048 03b6 98020000 		.4byte	0x298
 1049 03ba C4030000 		.4byte	0x3c4
 1050 03be 0F       		.uleb128 0xf
 1051 03bf 30000000 		.4byte	0x30
 1052 03c3 00       		.byte	0x0
 1053 03c4 03       		.uleb128 0x3
 1054 03c5 30020000 		.4byte	.LASF54
 1055 03c9 0A       		.byte	0xa
 1056 03ca 34       		.byte	0x34
 1057 03cb CF030000 		.4byte	0x3cf
 1058 03cf 05       		.uleb128 0x5
 1059 03d0 82030000 		.4byte	.LASF55
 1060 03d4 20       		.byte	0x20
 1061 03d5 0A       		.byte	0xa
 1062 03d6 47       		.byte	0x47
 1063 03d7 06040000 		.4byte	0x406
 1064 03db 06       		.uleb128 0x6
 1065 03dc 7B020000 		.4byte	.LASF56
 1066 03e0 0A       		.byte	0xa
 1067 03e1 48       		.byte	0x48
 1068 03e2 A3030000 		.4byte	0x3a3
 1069 03e6 02       		.byte	0x2
 1070 03e7 23       		.byte	0x23
 1071 03e8 00       		.uleb128 0x0
 1072 03e9 06       		.uleb128 0x6
 1073 03ea 88000000 		.4byte	.LASF57
 1074 03ee 0A       		.byte	0xa
 1075 03ef 4A       		.byte	0x4a
 1076 03f0 25040000 		.4byte	0x425
ARM GAS  C:\Users\DNIEL~1\AppData\Local\Temp\ccRZBRaY.s 			page 20


 1077 03f4 02       		.byte	0x2
 1078 03f5 23       		.byte	0x23
 1079 03f6 08       		.uleb128 0x8
 1080 03f7 06       		.uleb128 0x6
 1081 03f8 BB000000 		.4byte	.LASF58
 1082 03fc 0A       		.byte	0xa
 1083 03fd 4C       		.byte	0x4c
 1084 03fe 98030000 		.4byte	0x398
 1085 0402 02       		.byte	0x2
 1086 0403 23       		.byte	0x23
 1087 0404 10       		.uleb128 0x10
 1088 0405 00       		.byte	0x0
 1089 0406 10       		.uleb128 0x10
 1090 0407 04       		.byte	0x4
 1091 0408 0A       		.byte	0xa
 1092 0409 3C       		.byte	0x3c
 1093 040a 25040000 		.4byte	0x425
 1094 040e 11       		.uleb128 0x11
 1095 040f 95000000 		.4byte	.LASF59
 1096 0413 0A       		.byte	0xa
 1097 0414 3D       		.byte	0x3d
 1098 0415 46040000 		.4byte	0x446
 1099 0419 11       		.uleb128 0x11
 1100 041a F6020000 		.4byte	.LASF60
 1101 041e 0A       		.byte	0xa
 1102 041f 3E       		.byte	0x3e
 1103 0420 4C040000 		.4byte	0x44c
 1104 0424 00       		.byte	0x0
 1105 0425 12       		.uleb128 0x12
 1106 0426 AC020000 		.4byte	.LASF84
 1107 042a 08       		.byte	0x8
 1108 042b 0A       		.byte	0xa
 1109 042c 39       		.byte	0x39
 1110 042d 46040000 		.4byte	0x446
 1111 0431 11       		.uleb128 0x11
 1112 0432 52010000 		.4byte	.LASF61
 1113 0436 0A       		.byte	0xa
 1114 0437 3A       		.byte	0x3a
 1115 0438 9A020000 		.4byte	0x29a
 1116 043c 13       		.uleb128 0x13
 1117 043d 6800     		.ascii	"h\000"
 1118 043f 0A       		.byte	0xa
 1119 0440 41       		.byte	0x41
 1120 0441 52040000 		.4byte	0x452
 1121 0445 00       		.byte	0x0
 1122 0446 09       		.uleb128 0x9
 1123 0447 04       		.byte	0x4
 1124 0448 25040000 		.4byte	0x425
 1125 044c 09       		.uleb128 0x9
 1126 044d 04       		.byte	0x4
 1127 044e C4030000 		.4byte	0x3c4
 1128 0452 08       		.uleb128 0x8
 1129 0453 08       		.byte	0x8
 1130 0454 0A       		.byte	0xa
 1131 0455 3B       		.byte	0x3b
 1132 0456 75040000 		.4byte	0x475
 1133 045a 07       		.uleb128 0x7
ARM GAS  C:\Users\DNIEL~1\AppData\Local\Temp\ccRZBRaY.s 			page 21


 1134 045b 7500     		.ascii	"u\000"
 1135 045d 0A       		.byte	0xa
 1136 045e 3F       		.byte	0x3f
 1137 045f 06040000 		.4byte	0x406
 1138 0463 02       		.byte	0x2
 1139 0464 23       		.byte	0x23
 1140 0465 00       		.uleb128 0x0
 1141 0466 06       		.uleb128 0x6
 1142 0467 AC010000 		.4byte	.LASF62
 1143 046b 0A       		.byte	0xa
 1144 046c 40       		.byte	0x40
 1145 046d 30000000 		.4byte	0x30
 1146 0471 02       		.byte	0x2
 1147 0472 23       		.byte	0x23
 1148 0473 04       		.uleb128 0x4
 1149 0474 00       		.byte	0x0
 1150 0475 05       		.uleb128 0x5
 1151 0476 35030000 		.4byte	.LASF63
 1152 047a 04       		.byte	0x4
 1153 047b 0B       		.byte	0xb
 1154 047c 2C       		.byte	0x2c
 1155 047d 90040000 		.4byte	0x490
 1156 0481 06       		.uleb128 0x6
 1157 0482 3B020000 		.4byte	.LASF64
 1158 0486 0B       		.byte	0xb
 1159 0487 2D       		.byte	0x2d
 1160 0488 90040000 		.4byte	0x490
 1161 048c 02       		.byte	0x2
 1162 048d 23       		.byte	0x23
 1163 048e 00       		.uleb128 0x0
 1164 048f 00       		.byte	0x0
 1165 0490 09       		.uleb128 0x9
 1166 0491 04       		.byte	0x4
 1167 0492 75040000 		.4byte	0x475
 1168 0496 08       		.uleb128 0x8
 1169 0497 0C       		.byte	0xc
 1170 0498 0B       		.byte	0xb
 1171 0499 34       		.byte	0x34
 1172 049a C9040000 		.4byte	0x4c9
 1173 049e 06       		.uleb128 0x6
 1174 049f 13010000 		.4byte	.LASF65
 1175 04a3 0B       		.byte	0xb
 1176 04a4 35       		.byte	0x35
 1177 04a5 90040000 		.4byte	0x490
 1178 04a9 02       		.byte	0x2
 1179 04aa 23       		.byte	0x23
 1180 04ab 00       		.uleb128 0x0
 1181 04ac 06       		.uleb128 0x6
 1182 04ad 1C020000 		.4byte	.LASF66
 1183 04b1 0B       		.byte	0xb
 1184 04b2 36       		.byte	0x36
 1185 04b3 30000000 		.4byte	0x30
 1186 04b7 02       		.byte	0x2
 1187 04b8 23       		.byte	0x23
 1188 04b9 04       		.uleb128 0x4
 1189 04ba 06       		.uleb128 0x6
 1190 04bb 3D010000 		.4byte	.LASF67
ARM GAS  C:\Users\DNIEL~1\AppData\Local\Temp\ccRZBRaY.s 			page 22


 1191 04bf 0B       		.byte	0xb
 1192 04c0 38       		.byte	0x38
 1193 04c1 A3030000 		.4byte	0x3a3
 1194 04c5 02       		.byte	0x2
 1195 04c6 23       		.byte	0x23
 1196 04c7 08       		.uleb128 0x8
 1197 04c8 00       		.byte	0x0
 1198 04c9 03       		.uleb128 0x3
 1199 04ca 50000000 		.4byte	.LASF68
 1200 04ce 0B       		.byte	0xb
 1201 04cf 3A       		.byte	0x3a
 1202 04d0 96040000 		.4byte	0x496
 1203 04d4 10       		.uleb128 0x10
 1204 04d5 04       		.byte	0x4
 1205 04d6 06       		.byte	0x6
 1206 04d7 96       		.byte	0x96
 1207 04d8 09050000 		.4byte	0x509
 1208 04dc 11       		.uleb128 0x11
 1209 04dd 15000000 		.4byte	.LASF69
 1210 04e1 06       		.byte	0x6
 1211 04e2 9D       		.byte	0x9d
 1212 04e3 E4000000 		.4byte	0xe4
 1213 04e7 11       		.uleb128 0x11
 1214 04e8 7F000000 		.4byte	.LASF70
 1215 04ec 06       		.byte	0x6
 1216 04ed A4       		.byte	0xa4
 1217 04ee E4000000 		.4byte	0xe4
 1218 04f2 11       		.uleb128 0x11
 1219 04f3 50030000 		.4byte	.LASF71
 1220 04f7 06       		.byte	0x6
 1221 04f8 AB       		.byte	0xab
 1222 04f9 98020000 		.4byte	0x298
 1223 04fd 11       		.uleb128 0x11
 1224 04fe B8020000 		.4byte	.LASF72
 1225 0502 06       		.byte	0x6
 1226 0503 B2       		.byte	0xb2
 1227 0504 EF000000 		.4byte	0xef
 1228 0508 00       		.byte	0x0
 1229 0509 09       		.uleb128 0x9
 1230 050a 04       		.byte	0x4
 1231 050b 0F050000 		.4byte	0x50f
 1232 050f 14       		.uleb128 0x14
 1233 0510 14050000 		.4byte	0x514
 1234 0514 04       		.uleb128 0x4
 1235 0515 01       		.byte	0x1
 1236 0516 08       		.byte	0x8
 1237 0517 FB020000 		.4byte	.LASF73
 1238 051b 09       		.uleb128 0x9
 1239 051c 04       		.byte	0x4
 1240 051d 98030000 		.4byte	0x398
 1241 0521 03       		.uleb128 0x3
 1242 0522 00000000 		.4byte	.LASF74
 1243 0526 06       		.byte	0x6
 1244 0527 E5       		.byte	0xe5
 1245 0528 2C050000 		.4byte	0x52c
 1246 052c 09       		.uleb128 0x9
 1247 052d 04       		.byte	0x4
ARM GAS  C:\Users\DNIEL~1\AppData\Local\Temp\ccRZBRaY.s 			page 23


 1248 052e 32050000 		.4byte	0x532
 1249 0532 0E       		.uleb128 0xe
 1250 0533 01       		.byte	0x1
 1251 0534 E4000000 		.4byte	0xe4
 1252 0538 42050000 		.4byte	0x542
 1253 053c 0F       		.uleb128 0xf
 1254 053d 98020000 		.4byte	0x298
 1255 0541 00       		.byte	0x0
 1256 0542 15       		.uleb128 0x15
 1257 0543 01       		.byte	0x1
 1258 0544 F0010000 		.4byte	.LASF75
 1259 0548 01       		.byte	0x1
 1260 0549 34       		.byte	0x34
 1261 054a 01       		.byte	0x1
 1262 054b 5A020000 		.4byte	0x25a
 1263 054f 00000000 		.4byte	.LFB0
 1264 0553 14000000 		.4byte	.LFE0
 1265 0557 00000000 		.4byte	.LLST0
 1266 055b 6C050000 		.4byte	0x56c
 1267 055f 16       		.uleb128 0x16
 1268 0560 747000   		.ascii	"tp\000"
 1269 0563 01       		.byte	0x1
 1270 0564 34       		.byte	0x34
 1271 0565 5A020000 		.4byte	0x25a
 1272 0569 01       		.byte	0x1
 1273 056a 50       		.byte	0x50
 1274 056b 00       		.byte	0x0
 1275 056c 17       		.uleb128 0x17
 1276 056d 01       		.byte	0x1
 1277 056e CE020000 		.4byte	.LASF85
 1278 0572 01       		.byte	0x1
 1279 0573 4A       		.byte	0x4a
 1280 0574 01       		.byte	0x1
 1281 0575 00000000 		.4byte	.LFB1
 1282 0579 5A000000 		.4byte	.LFE1
 1283 057d 20000000 		.4byte	.LLST1
 1284 0581 A3050000 		.4byte	0x5a3
 1285 0585 18       		.uleb128 0x18
 1286 0586 747000   		.ascii	"tp\000"
 1287 0589 01       		.byte	0x1
 1288 058a 4A       		.byte	0x4a
 1289 058b 5A020000 		.4byte	0x25a
 1290 058f 40000000 		.4byte	.LLST2
 1291 0593 19       		.uleb128 0x19
 1292 0594 4B020000 		.4byte	.LASF79
 1293 0598 01       		.byte	0x1
 1294 0599 4B       		.byte	0x4b
 1295 059a C3000000 		.4byte	0xc3
 1296 059e 69000000 		.4byte	.LLST3
 1297 05a2 00       		.byte	0x0
 1298 05a3 15       		.uleb128 0x15
 1299 05a4 01       		.byte	0x1
 1300 05a5 F6000000 		.4byte	.LASF76
 1301 05a9 01       		.byte	0x1
 1302 05aa 82       		.byte	0x82
 1303 05ab 01       		.byte	0x1
 1304 05ac 5A020000 		.4byte	0x25a
ARM GAS  C:\Users\DNIEL~1\AppData\Local\Temp\ccRZBRaY.s 			page 24


 1305 05b0 00000000 		.4byte	.LFB2
 1306 05b4 3C000000 		.4byte	.LFE2
 1307 05b8 87000000 		.4byte	.LLST4
 1308 05bc 27060000 		.4byte	0x627
 1309 05c0 1A       		.uleb128 0x1a
 1310 05c1 8F000000 		.4byte	.LASF77
 1311 05c5 01       		.byte	0x1
 1312 05c6 82       		.byte	0x82
 1313 05c7 4C040000 		.4byte	0x44c
 1314 05cb B3000000 		.4byte	.LLST5
 1315 05cf 1A       		.uleb128 0x1a
 1316 05d0 AC010000 		.4byte	.LASF62
 1317 05d4 01       		.byte	0x1
 1318 05d5 82       		.byte	0x82
 1319 05d6 30000000 		.4byte	0x30
 1320 05da C6000000 		.4byte	.LLST6
 1321 05de 1A       		.uleb128 0x1a
 1322 05df 2B020000 		.4byte	.LASF78
 1323 05e3 01       		.byte	0x1
 1324 05e4 83       		.byte	0x83
 1325 05e5 D9000000 		.4byte	0xd9
 1326 05e9 E4000000 		.4byte	.LLST7
 1327 05ed 18       		.uleb128 0x18
 1328 05ee 706600   		.ascii	"pf\000"
 1329 05f1 01       		.byte	0x1
 1330 05f2 83       		.byte	0x83
 1331 05f3 21050000 		.4byte	0x521
 1332 05f7 02010000 		.4byte	.LLST8
 1333 05fb 16       		.uleb128 0x16
 1334 05fc 61726700 		.ascii	"arg\000"
 1335 0600 01       		.byte	0x1
 1336 0601 83       		.byte	0x83
 1337 0602 98020000 		.4byte	0x298
 1338 0606 02       		.byte	0x2
 1339 0607 91       		.byte	0x91
 1340 0608 00       		.sleb128 0
 1341 0609 1B       		.uleb128 0x1b
 1342 060a 77737000 		.ascii	"wsp\000"
 1343 060e 01       		.byte	0x1
 1344 060f 84       		.byte	0x84
 1345 0610 98020000 		.4byte	0x298
 1346 0614 36010000 		.4byte	.LLST9
 1347 0618 1B       		.uleb128 0x1b
 1348 0619 747000   		.ascii	"tp\000"
 1349 061c 01       		.byte	0x1
 1350 061d 85       		.byte	0x85
 1351 061e 5A020000 		.4byte	0x25a
 1352 0622 54010000 		.4byte	.LLST10
 1353 0626 00       		.byte	0x0
 1354 0627 15       		.uleb128 0x15
 1355 0628 01       		.byte	0x1
 1356 0629 23010000 		.4byte	.LASF80
 1357 062d 01       		.byte	0x1
 1358 062e B3       		.byte	0xb3
 1359 062f 01       		.byte	0x1
 1360 0630 5A020000 		.4byte	0x25a
 1361 0634 00000000 		.4byte	.LFB3
ARM GAS  C:\Users\DNIEL~1\AppData\Local\Temp\ccRZBRaY.s 			page 25


 1362 0638 3E000000 		.4byte	.LFE3
 1363 063c 72010000 		.4byte	.LLST11
 1364 0640 9C060000 		.4byte	0x69c
 1365 0644 18       		.uleb128 0x18
 1366 0645 6D7000   		.ascii	"mp\000"
 1367 0648 01       		.byte	0x1
 1368 0649 B3       		.byte	0xb3
 1369 064a 9C060000 		.4byte	0x69c
 1370 064e 9E010000 		.4byte	.LLST12
 1371 0652 1A       		.uleb128 0x1a
 1372 0653 2B020000 		.4byte	.LASF78
 1373 0657 01       		.byte	0x1
 1374 0658 B3       		.byte	0xb3
 1375 0659 D9000000 		.4byte	0xd9
 1376 065d BC010000 		.4byte	.LLST13
 1377 0661 18       		.uleb128 0x18
 1378 0662 706600   		.ascii	"pf\000"
 1379 0665 01       		.byte	0x1
 1380 0666 B4       		.byte	0xb4
 1381 0667 21050000 		.4byte	0x521
 1382 066b DA010000 		.4byte	.LLST14
 1383 066f 18       		.uleb128 0x18
 1384 0670 61726700 		.ascii	"arg\000"
 1385 0674 01       		.byte	0x1
 1386 0675 B4       		.byte	0xb4
 1387 0676 98020000 		.4byte	0x298
 1388 067a F8010000 		.4byte	.LLST15
 1389 067e 1B       		.uleb128 0x1b
 1390 067f 77737000 		.ascii	"wsp\000"
 1391 0683 01       		.byte	0x1
 1392 0684 B5       		.byte	0xb5
 1393 0685 98020000 		.4byte	0x298
 1394 0689 21020000 		.4byte	.LLST16
 1395 068d 1B       		.uleb128 0x1b
 1396 068e 747000   		.ascii	"tp\000"
 1397 0691 01       		.byte	0x1
 1398 0692 B6       		.byte	0xb6
 1399 0693 5A020000 		.4byte	0x25a
 1400 0697 3F020000 		.4byte	.LLST17
 1401 069b 00       		.byte	0x0
 1402 069c 09       		.uleb128 0x9
 1403 069d 04       		.byte	0x4
 1404 069e C9040000 		.4byte	0x4c9
 1405 06a2 00       		.byte	0x0
 1406              		.section	.debug_abbrev
 1407 0000 01       		.uleb128 0x1
 1408 0001 11       		.uleb128 0x11
 1409 0002 01       		.byte	0x1
 1410 0003 25       		.uleb128 0x25
 1411 0004 0E       		.uleb128 0xe
 1412 0005 13       		.uleb128 0x13
 1413 0006 0B       		.uleb128 0xb
 1414 0007 03       		.uleb128 0x3
 1415 0008 0E       		.uleb128 0xe
 1416 0009 1B       		.uleb128 0x1b
 1417 000a 0E       		.uleb128 0xe
 1418 000b 11       		.uleb128 0x11
ARM GAS  C:\Users\DNIEL~1\AppData\Local\Temp\ccRZBRaY.s 			page 26


 1419 000c 01       		.uleb128 0x1
 1420 000d 52       		.uleb128 0x52
 1421 000e 01       		.uleb128 0x1
 1422 000f 55       		.uleb128 0x55
 1423 0010 06       		.uleb128 0x6
 1424 0011 10       		.uleb128 0x10
 1425 0012 06       		.uleb128 0x6
 1426 0013 00       		.byte	0x0
 1427 0014 00       		.byte	0x0
 1428 0015 02       		.uleb128 0x2
 1429 0016 24       		.uleb128 0x24
 1430 0017 00       		.byte	0x0
 1431 0018 0B       		.uleb128 0xb
 1432 0019 0B       		.uleb128 0xb
 1433 001a 3E       		.uleb128 0x3e
 1434 001b 0B       		.uleb128 0xb
 1435 001c 03       		.uleb128 0x3
 1436 001d 08       		.uleb128 0x8
 1437 001e 00       		.byte	0x0
 1438 001f 00       		.byte	0x0
 1439 0020 03       		.uleb128 0x3
 1440 0021 16       		.uleb128 0x16
 1441 0022 00       		.byte	0x0
 1442 0023 03       		.uleb128 0x3
 1443 0024 0E       		.uleb128 0xe
 1444 0025 3A       		.uleb128 0x3a
 1445 0026 0B       		.uleb128 0xb
 1446 0027 3B       		.uleb128 0x3b
 1447 0028 0B       		.uleb128 0xb
 1448 0029 49       		.uleb128 0x49
 1449 002a 13       		.uleb128 0x13
 1450 002b 00       		.byte	0x0
 1451 002c 00       		.byte	0x0
 1452 002d 04       		.uleb128 0x4
 1453 002e 24       		.uleb128 0x24
 1454 002f 00       		.byte	0x0
 1455 0030 0B       		.uleb128 0xb
 1456 0031 0B       		.uleb128 0xb
 1457 0032 3E       		.uleb128 0x3e
 1458 0033 0B       		.uleb128 0xb
 1459 0034 03       		.uleb128 0x3
 1460 0035 0E       		.uleb128 0xe
 1461 0036 00       		.byte	0x0
 1462 0037 00       		.byte	0x0
 1463 0038 05       		.uleb128 0x5
 1464 0039 13       		.uleb128 0x13
 1465 003a 01       		.byte	0x1
 1466 003b 03       		.uleb128 0x3
 1467 003c 0E       		.uleb128 0xe
 1468 003d 0B       		.uleb128 0xb
 1469 003e 0B       		.uleb128 0xb
 1470 003f 3A       		.uleb128 0x3a
 1471 0040 0B       		.uleb128 0xb
 1472 0041 3B       		.uleb128 0x3b
 1473 0042 0B       		.uleb128 0xb
 1474 0043 01       		.uleb128 0x1
 1475 0044 13       		.uleb128 0x13
ARM GAS  C:\Users\DNIEL~1\AppData\Local\Temp\ccRZBRaY.s 			page 27


 1476 0045 00       		.byte	0x0
 1477 0046 00       		.byte	0x0
 1478 0047 06       		.uleb128 0x6
 1479 0048 0D       		.uleb128 0xd
 1480 0049 00       		.byte	0x0
 1481 004a 03       		.uleb128 0x3
 1482 004b 0E       		.uleb128 0xe
 1483 004c 3A       		.uleb128 0x3a
 1484 004d 0B       		.uleb128 0xb
 1485 004e 3B       		.uleb128 0x3b
 1486 004f 0B       		.uleb128 0xb
 1487 0050 49       		.uleb128 0x49
 1488 0051 13       		.uleb128 0x13
 1489 0052 38       		.uleb128 0x38
 1490 0053 0A       		.uleb128 0xa
 1491 0054 00       		.byte	0x0
 1492 0055 00       		.byte	0x0
 1493 0056 07       		.uleb128 0x7
 1494 0057 0D       		.uleb128 0xd
 1495 0058 00       		.byte	0x0
 1496 0059 03       		.uleb128 0x3
 1497 005a 08       		.uleb128 0x8
 1498 005b 3A       		.uleb128 0x3a
 1499 005c 0B       		.uleb128 0xb
 1500 005d 3B       		.uleb128 0x3b
 1501 005e 0B       		.uleb128 0xb
 1502 005f 49       		.uleb128 0x49
 1503 0060 13       		.uleb128 0x13
 1504 0061 38       		.uleb128 0x38
 1505 0062 0A       		.uleb128 0xa
 1506 0063 00       		.byte	0x0
 1507 0064 00       		.byte	0x0
 1508 0065 08       		.uleb128 0x8
 1509 0066 13       		.uleb128 0x13
 1510 0067 01       		.byte	0x1
 1511 0068 0B       		.uleb128 0xb
 1512 0069 0B       		.uleb128 0xb
 1513 006a 3A       		.uleb128 0x3a
 1514 006b 0B       		.uleb128 0xb
 1515 006c 3B       		.uleb128 0x3b
 1516 006d 0B       		.uleb128 0xb
 1517 006e 01       		.uleb128 0x1
 1518 006f 13       		.uleb128 0x13
 1519 0070 00       		.byte	0x0
 1520 0071 00       		.byte	0x0
 1521 0072 09       		.uleb128 0x9
 1522 0073 0F       		.uleb128 0xf
 1523 0074 00       		.byte	0x0
 1524 0075 0B       		.uleb128 0xb
 1525 0076 0B       		.uleb128 0xb
 1526 0077 49       		.uleb128 0x49
 1527 0078 13       		.uleb128 0x13
 1528 0079 00       		.byte	0x0
 1529 007a 00       		.byte	0x0
 1530 007b 0A       		.uleb128 0xa
 1531 007c 0F       		.uleb128 0xf
 1532 007d 00       		.byte	0x0
ARM GAS  C:\Users\DNIEL~1\AppData\Local\Temp\ccRZBRaY.s 			page 28


 1533 007e 0B       		.uleb128 0xb
 1534 007f 0B       		.uleb128 0xb
 1535 0080 00       		.byte	0x0
 1536 0081 00       		.byte	0x0
 1537 0082 0B       		.uleb128 0xb
 1538 0083 13       		.uleb128 0x13
 1539 0084 01       		.byte	0x1
 1540 0085 03       		.uleb128 0x3
 1541 0086 0E       		.uleb128 0xe
 1542 0087 0B       		.uleb128 0xb
 1543 0088 0B       		.uleb128 0xb
 1544 0089 3A       		.uleb128 0x3a
 1545 008a 0B       		.uleb128 0xb
 1546 008b 3B       		.uleb128 0x3b
 1547 008c 05       		.uleb128 0x5
 1548 008d 01       		.uleb128 0x1
 1549 008e 13       		.uleb128 0x13
 1550 008f 00       		.byte	0x0
 1551 0090 00       		.byte	0x0
 1552 0091 0C       		.uleb128 0xc
 1553 0092 0D       		.uleb128 0xd
 1554 0093 00       		.byte	0x0
 1555 0094 03       		.uleb128 0x3
 1556 0095 08       		.uleb128 0x8
 1557 0096 3A       		.uleb128 0x3a
 1558 0097 0B       		.uleb128 0xb
 1559 0098 3B       		.uleb128 0x3b
 1560 0099 05       		.uleb128 0x5
 1561 009a 49       		.uleb128 0x49
 1562 009b 13       		.uleb128 0x13
 1563 009c 38       		.uleb128 0x38
 1564 009d 0A       		.uleb128 0xa
 1565 009e 00       		.byte	0x0
 1566 009f 00       		.byte	0x0
 1567 00a0 0D       		.uleb128 0xd
 1568 00a1 35       		.uleb128 0x35
 1569 00a2 00       		.byte	0x0
 1570 00a3 49       		.uleb128 0x49
 1571 00a4 13       		.uleb128 0x13
 1572 00a5 00       		.byte	0x0
 1573 00a6 00       		.byte	0x0
 1574 00a7 0E       		.uleb128 0xe
 1575 00a8 15       		.uleb128 0x15
 1576 00a9 01       		.byte	0x1
 1577 00aa 27       		.uleb128 0x27
 1578 00ab 0C       		.uleb128 0xc
 1579 00ac 49       		.uleb128 0x49
 1580 00ad 13       		.uleb128 0x13
 1581 00ae 01       		.uleb128 0x1
 1582 00af 13       		.uleb128 0x13
 1583 00b0 00       		.byte	0x0
 1584 00b1 00       		.byte	0x0
 1585 00b2 0F       		.uleb128 0xf
 1586 00b3 05       		.uleb128 0x5
 1587 00b4 00       		.byte	0x0
 1588 00b5 49       		.uleb128 0x49
 1589 00b6 13       		.uleb128 0x13
ARM GAS  C:\Users\DNIEL~1\AppData\Local\Temp\ccRZBRaY.s 			page 29


 1590 00b7 00       		.byte	0x0
 1591 00b8 00       		.byte	0x0
 1592 00b9 10       		.uleb128 0x10
 1593 00ba 17       		.uleb128 0x17
 1594 00bb 01       		.byte	0x1
 1595 00bc 0B       		.uleb128 0xb
 1596 00bd 0B       		.uleb128 0xb
 1597 00be 3A       		.uleb128 0x3a
 1598 00bf 0B       		.uleb128 0xb
 1599 00c0 3B       		.uleb128 0x3b
 1600 00c1 0B       		.uleb128 0xb
 1601 00c2 01       		.uleb128 0x1
 1602 00c3 13       		.uleb128 0x13
 1603 00c4 00       		.byte	0x0
 1604 00c5 00       		.byte	0x0
 1605 00c6 11       		.uleb128 0x11
 1606 00c7 0D       		.uleb128 0xd
 1607 00c8 00       		.byte	0x0
 1608 00c9 03       		.uleb128 0x3
 1609 00ca 0E       		.uleb128 0xe
 1610 00cb 3A       		.uleb128 0x3a
 1611 00cc 0B       		.uleb128 0xb
 1612 00cd 3B       		.uleb128 0x3b
 1613 00ce 0B       		.uleb128 0xb
 1614 00cf 49       		.uleb128 0x49
 1615 00d0 13       		.uleb128 0x13
 1616 00d1 00       		.byte	0x0
 1617 00d2 00       		.byte	0x0
 1618 00d3 12       		.uleb128 0x12
 1619 00d4 17       		.uleb128 0x17
 1620 00d5 01       		.byte	0x1
 1621 00d6 03       		.uleb128 0x3
 1622 00d7 0E       		.uleb128 0xe
 1623 00d8 0B       		.uleb128 0xb
 1624 00d9 0B       		.uleb128 0xb
 1625 00da 3A       		.uleb128 0x3a
 1626 00db 0B       		.uleb128 0xb
 1627 00dc 3B       		.uleb128 0x3b
 1628 00dd 0B       		.uleb128 0xb
 1629 00de 01       		.uleb128 0x1
 1630 00df 13       		.uleb128 0x13
 1631 00e0 00       		.byte	0x0
 1632 00e1 00       		.byte	0x0
 1633 00e2 13       		.uleb128 0x13
 1634 00e3 0D       		.uleb128 0xd
 1635 00e4 00       		.byte	0x0
 1636 00e5 03       		.uleb128 0x3
 1637 00e6 08       		.uleb128 0x8
 1638 00e7 3A       		.uleb128 0x3a
 1639 00e8 0B       		.uleb128 0xb
 1640 00e9 3B       		.uleb128 0x3b
 1641 00ea 0B       		.uleb128 0xb
 1642 00eb 49       		.uleb128 0x49
 1643 00ec 13       		.uleb128 0x13
 1644 00ed 00       		.byte	0x0
 1645 00ee 00       		.byte	0x0
 1646 00ef 14       		.uleb128 0x14
ARM GAS  C:\Users\DNIEL~1\AppData\Local\Temp\ccRZBRaY.s 			page 30


 1647 00f0 26       		.uleb128 0x26
 1648 00f1 00       		.byte	0x0
 1649 00f2 49       		.uleb128 0x49
 1650 00f3 13       		.uleb128 0x13
 1651 00f4 00       		.byte	0x0
 1652 00f5 00       		.byte	0x0
 1653 00f6 15       		.uleb128 0x15
 1654 00f7 2E       		.uleb128 0x2e
 1655 00f8 01       		.byte	0x1
 1656 00f9 3F       		.uleb128 0x3f
 1657 00fa 0C       		.uleb128 0xc
 1658 00fb 03       		.uleb128 0x3
 1659 00fc 0E       		.uleb128 0xe
 1660 00fd 3A       		.uleb128 0x3a
 1661 00fe 0B       		.uleb128 0xb
 1662 00ff 3B       		.uleb128 0x3b
 1663 0100 0B       		.uleb128 0xb
 1664 0101 27       		.uleb128 0x27
 1665 0102 0C       		.uleb128 0xc
 1666 0103 49       		.uleb128 0x49
 1667 0104 13       		.uleb128 0x13
 1668 0105 11       		.uleb128 0x11
 1669 0106 01       		.uleb128 0x1
 1670 0107 12       		.uleb128 0x12
 1671 0108 01       		.uleb128 0x1
 1672 0109 40       		.uleb128 0x40
 1673 010a 06       		.uleb128 0x6
 1674 010b 01       		.uleb128 0x1
 1675 010c 13       		.uleb128 0x13
 1676 010d 00       		.byte	0x0
 1677 010e 00       		.byte	0x0
 1678 010f 16       		.uleb128 0x16
 1679 0110 05       		.uleb128 0x5
 1680 0111 00       		.byte	0x0
 1681 0112 03       		.uleb128 0x3
 1682 0113 08       		.uleb128 0x8
 1683 0114 3A       		.uleb128 0x3a
 1684 0115 0B       		.uleb128 0xb
 1685 0116 3B       		.uleb128 0x3b
 1686 0117 0B       		.uleb128 0xb
 1687 0118 49       		.uleb128 0x49
 1688 0119 13       		.uleb128 0x13
 1689 011a 02       		.uleb128 0x2
 1690 011b 0A       		.uleb128 0xa
 1691 011c 00       		.byte	0x0
 1692 011d 00       		.byte	0x0
 1693 011e 17       		.uleb128 0x17
 1694 011f 2E       		.uleb128 0x2e
 1695 0120 01       		.byte	0x1
 1696 0121 3F       		.uleb128 0x3f
 1697 0122 0C       		.uleb128 0xc
 1698 0123 03       		.uleb128 0x3
 1699 0124 0E       		.uleb128 0xe
 1700 0125 3A       		.uleb128 0x3a
 1701 0126 0B       		.uleb128 0xb
 1702 0127 3B       		.uleb128 0x3b
 1703 0128 0B       		.uleb128 0xb
ARM GAS  C:\Users\DNIEL~1\AppData\Local\Temp\ccRZBRaY.s 			page 31


 1704 0129 27       		.uleb128 0x27
 1705 012a 0C       		.uleb128 0xc
 1706 012b 11       		.uleb128 0x11
 1707 012c 01       		.uleb128 0x1
 1708 012d 12       		.uleb128 0x12
 1709 012e 01       		.uleb128 0x1
 1710 012f 40       		.uleb128 0x40
 1711 0130 06       		.uleb128 0x6
 1712 0131 01       		.uleb128 0x1
 1713 0132 13       		.uleb128 0x13
 1714 0133 00       		.byte	0x0
 1715 0134 00       		.byte	0x0
 1716 0135 18       		.uleb128 0x18
 1717 0136 05       		.uleb128 0x5
 1718 0137 00       		.byte	0x0
 1719 0138 03       		.uleb128 0x3
 1720 0139 08       		.uleb128 0x8
 1721 013a 3A       		.uleb128 0x3a
 1722 013b 0B       		.uleb128 0xb
 1723 013c 3B       		.uleb128 0x3b
 1724 013d 0B       		.uleb128 0xb
 1725 013e 49       		.uleb128 0x49
 1726 013f 13       		.uleb128 0x13
 1727 0140 02       		.uleb128 0x2
 1728 0141 06       		.uleb128 0x6
 1729 0142 00       		.byte	0x0
 1730 0143 00       		.byte	0x0
 1731 0144 19       		.uleb128 0x19
 1732 0145 34       		.uleb128 0x34
 1733 0146 00       		.byte	0x0
 1734 0147 03       		.uleb128 0x3
 1735 0148 0E       		.uleb128 0xe
 1736 0149 3A       		.uleb128 0x3a
 1737 014a 0B       		.uleb128 0xb
 1738 014b 3B       		.uleb128 0x3b
 1739 014c 0B       		.uleb128 0xb
 1740 014d 49       		.uleb128 0x49
 1741 014e 13       		.uleb128 0x13
 1742 014f 02       		.uleb128 0x2
 1743 0150 06       		.uleb128 0x6
 1744 0151 00       		.byte	0x0
 1745 0152 00       		.byte	0x0
 1746 0153 1A       		.uleb128 0x1a
 1747 0154 05       		.uleb128 0x5
 1748 0155 00       		.byte	0x0
 1749 0156 03       		.uleb128 0x3
 1750 0157 0E       		.uleb128 0xe
 1751 0158 3A       		.uleb128 0x3a
 1752 0159 0B       		.uleb128 0xb
 1753 015a 3B       		.uleb128 0x3b
 1754 015b 0B       		.uleb128 0xb
 1755 015c 49       		.uleb128 0x49
 1756 015d 13       		.uleb128 0x13
 1757 015e 02       		.uleb128 0x2
 1758 015f 06       		.uleb128 0x6
 1759 0160 00       		.byte	0x0
 1760 0161 00       		.byte	0x0
ARM GAS  C:\Users\DNIEL~1\AppData\Local\Temp\ccRZBRaY.s 			page 32


 1761 0162 1B       		.uleb128 0x1b
 1762 0163 34       		.uleb128 0x34
 1763 0164 00       		.byte	0x0
 1764 0165 03       		.uleb128 0x3
 1765 0166 08       		.uleb128 0x8
 1766 0167 3A       		.uleb128 0x3a
 1767 0168 0B       		.uleb128 0xb
 1768 0169 3B       		.uleb128 0x3b
 1769 016a 0B       		.uleb128 0xb
 1770 016b 49       		.uleb128 0x49
 1771 016c 13       		.uleb128 0x13
 1772 016d 02       		.uleb128 0x2
 1773 016e 06       		.uleb128 0x6
 1774 016f 00       		.byte	0x0
 1775 0170 00       		.byte	0x0
 1776 0171 00       		.byte	0x0
 1777              		.section	.debug_pubnames,"",%progbits
 1778 0000 65000000 		.4byte	0x65
 1779 0004 0200     		.2byte	0x2
 1780 0006 00000000 		.4byte	.Ldebug_info0
 1781 000a A3060000 		.4byte	0x6a3
 1782 000e 42050000 		.4byte	0x542
 1783 0012 63685468 		.ascii	"chThdAddRef\000"
 1783      64416464 
 1783      52656600 
 1784 001e 6C050000 		.4byte	0x56c
 1785 0022 63685468 		.ascii	"chThdRelease\000"
 1785      6452656C 
 1785      65617365 
 1785      00
 1786 002f A3050000 		.4byte	0x5a3
 1787 0033 63685468 		.ascii	"chThdCreateFromHeap\000"
 1787      64437265 
 1787      61746546 
 1787      726F6D48 
 1787      65617000 
 1788 0047 27060000 		.4byte	0x627
 1789 004b 63685468 		.ascii	"chThdCreateFromMemoryPool\000"
 1789      64437265 
 1789      61746546 
 1789      726F6D4D 
 1789      656D6F72 
 1790 0065 00000000 		.4byte	0x0
 1791              		.section	.debug_pubtypes,"",%progbits
 1792 0000 9B010000 		.4byte	0x19b
 1793 0004 0200     		.2byte	0x2
 1794 0006 00000000 		.4byte	.Ldebug_info0
 1795 000a A3060000 		.4byte	0x6a3
 1796 000e 30000000 		.4byte	0x30
 1797 0012 73697A65 		.ascii	"size_t\000"
 1797      5F7400
 1798 0019 49000000 		.4byte	0x49
 1799 001d 75696E74 		.ascii	"uint8_t\000"
 1799      385F7400 
 1800 0025 69000000 		.4byte	0x69
 1801 0029 696E7433 		.ascii	"int32_t\000"
 1801      325F7400 
ARM GAS  C:\Users\DNIEL~1\AppData\Local\Temp\ccRZBRaY.s 			page 33


 1802 0031 7B000000 		.4byte	0x7b
 1803 0035 75696E74 		.ascii	"uint32_t\000"
 1803      33325F74 
 1803      00
 1804 003e 94000000 		.4byte	0x94
 1805 0042 75696E74 		.ascii	"uint64_t\000"
 1805      36345F74 
 1805      00
 1806 004b AD000000 		.4byte	0xad
 1807 004f 746D6F64 		.ascii	"tmode_t\000"
 1807      655F7400 
 1808 0057 B8000000 		.4byte	0xb8
 1809 005b 74737461 		.ascii	"tstate_t\000"
 1809      74655F74 
 1809      00
 1810 0064 C3000000 		.4byte	0xc3
 1811 0068 74726566 		.ascii	"trefs_t\000"
 1811      735F7400 
 1812 0070 CE000000 		.4byte	0xce
 1813 0074 74736C69 		.ascii	"tslices_t\000"
 1813      6365735F 
 1813      7400
 1814 007e D9000000 		.4byte	0xd9
 1815 0082 74707269 		.ascii	"tprio_t\000"
 1815      6F5F7400 
 1816 008a E4000000 		.4byte	0xe4
 1817 008e 6D73675F 		.ascii	"msg_t\000"
 1817      7400
 1818 0094 EF000000 		.4byte	0xef
 1819 0098 6576656E 		.ascii	"eventmask_t\000"
 1819      746D6173 
 1819      6B5F7400 
 1820 00a4 FA000000 		.4byte	0xfa
 1821 00a8 73797374 		.ascii	"systime_t\000"
 1821      696D655F 
 1821      7400
 1822 00b2 05010000 		.4byte	0x105
 1823 00b6 54687265 		.ascii	"Thread\000"
 1823      616400
 1824 00bd 60020000 		.4byte	0x260
 1825 00c1 54687265 		.ascii	"ThreadsQueue\000"
 1825      61647351 
 1825      75657565 
 1825      00
 1826 00ce 82020000 		.4byte	0x282
 1827 00d2 54687265 		.ascii	"ThreadsList\000"
 1827      6164734C 
 1827      69737400 
 1828 00de 8D020000 		.4byte	0x28d
 1829 00e2 72656761 		.ascii	"regarm_t\000"
 1829      726D5F74 
 1829      00
 1830 00eb 9A020000 		.4byte	0x29a
 1831 00ef 73746B61 		.ascii	"stkalign_t\000"
 1831      6C69676E 
 1831      5F7400
 1832 00fa A5020000 		.4byte	0x2a5
ARM GAS  C:\Users\DNIEL~1\AppData\Local\Temp\ccRZBRaY.s 			page 34


 1833 00fe 696E7463 		.ascii	"intctx\000"
 1833      747800
 1834 0105 33030000 		.4byte	0x333
 1835 0109 636F6E74 		.ascii	"context\000"
 1835      65787400 
 1836 0111 5B030000 		.4byte	0x35b
 1837 0115 4D757465 		.ascii	"Mutex\000"
 1837      7800
 1838 011b 98030000 		.4byte	0x398
 1839 011f 4D757465 		.ascii	"Mutex\000"
 1839      7800
 1840 0125 A3030000 		.4byte	0x3a3
 1841 0129 6D656D67 		.ascii	"memgetfunc_t\000"
 1841      65746675 
 1841      6E635F74 
 1841      00
 1842 0136 C4030000 		.4byte	0x3c4
 1843 013a 4D656D6F 		.ascii	"MemoryHeap\000"
 1843      72794865 
 1843      617000
 1844 0145 25040000 		.4byte	0x425
 1845 0149 68656170 		.ascii	"heap_header\000"
 1845      5F686561 
 1845      64657200 
 1846 0155 CF030000 		.4byte	0x3cf
 1847 0159 6D656D6F 		.ascii	"memory_heap\000"
 1847      72795F68 
 1847      65617000 
 1848 0165 75040000 		.4byte	0x475
 1849 0169 706F6F6C 		.ascii	"pool_header\000"
 1849      5F686561 
 1849      64657200 
 1850 0175 C9040000 		.4byte	0x4c9
 1851 0179 4D656D6F 		.ascii	"MemoryPool\000"
 1851      7279506F 
 1851      6F6C00
 1852 0184 10010000 		.4byte	0x110
 1853 0188 54687265 		.ascii	"Thread\000"
 1853      616400
 1854 018f 21050000 		.4byte	0x521
 1855 0193 7466756E 		.ascii	"tfunc_t\000"
 1855      635F7400 
 1856 019b 00000000 		.4byte	0x0
 1857              		.section	.debug_aranges,"",%progbits
 1858 0000 34000000 		.4byte	0x34
 1859 0004 0200     		.2byte	0x2
 1860 0006 00000000 		.4byte	.Ldebug_info0
 1861 000a 04       		.byte	0x4
 1862 000b 00       		.byte	0x0
 1863 000c 0000     		.2byte	0x0
 1864 000e 0000     		.2byte	0x0
 1865 0010 00000000 		.4byte	.LFB0
 1866 0014 14000000 		.4byte	.LFE0-.LFB0
 1867 0018 00000000 		.4byte	.LFB1
 1868 001c 5A000000 		.4byte	.LFE1-.LFB1
 1869 0020 00000000 		.4byte	.LFB2
 1870 0024 3C000000 		.4byte	.LFE2-.LFB2
ARM GAS  C:\Users\DNIEL~1\AppData\Local\Temp\ccRZBRaY.s 			page 35


 1871 0028 00000000 		.4byte	.LFB3
 1872 002c 3E000000 		.4byte	.LFE3-.LFB3
 1873 0030 00000000 		.4byte	0x0
 1874 0034 00000000 		.4byte	0x0
 1875              		.section	.debug_ranges,"",%progbits
 1876              	.Ldebug_ranges0:
 1877 0000 00000000 		.4byte	.LFB0
 1878 0004 14000000 		.4byte	.LFE0
 1879 0008 00000000 		.4byte	.LFB1
 1880 000c 5A000000 		.4byte	.LFE1
 1881 0010 00000000 		.4byte	.LFB2
 1882 0014 3C000000 		.4byte	.LFE2
 1883 0018 00000000 		.4byte	.LFB3
 1884 001c 3E000000 		.4byte	.LFE3
 1885 0020 00000000 		.4byte	0x0
 1886 0024 00000000 		.4byte	0x0
 1887              		.section	.debug_str,"MS",%progbits,1
 1888              	.LASF74:
 1889 0000 7466756E 		.ascii	"tfunc_t\000"
 1889      635F7400 
 1890              	.LASF38:
 1891 0008 705F6D73 		.ascii	"p_msg\000"
 1891      6700
 1892              	.LASF2:
 1893 000e 73697A65 		.ascii	"size_t\000"
 1893      5F7400
 1894              	.LASF69:
 1895 0015 7264796D 		.ascii	"rdymsg\000"
 1895      736700
 1896              	.LASF12:
 1897 001c 75696E74 		.ascii	"uint64_t\000"
 1897      36345F74 
 1897      00
 1898              	.LASF82:
 1899 0025 2E2E2F2E 		.ascii	"../../../ChibiOS/os/kernel/src/chdynamic.c\000"
 1899      2E2F2E2E 
 1899      2F436869 
 1899      62694F53 
 1899      2F6F732F 
 1900              	.LASF68:
 1901 0050 4D656D6F 		.ascii	"MemoryPool\000"
 1901      7279506F 
 1901      6F6C00
 1902              	.LASF53:
 1903 005b 6D656D67 		.ascii	"memgetfunc_t\000"
 1903      65746675 
 1903      6E635F74 
 1903      00
 1904              	.LASF13:
 1905 0068 6C6F6E67 		.ascii	"long long unsigned int\000"
 1905      206C6F6E 
 1905      6720756E 
 1905      7369676E 
 1905      65642069 
 1906              	.LASF70:
 1907 007f 65786974 		.ascii	"exitcode\000"
 1907      636F6465 
ARM GAS  C:\Users\DNIEL~1\AppData\Local\Temp\ccRZBRaY.s 			page 36


 1907      00
 1908              	.LASF57:
 1909 0088 685F6672 		.ascii	"h_free\000"
 1909      656500
 1910              	.LASF77:
 1911 008f 68656170 		.ascii	"heapp\000"
 1911      7000
 1912              	.LASF59:
 1913 0095 6E657874 		.ascii	"next\000"
 1913      00
 1914              	.LASF26:
 1915 009a 705F7072 		.ascii	"p_prio\000"
 1915      696F00
 1916              	.LASF11:
 1917 00a1 6C6F6E67 		.ascii	"long long int\000"
 1917      206C6F6E 
 1917      6720696E 
 1917      7400
 1918              	.LASF1:
 1919 00af 7369676E 		.ascii	"signed char\000"
 1919      65642063 
 1919      68617200 
 1920              	.LASF58:
 1921 00bb 685F6D74 		.ascii	"h_mtx\000"
 1921      7800
 1922              	.LASF10:
 1923 00c1 6C6F6E67 		.ascii	"long unsigned int\000"
 1923      20756E73 
 1923      69676E65 
 1923      6420696E 
 1923      7400
 1924              	.LASF42:
 1925 00d3 705F6D70 		.ascii	"p_mpool\000"
 1925      6F6F6C00 
 1926              	.LASF50:
 1927 00db 6D5F7175 		.ascii	"m_queue\000"
 1927      65756500 
 1928              	.LASF18:
 1929 00e3 74736C69 		.ascii	"tslices_t\000"
 1929      6365735F 
 1929      7400
 1930              	.LASF8:
 1931 00ed 6C6F6E67 		.ascii	"long int\000"
 1931      20696E74 
 1931      00
 1932              	.LASF76:
 1933 00f6 63685468 		.ascii	"chThdCreateFromHeap\000"
 1933      64437265 
 1933      61746546 
 1933      726F6D48 
 1933      65617000 
 1934              	.LASF16:
 1935 010a 74737461 		.ascii	"tstate_t\000"
 1935      74655F74 
 1935      00
 1936              	.LASF65:
 1937 0113 6D705F6E 		.ascii	"mp_next\000"
ARM GAS  C:\Users\DNIEL~1\AppData\Local\Temp\ccRZBRaY.s 			page 37


 1937      65787400 
 1938              	.LASF28:
 1939 011b 705F6E65 		.ascii	"p_newer\000"
 1939      77657200 
 1940              	.LASF80:
 1941 0123 63685468 		.ascii	"chThdCreateFromMemoryPool\000"
 1941      64437265 
 1941      61746546 
 1941      726F6D4D 
 1941      656D6F72 
 1942              	.LASF67:
 1943 013d 6D705F70 		.ascii	"mp_provider\000"
 1943      726F7669 
 1943      64657200 
 1944              	.LASF45:
 1945 0149 72656761 		.ascii	"regarm_t\000"
 1945      726D5F74 
 1945      00
 1946              	.LASF61:
 1947 0152 616C6967 		.ascii	"align\000"
 1947      6E00
 1948              	.LASF0:
 1949 0158 756E7369 		.ascii	"unsigned int\000"
 1949      676E6564 
 1949      20696E74 
 1949      00
 1950              	.LASF83:
 1951 0165 433A5C44 		.ascii	"C:\\Dani\\MegaLux\\Repo\\LuxControl\\LuxControl\\lu"
 1951      616E695C 
 1951      4D656761 
 1951      4C75785C 
 1951      5265706F 
 1952 0192 78636F6E 		.ascii	"xcontrol\\firmware\000"
 1952      74726F6C 
 1952      5C666972 
 1952      6D776172 
 1952      6500
 1953              	.LASF48:
 1954 01a4 636F6E74 		.ascii	"context\000"
 1954      65787400 
 1955              	.LASF62:
 1956 01ac 73697A65 		.ascii	"size\000"
 1956      00
 1957              	.LASF6:
 1958 01b1 73686F72 		.ascii	"short unsigned int\000"
 1958      7420756E 
 1958      7369676E 
 1958      65642069 
 1958      6E7400
 1959              	.LASF20:
 1960 01c4 6D73675F 		.ascii	"msg_t\000"
 1960      7400
 1961              	.LASF15:
 1962 01ca 746D6F64 		.ascii	"tmode_t\000"
 1962      655F7400 
 1963              	.LASF44:
 1964 01d2 54687265 		.ascii	"ThreadsList\000"
ARM GAS  C:\Users\DNIEL~1\AppData\Local\Temp\ccRZBRaY.s 			page 38


 1964      6164734C 
 1964      69737400 
 1965              	.LASF21:
 1966 01de 6576656E 		.ascii	"eventmask_t\000"
 1966      746D6173 
 1966      6B5F7400 
 1967              	.LASF49:
 1968 01ea 4D757465 		.ascii	"Mutex\000"
 1968      7800
 1969              	.LASF75:
 1970 01f0 63685468 		.ascii	"chThdAddRef\000"
 1970      64416464 
 1970      52656600 
 1971              	.LASF46:
 1972 01fc 73746B61 		.ascii	"stkalign_t\000"
 1972      6C69676E 
 1972      5F7400
 1973              	.LASF29:
 1974 0207 705F6F6C 		.ascii	"p_older\000"
 1974      64657200 
 1975              	.LASF43:
 1976 020f 54687265 		.ascii	"ThreadsQueue\000"
 1976      61647351 
 1976      75657565 
 1976      00
 1977              	.LASF66:
 1978 021c 6D705F6F 		.ascii	"mp_object_size\000"
 1978      626A6563 
 1978      745F7369 
 1978      7A6500
 1979              	.LASF78:
 1980 022b 7072696F 		.ascii	"prio\000"
 1980      00
 1981              	.LASF54:
 1982 0230 4D656D6F 		.ascii	"MemoryHeap\000"
 1982      72794865 
 1982      617000
 1983              	.LASF64:
 1984 023b 70685F6E 		.ascii	"ph_next\000"
 1984      65787400 
 1985              	.LASF17:
 1986 0243 74726566 		.ascii	"trefs_t\000"
 1986      735F7400 
 1987              	.LASF79:
 1988 024b 72656673 		.ascii	"refs\000"
 1988      00
 1989              	.LASF25:
 1990 0250 705F7072 		.ascii	"p_prev\000"
 1990      657600
 1991              	.LASF19:
 1992 0257 74707269 		.ascii	"tprio_t\000"
 1992      6F5F7400 
 1993              	.LASF14:
 1994 025f 5F426F6F 		.ascii	"_Bool\000"
 1994      6C00
 1995              	.LASF7:
 1996 0265 696E7433 		.ascii	"int32_t\000"
ARM GAS  C:\Users\DNIEL~1\AppData\Local\Temp\ccRZBRaY.s 			page 39


 1996      325F7400 
 1997              	.LASF4:
 1998 026d 756E7369 		.ascii	"unsigned char\000"
 1998      676E6564 
 1998      20636861 
 1998      7200
 1999              	.LASF56:
 2000 027b 685F7072 		.ascii	"h_provider\000"
 2000      6F766964 
 2000      657200
 2001              	.LASF40:
 2002 0286 705F6D74 		.ascii	"p_mtxlist\000"
 2002      786C6973 
 2002      7400
 2003              	.LASF5:
 2004 0290 73686F72 		.ascii	"short int\000"
 2004      7420696E 
 2004      7400
 2005              	.LASF31:
 2006 029a 705F7374 		.ascii	"p_state\000"
 2006      61746500 
 2007              	.LASF34:
 2008 02a2 705F7072 		.ascii	"p_preempt\000"
 2008      65656D70 
 2008      7400
 2009              	.LASF84:
 2010 02ac 68656170 		.ascii	"heap_header\000"
 2010      5F686561 
 2010      64657200 
 2011              	.LASF72:
 2012 02b8 65776D61 		.ascii	"ewmask\000"
 2012      736B00
 2013              	.LASF24:
 2014 02bf 705F6E65 		.ascii	"p_next\000"
 2014      787400
 2015              	.LASF32:
 2016 02c6 705F666C 		.ascii	"p_flags\000"
 2016      61677300 
 2017              	.LASF85:
 2018 02ce 63685468 		.ascii	"chThdRelease\000"
 2018      6452656C 
 2018      65617365 
 2018      00
 2019              	.LASF23:
 2020 02db 54687265 		.ascii	"Thread\000"
 2020      616400
 2021              	.LASF39:
 2022 02e2 705F6570 		.ascii	"p_epending\000"
 2022      656E6469 
 2022      6E6700
 2023              	.LASF9:
 2024 02ed 75696E74 		.ascii	"uint32_t\000"
 2024      33325F74 
 2024      00
 2025              	.LASF60:
 2026 02f6 68656170 		.ascii	"heap\000"
 2026      00
ARM GAS  C:\Users\DNIEL~1\AppData\Local\Temp\ccRZBRaY.s 			page 40


 2027              	.LASF73:
 2028 02fb 63686172 		.ascii	"char\000"
 2028      00
 2029              	.LASF52:
 2030 0300 6D5F6E65 		.ascii	"m_next\000"
 2030      787400
 2031              	.LASF22:
 2032 0307 73797374 		.ascii	"systime_t\000"
 2032      696D655F 
 2032      7400
 2033              	.LASF41:
 2034 0311 705F7265 		.ascii	"p_realprio\000"
 2034      616C7072 
 2034      696F00
 2035              	.LASF35:
 2036 031c 705F7469 		.ascii	"p_time\000"
 2036      6D6500
 2037              	.LASF47:
 2038 0323 696E7463 		.ascii	"intctx\000"
 2038      747800
 2039              	.LASF37:
 2040 032a 705F6D73 		.ascii	"p_msgqueue\000"
 2040      67717565 
 2040      756500
 2041              	.LASF63:
 2042 0335 706F6F6C 		.ascii	"pool_header\000"
 2042      5F686561 
 2042      64657200 
 2043              	.LASF33:
 2044 0341 705F7265 		.ascii	"p_refs\000"
 2044      667300
 2045              	.LASF3:
 2046 0348 75696E74 		.ascii	"uint8_t\000"
 2046      385F7400 
 2047              	.LASF71:
 2048 0350 77746F62 		.ascii	"wtobjp\000"
 2048      6A7000
 2049              	.LASF81:
 2050 0357 474E5520 		.ascii	"GNU C 4.5.2\000"
 2050      4320342E 
 2050      352E3200 
 2051              	.LASF30:
 2052 0363 705F6E61 		.ascii	"p_name\000"
 2052      6D6500
 2053              	.LASF51:
 2054 036a 6D5F6F77 		.ascii	"m_owner\000"
 2054      6E657200 
 2055              	.LASF27:
 2056 0372 705F6374 		.ascii	"p_ctx\000"
 2056      7800
 2057              	.LASF36:
 2058 0378 705F7761 		.ascii	"p_waiting\000"
 2058      6974696E 
 2058      6700
 2059              	.LASF55:
 2060 0382 6D656D6F 		.ascii	"memory_heap\000"
 2060      72795F68 
ARM GAS  C:\Users\DNIEL~1\AppData\Local\Temp\ccRZBRaY.s 			page 41


 2060      65617000 
 2061              		.ident	"GCC: (Sourcery G++ Lite 2011.03-42) 4.5.2"
ARM GAS  C:\Users\DNIEL~1\AppData\Local\Temp\ccRZBRaY.s 			page 42


DEFINED SYMBOLS
                            *ABS*:00000000 chdynamic.c
C:\Users\DNIEL~1\AppData\Local\Temp\ccRZBRaY.s:24     .text.chThdAddRef:00000000 $t
C:\Users\DNIEL~1\AppData\Local\Temp\ccRZBRaY.s:30     .text.chThdAddRef:00000000 chThdAddRef
C:\Users\DNIEL~1\AppData\Local\Temp\ccRZBRaY.s:62     .text.chThdRelease:00000000 $t
C:\Users\DNIEL~1\AppData\Local\Temp\ccRZBRaY.s:68     .text.chThdRelease:00000000 chThdRelease
C:\Users\DNIEL~1\AppData\Local\Temp\ccRZBRaY.s:145    .text.chThdCreateFromHeap:00000000 $t
C:\Users\DNIEL~1\AppData\Local\Temp\ccRZBRaY.s:151    .text.chThdCreateFromHeap:00000000 chThdCreateFromHeap
C:\Users\DNIEL~1\AppData\Local\Temp\ccRZBRaY.s:223    .text.chThdCreateFromMemoryPool:00000000 $t
C:\Users\DNIEL~1\AppData\Local\Temp\ccRZBRaY.s:229    .text.chThdCreateFromMemoryPool:00000000 chThdCreateFromMemoryPool
                     .debug_frame:00000010 $d

UNDEFINED SYMBOLS
_port_lock
_port_unlock
chPoolFree
chHeapFree
chHeapAlloc
chThdCreateI
chSchWakeupS
chPoolAlloc
