ARM GAS  C:\Users\DNIEL~1\AppData\Local\Temp\ccO6ipL6.s 			page 1


   1              		.syntax unified
   2              		.cpu cortex-m3
   3              		.fpu softvfp
   4              		.eabi_attribute 20, 1
   5              		.eabi_attribute 21, 1
   6              		.eabi_attribute 23, 3
   7              		.eabi_attribute 24, 1
   8              		.eabi_attribute 25, 1
   9              		.eabi_attribute 26, 1
  10              		.eabi_attribute 30, 2
  11              		.eabi_attribute 18, 4
  12              		.thumb
  13              		.file	"chmempools.c"
  14              		.section	.debug_abbrev,"",%progbits
  15              	.Ldebug_abbrev0:
  16              		.section	.debug_info,"",%progbits
  17              	.Ldebug_info0:
  18              		.section	.debug_line,"",%progbits
  19              	.Ldebug_line0:
  20 0000 4E020000 		.text
  20      02007801 
  20      00000201 
  20      FB0E0D00 
  20      01010101 
  21              	.Ltext0:
  22              		.cfi_sections	.debug_frame
  23              		.section	.text.chPoolInit,"ax",%progbits
  24              		.align	2
  25              		.p2align 4,,15
  26              		.global	chPoolInit
  27              		.thumb
  28              		.thumb_func
  29              		.type	chPoolInit, %function
  30              	chPoolInit:
  31              	.LFB0:
  32              		.file 1 "../../../ChibiOS/os/kernel/src/chmempools.c"
  33              		.loc 1 62 0
  34              		.cfi_startproc
  35              		@ args = 0, pretend = 0, frame = 0
  36              		@ frame_needed = 0, uses_anonymous_args = 0
  37              		@ link register save eliminated.
  38              	.LVL0:
  39              		.loc 1 66 0
  40 0000 0023     		movs	r3, #0
  41 0002 0360     		str	r3, [r0, #0]
  42              		.loc 1 67 0
  43 0004 4160     		str	r1, [r0, #4]
  44              		.loc 1 68 0
  45 0006 8260     		str	r2, [r0, #8]
  46              		.loc 1 69 0
  47 0008 7047     		bx	lr
  48              		.cfi_endproc
  49              	.LFE0:
  50              		.size	chPoolInit, .-chPoolInit
  51 000a 00BFAFF3 		.section	.text.chPoolLoadArray,"ax",%progbits
  51      0080
  52              		.align	2
ARM GAS  C:\Users\DNIEL~1\AppData\Local\Temp\ccO6ipL6.s 			page 2


  53              		.p2align 4,,15
  54              		.global	chPoolLoadArray
  55              		.thumb
  56              		.thumb_func
  57              		.type	chPoolLoadArray, %function
  58              	chPoolLoadArray:
  59              	.LFB1:
  60              		.loc 1 84 0
  61              		.cfi_startproc
  62              		@ args = 0, pretend = 0, frame = 0
  63              		@ frame_needed = 0, uses_anonymous_args = 0
  64              	.LVL1:
  65 0000 30B5     		push	{r4, r5, lr}
  66              	.LCFI0:
  67              		.cfi_def_cfa_offset 12
  68              		.loc 1 88 0
  69 0002 002A     		cmp	r2, #0
  70 0004 2DD0     		beq	.L2
  71              		.cfi_offset 14, -4
  72              		.cfi_offset 5, -8
  73              		.cfi_offset 4, -12
  74 0006 013A     		subs	r2, r2, #1
  75              	.LVL2:
  76 0008 02F00104 		and	r4, r2, #1
  77              	.LVL3:
  78              	.LBB10:
  79              	.LBB12:
  80              		.loc 1 173 0
  81              	@ 173 "../../../ChibiOS/os/kernel/src/chmempools.c" 1
  82 000c FFF7FEFF 		bl      _port_lock
  83              	@ 0 "" 2
  84              	.LVL4:
  85              		.thumb
  86              	.LBB14:
  87              	.LBB16:
  88              		.loc 1 155 0
  89 0010 0368     		ldr	r3, [r0, #0]
  90 0012 0B60     		str	r3, [r1, #0]
  91              		.loc 1 156 0
  92 0014 0160     		str	r1, [r0, #0]
  93              	.LBE16:
  94              	.LBE14:
  95              		.loc 1 175 0
  96              	@ 175 "../../../ChibiOS/os/kernel/src/chmempools.c" 1
  97 0016 FFF7FEFF 		bl      _port_unlock
  98              	@ 0 "" 2
  99              		.thumb
 100              	.LBE12:
 101              	.LBE10:
 102              		.loc 1 90 0
 103 001a 4368     		ldr	r3, [r0, #4]
 104 001c C918     		adds	r1, r1, r3
 105              	.LVL5:
 106              		.loc 1 88 0
 107 001e 0AB3     		cbz	r2, .L13
 108 0020 54B1     		cbz	r4, .L5
 109              	.LVL6:
ARM GAS  C:\Users\DNIEL~1\AppData\Local\Temp\ccO6ipL6.s 			page 3


 110              	.LBB23:
 111              	.LBB21:
 112              		.loc 1 173 0
 113              	@ 173 "../../../ChibiOS/os/kernel/src/chmempools.c" 1
 114 0022 FFF7FEFF 		bl      _port_lock
 115              	@ 0 "" 2
 116              	.LVL7:
 117              		.thumb
 118              	.LBB19:
 119              	.LBB17:
 120              		.loc 1 155 0
 121 0026 0368     		ldr	r3, [r0, #0]
 122 0028 0B60     		str	r3, [r1, #0]
 123              		.loc 1 156 0
 124 002a 0160     		str	r1, [r0, #0]
 125              	.LBE17:
 126              	.LBE19:
 127              		.loc 1 175 0
 128              	@ 175 "../../../ChibiOS/os/kernel/src/chmempools.c" 1
 129 002c FFF7FEFF 		bl      _port_unlock
 130              	@ 0 "" 2
 131              		.thumb
 132              	.LBE21:
 133              	.LBE23:
 134              		.loc 1 90 0
 135 0030 4368     		ldr	r3, [r0, #4]
 136              		.loc 1 88 0
 137 0032 013A     		subs	r2, r2, #1
 138              		.loc 1 90 0
 139 0034 1944     		add	r1, r1, r3
 140              		.loc 1 88 0
 141 0036 16D0     		beq	.L14
 142              	.L5:
 143              	.LBB24:
 144              	.LBB11:
 145              		.loc 1 173 0
 146              	@ 173 "../../../ChibiOS/os/kernel/src/chmempools.c" 1
 147 0038 FFF7FEFF 		bl      _port_lock
 148              	@ 0 "" 2
 149              		.thumb
 150              	.LBB13:
 151              	.LBB15:
 152              		.loc 1 155 0
 153 003c 0468     		ldr	r4, [r0, #0]
 154 003e 0C60     		str	r4, [r1, #0]
 155              		.loc 1 156 0
 156 0040 0160     		str	r1, [r0, #0]
 157              	.LBE15:
 158              	.LBE13:
 159              		.loc 1 175 0
 160              	@ 175 "../../../ChibiOS/os/kernel/src/chmempools.c" 1
 161 0042 FFF7FEFF 		bl      _port_unlock
 162              	@ 0 "" 2
 163              		.thumb
 164              	.LBE11:
 165              	.LBE24:
 166              		.loc 1 90 0
ARM GAS  C:\Users\DNIEL~1\AppData\Local\Temp\ccO6ipL6.s 			page 4


 167 0046 4568     		ldr	r5, [r0, #4]
 168              		.loc 1 91 0
 169 0048 013A     		subs	r2, r2, #1
 170              		.loc 1 90 0
 171 004a 4C19     		adds	r4, r1, r5
 172              	.LBB25:
 173              	.LBB22:
 174              		.loc 1 173 0
 175              	@ 173 "../../../ChibiOS/os/kernel/src/chmempools.c" 1
 176 004c FFF7FEFF 		bl      _port_lock
 177              	@ 0 "" 2
 178              		.thumb
 179              	.LBB20:
 180              	.LBB18:
 181              		.loc 1 155 0
 182 0050 0368     		ldr	r3, [r0, #0]
 183 0052 4B51     		str	r3, [r1, r5]
 184              		.loc 1 156 0
 185 0054 0460     		str	r4, [r0, #0]
 186              	.LBE18:
 187              	.LBE20:
 188              		.loc 1 175 0
 189              	@ 175 "../../../ChibiOS/os/kernel/src/chmempools.c" 1
 190 0056 FFF7FEFF 		bl      _port_unlock
 191              	@ 0 "" 2
 192              		.thumb
 193              	.LBE22:
 194              	.LBE25:
 195              		.loc 1 90 0
 196 005a 4168     		ldr	r1, [r0, #4]
 197              		.loc 1 88 0
 198 005c 013A     		subs	r2, r2, #1
 199              		.loc 1 90 0
 200 005e 2144     		add	r1, r4, r1
 201              		.loc 1 88 0
 202 0060 EAD1     		bne	.L5
 203              	.LVL8:
 204              	.L2:
 205 0062 30BD     		pop	{r4, r5, pc}
 206              	.LVL9:
 207              	.L13:
 208 0064 30BD     		pop	{r4, r5, pc}
 209              	.LVL10:
 210              	.L14:
 211 0066 30BD     		pop	{r4, r5, pc}
 212              		.cfi_endproc
 213              	.LFE1:
 214              		.size	chPoolLoadArray, .-chPoolLoadArray
 215 0068 AFF30080 		.section	.text.chPoolAllocI,"ax",%progbits
 215      AFF30080 
 216              		.align	2
 217              		.p2align 4,,15
 218              		.global	chPoolAllocI
 219              		.thumb
 220              		.thumb_func
 221              		.type	chPoolAllocI, %function
 222              	chPoolAllocI:
ARM GAS  C:\Users\DNIEL~1\AppData\Local\Temp\ccO6ipL6.s 			page 5


 223              	.LFB2:
 224              		.loc 1 105 0
 225              		.cfi_startproc
 226              		@ args = 0, pretend = 0, frame = 0
 227              		@ frame_needed = 0, uses_anonymous_args = 0
 228              	.LVL11:
 229 0000 0246     		mov	r2, r0
 230              		.loc 1 111 0
 231 0002 0068     		ldr	r0, [r0, #0]
 232              	.LVL12:
 233              		.loc 1 105 0
 234 0004 08B5     		push	{r3, lr}
 235              	.LCFI1:
 236              		.cfi_def_cfa_offset 8
 237              		.loc 1 111 0
 238 0006 10B1     		cbz	r0, .L16
 239              		.cfi_offset 14, -4
 240              		.cfi_offset 3, -8
 241              		.loc 1 112 0
 242 0008 0368     		ldr	r3, [r0, #0]
 243 000a 1360     		str	r3, [r2, #0]
 244 000c 08BD     		pop	{r3, pc}
 245              	.L16:
 246              		.loc 1 113 0
 247 000e 9368     		ldr	r3, [r2, #8]
 248 0010 0BB1     		cbz	r3, .L17
 249              		.loc 1 114 0
 250 0012 5068     		ldr	r0, [r2, #4]
 251 0014 9847     		blx	r3
 252              	.LVL13:
 253              	.L17:
 254              		.loc 1 116 0
 255 0016 08BD     		pop	{r3, pc}
 256              		.cfi_endproc
 257              	.LFE2:
 258              		.size	chPoolAllocI, .-chPoolAllocI
 259 0018 AFF30080 		.section	.text.chPoolAlloc,"ax",%progbits
 259      AFF30080 
 260              		.align	2
 261              		.p2align 4,,15
 262              		.global	chPoolAlloc
 263              		.thumb
 264              		.thumb_func
 265              		.type	chPoolAlloc, %function
 266              	chPoolAlloc:
 267              	.LFB3:
 268              		.loc 1 128 0
 269              		.cfi_startproc
 270              		@ args = 0, pretend = 0, frame = 0
 271              		@ frame_needed = 0, uses_anonymous_args = 0
 272              	.LVL14:
 273 0000 08B5     		push	{r3, lr}
 274              	.LCFI2:
 275              		.cfi_def_cfa_offset 8
 276              		.loc 1 128 0
 277 0002 0246     		mov	r2, r0
 278              		.loc 1 131 0
ARM GAS  C:\Users\DNIEL~1\AppData\Local\Temp\ccO6ipL6.s 			page 6


 279              	@ 131 "../../../ChibiOS/os/kernel/src/chmempools.c" 1
 280 0004 FFF7FEFF 		bl      _port_lock
 281              	@ 0 "" 2
 282              	.LVL15:
 283              		.thumb
 284              	.LBB26:
 285              	.LBB27:
 286              		.loc 1 111 0
 287 0008 0068     		ldr	r0, [r0, #0]
 288              	.LVL16:
 289 000a 20B1     		cbz	r0, .L19
 290              		.cfi_offset 14, -4
 291              		.cfi_offset 3, -8
 292              		.loc 1 112 0
 293 000c 0368     		ldr	r3, [r0, #0]
 294 000e 1360     		str	r3, [r2, #0]
 295              	.L20:
 296              	.LBE27:
 297              	.LBE26:
 298              		.loc 1 133 0
 299              	@ 133 "../../../ChibiOS/os/kernel/src/chmempools.c" 1
 300 0010 FFF7FEFF 		bl      _port_unlock
 301              	@ 0 "" 2
 302              		.loc 1 135 0
 303              		.thumb
 304 0014 08BD     		pop	{r3, pc}
 305              	.L19:
 306              	.LBB29:
 307              	.LBB28:
 308              		.loc 1 113 0
 309 0016 9368     		ldr	r3, [r2, #8]
 310 0018 002B     		cmp	r3, #0
 311 001a F9D0     		beq	.L20
 312              		.loc 1 114 0
 313 001c 5068     		ldr	r0, [r2, #4]
 314 001e 9847     		blx	r3
 315              	.LVL17:
 316              	.LBE28:
 317              	.LBE29:
 318              		.loc 1 133 0
 319              	@ 133 "../../../ChibiOS/os/kernel/src/chmempools.c" 1
 320 0020 FFF7FEFF 		bl      _port_unlock
 321              	@ 0 "" 2
 322              		.loc 1 135 0
 323              		.thumb
 324 0024 08BD     		pop	{r3, pc}
 325              		.cfi_endproc
 326              	.LFE3:
 327              		.size	chPoolAlloc, .-chPoolAlloc
 328 0026 00BFAFF3 		.section	.text.chPoolFreeI,"ax",%progbits
 328      0080AFF3 
 328      0080
 329              		.align	2
 330              		.p2align 4,,15
 331              		.global	chPoolFreeI
 332              		.thumb
 333              		.thumb_func
ARM GAS  C:\Users\DNIEL~1\AppData\Local\Temp\ccO6ipL6.s 			page 7


 334              		.type	chPoolFreeI, %function
 335              	chPoolFreeI:
 336              	.LFB4:
 337              		.loc 1 149 0
 338              		.cfi_startproc
 339              		@ args = 0, pretend = 0, frame = 0
 340              		@ frame_needed = 0, uses_anonymous_args = 0
 341              		@ link register save eliminated.
 342              	.LVL18:
 343              		.loc 1 155 0
 344 0000 0368     		ldr	r3, [r0, #0]
 345              	.LVL19:
 346 0002 0B60     		str	r3, [r1, #0]
 347              		.loc 1 156 0
 348 0004 0160     		str	r1, [r0, #0]
 349              		.loc 1 157 0
 350 0006 7047     		bx	lr
 351              		.cfi_endproc
 352              	.LFE4:
 353              		.size	chPoolFreeI, .-chPoolFreeI
 354 0008 AFF30080 		.section	.text.chPoolFree,"ax",%progbits
 354      AFF30080 
 355              		.align	2
 356              		.p2align 4,,15
 357              		.global	chPoolFree
 358              		.thumb
 359              		.thumb_func
 360              		.type	chPoolFree, %function
 361              	chPoolFree:
 362              	.LFB5:
 363              		.loc 1 171 0
 364              		.cfi_startproc
 365              		@ args = 0, pretend = 0, frame = 0
 366              		@ frame_needed = 0, uses_anonymous_args = 0
 367              	.LVL20:
 368 0000 00B5     		push	{lr}
 369              	.LCFI3:
 370              		.cfi_def_cfa_offset 4
 371              		.loc 1 173 0
 372              	@ 173 "../../../ChibiOS/os/kernel/src/chmempools.c" 1
 373 0002 FFF7FEFF 		bl      _port_lock
 374              	@ 0 "" 2
 375              	.LVL21:
 376              		.thumb
 377              	.LBB30:
 378              	.LBB31:
 379              		.loc 1 155 0
 380 0006 0368     		ldr	r3, [r0, #0]
 381 0008 0B60     		str	r3, [r1, #0]
 382              		.loc 1 156 0
 383 000a 0160     		str	r1, [r0, #0]
 384              	.LBE31:
 385              	.LBE30:
 386              		.loc 1 175 0
 387              	@ 175 "../../../ChibiOS/os/kernel/src/chmempools.c" 1
 388 000c FFF7FEFF 		bl      _port_unlock
 389              	@ 0 "" 2
ARM GAS  C:\Users\DNIEL~1\AppData\Local\Temp\ccO6ipL6.s 			page 8


 390              		.loc 1 176 0
 391              		.thumb
 392 0010 5DF804FB 		ldr	pc, [sp], #4
 393              		.cfi_offset 14, -4
 394              		.cfi_endproc
 395              	.LFE5:
 396              		.size	chPoolFree, .-chPoolFree
 397 0014 AFF30080 		.text
 397      AFF30080 
 397      AFF30080 
 398              	.Letext0:
 399              		.section	.debug_loc,"",%progbits
 400              	.Ldebug_loc0:
 401              	.LLST0:
 402 0000 00000000 		.4byte	.LFB1
 403 0004 02000000 		.4byte	.LCFI0
 404 0008 0200     		.2byte	0x2
 405 000a 7D       		.byte	0x7d
 406 000b 00       		.sleb128 0
 407 000c 02000000 		.4byte	.LCFI0
 408 0010 68000000 		.4byte	.LFE1
 409 0014 0200     		.2byte	0x2
 410 0016 7D       		.byte	0x7d
 411 0017 0C       		.sleb128 12
 412 0018 00000000 		.4byte	0x0
 413 001c 00000000 		.4byte	0x0
 414              	.LLST1:
 415 0020 00000000 		.4byte	.LVL1
 416 0024 1E000000 		.4byte	.LVL5
 417 0028 0100     		.2byte	0x1
 418 002a 51       		.byte	0x51
 419 002b 00000000 		.4byte	0x0
 420 002f 00000000 		.4byte	0x0
 421              	.LLST2:
 422 0033 00000000 		.4byte	.LVL1
 423 0037 08000000 		.4byte	.LVL2
 424 003b 0100     		.2byte	0x1
 425 003d 52       		.byte	0x52
 426 003e 08000000 		.4byte	.LVL2
 427 0042 1E000000 		.4byte	.LVL5
 428 0046 0300     		.2byte	0x3
 429 0048 72       		.byte	0x72
 430 0049 01       		.sleb128 1
 431 004a 9F       		.byte	0x9f
 432 004b 00000000 		.4byte	0x0
 433 004f 00000000 		.4byte	0x0
 434              	.LLST3:
 435 0053 0C000000 		.4byte	.LVL3
 436 0057 1E000000 		.4byte	.LVL5
 437 005b 0100     		.2byte	0x1
 438 005d 51       		.byte	0x51
 439 005e 1E000000 		.4byte	.LVL5
 440 0062 22000000 		.4byte	.LVL6
 441 0066 0200     		.2byte	0x2
 442 0068 70       		.byte	0x70
 443 0069 00       		.sleb128 0
 444 006a 64000000 		.4byte	.LVL9
ARM GAS  C:\Users\DNIEL~1\AppData\Local\Temp\ccO6ipL6.s 			page 9


 445 006e 66000000 		.4byte	.LVL10
 446 0072 0200     		.2byte	0x2
 447 0074 70       		.byte	0x70
 448 0075 00       		.sleb128 0
 449 0076 00000000 		.4byte	0x0
 450 007a 00000000 		.4byte	0x0
 451              	.LLST4:
 452 007e 0C000000 		.4byte	.LVL3
 453 0082 62000000 		.4byte	.LVL8
 454 0086 0100     		.2byte	0x1
 455 0088 50       		.byte	0x50
 456 0089 64000000 		.4byte	.LVL9
 457 008d 68000000 		.4byte	.LFE1
 458 0091 0100     		.2byte	0x1
 459 0093 50       		.byte	0x50
 460 0094 00000000 		.4byte	0x0
 461 0098 00000000 		.4byte	0x0
 462              	.LLST5:
 463 009c 10000000 		.4byte	.LVL4
 464 00a0 1E000000 		.4byte	.LVL5
 465 00a4 0100     		.2byte	0x1
 466 00a6 51       		.byte	0x51
 467 00a7 1E000000 		.4byte	.LVL5
 468 00ab 26000000 		.4byte	.LVL7
 469 00af 0200     		.2byte	0x2
 470 00b1 70       		.byte	0x70
 471 00b2 00       		.sleb128 0
 472 00b3 64000000 		.4byte	.LVL9
 473 00b7 66000000 		.4byte	.LVL10
 474 00bb 0200     		.2byte	0x2
 475 00bd 70       		.byte	0x70
 476 00be 00       		.sleb128 0
 477 00bf 00000000 		.4byte	0x0
 478 00c3 00000000 		.4byte	0x0
 479              	.LLST6:
 480 00c7 10000000 		.4byte	.LVL4
 481 00cb 62000000 		.4byte	.LVL8
 482 00cf 0100     		.2byte	0x1
 483 00d1 50       		.byte	0x50
 484 00d2 64000000 		.4byte	.LVL9
 485 00d6 68000000 		.4byte	.LFE1
 486 00da 0100     		.2byte	0x1
 487 00dc 50       		.byte	0x50
 488 00dd 00000000 		.4byte	0x0
 489 00e1 00000000 		.4byte	0x0
 490              	.LLST7:
 491 00e5 10000000 		.4byte	.LVL4
 492 00e9 1E000000 		.4byte	.LVL5
 493 00ed 0100     		.2byte	0x1
 494 00ef 51       		.byte	0x51
 495 00f0 1E000000 		.4byte	.LVL5
 496 00f4 26000000 		.4byte	.LVL7
 497 00f8 0200     		.2byte	0x2
 498 00fa 70       		.byte	0x70
 499 00fb 00       		.sleb128 0
 500 00fc 64000000 		.4byte	.LVL9
 501 0100 66000000 		.4byte	.LVL10
ARM GAS  C:\Users\DNIEL~1\AppData\Local\Temp\ccO6ipL6.s 			page 10


 502 0104 0200     		.2byte	0x2
 503 0106 70       		.byte	0x70
 504 0107 00       		.sleb128 0
 505 0108 00000000 		.4byte	0x0
 506 010c 00000000 		.4byte	0x0
 507              	.LLST8:
 508 0110 00000000 		.4byte	.LFB2
 509 0114 06000000 		.4byte	.LCFI1
 510 0118 0200     		.2byte	0x2
 511 011a 7D       		.byte	0x7d
 512 011b 00       		.sleb128 0
 513 011c 06000000 		.4byte	.LCFI1
 514 0120 18000000 		.4byte	.LFE2
 515 0124 0200     		.2byte	0x2
 516 0126 7D       		.byte	0x7d
 517 0127 08       		.sleb128 8
 518 0128 00000000 		.4byte	0x0
 519 012c 00000000 		.4byte	0x0
 520              	.LLST9:
 521 0130 00000000 		.4byte	.LVL11
 522 0134 04000000 		.4byte	.LVL12
 523 0138 0100     		.2byte	0x1
 524 013a 50       		.byte	0x50
 525 013b 04000000 		.4byte	.LVL12
 526 013f 15000000 		.4byte	.LVL13-1
 527 0143 0100     		.2byte	0x1
 528 0145 52       		.byte	0x52
 529 0146 00000000 		.4byte	0x0
 530 014a 00000000 		.4byte	0x0
 531              	.LLST10:
 532 014e 04000000 		.4byte	.LVL12
 533 0152 15000000 		.4byte	.LVL13-1
 534 0156 0200     		.2byte	0x2
 535 0158 72       		.byte	0x72
 536 0159 00       		.sleb128 0
 537 015a 16000000 		.4byte	.LVL13
 538 015e 18000000 		.4byte	.LFE2
 539 0162 0100     		.2byte	0x1
 540 0164 50       		.byte	0x50
 541 0165 00000000 		.4byte	0x0
 542 0169 00000000 		.4byte	0x0
 543              	.LLST11:
 544 016d 00000000 		.4byte	.LFB3
 545 0171 02000000 		.4byte	.LCFI2
 546 0175 0200     		.2byte	0x2
 547 0177 7D       		.byte	0x7d
 548 0178 00       		.sleb128 0
 549 0179 02000000 		.4byte	.LCFI2
 550 017d 26000000 		.4byte	.LFE3
 551 0181 0200     		.2byte	0x2
 552 0183 7D       		.byte	0x7d
 553 0184 08       		.sleb128 8
 554 0185 00000000 		.4byte	0x0
 555 0189 00000000 		.4byte	0x0
 556              	.LLST12:
 557 018d 00000000 		.4byte	.LVL14
 558 0191 0A000000 		.4byte	.LVL16
ARM GAS  C:\Users\DNIEL~1\AppData\Local\Temp\ccO6ipL6.s 			page 11


 559 0195 0100     		.2byte	0x1
 560 0197 50       		.byte	0x50
 561 0198 0A000000 		.4byte	.LVL16
 562 019c 1F000000 		.4byte	.LVL17-1
 563 01a0 0100     		.2byte	0x1
 564 01a2 52       		.byte	0x52
 565 01a3 00000000 		.4byte	0x0
 566 01a7 00000000 		.4byte	0x0
 567              	.LLST13:
 568 01ab 08000000 		.4byte	.LVL15
 569 01af 0A000000 		.4byte	.LVL16
 570 01b3 0100     		.2byte	0x1
 571 01b5 50       		.byte	0x50
 572 01b6 0A000000 		.4byte	.LVL16
 573 01ba 1F000000 		.4byte	.LVL17-1
 574 01be 0100     		.2byte	0x1
 575 01c0 52       		.byte	0x52
 576 01c1 00000000 		.4byte	0x0
 577 01c5 00000000 		.4byte	0x0
 578              	.LLST14:
 579 01c9 0A000000 		.4byte	.LVL16
 580 01cd 1F000000 		.4byte	.LVL17-1
 581 01d1 0200     		.2byte	0x2
 582 01d3 72       		.byte	0x72
 583 01d4 00       		.sleb128 0
 584 01d5 20000000 		.4byte	.LVL17
 585 01d9 26000000 		.4byte	.LFE3
 586 01dd 0100     		.2byte	0x1
 587 01df 50       		.byte	0x50
 588 01e0 00000000 		.4byte	0x0
 589 01e4 00000000 		.4byte	0x0
 590              	.LLST15:
 591 01e8 00000000 		.4byte	.LFB5
 592 01ec 02000000 		.4byte	.LCFI3
 593 01f0 0200     		.2byte	0x2
 594 01f2 7D       		.byte	0x7d
 595 01f3 00       		.sleb128 0
 596 01f4 02000000 		.4byte	.LCFI3
 597 01f8 14000000 		.4byte	.LFE5
 598 01fc 0200     		.2byte	0x2
 599 01fe 7D       		.byte	0x7d
 600 01ff 04       		.sleb128 4
 601 0200 00000000 		.4byte	0x0
 602 0204 00000000 		.4byte	0x0
 603              		.file 2 "c:\\program files (x86)\\codesourcery\\sourcery g++ lite\\bin\\../lib/gcc/arm-none-eabi/4
 604              		.file 3 "c:\\program files (x86)\\codesourcery\\sourcery g++ lite\\bin\\../lib/gcc/arm-none-eabi/4
 605              		.file 4 "../../../ChibiOS/os/kernel/include/chmemcore.h"
 606              		.file 5 "../../../ChibiOS/os/kernel/include/chmempools.h"
 607              		.section	.debug_info
 608 0000 67030000 		.4byte	0x367
 609 0004 0200     		.2byte	0x2
 610 0006 00000000 		.4byte	.Ldebug_abbrev0
 611 000a 04       		.byte	0x4
 612 000b 01       		.uleb128 0x1
 613 000c 07000000 		.4byte	.LASF26
 614 0010 01       		.byte	0x1
 615 0011 E7000000 		.4byte	.LASF27
ARM GAS  C:\Users\DNIEL~1\AppData\Local\Temp\ccO6ipL6.s 			page 12


 616 0015 55010000 		.4byte	.LASF28
 617 0019 00000000 		.4byte	0x0
 618 001d 00000000 		.4byte	0x0
 619 0021 A8000000 		.4byte	.Ldebug_ranges0+0xa8
 620 0025 00000000 		.4byte	.Ldebug_line0
 621 0029 02       		.uleb128 0x2
 622 002a 04       		.byte	0x4
 623 002b 05       		.byte	0x5
 624 002c 696E7400 		.ascii	"int\000"
 625 0030 03       		.uleb128 0x3
 626 0031 00000000 		.4byte	.LASF2
 627 0035 02       		.byte	0x2
 628 0036 D3       		.byte	0xd3
 629 0037 3B000000 		.4byte	0x3b
 630 003b 04       		.uleb128 0x4
 631 003c 04       		.byte	0x4
 632 003d 07       		.byte	0x7
 633 003e B3000000 		.4byte	.LASF0
 634 0042 04       		.uleb128 0x4
 635 0043 01       		.byte	0x1
 636 0044 06       		.byte	0x6
 637 0045 9D010000 		.4byte	.LASF1
 638 0049 03       		.uleb128 0x3
 639 004a D7000000 		.4byte	.LASF3
 640 004e 03       		.byte	0x3
 641 004f 2A       		.byte	0x2a
 642 0050 54000000 		.4byte	0x54
 643 0054 04       		.uleb128 0x4
 644 0055 01       		.byte	0x1
 645 0056 08       		.byte	0x8
 646 0057 7D000000 		.4byte	.LASF4
 647 005b 04       		.uleb128 0x4
 648 005c 02       		.byte	0x2
 649 005d 05       		.byte	0x5
 650 005e 3F010000 		.4byte	.LASF5
 651 0062 04       		.uleb128 0x4
 652 0063 02       		.byte	0x2
 653 0064 07       		.byte	0x7
 654 0065 55000000 		.4byte	.LASF6
 655 0069 04       		.uleb128 0x4
 656 006a 04       		.byte	0x4
 657 006b 05       		.byte	0x5
 658 006c 94010000 		.4byte	.LASF7
 659 0070 04       		.uleb128 0x4
 660 0071 04       		.byte	0x4
 661 0072 07       		.byte	0x7
 662 0073 43000000 		.4byte	.LASF8
 663 0077 04       		.uleb128 0x4
 664 0078 08       		.byte	0x8
 665 0079 05       		.byte	0x5
 666 007a 13010000 		.4byte	.LASF9
 667 007e 04       		.uleb128 0x4
 668 007f 08       		.byte	0x8
 669 0080 07       		.byte	0x7
 670 0081 C0000000 		.4byte	.LASF10
 671 0085 04       		.uleb128 0x4
 672 0086 01       		.byte	0x1
ARM GAS  C:\Users\DNIEL~1\AppData\Local\Temp\ccO6ipL6.s 			page 13


 673 0087 02       		.byte	0x2
 674 0088 B1010000 		.4byte	.LASF11
 675 008c 05       		.uleb128 0x5
 676 008d 04       		.byte	0x4
 677 008e 03       		.uleb128 0x3
 678 008f 26010000 		.4byte	.LASF12
 679 0093 04       		.byte	0x4
 680 0094 2C       		.byte	0x2c
 681 0095 99000000 		.4byte	0x99
 682 0099 06       		.uleb128 0x6
 683 009a 04       		.byte	0x4
 684 009b 9F000000 		.4byte	0x9f
 685 009f 07       		.uleb128 0x7
 686 00a0 01       		.byte	0x1
 687 00a1 8C000000 		.4byte	0x8c
 688 00a5 AF000000 		.4byte	0xaf
 689 00a9 08       		.uleb128 0x8
 690 00aa 30000000 		.4byte	0x30
 691 00ae 00       		.byte	0x0
 692 00af 09       		.uleb128 0x9
 693 00b0 32000000 		.4byte	.LASF29
 694 00b4 04       		.byte	0x4
 695 00b5 05       		.byte	0x5
 696 00b6 2C       		.byte	0x2c
 697 00b7 CA000000 		.4byte	0xca
 698 00bb 0A       		.uleb128 0xa
 699 00bc DF000000 		.4byte	.LASF13
 700 00c0 05       		.byte	0x5
 701 00c1 2D       		.byte	0x2d
 702 00c2 CA000000 		.4byte	0xca
 703 00c6 02       		.byte	0x2
 704 00c7 23       		.byte	0x23
 705 00c8 00       		.uleb128 0x0
 706 00c9 00       		.byte	0x0
 707 00ca 06       		.uleb128 0x6
 708 00cb 04       		.byte	0x4
 709 00cc AF000000 		.4byte	0xaf
 710 00d0 0B       		.uleb128 0xb
 711 00d1 0C       		.byte	0xc
 712 00d2 05       		.byte	0x5
 713 00d3 34       		.byte	0x34
 714 00d4 03010000 		.4byte	0x103
 715 00d8 0A       		.uleb128 0xa
 716 00d9 A9010000 		.4byte	.LASF14
 717 00dd 05       		.byte	0x5
 718 00de 35       		.byte	0x35
 719 00df CA000000 		.4byte	0xca
 720 00e3 02       		.byte	0x2
 721 00e4 23       		.byte	0x23
 722 00e5 00       		.uleb128 0x0
 723 00e6 0A       		.uleb128 0xa
 724 00e7 13000000 		.4byte	.LASF15
 725 00eb 05       		.byte	0x5
 726 00ec 36       		.byte	0x36
 727 00ed 30000000 		.4byte	0x30
 728 00f1 02       		.byte	0x2
 729 00f2 23       		.byte	0x23
ARM GAS  C:\Users\DNIEL~1\AppData\Local\Temp\ccO6ipL6.s 			page 14


 730 00f3 04       		.uleb128 0x4
 731 00f4 0A       		.uleb128 0xa
 732 00f5 33010000 		.4byte	.LASF16
 733 00f9 05       		.byte	0x5
 734 00fa 38       		.byte	0x38
 735 00fb 8E000000 		.4byte	0x8e
 736 00ff 02       		.byte	0x2
 737 0100 23       		.byte	0x23
 738 0101 08       		.uleb128 0x8
 739 0102 00       		.byte	0x0
 740 0103 03       		.uleb128 0x3
 741 0104 96000000 		.4byte	.LASF17
 742 0108 05       		.byte	0x5
 743 0109 3A       		.byte	0x3a
 744 010a D0000000 		.4byte	0xd0
 745 010e 04       		.uleb128 0x4
 746 010f 01       		.byte	0x1
 747 0110 08       		.byte	0x8
 748 0111 21010000 		.4byte	.LASF18
 749 0115 0C       		.uleb128 0xc
 750 0116 01       		.byte	0x1
 751 0117 A6000000 		.4byte	.LASF30
 752 011b 01       		.byte	0x1
 753 011c 69       		.byte	0x69
 754 011d 01       		.byte	0x1
 755 011e 8C000000 		.4byte	0x8c
 756 0122 01       		.byte	0x1
 757 0123 3D010000 		.4byte	0x13d
 758 0127 0D       		.uleb128 0xd
 759 0128 6D7000   		.ascii	"mp\000"
 760 012b 01       		.byte	0x1
 761 012c 69       		.byte	0x69
 762 012d 3D010000 		.4byte	0x13d
 763 0131 0E       		.uleb128 0xe
 764 0132 A1000000 		.4byte	.LASF19
 765 0136 01       		.byte	0x1
 766 0137 6A       		.byte	0x6a
 767 0138 8C000000 		.4byte	0x8c
 768 013c 00       		.byte	0x0
 769 013d 06       		.uleb128 0x6
 770 013e 04       		.byte	0x4
 771 013f 03010000 		.4byte	0x103
 772 0143 0F       		.uleb128 0xf
 773 0144 01       		.byte	0x1
 774 0145 71000000 		.4byte	.LASF20
 775 0149 01       		.byte	0x1
 776 014a 95       		.byte	0x95
 777 014b 01       		.byte	0x1
 778 014c 01       		.byte	0x1
 779 014d 72010000 		.4byte	0x172
 780 0151 0D       		.uleb128 0xd
 781 0152 6D7000   		.ascii	"mp\000"
 782 0155 01       		.byte	0x1
 783 0156 95       		.byte	0x95
 784 0157 3D010000 		.4byte	0x13d
 785 015b 10       		.uleb128 0x10
 786 015c A1000000 		.4byte	.LASF19
ARM GAS  C:\Users\DNIEL~1\AppData\Local\Temp\ccO6ipL6.s 			page 15


 787 0160 01       		.byte	0x1
 788 0161 95       		.byte	0x95
 789 0162 8C000000 		.4byte	0x8c
 790 0166 11       		.uleb128 0x11
 791 0167 70687000 		.ascii	"php\000"
 792 016b 01       		.byte	0x1
 793 016c 96       		.byte	0x96
 794 016d CA000000 		.4byte	0xca
 795 0171 00       		.byte	0x0
 796 0172 0F       		.uleb128 0xf
 797 0173 01       		.byte	0x1
 798 0174 8B000000 		.4byte	.LASF21
 799 0178 01       		.byte	0x1
 800 0179 AB       		.byte	0xab
 801 017a 01       		.byte	0x1
 802 017b 01       		.byte	0x1
 803 017c 96010000 		.4byte	0x196
 804 0180 0D       		.uleb128 0xd
 805 0181 6D7000   		.ascii	"mp\000"
 806 0184 01       		.byte	0x1
 807 0185 AB       		.byte	0xab
 808 0186 3D010000 		.4byte	0x13d
 809 018a 10       		.uleb128 0x10
 810 018b A1000000 		.4byte	.LASF19
 811 018f 01       		.byte	0x1
 812 0190 AB       		.byte	0xab
 813 0191 8C000000 		.4byte	0x8c
 814 0195 00       		.byte	0x0
 815 0196 12       		.uleb128 0x12
 816 0197 01       		.byte	0x1
 817 0198 B7010000 		.4byte	.LASF24
 818 019c 01       		.byte	0x1
 819 019d 3E       		.byte	0x3e
 820 019e 01       		.byte	0x1
 821 019f 00000000 		.4byte	.LFB0
 822 01a3 0A000000 		.4byte	.LFE0
 823 01a7 02       		.byte	0x2
 824 01a8 7D       		.byte	0x7d
 825 01a9 00       		.sleb128 0
 826 01aa D5010000 		.4byte	0x1d5
 827 01ae 13       		.uleb128 0x13
 828 01af 6D7000   		.ascii	"mp\000"
 829 01b2 01       		.byte	0x1
 830 01b3 3E       		.byte	0x3e
 831 01b4 3D010000 		.4byte	0x13d
 832 01b8 01       		.byte	0x1
 833 01b9 50       		.byte	0x50
 834 01ba 14       		.uleb128 0x14
 835 01bb 3E000000 		.4byte	.LASF22
 836 01bf 01       		.byte	0x1
 837 01c0 3E       		.byte	0x3e
 838 01c1 30000000 		.4byte	0x30
 839 01c5 01       		.byte	0x1
 840 01c6 51       		.byte	0x51
 841 01c7 14       		.uleb128 0x14
 842 01c8 68000000 		.4byte	.LASF23
 843 01cc 01       		.byte	0x1
ARM GAS  C:\Users\DNIEL~1\AppData\Local\Temp\ccO6ipL6.s 			page 16


 844 01cd 3E       		.byte	0x3e
 845 01ce 8E000000 		.4byte	0x8e
 846 01d2 01       		.byte	0x1
 847 01d3 52       		.byte	0x52
 848 01d4 00       		.byte	0x0
 849 01d5 15       		.uleb128 0x15
 850 01d6 01       		.byte	0x1
 851 01d7 22000000 		.4byte	.LASF25
 852 01db 01       		.byte	0x1
 853 01dc 54       		.byte	0x54
 854 01dd 01       		.byte	0x1
 855 01de 00000000 		.4byte	.LFB1
 856 01e2 68000000 		.4byte	.LFE1
 857 01e6 00000000 		.4byte	.LLST0
 858 01ea 68020000 		.4byte	0x268
 859 01ee 13       		.uleb128 0x13
 860 01ef 6D7000   		.ascii	"mp\000"
 861 01f2 01       		.byte	0x1
 862 01f3 54       		.byte	0x54
 863 01f4 3D010000 		.4byte	0x13d
 864 01f8 01       		.byte	0x1
 865 01f9 50       		.byte	0x50
 866 01fa 16       		.uleb128 0x16
 867 01fb 7000     		.ascii	"p\000"
 868 01fd 01       		.byte	0x1
 869 01fe 54       		.byte	0x54
 870 01ff 8C000000 		.4byte	0x8c
 871 0203 20000000 		.4byte	.LLST1
 872 0207 16       		.uleb128 0x16
 873 0208 6E00     		.ascii	"n\000"
 874 020a 01       		.byte	0x1
 875 020b 54       		.byte	0x54
 876 020c 30000000 		.4byte	0x30
 877 0210 33000000 		.4byte	.LLST2
 878 0214 17       		.uleb128 0x17
 879 0215 72010000 		.4byte	0x172
 880 0219 0C000000 		.4byte	.LBB10
 881 021d 00000000 		.4byte	.Ldebug_ranges0+0x0
 882 0221 01       		.byte	0x1
 883 0222 59       		.byte	0x59
 884 0223 18       		.uleb128 0x18
 885 0224 8A010000 		.4byte	0x18a
 886 0228 53000000 		.4byte	.LLST3
 887 022c 18       		.uleb128 0x18
 888 022d 80010000 		.4byte	0x180
 889 0231 7E000000 		.4byte	.LLST4
 890 0235 17       		.uleb128 0x17
 891 0236 43010000 		.4byte	0x143
 892 023a 10000000 		.4byte	.LBB14
 893 023e 28000000 		.4byte	.Ldebug_ranges0+0x28
 894 0242 01       		.byte	0x1
 895 0243 AE       		.byte	0xae
 896 0244 18       		.uleb128 0x18
 897 0245 5B010000 		.4byte	0x15b
 898 0249 9C000000 		.4byte	.LLST5
 899 024d 18       		.uleb128 0x18
 900 024e 51010000 		.4byte	0x151
ARM GAS  C:\Users\DNIEL~1\AppData\Local\Temp\ccO6ipL6.s 			page 17


 901 0252 C7000000 		.4byte	.LLST6
 902 0256 19       		.uleb128 0x19
 903 0257 50000000 		.4byte	.Ldebug_ranges0+0x50
 904 025b 1A       		.uleb128 0x1a
 905 025c 66010000 		.4byte	0x166
 906 0260 E5000000 		.4byte	.LLST7
 907 0264 00       		.byte	0x0
 908 0265 00       		.byte	0x0
 909 0266 00       		.byte	0x0
 910 0267 00       		.byte	0x0
 911 0268 1B       		.uleb128 0x1b
 912 0269 15010000 		.4byte	0x115
 913 026d 00000000 		.4byte	.LFB2
 914 0271 18000000 		.4byte	.LFE2
 915 0275 10010000 		.4byte	.LLST8
 916 0279 90020000 		.4byte	0x290
 917 027d 18       		.uleb128 0x18
 918 027e 27010000 		.4byte	0x127
 919 0282 30010000 		.4byte	.LLST9
 920 0286 1A       		.uleb128 0x1a
 921 0287 31010000 		.4byte	0x131
 922 028b 4E010000 		.4byte	.LLST10
 923 028f 00       		.byte	0x0
 924 0290 1C       		.uleb128 0x1c
 925 0291 01       		.byte	0x1
 926 0292 49010000 		.4byte	.LASF31
 927 0296 01       		.byte	0x1
 928 0297 80       		.byte	0x80
 929 0298 01       		.byte	0x1
 930 0299 8C000000 		.4byte	0x8c
 931 029d 00000000 		.4byte	.LFB3
 932 02a1 26000000 		.4byte	.LFE3
 933 02a5 6D010000 		.4byte	.LLST11
 934 02a9 F1020000 		.4byte	0x2f1
 935 02ad 16       		.uleb128 0x16
 936 02ae 6D7000   		.ascii	"mp\000"
 937 02b1 01       		.byte	0x1
 938 02b2 80       		.byte	0x80
 939 02b3 3D010000 		.4byte	0x13d
 940 02b7 8D010000 		.4byte	.LLST12
 941 02bb 1D       		.uleb128 0x1d
 942 02bc A1000000 		.4byte	.LASF19
 943 02c0 01       		.byte	0x1
 944 02c1 81       		.byte	0x81
 945 02c2 8C000000 		.4byte	0x8c
 946 02c6 01       		.byte	0x1
 947 02c7 50       		.byte	0x50
 948 02c8 17       		.uleb128 0x17
 949 02c9 15010000 		.4byte	0x115
 950 02cd 08000000 		.4byte	.LBB26
 951 02d1 78000000 		.4byte	.Ldebug_ranges0+0x78
 952 02d5 01       		.byte	0x1
 953 02d6 84       		.byte	0x84
 954 02d7 18       		.uleb128 0x18
 955 02d8 27010000 		.4byte	0x127
 956 02dc AB010000 		.4byte	.LLST13
 957 02e0 19       		.uleb128 0x19
ARM GAS  C:\Users\DNIEL~1\AppData\Local\Temp\ccO6ipL6.s 			page 18


 958 02e1 90000000 		.4byte	.Ldebug_ranges0+0x90
 959 02e5 1A       		.uleb128 0x1a
 960 02e6 31010000 		.4byte	0x131
 961 02ea C9010000 		.4byte	.LLST14
 962 02ee 00       		.byte	0x0
 963 02ef 00       		.byte	0x0
 964 02f0 00       		.byte	0x0
 965 02f1 1E       		.uleb128 0x1e
 966 02f2 43010000 		.4byte	0x143
 967 02f6 00000000 		.4byte	.LFB4
 968 02fa 08000000 		.4byte	.LFE4
 969 02fe 02       		.byte	0x2
 970 02ff 7D       		.byte	0x7d
 971 0300 00       		.sleb128 0
 972 0301 1B030000 		.4byte	0x31b
 973 0305 1F       		.uleb128 0x1f
 974 0306 51010000 		.4byte	0x151
 975 030a 01       		.byte	0x1
 976 030b 50       		.byte	0x50
 977 030c 1F       		.uleb128 0x1f
 978 030d 5B010000 		.4byte	0x15b
 979 0311 01       		.byte	0x1
 980 0312 51       		.byte	0x51
 981 0313 20       		.uleb128 0x20
 982 0314 66010000 		.4byte	0x166
 983 0318 01       		.byte	0x1
 984 0319 51       		.byte	0x51
 985 031a 00       		.byte	0x0
 986 031b 21       		.uleb128 0x21
 987 031c 72010000 		.4byte	0x172
 988 0320 00000000 		.4byte	.LFB5
 989 0324 14000000 		.4byte	.LFE5
 990 0328 E8010000 		.4byte	.LLST15
 991 032c 1F       		.uleb128 0x1f
 992 032d 80010000 		.4byte	0x180
 993 0331 01       		.byte	0x1
 994 0332 50       		.byte	0x50
 995 0333 1F       		.uleb128 0x1f
 996 0334 8A010000 		.4byte	0x18a
 997 0338 01       		.byte	0x1
 998 0339 51       		.byte	0x51
 999 033a 22       		.uleb128 0x22
 1000 033b 43010000 		.4byte	0x143
 1001 033f 06000000 		.4byte	.LBB30
 1002 0343 0C000000 		.4byte	.LBE30
 1003 0347 01       		.byte	0x1
 1004 0348 AE       		.byte	0xae
 1005 0349 1F       		.uleb128 0x1f
 1006 034a 5B010000 		.4byte	0x15b
 1007 034e 01       		.byte	0x1
 1008 034f 51       		.byte	0x51
 1009 0350 1F       		.uleb128 0x1f
 1010 0351 51010000 		.4byte	0x151
 1011 0355 01       		.byte	0x1
 1012 0356 50       		.byte	0x50
 1013 0357 23       		.uleb128 0x23
 1014 0358 06000000 		.4byte	.LBB31
ARM GAS  C:\Users\DNIEL~1\AppData\Local\Temp\ccO6ipL6.s 			page 19


 1015 035c 0C000000 		.4byte	.LBE31
 1016 0360 20       		.uleb128 0x20
 1017 0361 66010000 		.4byte	0x166
 1018 0365 01       		.byte	0x1
 1019 0366 51       		.byte	0x51
 1020 0367 00       		.byte	0x0
 1021 0368 00       		.byte	0x0
 1022 0369 00       		.byte	0x0
 1023 036a 00       		.byte	0x0
 1024              		.section	.debug_abbrev
 1025 0000 01       		.uleb128 0x1
 1026 0001 11       		.uleb128 0x11
 1027 0002 01       		.byte	0x1
 1028 0003 25       		.uleb128 0x25
 1029 0004 0E       		.uleb128 0xe
 1030 0005 13       		.uleb128 0x13
 1031 0006 0B       		.uleb128 0xb
 1032 0007 03       		.uleb128 0x3
 1033 0008 0E       		.uleb128 0xe
 1034 0009 1B       		.uleb128 0x1b
 1035 000a 0E       		.uleb128 0xe
 1036 000b 11       		.uleb128 0x11
 1037 000c 01       		.uleb128 0x1
 1038 000d 52       		.uleb128 0x52
 1039 000e 01       		.uleb128 0x1
 1040 000f 55       		.uleb128 0x55
 1041 0010 06       		.uleb128 0x6
 1042 0011 10       		.uleb128 0x10
 1043 0012 06       		.uleb128 0x6
 1044 0013 00       		.byte	0x0
 1045 0014 00       		.byte	0x0
 1046 0015 02       		.uleb128 0x2
 1047 0016 24       		.uleb128 0x24
 1048 0017 00       		.byte	0x0
 1049 0018 0B       		.uleb128 0xb
 1050 0019 0B       		.uleb128 0xb
 1051 001a 3E       		.uleb128 0x3e
 1052 001b 0B       		.uleb128 0xb
 1053 001c 03       		.uleb128 0x3
 1054 001d 08       		.uleb128 0x8
 1055 001e 00       		.byte	0x0
 1056 001f 00       		.byte	0x0
 1057 0020 03       		.uleb128 0x3
 1058 0021 16       		.uleb128 0x16
 1059 0022 00       		.byte	0x0
 1060 0023 03       		.uleb128 0x3
 1061 0024 0E       		.uleb128 0xe
 1062 0025 3A       		.uleb128 0x3a
 1063 0026 0B       		.uleb128 0xb
 1064 0027 3B       		.uleb128 0x3b
 1065 0028 0B       		.uleb128 0xb
 1066 0029 49       		.uleb128 0x49
 1067 002a 13       		.uleb128 0x13
 1068 002b 00       		.byte	0x0
 1069 002c 00       		.byte	0x0
 1070 002d 04       		.uleb128 0x4
 1071 002e 24       		.uleb128 0x24
ARM GAS  C:\Users\DNIEL~1\AppData\Local\Temp\ccO6ipL6.s 			page 20


 1072 002f 00       		.byte	0x0
 1073 0030 0B       		.uleb128 0xb
 1074 0031 0B       		.uleb128 0xb
 1075 0032 3E       		.uleb128 0x3e
 1076 0033 0B       		.uleb128 0xb
 1077 0034 03       		.uleb128 0x3
 1078 0035 0E       		.uleb128 0xe
 1079 0036 00       		.byte	0x0
 1080 0037 00       		.byte	0x0
 1081 0038 05       		.uleb128 0x5
 1082 0039 0F       		.uleb128 0xf
 1083 003a 00       		.byte	0x0
 1084 003b 0B       		.uleb128 0xb
 1085 003c 0B       		.uleb128 0xb
 1086 003d 00       		.byte	0x0
 1087 003e 00       		.byte	0x0
 1088 003f 06       		.uleb128 0x6
 1089 0040 0F       		.uleb128 0xf
 1090 0041 00       		.byte	0x0
 1091 0042 0B       		.uleb128 0xb
 1092 0043 0B       		.uleb128 0xb
 1093 0044 49       		.uleb128 0x49
 1094 0045 13       		.uleb128 0x13
 1095 0046 00       		.byte	0x0
 1096 0047 00       		.byte	0x0
 1097 0048 07       		.uleb128 0x7
 1098 0049 15       		.uleb128 0x15
 1099 004a 01       		.byte	0x1
 1100 004b 27       		.uleb128 0x27
 1101 004c 0C       		.uleb128 0xc
 1102 004d 49       		.uleb128 0x49
 1103 004e 13       		.uleb128 0x13
 1104 004f 01       		.uleb128 0x1
 1105 0050 13       		.uleb128 0x13
 1106 0051 00       		.byte	0x0
 1107 0052 00       		.byte	0x0
 1108 0053 08       		.uleb128 0x8
 1109 0054 05       		.uleb128 0x5
 1110 0055 00       		.byte	0x0
 1111 0056 49       		.uleb128 0x49
 1112 0057 13       		.uleb128 0x13
 1113 0058 00       		.byte	0x0
 1114 0059 00       		.byte	0x0
 1115 005a 09       		.uleb128 0x9
 1116 005b 13       		.uleb128 0x13
 1117 005c 01       		.byte	0x1
 1118 005d 03       		.uleb128 0x3
 1119 005e 0E       		.uleb128 0xe
 1120 005f 0B       		.uleb128 0xb
 1121 0060 0B       		.uleb128 0xb
 1122 0061 3A       		.uleb128 0x3a
 1123 0062 0B       		.uleb128 0xb
 1124 0063 3B       		.uleb128 0x3b
 1125 0064 0B       		.uleb128 0xb
 1126 0065 01       		.uleb128 0x1
 1127 0066 13       		.uleb128 0x13
 1128 0067 00       		.byte	0x0
ARM GAS  C:\Users\DNIEL~1\AppData\Local\Temp\ccO6ipL6.s 			page 21


 1129 0068 00       		.byte	0x0
 1130 0069 0A       		.uleb128 0xa
 1131 006a 0D       		.uleb128 0xd
 1132 006b 00       		.byte	0x0
 1133 006c 03       		.uleb128 0x3
 1134 006d 0E       		.uleb128 0xe
 1135 006e 3A       		.uleb128 0x3a
 1136 006f 0B       		.uleb128 0xb
 1137 0070 3B       		.uleb128 0x3b
 1138 0071 0B       		.uleb128 0xb
 1139 0072 49       		.uleb128 0x49
 1140 0073 13       		.uleb128 0x13
 1141 0074 38       		.uleb128 0x38
 1142 0075 0A       		.uleb128 0xa
 1143 0076 00       		.byte	0x0
 1144 0077 00       		.byte	0x0
 1145 0078 0B       		.uleb128 0xb
 1146 0079 13       		.uleb128 0x13
 1147 007a 01       		.byte	0x1
 1148 007b 0B       		.uleb128 0xb
 1149 007c 0B       		.uleb128 0xb
 1150 007d 3A       		.uleb128 0x3a
 1151 007e 0B       		.uleb128 0xb
 1152 007f 3B       		.uleb128 0x3b
 1153 0080 0B       		.uleb128 0xb
 1154 0081 01       		.uleb128 0x1
 1155 0082 13       		.uleb128 0x13
 1156 0083 00       		.byte	0x0
 1157 0084 00       		.byte	0x0
 1158 0085 0C       		.uleb128 0xc
 1159 0086 2E       		.uleb128 0x2e
 1160 0087 01       		.byte	0x1
 1161 0088 3F       		.uleb128 0x3f
 1162 0089 0C       		.uleb128 0xc
 1163 008a 03       		.uleb128 0x3
 1164 008b 0E       		.uleb128 0xe
 1165 008c 3A       		.uleb128 0x3a
 1166 008d 0B       		.uleb128 0xb
 1167 008e 3B       		.uleb128 0x3b
 1168 008f 0B       		.uleb128 0xb
 1169 0090 27       		.uleb128 0x27
 1170 0091 0C       		.uleb128 0xc
 1171 0092 49       		.uleb128 0x49
 1172 0093 13       		.uleb128 0x13
 1173 0094 20       		.uleb128 0x20
 1174 0095 0B       		.uleb128 0xb
 1175 0096 01       		.uleb128 0x1
 1176 0097 13       		.uleb128 0x13
 1177 0098 00       		.byte	0x0
 1178 0099 00       		.byte	0x0
 1179 009a 0D       		.uleb128 0xd
 1180 009b 05       		.uleb128 0x5
 1181 009c 00       		.byte	0x0
 1182 009d 03       		.uleb128 0x3
 1183 009e 08       		.uleb128 0x8
 1184 009f 3A       		.uleb128 0x3a
 1185 00a0 0B       		.uleb128 0xb
ARM GAS  C:\Users\DNIEL~1\AppData\Local\Temp\ccO6ipL6.s 			page 22


 1186 00a1 3B       		.uleb128 0x3b
 1187 00a2 0B       		.uleb128 0xb
 1188 00a3 49       		.uleb128 0x49
 1189 00a4 13       		.uleb128 0x13
 1190 00a5 00       		.byte	0x0
 1191 00a6 00       		.byte	0x0
 1192 00a7 0E       		.uleb128 0xe
 1193 00a8 34       		.uleb128 0x34
 1194 00a9 00       		.byte	0x0
 1195 00aa 03       		.uleb128 0x3
 1196 00ab 0E       		.uleb128 0xe
 1197 00ac 3A       		.uleb128 0x3a
 1198 00ad 0B       		.uleb128 0xb
 1199 00ae 3B       		.uleb128 0x3b
 1200 00af 0B       		.uleb128 0xb
 1201 00b0 49       		.uleb128 0x49
 1202 00b1 13       		.uleb128 0x13
 1203 00b2 00       		.byte	0x0
 1204 00b3 00       		.byte	0x0
 1205 00b4 0F       		.uleb128 0xf
 1206 00b5 2E       		.uleb128 0x2e
 1207 00b6 01       		.byte	0x1
 1208 00b7 3F       		.uleb128 0x3f
 1209 00b8 0C       		.uleb128 0xc
 1210 00b9 03       		.uleb128 0x3
 1211 00ba 0E       		.uleb128 0xe
 1212 00bb 3A       		.uleb128 0x3a
 1213 00bc 0B       		.uleb128 0xb
 1214 00bd 3B       		.uleb128 0x3b
 1215 00be 0B       		.uleb128 0xb
 1216 00bf 27       		.uleb128 0x27
 1217 00c0 0C       		.uleb128 0xc
 1218 00c1 20       		.uleb128 0x20
 1219 00c2 0B       		.uleb128 0xb
 1220 00c3 01       		.uleb128 0x1
 1221 00c4 13       		.uleb128 0x13
 1222 00c5 00       		.byte	0x0
 1223 00c6 00       		.byte	0x0
 1224 00c7 10       		.uleb128 0x10
 1225 00c8 05       		.uleb128 0x5
 1226 00c9 00       		.byte	0x0
 1227 00ca 03       		.uleb128 0x3
 1228 00cb 0E       		.uleb128 0xe
 1229 00cc 3A       		.uleb128 0x3a
 1230 00cd 0B       		.uleb128 0xb
 1231 00ce 3B       		.uleb128 0x3b
 1232 00cf 0B       		.uleb128 0xb
 1233 00d0 49       		.uleb128 0x49
 1234 00d1 13       		.uleb128 0x13
 1235 00d2 00       		.byte	0x0
 1236 00d3 00       		.byte	0x0
 1237 00d4 11       		.uleb128 0x11
 1238 00d5 34       		.uleb128 0x34
 1239 00d6 00       		.byte	0x0
 1240 00d7 03       		.uleb128 0x3
 1241 00d8 08       		.uleb128 0x8
 1242 00d9 3A       		.uleb128 0x3a
ARM GAS  C:\Users\DNIEL~1\AppData\Local\Temp\ccO6ipL6.s 			page 23


 1243 00da 0B       		.uleb128 0xb
 1244 00db 3B       		.uleb128 0x3b
 1245 00dc 0B       		.uleb128 0xb
 1246 00dd 49       		.uleb128 0x49
 1247 00de 13       		.uleb128 0x13
 1248 00df 00       		.byte	0x0
 1249 00e0 00       		.byte	0x0
 1250 00e1 12       		.uleb128 0x12
 1251 00e2 2E       		.uleb128 0x2e
 1252 00e3 01       		.byte	0x1
 1253 00e4 3F       		.uleb128 0x3f
 1254 00e5 0C       		.uleb128 0xc
 1255 00e6 03       		.uleb128 0x3
 1256 00e7 0E       		.uleb128 0xe
 1257 00e8 3A       		.uleb128 0x3a
 1258 00e9 0B       		.uleb128 0xb
 1259 00ea 3B       		.uleb128 0x3b
 1260 00eb 0B       		.uleb128 0xb
 1261 00ec 27       		.uleb128 0x27
 1262 00ed 0C       		.uleb128 0xc
 1263 00ee 11       		.uleb128 0x11
 1264 00ef 01       		.uleb128 0x1
 1265 00f0 12       		.uleb128 0x12
 1266 00f1 01       		.uleb128 0x1
 1267 00f2 40       		.uleb128 0x40
 1268 00f3 0A       		.uleb128 0xa
 1269 00f4 01       		.uleb128 0x1
 1270 00f5 13       		.uleb128 0x13
 1271 00f6 00       		.byte	0x0
 1272 00f7 00       		.byte	0x0
 1273 00f8 13       		.uleb128 0x13
 1274 00f9 05       		.uleb128 0x5
 1275 00fa 00       		.byte	0x0
 1276 00fb 03       		.uleb128 0x3
 1277 00fc 08       		.uleb128 0x8
 1278 00fd 3A       		.uleb128 0x3a
 1279 00fe 0B       		.uleb128 0xb
 1280 00ff 3B       		.uleb128 0x3b
 1281 0100 0B       		.uleb128 0xb
 1282 0101 49       		.uleb128 0x49
 1283 0102 13       		.uleb128 0x13
 1284 0103 02       		.uleb128 0x2
 1285 0104 0A       		.uleb128 0xa
 1286 0105 00       		.byte	0x0
 1287 0106 00       		.byte	0x0
 1288 0107 14       		.uleb128 0x14
 1289 0108 05       		.uleb128 0x5
 1290 0109 00       		.byte	0x0
 1291 010a 03       		.uleb128 0x3
 1292 010b 0E       		.uleb128 0xe
 1293 010c 3A       		.uleb128 0x3a
 1294 010d 0B       		.uleb128 0xb
 1295 010e 3B       		.uleb128 0x3b
 1296 010f 0B       		.uleb128 0xb
 1297 0110 49       		.uleb128 0x49
 1298 0111 13       		.uleb128 0x13
 1299 0112 02       		.uleb128 0x2
ARM GAS  C:\Users\DNIEL~1\AppData\Local\Temp\ccO6ipL6.s 			page 24


 1300 0113 0A       		.uleb128 0xa
 1301 0114 00       		.byte	0x0
 1302 0115 00       		.byte	0x0
 1303 0116 15       		.uleb128 0x15
 1304 0117 2E       		.uleb128 0x2e
 1305 0118 01       		.byte	0x1
 1306 0119 3F       		.uleb128 0x3f
 1307 011a 0C       		.uleb128 0xc
 1308 011b 03       		.uleb128 0x3
 1309 011c 0E       		.uleb128 0xe
 1310 011d 3A       		.uleb128 0x3a
 1311 011e 0B       		.uleb128 0xb
 1312 011f 3B       		.uleb128 0x3b
 1313 0120 0B       		.uleb128 0xb
 1314 0121 27       		.uleb128 0x27
 1315 0122 0C       		.uleb128 0xc
 1316 0123 11       		.uleb128 0x11
 1317 0124 01       		.uleb128 0x1
 1318 0125 12       		.uleb128 0x12
 1319 0126 01       		.uleb128 0x1
 1320 0127 40       		.uleb128 0x40
 1321 0128 06       		.uleb128 0x6
 1322 0129 01       		.uleb128 0x1
 1323 012a 13       		.uleb128 0x13
 1324 012b 00       		.byte	0x0
 1325 012c 00       		.byte	0x0
 1326 012d 16       		.uleb128 0x16
 1327 012e 05       		.uleb128 0x5
 1328 012f 00       		.byte	0x0
 1329 0130 03       		.uleb128 0x3
 1330 0131 08       		.uleb128 0x8
 1331 0132 3A       		.uleb128 0x3a
 1332 0133 0B       		.uleb128 0xb
 1333 0134 3B       		.uleb128 0x3b
 1334 0135 0B       		.uleb128 0xb
 1335 0136 49       		.uleb128 0x49
 1336 0137 13       		.uleb128 0x13
 1337 0138 02       		.uleb128 0x2
 1338 0139 06       		.uleb128 0x6
 1339 013a 00       		.byte	0x0
 1340 013b 00       		.byte	0x0
 1341 013c 17       		.uleb128 0x17
 1342 013d 1D       		.uleb128 0x1d
 1343 013e 01       		.byte	0x1
 1344 013f 31       		.uleb128 0x31
 1345 0140 13       		.uleb128 0x13
 1346 0141 52       		.uleb128 0x52
 1347 0142 01       		.uleb128 0x1
 1348 0143 55       		.uleb128 0x55
 1349 0144 06       		.uleb128 0x6
 1350 0145 58       		.uleb128 0x58
 1351 0146 0B       		.uleb128 0xb
 1352 0147 59       		.uleb128 0x59
 1353 0148 0B       		.uleb128 0xb
 1354 0149 00       		.byte	0x0
 1355 014a 00       		.byte	0x0
 1356 014b 18       		.uleb128 0x18
ARM GAS  C:\Users\DNIEL~1\AppData\Local\Temp\ccO6ipL6.s 			page 25


 1357 014c 05       		.uleb128 0x5
 1358 014d 00       		.byte	0x0
 1359 014e 31       		.uleb128 0x31
 1360 014f 13       		.uleb128 0x13
 1361 0150 02       		.uleb128 0x2
 1362 0151 06       		.uleb128 0x6
 1363 0152 00       		.byte	0x0
 1364 0153 00       		.byte	0x0
 1365 0154 19       		.uleb128 0x19
 1366 0155 0B       		.uleb128 0xb
 1367 0156 01       		.byte	0x1
 1368 0157 55       		.uleb128 0x55
 1369 0158 06       		.uleb128 0x6
 1370 0159 00       		.byte	0x0
 1371 015a 00       		.byte	0x0
 1372 015b 1A       		.uleb128 0x1a
 1373 015c 34       		.uleb128 0x34
 1374 015d 00       		.byte	0x0
 1375 015e 31       		.uleb128 0x31
 1376 015f 13       		.uleb128 0x13
 1377 0160 02       		.uleb128 0x2
 1378 0161 06       		.uleb128 0x6
 1379 0162 00       		.byte	0x0
 1380 0163 00       		.byte	0x0
 1381 0164 1B       		.uleb128 0x1b
 1382 0165 2E       		.uleb128 0x2e
 1383 0166 01       		.byte	0x1
 1384 0167 31       		.uleb128 0x31
 1385 0168 13       		.uleb128 0x13
 1386 0169 11       		.uleb128 0x11
 1387 016a 01       		.uleb128 0x1
 1388 016b 12       		.uleb128 0x12
 1389 016c 01       		.uleb128 0x1
 1390 016d 40       		.uleb128 0x40
 1391 016e 06       		.uleb128 0x6
 1392 016f 01       		.uleb128 0x1
 1393 0170 13       		.uleb128 0x13
 1394 0171 00       		.byte	0x0
 1395 0172 00       		.byte	0x0
 1396 0173 1C       		.uleb128 0x1c
 1397 0174 2E       		.uleb128 0x2e
 1398 0175 01       		.byte	0x1
 1399 0176 3F       		.uleb128 0x3f
 1400 0177 0C       		.uleb128 0xc
 1401 0178 03       		.uleb128 0x3
 1402 0179 0E       		.uleb128 0xe
 1403 017a 3A       		.uleb128 0x3a
 1404 017b 0B       		.uleb128 0xb
 1405 017c 3B       		.uleb128 0x3b
 1406 017d 0B       		.uleb128 0xb
 1407 017e 27       		.uleb128 0x27
 1408 017f 0C       		.uleb128 0xc
 1409 0180 49       		.uleb128 0x49
 1410 0181 13       		.uleb128 0x13
 1411 0182 11       		.uleb128 0x11
 1412 0183 01       		.uleb128 0x1
 1413 0184 12       		.uleb128 0x12
ARM GAS  C:\Users\DNIEL~1\AppData\Local\Temp\ccO6ipL6.s 			page 26


 1414 0185 01       		.uleb128 0x1
 1415 0186 40       		.uleb128 0x40
 1416 0187 06       		.uleb128 0x6
 1417 0188 01       		.uleb128 0x1
 1418 0189 13       		.uleb128 0x13
 1419 018a 00       		.byte	0x0
 1420 018b 00       		.byte	0x0
 1421 018c 1D       		.uleb128 0x1d
 1422 018d 34       		.uleb128 0x34
 1423 018e 00       		.byte	0x0
 1424 018f 03       		.uleb128 0x3
 1425 0190 0E       		.uleb128 0xe
 1426 0191 3A       		.uleb128 0x3a
 1427 0192 0B       		.uleb128 0xb
 1428 0193 3B       		.uleb128 0x3b
 1429 0194 0B       		.uleb128 0xb
 1430 0195 49       		.uleb128 0x49
 1431 0196 13       		.uleb128 0x13
 1432 0197 02       		.uleb128 0x2
 1433 0198 0A       		.uleb128 0xa
 1434 0199 00       		.byte	0x0
 1435 019a 00       		.byte	0x0
 1436 019b 1E       		.uleb128 0x1e
 1437 019c 2E       		.uleb128 0x2e
 1438 019d 01       		.byte	0x1
 1439 019e 31       		.uleb128 0x31
 1440 019f 13       		.uleb128 0x13
 1441 01a0 11       		.uleb128 0x11
 1442 01a1 01       		.uleb128 0x1
 1443 01a2 12       		.uleb128 0x12
 1444 01a3 01       		.uleb128 0x1
 1445 01a4 40       		.uleb128 0x40
 1446 01a5 0A       		.uleb128 0xa
 1447 01a6 01       		.uleb128 0x1
 1448 01a7 13       		.uleb128 0x13
 1449 01a8 00       		.byte	0x0
 1450 01a9 00       		.byte	0x0
 1451 01aa 1F       		.uleb128 0x1f
 1452 01ab 05       		.uleb128 0x5
 1453 01ac 00       		.byte	0x0
 1454 01ad 31       		.uleb128 0x31
 1455 01ae 13       		.uleb128 0x13
 1456 01af 02       		.uleb128 0x2
 1457 01b0 0A       		.uleb128 0xa
 1458 01b1 00       		.byte	0x0
 1459 01b2 00       		.byte	0x0
 1460 01b3 20       		.uleb128 0x20
 1461 01b4 34       		.uleb128 0x34
 1462 01b5 00       		.byte	0x0
 1463 01b6 31       		.uleb128 0x31
 1464 01b7 13       		.uleb128 0x13
 1465 01b8 02       		.uleb128 0x2
 1466 01b9 0A       		.uleb128 0xa
 1467 01ba 00       		.byte	0x0
 1468 01bb 00       		.byte	0x0
 1469 01bc 21       		.uleb128 0x21
 1470 01bd 2E       		.uleb128 0x2e
ARM GAS  C:\Users\DNIEL~1\AppData\Local\Temp\ccO6ipL6.s 			page 27


 1471 01be 01       		.byte	0x1
 1472 01bf 31       		.uleb128 0x31
 1473 01c0 13       		.uleb128 0x13
 1474 01c1 11       		.uleb128 0x11
 1475 01c2 01       		.uleb128 0x1
 1476 01c3 12       		.uleb128 0x12
 1477 01c4 01       		.uleb128 0x1
 1478 01c5 40       		.uleb128 0x40
 1479 01c6 06       		.uleb128 0x6
 1480 01c7 00       		.byte	0x0
 1481 01c8 00       		.byte	0x0
 1482 01c9 22       		.uleb128 0x22
 1483 01ca 1D       		.uleb128 0x1d
 1484 01cb 01       		.byte	0x1
 1485 01cc 31       		.uleb128 0x31
 1486 01cd 13       		.uleb128 0x13
 1487 01ce 11       		.uleb128 0x11
 1488 01cf 01       		.uleb128 0x1
 1489 01d0 12       		.uleb128 0x12
 1490 01d1 01       		.uleb128 0x1
 1491 01d2 58       		.uleb128 0x58
 1492 01d3 0B       		.uleb128 0xb
 1493 01d4 59       		.uleb128 0x59
 1494 01d5 0B       		.uleb128 0xb
 1495 01d6 00       		.byte	0x0
 1496 01d7 00       		.byte	0x0
 1497 01d8 23       		.uleb128 0x23
 1498 01d9 0B       		.uleb128 0xb
 1499 01da 01       		.byte	0x1
 1500 01db 11       		.uleb128 0x11
 1501 01dc 01       		.uleb128 0x1
 1502 01dd 12       		.uleb128 0x12
 1503 01de 01       		.uleb128 0x1
 1504 01df 00       		.byte	0x0
 1505 01e0 00       		.byte	0x0
 1506 01e1 00       		.byte	0x0
 1507              		.section	.debug_pubnames,"",%progbits
 1508 0000 71000000 		.4byte	0x71
 1509 0004 0200     		.2byte	0x2
 1510 0006 00000000 		.4byte	.Ldebug_info0
 1511 000a 6B030000 		.4byte	0x36b
 1512 000e 96010000 		.4byte	0x196
 1513 0012 6368506F 		.ascii	"chPoolInit\000"
 1513      6F6C496E 
 1513      697400
 1514 001d D5010000 		.4byte	0x1d5
 1515 0021 6368506F 		.ascii	"chPoolLoadArray\000"
 1515      6F6C4C6F 
 1515      61644172 
 1515      72617900 
 1516 0031 68020000 		.4byte	0x268
 1517 0035 6368506F 		.ascii	"chPoolAllocI\000"
 1517      6F6C416C 
 1517      6C6F6349 
 1517      00
 1518 0042 90020000 		.4byte	0x290
 1519 0046 6368506F 		.ascii	"chPoolAlloc\000"
ARM GAS  C:\Users\DNIEL~1\AppData\Local\Temp\ccO6ipL6.s 			page 28


 1519      6F6C416C 
 1519      6C6F6300 
 1520 0052 F1020000 		.4byte	0x2f1
 1521 0056 6368506F 		.ascii	"chPoolFreeI\000"
 1521      6F6C4672 
 1521      65654900 
 1522 0062 1B030000 		.4byte	0x31b
 1523 0066 6368506F 		.ascii	"chPoolFree\000"
 1523      6F6C4672 
 1523      656500
 1524 0071 00000000 		.4byte	0x0
 1525              		.section	.debug_pubtypes,"",%progbits
 1526 0000 55000000 		.4byte	0x55
 1527 0004 0200     		.2byte	0x2
 1528 0006 00000000 		.4byte	.Ldebug_info0
 1529 000a 6B030000 		.4byte	0x36b
 1530 000e 30000000 		.4byte	0x30
 1531 0012 73697A65 		.ascii	"size_t\000"
 1531      5F7400
 1532 0019 49000000 		.4byte	0x49
 1533 001d 75696E74 		.ascii	"uint8_t\000"
 1533      385F7400 
 1534 0025 8E000000 		.4byte	0x8e
 1535 0029 6D656D67 		.ascii	"memgetfunc_t\000"
 1535      65746675 
 1535      6E635F74 
 1535      00
 1536 0036 AF000000 		.4byte	0xaf
 1537 003a 706F6F6C 		.ascii	"pool_header\000"
 1537      5F686561 
 1537      64657200 
 1538 0046 03010000 		.4byte	0x103
 1539 004a 4D656D6F 		.ascii	"MemoryPool\000"
 1539      7279506F 
 1539      6F6C00
 1540 0055 00000000 		.4byte	0x0
 1541              		.section	.debug_aranges,"",%progbits
 1542 0000 44000000 		.4byte	0x44
 1543 0004 0200     		.2byte	0x2
 1544 0006 00000000 		.4byte	.Ldebug_info0
 1545 000a 04       		.byte	0x4
 1546 000b 00       		.byte	0x0
 1547 000c 0000     		.2byte	0x0
 1548 000e 0000     		.2byte	0x0
 1549 0010 00000000 		.4byte	.LFB0
 1550 0014 0A000000 		.4byte	.LFE0-.LFB0
 1551 0018 00000000 		.4byte	.LFB1
 1552 001c 68000000 		.4byte	.LFE1-.LFB1
 1553 0020 00000000 		.4byte	.LFB2
 1554 0024 18000000 		.4byte	.LFE2-.LFB2
 1555 0028 00000000 		.4byte	.LFB3
 1556 002c 26000000 		.4byte	.LFE3-.LFB3
 1557 0030 00000000 		.4byte	.LFB4
 1558 0034 08000000 		.4byte	.LFE4-.LFB4
 1559 0038 00000000 		.4byte	.LFB5
 1560 003c 14000000 		.4byte	.LFE5-.LFB5
 1561 0040 00000000 		.4byte	0x0
ARM GAS  C:\Users\DNIEL~1\AppData\Local\Temp\ccO6ipL6.s 			page 29


 1562 0044 00000000 		.4byte	0x0
 1563              		.section	.debug_ranges,"",%progbits
 1564              	.Ldebug_ranges0:
 1565 0000 0C000000 		.4byte	.LBB10
 1566 0004 1A000000 		.4byte	.LBE10
 1567 0008 4C000000 		.4byte	.LBB25
 1568 000c 5A000000 		.4byte	.LBE25
 1569 0010 38000000 		.4byte	.LBB24
 1570 0014 46000000 		.4byte	.LBE24
 1571 0018 22000000 		.4byte	.LBB23
 1572 001c 30000000 		.4byte	.LBE23
 1573 0020 00000000 		.4byte	0x0
 1574 0024 00000000 		.4byte	0x0
 1575 0028 10000000 		.4byte	.LBB14
 1576 002c 16000000 		.4byte	.LBE14
 1577 0030 50000000 		.4byte	.LBB20
 1578 0034 56000000 		.4byte	.LBE20
 1579 0038 3C000000 		.4byte	.LBB13
 1580 003c 42000000 		.4byte	.LBE13
 1581 0040 26000000 		.4byte	.LBB19
 1582 0044 2C000000 		.4byte	.LBE19
 1583 0048 00000000 		.4byte	0x0
 1584 004c 00000000 		.4byte	0x0
 1585 0050 10000000 		.4byte	.LBB16
 1586 0054 16000000 		.4byte	.LBE16
 1587 0058 50000000 		.4byte	.LBB18
 1588 005c 56000000 		.4byte	.LBE18
 1589 0060 3C000000 		.4byte	.LBB15
 1590 0064 42000000 		.4byte	.LBE15
 1591 0068 26000000 		.4byte	.LBB17
 1592 006c 2C000000 		.4byte	.LBE17
 1593 0070 00000000 		.4byte	0x0
 1594 0074 00000000 		.4byte	0x0
 1595 0078 08000000 		.4byte	.LBB26
 1596 007c 10000000 		.4byte	.LBE26
 1597 0080 16000000 		.4byte	.LBB29
 1598 0084 20000000 		.4byte	.LBE29
 1599 0088 00000000 		.4byte	0x0
 1600 008c 00000000 		.4byte	0x0
 1601 0090 08000000 		.4byte	.LBB27
 1602 0094 10000000 		.4byte	.LBE27
 1603 0098 16000000 		.4byte	.LBB28
 1604 009c 20000000 		.4byte	.LBE28
 1605 00a0 00000000 		.4byte	0x0
 1606 00a4 00000000 		.4byte	0x0
 1607 00a8 00000000 		.4byte	.LFB0
 1608 00ac 0A000000 		.4byte	.LFE0
 1609 00b0 00000000 		.4byte	.LFB1
 1610 00b4 68000000 		.4byte	.LFE1
 1611 00b8 00000000 		.4byte	.LFB2
 1612 00bc 18000000 		.4byte	.LFE2
 1613 00c0 00000000 		.4byte	.LFB3
 1614 00c4 26000000 		.4byte	.LFE3
 1615 00c8 00000000 		.4byte	.LFB4
 1616 00cc 08000000 		.4byte	.LFE4
 1617 00d0 00000000 		.4byte	.LFB5
 1618 00d4 14000000 		.4byte	.LFE5
ARM GAS  C:\Users\DNIEL~1\AppData\Local\Temp\ccO6ipL6.s 			page 30


 1619 00d8 00000000 		.4byte	0x0
 1620 00dc 00000000 		.4byte	0x0
 1621              		.section	.debug_str,"MS",%progbits,1
 1622              	.LASF2:
 1623 0000 73697A65 		.ascii	"size_t\000"
 1623      5F7400
 1624              	.LASF26:
 1625 0007 474E5520 		.ascii	"GNU C 4.5.2\000"
 1625      4320342E 
 1625      352E3200 
 1626              	.LASF15:
 1627 0013 6D705F6F 		.ascii	"mp_object_size\000"
 1627      626A6563 
 1627      745F7369 
 1627      7A6500
 1628              	.LASF25:
 1629 0022 6368506F 		.ascii	"chPoolLoadArray\000"
 1629      6F6C4C6F 
 1629      61644172 
 1629      72617900 
 1630              	.LASF29:
 1631 0032 706F6F6C 		.ascii	"pool_header\000"
 1631      5F686561 
 1631      64657200 
 1632              	.LASF22:
 1633 003e 73697A65 		.ascii	"size\000"
 1633      00
 1634              	.LASF8:
 1635 0043 6C6F6E67 		.ascii	"long unsigned int\000"
 1635      20756E73 
 1635      69676E65 
 1635      6420696E 
 1635      7400
 1636              	.LASF6:
 1637 0055 73686F72 		.ascii	"short unsigned int\000"
 1637      7420756E 
 1637      7369676E 
 1637      65642069 
 1637      6E7400
 1638              	.LASF23:
 1639 0068 70726F76 		.ascii	"provider\000"
 1639      69646572 
 1639      00
 1640              	.LASF20:
 1641 0071 6368506F 		.ascii	"chPoolFreeI\000"
 1641      6F6C4672 
 1641      65654900 
 1642              	.LASF4:
 1643 007d 756E7369 		.ascii	"unsigned char\000"
 1643      676E6564 
 1643      20636861 
 1643      7200
 1644              	.LASF21:
 1645 008b 6368506F 		.ascii	"chPoolFree\000"
 1645      6F6C4672 
 1645      656500
 1646              	.LASF17:
ARM GAS  C:\Users\DNIEL~1\AppData\Local\Temp\ccO6ipL6.s 			page 31


 1647 0096 4D656D6F 		.ascii	"MemoryPool\000"
 1647      7279506F 
 1647      6F6C00
 1648              	.LASF19:
 1649 00a1 6F626A70 		.ascii	"objp\000"
 1649      00
 1650              	.LASF30:
 1651 00a6 6368506F 		.ascii	"chPoolAllocI\000"
 1651      6F6C416C 
 1651      6C6F6349 
 1651      00
 1652              	.LASF0:
 1653 00b3 756E7369 		.ascii	"unsigned int\000"
 1653      676E6564 
 1653      20696E74 
 1653      00
 1654              	.LASF10:
 1655 00c0 6C6F6E67 		.ascii	"long long unsigned int\000"
 1655      206C6F6E 
 1655      6720756E 
 1655      7369676E 
 1655      65642069 
 1656              	.LASF3:
 1657 00d7 75696E74 		.ascii	"uint8_t\000"
 1657      385F7400 
 1658              	.LASF13:
 1659 00df 70685F6E 		.ascii	"ph_next\000"
 1659      65787400 
 1660              	.LASF27:
 1661 00e7 2E2E2F2E 		.ascii	"../../../ChibiOS/os/kernel/src/chmempools.c\000"
 1661      2E2F2E2E 
 1661      2F436869 
 1661      62694F53 
 1661      2F6F732F 
 1662              	.LASF9:
 1663 0113 6C6F6E67 		.ascii	"long long int\000"
 1663      206C6F6E 
 1663      6720696E 
 1663      7400
 1664              	.LASF18:
 1665 0121 63686172 		.ascii	"char\000"
 1665      00
 1666              	.LASF12:
 1667 0126 6D656D67 		.ascii	"memgetfunc_t\000"
 1667      65746675 
 1667      6E635F74 
 1667      00
 1668              	.LASF16:
 1669 0133 6D705F70 		.ascii	"mp_provider\000"
 1669      726F7669 
 1669      64657200 
 1670              	.LASF5:
 1671 013f 73686F72 		.ascii	"short int\000"
 1671      7420696E 
 1671      7400
 1672              	.LASF31:
 1673 0149 6368506F 		.ascii	"chPoolAlloc\000"
ARM GAS  C:\Users\DNIEL~1\AppData\Local\Temp\ccO6ipL6.s 			page 32


 1673      6F6C416C 
 1673      6C6F6300 
 1674              	.LASF28:
 1675 0155 433A5C44 		.ascii	"C:\\Dani\\MegaLux\\Repo\\LuxControl\\LuxControl\\lu"
 1675      616E695C 
 1675      4D656761 
 1675      4C75785C 
 1675      5265706F 
 1676 0182 78636F6E 		.ascii	"xcontrol\\firmware\000"
 1676      74726F6C 
 1676      5C666972 
 1676      6D776172 
 1676      6500
 1677              	.LASF7:
 1678 0194 6C6F6E67 		.ascii	"long int\000"
 1678      20696E74 
 1678      00
 1679              	.LASF1:
 1680 019d 7369676E 		.ascii	"signed char\000"
 1680      65642063 
 1680      68617200 
 1681              	.LASF14:
 1682 01a9 6D705F6E 		.ascii	"mp_next\000"
 1682      65787400 
 1683              	.LASF11:
 1684 01b1 5F426F6F 		.ascii	"_Bool\000"
 1684      6C00
 1685              	.LASF24:
 1686 01b7 6368506F 		.ascii	"chPoolInit\000"
 1686      6F6C496E 
 1686      697400
 1687              		.ident	"GCC: (Sourcery G++ Lite 2011.03-42) 4.5.2"
ARM GAS  C:\Users\DNIEL~1\AppData\Local\Temp\ccO6ipL6.s 			page 33


DEFINED SYMBOLS
                            *ABS*:00000000 chmempools.c
C:\Users\DNIEL~1\AppData\Local\Temp\ccO6ipL6.s:24     .text.chPoolInit:00000000 $t
C:\Users\DNIEL~1\AppData\Local\Temp\ccO6ipL6.s:30     .text.chPoolInit:00000000 chPoolInit
C:\Users\DNIEL~1\AppData\Local\Temp\ccO6ipL6.s:52     .text.chPoolLoadArray:00000000 $t
C:\Users\DNIEL~1\AppData\Local\Temp\ccO6ipL6.s:58     .text.chPoolLoadArray:00000000 chPoolLoadArray
C:\Users\DNIEL~1\AppData\Local\Temp\ccO6ipL6.s:216    .text.chPoolAllocI:00000000 $t
C:\Users\DNIEL~1\AppData\Local\Temp\ccO6ipL6.s:222    .text.chPoolAllocI:00000000 chPoolAllocI
C:\Users\DNIEL~1\AppData\Local\Temp\ccO6ipL6.s:260    .text.chPoolAlloc:00000000 $t
C:\Users\DNIEL~1\AppData\Local\Temp\ccO6ipL6.s:266    .text.chPoolAlloc:00000000 chPoolAlloc
C:\Users\DNIEL~1\AppData\Local\Temp\ccO6ipL6.s:329    .text.chPoolFreeI:00000000 $t
C:\Users\DNIEL~1\AppData\Local\Temp\ccO6ipL6.s:335    .text.chPoolFreeI:00000000 chPoolFreeI
C:\Users\DNIEL~1\AppData\Local\Temp\ccO6ipL6.s:355    .text.chPoolFree:00000000 $t
C:\Users\DNIEL~1\AppData\Local\Temp\ccO6ipL6.s:361    .text.chPoolFree:00000000 chPoolFree
                     .debug_frame:00000010 $d

UNDEFINED SYMBOLS
_port_lock
_port_unlock
