ARM GAS  C:\Users\DNIEL~1\AppData\Local\Temp\cc348AEK.s 			page 1


   1              		.syntax unified
   2              		.cpu cortex-m3
   3              		.fpu softvfp
   4              		.eabi_attribute 20, 1
   5              		.eabi_attribute 21, 1
   6              		.eabi_attribute 23, 3
   7              		.eabi_attribute 24, 1
   8              		.eabi_attribute 25, 1
   9              		.eabi_attribute 26, 1
  10              		.eabi_attribute 30, 2
  11              		.eabi_attribute 18, 4
  12              		.thumb
  13              		.file	"chmsg.c"
  14              		.section	.debug_abbrev,"",%progbits
  15              	.Ldebug_abbrev0:
  16              		.section	.debug_info,"",%progbits
  17              	.Ldebug_info0:
  18              		.section	.debug_line,"",%progbits
  19              	.Ldebug_line0:
  20 0000 B4010000 		.text
  20      02005C01 
  20      00000201 
  20      FB0E0D00 
  20      01010101 
  21              	.Ltext0:
  22              		.cfi_sections	.debug_frame
  23              		.section	.text.chMsgSend,"ax",%progbits
  24              		.align	2
  25              		.p2align 4,,15
  26              		.global	chMsgSend
  27              		.thumb
  28              		.thumb_func
  29              		.type	chMsgSend, %function
  30              	chMsgSend:
  31              	.LFB0:
  32              		.file 1 "../../../ChibiOS/os/kernel/src/chmsg.c"
  33              		.loc 1 75 0
  34              		.cfi_startproc
  35              		@ args = 0, pretend = 0, frame = 0
  36              		@ frame_needed = 0, uses_anonymous_args = 0
  37              	.LVL0:
  38 0000 38B5     		push	{r3, r4, r5, lr}
  39              	.LCFI0:
  40              		.cfi_def_cfa_offset 16
  41              		.loc 1 76 0
  42 0002 104C     		ldr	r4, .L5
  43              		.cfi_offset 14, -4
  44              		.cfi_offset 5, -8
  45              		.cfi_offset 4, -12
  46              		.cfi_offset 3, -16
  47              		.loc 1 75 0
  48 0004 0546     		mov	r5, r0
  49              		.loc 1 76 0
  50 0006 A469     		ldr	r4, [r4, #24]
  51              	.LVL1:
  52              		.loc 1 75 0
  53 0008 0A46     		mov	r2, r1
ARM GAS  C:\Users\DNIEL~1\AppData\Local\Temp\cc348AEK.s 			page 2


  54              		.loc 1 80 0
  55              	@ 80 "../../../ChibiOS/os/kernel/src/chmsg.c" 1
  56 000a FFF7FEFF 		bl      _port_lock
  57              	@ 0 "" 2
  58              		.loc 1 82 0
  59              		.thumb
  60 000e 00F12C01 		add	r1, r0, #44
  61              	.LVL2:
  62              		.loc 1 81 0
  63 0012 6263     		str	r2, [r4, #52]
  64              		.loc 1 82 0
  65 0014 6162     		str	r1, [r4, #36]
  66              		.loc 1 83 0
  67 0016 2046     		mov	r0, r4
  68              	.LVL3:
  69 0018 FFF7FEFF 		bl	queue_insert
  70              	.LVL4:
  71              		.loc 1 84 0
  72 001c 2B7F     		ldrb	r3, [r5, #28]	@ zero_extendqisi2
  73 001e 0C2B     		cmp	r3, #12
  74 0020 06D0     		beq	.L4
  75              		.loc 1 86 0
  76 0022 0A20     		movs	r0, #10
  77 0024 FFF7FEFF 		bl	chSchGoSleepS
  78              		.loc 1 87 0
  79 0028 606A     		ldr	r0, [r4, #36]
  80              	.LVL5:
  81              		.loc 1 88 0
  82              	@ 88 "../../../ChibiOS/os/kernel/src/chmsg.c" 1
  83 002a FFF7FEFF 		bl      _port_unlock
  84              	@ 0 "" 2
  85              		.loc 1 90 0
  86              		.thumb
  87 002e 38BD     		pop	{r3, r4, r5, pc}
  88              	.LVL6:
  89              	.L4:
  90              		.loc 1 85 0
  91 0030 2846     		mov	r0, r5
  92 0032 FFF7FEFF 		bl	chSchReadyI
  93              		.loc 1 86 0
  94 0036 0A20     		movs	r0, #10
  95 0038 FFF7FEFF 		bl	chSchGoSleepS
  96              		.loc 1 87 0
  97 003c 606A     		ldr	r0, [r4, #36]
  98              	.LVL7:
  99              		.loc 1 88 0
 100              	@ 88 "../../../ChibiOS/os/kernel/src/chmsg.c" 1
 101 003e FFF7FEFF 		bl      _port_unlock
 102              	@ 0 "" 2
 103              		.loc 1 90 0
 104              		.thumb
 105 0042 38BD     		pop	{r3, r4, r5, pc}
 106              	.L6:
 107              		.align	2
 108              	.L5:
 109 0044 00000000 		.word	rlist
 110              		.cfi_endproc
ARM GAS  C:\Users\DNIEL~1\AppData\Local\Temp\cc348AEK.s 			page 3


 111              	.LFE0:
 112              		.size	chMsgSend, .-chMsgSend
 113 0048 AFF30080 		.section	.text.chMsgWait,"ax",%progbits
 113      AFF30080 
 114              		.align	2
 115              		.p2align 4,,15
 116              		.global	chMsgWait
 117              		.thumb
 118              		.thumb_func
 119              		.type	chMsgWait, %function
 120              	chMsgWait:
 121              	.LFB1:
 122              		.loc 1 106 0
 123              		.cfi_startproc
 124              		@ args = 0, pretend = 0, frame = 0
 125              		@ frame_needed = 0, uses_anonymous_args = 0
 126 0000 10B5     		push	{r4, lr}
 127              	.LCFI1:
 128              		.cfi_def_cfa_offset 8
 129              		.loc 1 109 0
 130              	@ 109 "../../../ChibiOS/os/kernel/src/chmsg.c" 1
 131 0002 FFF7FEFF 		bl      _port_lock
 132              	@ 0 "" 2
 133              		.loc 1 110 0
 134              		.thumb
 135 0006 0C4C     		ldr	r4, .L10
 136              		.cfi_offset 14, -4
 137              		.cfi_offset 4, -8
 138 0008 A069     		ldr	r0, [r4, #24]
 139 000a C36A     		ldr	r3, [r0, #44]
 140 000c 2C30     		adds	r0, r0, #44
 141 000e 8342     		cmp	r3, r0
 142 0010 06D0     		beq	.L9
 143              		.loc 1 112 0
 144 0012 FFF7FEFF 		bl	fifo_remove
 145              	.LVL8:
 146              		.loc 1 113 0
 147 0016 0B21     		movs	r1, #11
 148 0018 0177     		strb	r1, [r0, #28]
 149              		.loc 1 114 0
 150              	@ 114 "../../../ChibiOS/os/kernel/src/chmsg.c" 1
 151 001a FFF7FEFF 		bl      _port_unlock
 152              	@ 0 "" 2
 153              		.loc 1 116 0
 154              		.thumb
 155 001e 10BD     		pop	{r4, pc}
 156              	.LVL9:
 157              	.L9:
 158              		.loc 1 111 0
 159 0020 0C20     		movs	r0, #12
 160 0022 FFF7FEFF 		bl	chSchGoSleepS
 161 0026 A069     		ldr	r0, [r4, #24]
 162 0028 2C30     		adds	r0, r0, #44
 163              		.loc 1 112 0
 164 002a FFF7FEFF 		bl	fifo_remove
 165              	.LVL10:
 166              		.loc 1 113 0
ARM GAS  C:\Users\DNIEL~1\AppData\Local\Temp\cc348AEK.s 			page 4


 167 002e 0B21     		movs	r1, #11
 168 0030 0177     		strb	r1, [r0, #28]
 169              		.loc 1 114 0
 170              	@ 114 "../../../ChibiOS/os/kernel/src/chmsg.c" 1
 171 0032 FFF7FEFF 		bl      _port_unlock
 172              	@ 0 "" 2
 173              		.loc 1 116 0
 174              		.thumb
 175 0036 10BD     		pop	{r4, pc}
 176              	.L11:
 177              		.align	2
 178              	.L10:
 179 0038 00000000 		.word	rlist
 180              		.cfi_endproc
 181              	.LFE1:
 182              		.size	chMsgWait, .-chMsgWait
 183 003c AFF30080 		.section	.text.chMsgRelease,"ax",%progbits
 184              		.align	2
 185              		.p2align 4,,15
 186              		.global	chMsgRelease
 187              		.thumb
 188              		.thumb_func
 189              		.type	chMsgRelease, %function
 190              	chMsgRelease:
 191              	.LFB2:
 192              		.loc 1 128 0
 193              		.cfi_startproc
 194              		@ args = 0, pretend = 0, frame = 0
 195              		@ frame_needed = 0, uses_anonymous_args = 0
 196              	.LVL11:
 197 0000 08B5     		push	{r3, lr}
 198              	.LCFI2:
 199              		.cfi_def_cfa_offset 8
 200              		.loc 1 130 0
 201              	@ 130 "../../../ChibiOS/os/kernel/src/chmsg.c" 1
 202 0002 FFF7FEFF 		bl      _port_lock
 203              	@ 0 "" 2
 204              		.loc 1 133 0
 205              		.thumb
 206              		.cfi_offset 14, -4
 207              		.cfi_offset 3, -8
 208 0006 FFF7FEFF 		bl	chSchWakeupS
 209              	.LVL12:
 210              		.loc 1 134 0
 211              	@ 134 "../../../ChibiOS/os/kernel/src/chmsg.c" 1
 212 000a FFF7FEFF 		bl      _port_unlock
 213              	@ 0 "" 2
 214              		.loc 1 135 0
 215              		.thumb
 216 000e 08BD     		pop	{r3, pc}
 217              		.cfi_endproc
 218              	.LFE2:
 219              		.size	chMsgRelease, .-chMsgRelease
 220              		.text
 221              	.Letext0:
 222              		.section	.debug_loc,"",%progbits
 223              	.Ldebug_loc0:
ARM GAS  C:\Users\DNIEL~1\AppData\Local\Temp\cc348AEK.s 			page 5


 224              	.LLST0:
 225 0000 00000000 		.4byte	.LFB0
 226 0004 02000000 		.4byte	.LCFI0
 227 0008 0200     		.2byte	0x2
 228 000a 7D       		.byte	0x7d
 229 000b 00       		.sleb128 0
 230 000c 02000000 		.4byte	.LCFI0
 231 0010 48000000 		.4byte	.LFE0
 232 0014 0200     		.2byte	0x2
 233 0016 7D       		.byte	0x7d
 234 0017 10       		.sleb128 16
 235 0018 00000000 		.4byte	0x0
 236 001c 00000000 		.4byte	0x0
 237              	.LLST1:
 238 0020 00000000 		.4byte	.LVL0
 239 0024 18000000 		.4byte	.LVL3
 240 0028 0100     		.2byte	0x1
 241 002a 50       		.byte	0x50
 242 002b 18000000 		.4byte	.LVL3
 243 002f 48000000 		.4byte	.LFE0
 244 0033 0100     		.2byte	0x1
 245 0035 55       		.byte	0x55
 246 0036 00000000 		.4byte	0x0
 247 003a 00000000 		.4byte	0x0
 248              	.LLST2:
 249 003e 00000000 		.4byte	.LVL0
 250 0042 12000000 		.4byte	.LVL2
 251 0046 0100     		.2byte	0x1
 252 0048 51       		.byte	0x51
 253 0049 12000000 		.4byte	.LVL2
 254 004d 1B000000 		.4byte	.LVL4-1
 255 0051 0100     		.2byte	0x1
 256 0053 52       		.byte	0x52
 257 0054 2A000000 		.4byte	.LVL5
 258 0058 30000000 		.4byte	.LVL6
 259 005c 0200     		.2byte	0x2
 260 005e 74       		.byte	0x74
 261 005f 24       		.sleb128 36
 262 0060 3E000000 		.4byte	.LVL7
 263 0064 48000000 		.4byte	.LFE0
 264 0068 0200     		.2byte	0x2
 265 006a 74       		.byte	0x74
 266 006b 24       		.sleb128 36
 267 006c 00000000 		.4byte	0x0
 268 0070 00000000 		.4byte	0x0
 269              	.LLST3:
 270 0074 1B000000 		.4byte	.LVL4-1
 271 0078 48000000 		.4byte	.LFE0
 272 007c 0100     		.2byte	0x1
 273 007e 54       		.byte	0x54
 274 007f 00000000 		.4byte	0x0
 275 0083 00000000 		.4byte	0x0
 276              	.LLST4:
 277 0087 00000000 		.4byte	.LFB1
 278 008b 02000000 		.4byte	.LCFI1
 279 008f 0200     		.2byte	0x2
 280 0091 7D       		.byte	0x7d
ARM GAS  C:\Users\DNIEL~1\AppData\Local\Temp\cc348AEK.s 			page 6


 281 0092 00       		.sleb128 0
 282 0093 02000000 		.4byte	.LCFI1
 283 0097 3C000000 		.4byte	.LFE1
 284 009b 0200     		.2byte	0x2
 285 009d 7D       		.byte	0x7d
 286 009e 08       		.sleb128 8
 287 009f 00000000 		.4byte	0x0
 288 00a3 00000000 		.4byte	0x0
 289              	.LLST5:
 290 00a7 16000000 		.4byte	.LVL8
 291 00ab 20000000 		.4byte	.LVL9
 292 00af 0100     		.2byte	0x1
 293 00b1 50       		.byte	0x50
 294 00b2 2E000000 		.4byte	.LVL10
 295 00b6 3C000000 		.4byte	.LFE1
 296 00ba 0100     		.2byte	0x1
 297 00bc 50       		.byte	0x50
 298 00bd 00000000 		.4byte	0x0
 299 00c1 00000000 		.4byte	0x0
 300              	.LLST6:
 301 00c5 00000000 		.4byte	.LFB2
 302 00c9 02000000 		.4byte	.LCFI2
 303 00cd 0200     		.2byte	0x2
 304 00cf 7D       		.byte	0x7d
 305 00d0 00       		.sleb128 0
 306 00d1 02000000 		.4byte	.LCFI2
 307 00d5 10000000 		.4byte	.LFE2
 308 00d9 0200     		.2byte	0x2
 309 00db 7D       		.byte	0x7d
 310 00dc 08       		.sleb128 8
 311 00dd 00000000 		.4byte	0x0
 312 00e1 00000000 		.4byte	0x0
 313              	.LLST7:
 314 00e5 00000000 		.4byte	.LVL11
 315 00e9 09000000 		.4byte	.LVL12-1
 316 00ed 0100     		.2byte	0x1
 317 00ef 50       		.byte	0x50
 318 00f0 00000000 		.4byte	0x0
 319 00f4 00000000 		.4byte	0x0
 320              	.LLST8:
 321 00f8 00000000 		.4byte	.LVL11
 322 00fc 09000000 		.4byte	.LVL12-1
 323 0100 0100     		.2byte	0x1
 324 0102 51       		.byte	0x51
 325 0103 00000000 		.4byte	0x0
 326 0107 00000000 		.4byte	0x0
 327              		.file 2 "c:\\program files (x86)\\codesourcery\\sourcery g++ lite\\bin\\../lib/gcc/arm-none-eabi/4
 328              		.file 3 "../../../ChibiOS/os/ports/GCC/ARMCMx/chtypes.h"
 329              		.file 4 "../../../ChibiOS/os/kernel/include/chlists.h"
 330              		.file 5 "../../../ChibiOS/os/kernel/include/chthreads.h"
 331              		.file 6 "../../../ChibiOS/os/ports/GCC/ARMCMx/chcore_v7m.h"
 332              		.file 7 "../../../ChibiOS/os/kernel/include/chschd.h"
 333              		.file 8 "../../../ChibiOS/os/kernel/include/chmtx.h"
 334              		.section	.debug_info
 335 0000 FB040000 		.4byte	0x4fb
 336 0004 0200     		.2byte	0x2
 337 0006 00000000 		.4byte	.Ldebug_abbrev0
ARM GAS  C:\Users\DNIEL~1\AppData\Local\Temp\cc348AEK.s 			page 7


 338 000a 04       		.byte	0x4
 339 000b 01       		.uleb128 0x1
 340 000c A6020000 		.4byte	.LASF65
 341 0010 01       		.byte	0x1
 342 0011 3C010000 		.4byte	.LASF66
 343 0015 C8000000 		.4byte	.LASF67
 344 0019 00000000 		.4byte	0x0
 345 001d 00000000 		.4byte	0x0
 346 0021 00000000 		.4byte	.Ldebug_ranges0+0x0
 347 0025 00000000 		.4byte	.Ldebug_line0
 348 0029 02       		.uleb128 0x2
 349 002a 04       		.byte	0x4
 350 002b 05       		.byte	0x5
 351 002c 696E7400 		.ascii	"int\000"
 352 0030 03       		.uleb128 0x3
 353 0031 04       		.byte	0x4
 354 0032 07       		.byte	0x7
 355 0033 BB000000 		.4byte	.LASF0
 356 0037 03       		.uleb128 0x3
 357 0038 01       		.byte	0x1
 358 0039 06       		.byte	0x6
 359 003a 4E000000 		.4byte	.LASF1
 360 003e 04       		.uleb128 0x4
 361 003f 97020000 		.4byte	.LASF5
 362 0043 02       		.byte	0x2
 363 0044 2A       		.byte	0x2a
 364 0045 49000000 		.4byte	0x49
 365 0049 03       		.uleb128 0x3
 366 004a 01       		.byte	0x1
 367 004b 08       		.byte	0x8
 368 004c BB010000 		.4byte	.LASF2
 369 0050 03       		.uleb128 0x3
 370 0051 02       		.byte	0x2
 371 0052 05       		.byte	0x5
 372 0053 D3010000 		.4byte	.LASF3
 373 0057 03       		.uleb128 0x3
 374 0058 02       		.byte	0x2
 375 0059 07       		.byte	0x7
 376 005a 0F010000 		.4byte	.LASF4
 377 005e 04       		.uleb128 0x4
 378 005f B3010000 		.4byte	.LASF6
 379 0063 02       		.byte	0x2
 380 0064 4F       		.byte	0x4f
 381 0065 69000000 		.4byte	0x69
 382 0069 03       		.uleb128 0x3
 383 006a 04       		.byte	0x4
 384 006b 05       		.byte	0x5
 385 006c 86000000 		.4byte	.LASF7
 386 0070 04       		.uleb128 0x4
 387 0071 2B020000 		.4byte	.LASF8
 388 0075 02       		.byte	0x2
 389 0076 50       		.byte	0x50
 390 0077 7B000000 		.4byte	0x7b
 391 007b 03       		.uleb128 0x3
 392 007c 04       		.byte	0x4
 393 007d 07       		.byte	0x7
 394 007e 5A000000 		.4byte	.LASF9
ARM GAS  C:\Users\DNIEL~1\AppData\Local\Temp\cc348AEK.s 			page 8


 395 0082 03       		.uleb128 0x3
 396 0083 08       		.byte	0x8
 397 0084 05       		.byte	0x5
 398 0085 40000000 		.4byte	.LASF10
 399 0089 03       		.uleb128 0x3
 400 008a 08       		.byte	0x8
 401 008b 07       		.byte	0x7
 402 008c 19000000 		.4byte	.LASF11
 403 0090 03       		.uleb128 0x3
 404 0091 01       		.byte	0x1
 405 0092 02       		.byte	0x2
 406 0093 AD010000 		.4byte	.LASF12
 407 0097 04       		.uleb128 0x4
 408 0098 28010000 		.4byte	.LASF13
 409 009c 03       		.byte	0x3
 410 009d 2C       		.byte	0x2c
 411 009e 3E000000 		.4byte	0x3e
 412 00a2 04       		.uleb128 0x4
 413 00a3 99000000 		.4byte	.LASF14
 414 00a7 03       		.byte	0x3
 415 00a8 2D       		.byte	0x2d
 416 00a9 3E000000 		.4byte	0x3e
 417 00ad 04       		.uleb128 0x4
 418 00ae 96010000 		.4byte	.LASF15
 419 00b2 03       		.byte	0x3
 420 00b3 2E       		.byte	0x2e
 421 00b4 3E000000 		.4byte	0x3e
 422 00b8 04       		.uleb128 0x4
 423 00b9 7C000000 		.4byte	.LASF16
 424 00bd 03       		.byte	0x3
 425 00be 2F       		.byte	0x2f
 426 00bf 3E000000 		.4byte	0x3e
 427 00c3 04       		.uleb128 0x4
 428 00c4 A5010000 		.4byte	.LASF17
 429 00c8 03       		.byte	0x3
 430 00c9 30       		.byte	0x30
 431 00ca 70000000 		.4byte	0x70
 432 00ce 04       		.uleb128 0x4
 433 00cf 22010000 		.4byte	.LASF18
 434 00d3 03       		.byte	0x3
 435 00d4 31       		.byte	0x31
 436 00d5 5E000000 		.4byte	0x5e
 437 00d9 04       		.uleb128 0x4
 438 00da 0D000000 		.4byte	.LASF19
 439 00de 03       		.byte	0x3
 440 00df 33       		.byte	0x33
 441 00e0 70000000 		.4byte	0x70
 442 00e4 04       		.uleb128 0x4
 443 00e5 48020000 		.4byte	.LASF20
 444 00e9 03       		.byte	0x3
 445 00ea 35       		.byte	0x35
 446 00eb 70000000 		.4byte	0x70
 447 00ef 04       		.uleb128 0x4
 448 00f0 0C020000 		.4byte	.LASF21
 449 00f4 04       		.byte	0x4
 450 00f5 2A       		.byte	0x2a
 451 00f6 FA000000 		.4byte	0xfa
ARM GAS  C:\Users\DNIEL~1\AppData\Local\Temp\cc348AEK.s 			page 9


 452 00fa 05       		.uleb128 0x5
 453 00fb 0C020000 		.4byte	.LASF21
 454 00ff 48       		.byte	0x48
 455 0100 05       		.byte	0x5
 456 0101 5E       		.byte	0x5e
 457 0102 1F020000 		.4byte	0x21f
 458 0106 06       		.uleb128 0x6
 459 0107 FD010000 		.4byte	.LASF22
 460 010b 05       		.byte	0x5
 461 010c 5F       		.byte	0x5f
 462 010d 44020000 		.4byte	0x244
 463 0111 02       		.byte	0x2
 464 0112 23       		.byte	0x23
 465 0113 00       		.uleb128 0x0
 466 0114 06       		.uleb128 0x6
 467 0115 9E010000 		.4byte	.LASF23
 468 0119 05       		.byte	0x5
 469 011a 61       		.byte	0x61
 470 011b 44020000 		.4byte	0x244
 471 011f 02       		.byte	0x2
 472 0120 23       		.byte	0x23
 473 0121 04       		.uleb128 0x4
 474 0122 06       		.uleb128 0x6
 475 0123 39000000 		.4byte	.LASF24
 476 0127 05       		.byte	0x5
 477 0128 63       		.byte	0x63
 478 0129 C3000000 		.4byte	0xc3
 479 012d 02       		.byte	0x2
 480 012e 23       		.byte	0x23
 481 012f 08       		.uleb128 0x8
 482 0130 06       		.uleb128 0x6
 483 0131 C1020000 		.4byte	.LASF25
 484 0135 05       		.byte	0x5
 485 0136 64       		.byte	0x64
 486 0137 12030000 		.4byte	0x312
 487 013b 02       		.byte	0x2
 488 013c 23       		.byte	0x23
 489 013d 0C       		.uleb128 0xc
 490 013e 06       		.uleb128 0x6
 491 013f A2000000 		.4byte	.LASF26
 492 0143 05       		.byte	0x5
 493 0144 66       		.byte	0x66
 494 0145 44020000 		.4byte	0x244
 495 0149 02       		.byte	0x2
 496 014a 23       		.byte	0x23
 497 014b 10       		.uleb128 0x10
 498 014c 06       		.uleb128 0x6
 499 014d 69010000 		.4byte	.LASF27
 500 0151 05       		.byte	0x5
 501 0152 67       		.byte	0x67
 502 0153 44020000 		.4byte	0x244
 503 0157 02       		.byte	0x2
 504 0158 23       		.byte	0x23
 505 0159 14       		.uleb128 0x14
 506 015a 06       		.uleb128 0x6
 507 015b B2020000 		.4byte	.LASF28
 508 015f 05       		.byte	0x5
ARM GAS  C:\Users\DNIEL~1\AppData\Local\Temp\cc348AEK.s 			page 10


 509 0160 6E       		.byte	0x6e
 510 0161 1F040000 		.4byte	0x41f
 511 0165 02       		.byte	0x2
 512 0166 23       		.byte	0x23
 513 0167 18       		.uleb128 0x18
 514 0168 06       		.uleb128 0x6
 515 0169 DD010000 		.4byte	.LASF29
 516 016d 05       		.byte	0x5
 517 016e 79       		.byte	0x79
 518 016f A2000000 		.4byte	0xa2
 519 0173 02       		.byte	0x2
 520 0174 23       		.byte	0x23
 521 0175 1C       		.uleb128 0x1c
 522 0176 06       		.uleb128 0x6
 523 0177 04020000 		.4byte	.LASF30
 524 017b 05       		.byte	0x5
 525 017c 7D       		.byte	0x7d
 526 017d 97000000 		.4byte	0x97
 527 0181 02       		.byte	0x2
 528 0182 23       		.byte	0x23
 529 0183 1D       		.uleb128 0x1d
 530 0184 06       		.uleb128 0x6
 531 0185 80020000 		.4byte	.LASF31
 532 0189 05       		.byte	0x5
 533 018a 82       		.byte	0x82
 534 018b AD000000 		.4byte	0xad
 535 018f 02       		.byte	0x2
 536 0190 23       		.byte	0x23
 537 0191 1E       		.uleb128 0x1e
 538 0192 06       		.uleb128 0x6
 539 0193 E5010000 		.4byte	.LASF32
 540 0197 05       		.byte	0x5
 541 0198 88       		.byte	0x88
 542 0199 B8000000 		.4byte	0xb8
 543 019d 02       		.byte	0x2
 544 019e 23       		.byte	0x23
 545 019f 1F       		.uleb128 0x1f
 546 01a0 06       		.uleb128 0x6
 547 01a1 5D020000 		.4byte	.LASF33
 548 01a5 05       		.byte	0x5
 549 01a6 8F       		.byte	0x8f
 550 01a7 35030000 		.4byte	0x335
 551 01ab 02       		.byte	0x2
 552 01ac 23       		.byte	0x23
 553 01ad 20       		.uleb128 0x20
 554 01ae 07       		.uleb128 0x7
 555 01af 705F7500 		.ascii	"p_u\000"
 556 01b3 05       		.byte	0x5
 557 01b4 B4       		.byte	0xb4
 558 01b5 EA030000 		.4byte	0x3ea
 559 01b9 02       		.byte	0x2
 560 01ba 23       		.byte	0x23
 561 01bb 24       		.uleb128 0x24
 562 01bc 06       		.uleb128 0x6
 563 01bd C7020000 		.4byte	.LASF34
 564 01c1 05       		.byte	0x5
 565 01c2 B9       		.byte	0xb9
ARM GAS  C:\Users\DNIEL~1\AppData\Local\Temp\cc348AEK.s 			page 11


 566 01c3 6C020000 		.4byte	0x26c
 567 01c7 02       		.byte	0x2
 568 01c8 23       		.byte	0x23
 569 01c9 28       		.uleb128 0x28
 570 01ca 06       		.uleb128 0x6
 571 01cb 6B020000 		.4byte	.LASF35
 572 01cf 05       		.byte	0x5
 573 01d0 BF       		.byte	0xbf
 574 01d1 4A020000 		.4byte	0x24a
 575 01d5 02       		.byte	0x2
 576 01d6 23       		.byte	0x23
 577 01d7 2C       		.uleb128 0x2c
 578 01d8 06       		.uleb128 0x6
 579 01d9 00000000 		.4byte	.LASF36
 580 01dd 05       		.byte	0x5
 581 01de C3       		.byte	0xc3
 582 01df CE000000 		.4byte	0xce
 583 01e3 02       		.byte	0x2
 584 01e4 23       		.byte	0x23
 585 01e5 34       		.uleb128 0x34
 586 01e6 06       		.uleb128 0x6
 587 01e7 20020000 		.4byte	.LASF37
 588 01eb 05       		.byte	0x5
 589 01ec C9       		.byte	0xc9
 590 01ed D9000000 		.4byte	0xd9
 591 01f1 02       		.byte	0x2
 592 01f2 23       		.byte	0x23
 593 01f3 38       		.uleb128 0x38
 594 01f4 06       		.uleb128 0x6
 595 01f5 C9010000 		.4byte	.LASF38
 596 01f9 05       		.byte	0x5
 597 01fa D0       		.byte	0xd0
 598 01fb 31040000 		.4byte	0x431
 599 01ff 02       		.byte	0x2
 600 0200 23       		.byte	0x23
 601 0201 3C       		.uleb128 0x3c
 602 0202 06       		.uleb128 0x6
 603 0203 52020000 		.4byte	.LASF39
 604 0207 05       		.byte	0x5
 605 0208 D4       		.byte	0xd4
 606 0209 C3000000 		.4byte	0xc3
 607 020d 02       		.byte	0x2
 608 020e 23       		.byte	0x23
 609 020f 40       		.uleb128 0x40
 610 0210 06       		.uleb128 0x6
 611 0211 6C000000 		.4byte	.LASF40
 612 0215 05       		.byte	0x5
 613 0216 DA       		.byte	0xda
 614 0217 82020000 		.4byte	0x282
 615 021b 02       		.byte	0x2
 616 021c 23       		.byte	0x23
 617 021d 44       		.uleb128 0x44
 618 021e 00       		.byte	0x0
 619 021f 08       		.uleb128 0x8
 620 0220 08       		.byte	0x8
 621 0221 04       		.byte	0x4
 622 0222 61       		.byte	0x61
ARM GAS  C:\Users\DNIEL~1\AppData\Local\Temp\cc348AEK.s 			page 12


 623 0223 44020000 		.4byte	0x244
 624 0227 06       		.uleb128 0x6
 625 0228 FD010000 		.4byte	.LASF22
 626 022c 04       		.byte	0x4
 627 022d 62       		.byte	0x62
 628 022e 44020000 		.4byte	0x244
 629 0232 02       		.byte	0x2
 630 0233 23       		.byte	0x23
 631 0234 00       		.uleb128 0x0
 632 0235 06       		.uleb128 0x6
 633 0236 9E010000 		.4byte	.LASF23
 634 023a 04       		.byte	0x4
 635 023b 64       		.byte	0x64
 636 023c 44020000 		.4byte	0x244
 637 0240 02       		.byte	0x2
 638 0241 23       		.byte	0x23
 639 0242 04       		.uleb128 0x4
 640 0243 00       		.byte	0x0
 641 0244 09       		.uleb128 0x9
 642 0245 04       		.byte	0x4
 643 0246 EF000000 		.4byte	0xef
 644 024a 04       		.uleb128 0x4
 645 024b 77010000 		.4byte	.LASF41
 646 024f 04       		.byte	0x4
 647 0250 66       		.byte	0x66
 648 0251 1F020000 		.4byte	0x21f
 649 0255 08       		.uleb128 0x8
 650 0256 04       		.byte	0x4
 651 0257 04       		.byte	0x4
 652 0258 6B       		.byte	0x6b
 653 0259 6C020000 		.4byte	0x26c
 654 025d 06       		.uleb128 0x6
 655 025e FD010000 		.4byte	.LASF22
 656 0262 04       		.byte	0x4
 657 0263 6D       		.byte	0x6d
 658 0264 44020000 		.4byte	0x244
 659 0268 02       		.byte	0x2
 660 0269 23       		.byte	0x23
 661 026a 00       		.uleb128 0x0
 662 026b 00       		.byte	0x0
 663 026c 04       		.uleb128 0x4
 664 026d 30010000 		.4byte	.LASF42
 665 0271 04       		.byte	0x4
 666 0272 70       		.byte	0x70
 667 0273 55020000 		.4byte	0x255
 668 0277 04       		.uleb128 0x4
 669 0278 B2000000 		.4byte	.LASF43
 670 027c 06       		.byte	0x6
 671 027d E5       		.byte	0xe5
 672 027e 82020000 		.4byte	0x282
 673 0282 0A       		.uleb128 0xa
 674 0283 04       		.byte	0x4
 675 0284 0B       		.uleb128 0xb
 676 0285 64020000 		.4byte	.LASF44
 677 0289 24       		.byte	0x24
 678 028a 06       		.byte	0x6
 679 028b 0C01     		.2byte	0x10c
ARM GAS  C:\Users\DNIEL~1\AppData\Local\Temp\cc348AEK.s 			page 13


 680 028d 12030000 		.4byte	0x312
 681 0291 0C       		.uleb128 0xc
 682 0292 723400   		.ascii	"r4\000"
 683 0295 06       		.byte	0x6
 684 0296 1F01     		.2byte	0x11f
 685 0298 77020000 		.4byte	0x277
 686 029c 02       		.byte	0x2
 687 029d 23       		.byte	0x23
 688 029e 00       		.uleb128 0x0
 689 029f 0C       		.uleb128 0xc
 690 02a0 723500   		.ascii	"r5\000"
 691 02a3 06       		.byte	0x6
 692 02a4 2001     		.2byte	0x120
 693 02a6 77020000 		.4byte	0x277
 694 02aa 02       		.byte	0x2
 695 02ab 23       		.byte	0x23
 696 02ac 04       		.uleb128 0x4
 697 02ad 0C       		.uleb128 0xc
 698 02ae 723600   		.ascii	"r6\000"
 699 02b1 06       		.byte	0x6
 700 02b2 2101     		.2byte	0x121
 701 02b4 77020000 		.4byte	0x277
 702 02b8 02       		.byte	0x2
 703 02b9 23       		.byte	0x23
 704 02ba 08       		.uleb128 0x8
 705 02bb 0C       		.uleb128 0xc
 706 02bc 723700   		.ascii	"r7\000"
 707 02bf 06       		.byte	0x6
 708 02c0 2201     		.2byte	0x122
 709 02c2 77020000 		.4byte	0x277
 710 02c6 02       		.byte	0x2
 711 02c7 23       		.byte	0x23
 712 02c8 0C       		.uleb128 0xc
 713 02c9 0C       		.uleb128 0xc
 714 02ca 723800   		.ascii	"r8\000"
 715 02cd 06       		.byte	0x6
 716 02ce 2301     		.2byte	0x123
 717 02d0 77020000 		.4byte	0x277
 718 02d4 02       		.byte	0x2
 719 02d5 23       		.byte	0x23
 720 02d6 10       		.uleb128 0x10
 721 02d7 0C       		.uleb128 0xc
 722 02d8 723900   		.ascii	"r9\000"
 723 02db 06       		.byte	0x6
 724 02dc 2401     		.2byte	0x124
 725 02de 77020000 		.4byte	0x277
 726 02e2 02       		.byte	0x2
 727 02e3 23       		.byte	0x23
 728 02e4 14       		.uleb128 0x14
 729 02e5 0C       		.uleb128 0xc
 730 02e6 72313000 		.ascii	"r10\000"
 731 02ea 06       		.byte	0x6
 732 02eb 2501     		.2byte	0x125
 733 02ed 77020000 		.4byte	0x277
 734 02f1 02       		.byte	0x2
 735 02f2 23       		.byte	0x23
 736 02f3 18       		.uleb128 0x18
ARM GAS  C:\Users\DNIEL~1\AppData\Local\Temp\cc348AEK.s 			page 14


 737 02f4 0C       		.uleb128 0xc
 738 02f5 72313100 		.ascii	"r11\000"
 739 02f9 06       		.byte	0x6
 740 02fa 2601     		.2byte	0x126
 741 02fc 77020000 		.4byte	0x277
 742 0300 02       		.byte	0x2
 743 0301 23       		.byte	0x23
 744 0302 1C       		.uleb128 0x1c
 745 0303 0C       		.uleb128 0xc
 746 0304 6C7200   		.ascii	"lr\000"
 747 0307 06       		.byte	0x6
 748 0308 2701     		.2byte	0x127
 749 030a 77020000 		.4byte	0x277
 750 030e 02       		.byte	0x2
 751 030f 23       		.byte	0x23
 752 0310 20       		.uleb128 0x20
 753 0311 00       		.byte	0x0
 754 0312 0B       		.uleb128 0xb
 755 0313 07010000 		.4byte	.LASF45
 756 0317 04       		.byte	0x4
 757 0318 06       		.byte	0x6
 758 0319 3101     		.2byte	0x131
 759 031b 2F030000 		.4byte	0x32f
 760 031f 0C       		.uleb128 0xc
 761 0320 72313300 		.ascii	"r13\000"
 762 0324 06       		.byte	0x6
 763 0325 3201     		.2byte	0x132
 764 0327 2F030000 		.4byte	0x32f
 765 032b 02       		.byte	0x2
 766 032c 23       		.byte	0x23
 767 032d 00       		.uleb128 0x0
 768 032e 00       		.byte	0x0
 769 032f 09       		.uleb128 0x9
 770 0330 04       		.byte	0x4
 771 0331 84020000 		.4byte	0x284
 772 0335 0D       		.uleb128 0xd
 773 0336 E4000000 		.4byte	0xe4
 774 033a 08       		.uleb128 0x8
 775 033b 1C       		.byte	0x1c
 776 033c 07       		.byte	0x7
 777 033d 5E       		.byte	0x5e
 778 033e 97030000 		.4byte	0x397
 779 0342 06       		.uleb128 0x6
 780 0343 34020000 		.4byte	.LASF46
 781 0347 07       		.byte	0x7
 782 0348 5F       		.byte	0x5f
 783 0349 4A020000 		.4byte	0x24a
 784 034d 02       		.byte	0x2
 785 034e 23       		.byte	0x23
 786 034f 00       		.uleb128 0x0
 787 0350 06       		.uleb128 0x6
 788 0351 EF010000 		.4byte	.LASF47
 789 0355 07       		.byte	0x7
 790 0356 60       		.byte	0x60
 791 0357 C3000000 		.4byte	0xc3
 792 035b 02       		.byte	0x2
 793 035c 23       		.byte	0x23
ARM GAS  C:\Users\DNIEL~1\AppData\Local\Temp\cc348AEK.s 			page 15


 794 035d 08       		.uleb128 0x8
 795 035e 06       		.uleb128 0x6
 796 035f 71010000 		.4byte	.LASF48
 797 0363 07       		.byte	0x7
 798 0364 62       		.byte	0x62
 799 0365 12030000 		.4byte	0x312
 800 0369 02       		.byte	0x2
 801 036a 23       		.byte	0x23
 802 036b 0C       		.uleb128 0xc
 803 036c 06       		.uleb128 0x6
 804 036d AA000000 		.4byte	.LASF49
 805 0371 07       		.byte	0x7
 806 0372 65       		.byte	0x65
 807 0373 44020000 		.4byte	0x244
 808 0377 02       		.byte	0x2
 809 0378 23       		.byte	0x23
 810 0379 10       		.uleb128 0x10
 811 037a 06       		.uleb128 0x6
 812 037b 8E010000 		.4byte	.LASF50
 813 037f 07       		.byte	0x7
 814 0380 66       		.byte	0x66
 815 0381 44020000 		.4byte	0x244
 816 0385 02       		.byte	0x2
 817 0386 23       		.byte	0x23
 818 0387 14       		.uleb128 0x14
 819 0388 06       		.uleb128 0x6
 820 0389 84010000 		.4byte	.LASF51
 821 038d 07       		.byte	0x7
 822 038e 69       		.byte	0x69
 823 038f 44020000 		.4byte	0x244
 824 0393 02       		.byte	0x2
 825 0394 23       		.byte	0x23
 826 0395 18       		.uleb128 0x18
 827 0396 00       		.byte	0x0
 828 0397 04       		.uleb128 0x4
 829 0398 87020000 		.4byte	.LASF52
 830 039c 07       		.byte	0x7
 831 039d 6B       		.byte	0x6b
 832 039e 3A030000 		.4byte	0x33a
 833 03a2 05       		.uleb128 0x5
 834 03a3 63010000 		.4byte	.LASF53
 835 03a7 10       		.byte	0x10
 836 03a8 08       		.byte	0x8
 837 03a9 2C       		.byte	0x2c
 838 03aa D9030000 		.4byte	0x3d9
 839 03ae 06       		.uleb128 0x6
 840 03af 74000000 		.4byte	.LASF54
 841 03b3 08       		.byte	0x8
 842 03b4 2D       		.byte	0x2d
 843 03b5 4A020000 		.4byte	0x24a
 844 03b9 02       		.byte	0x2
 845 03ba 23       		.byte	0x23
 846 03bb 00       		.uleb128 0x0
 847 03bc 06       		.uleb128 0x6
 848 03bd B9020000 		.4byte	.LASF55
 849 03c1 08       		.byte	0x8
 850 03c2 2F       		.byte	0x2f
ARM GAS  C:\Users\DNIEL~1\AppData\Local\Temp\cc348AEK.s 			page 16


 851 03c3 44020000 		.4byte	0x244
 852 03c7 02       		.byte	0x2
 853 03c8 23       		.byte	0x23
 854 03c9 08       		.uleb128 0x8
 855 03ca 06       		.uleb128 0x6
 856 03cb 41020000 		.4byte	.LASF56
 857 03cf 08       		.byte	0x8
 858 03d0 31       		.byte	0x31
 859 03d1 D9030000 		.4byte	0x3d9
 860 03d5 02       		.byte	0x2
 861 03d6 23       		.byte	0x23
 862 03d7 0C       		.uleb128 0xc
 863 03d8 00       		.byte	0x0
 864 03d9 09       		.uleb128 0x9
 865 03da 04       		.byte	0x4
 866 03db A2030000 		.4byte	0x3a2
 867 03df 04       		.uleb128 0x4
 868 03e0 63010000 		.4byte	.LASF53
 869 03e4 08       		.byte	0x8
 870 03e5 33       		.byte	0x33
 871 03e6 A2030000 		.4byte	0x3a2
 872 03ea 0E       		.uleb128 0xe
 873 03eb 04       		.byte	0x4
 874 03ec 05       		.byte	0x5
 875 03ed 96       		.byte	0x96
 876 03ee 1F040000 		.4byte	0x41f
 877 03f2 0F       		.uleb128 0xf
 878 03f3 06000000 		.4byte	.LASF57
 879 03f7 05       		.byte	0x5
 880 03f8 9D       		.byte	0x9d
 881 03f9 CE000000 		.4byte	0xce
 882 03fd 0F       		.uleb128 0xf
 883 03fe 30000000 		.4byte	.LASF58
 884 0402 05       		.byte	0x5
 885 0403 A4       		.byte	0xa4
 886 0404 CE000000 		.4byte	0xce
 887 0408 0F       		.uleb128 0xf
 888 0409 9F020000 		.4byte	.LASF59
 889 040d 05       		.byte	0x5
 890 040e AB       		.byte	0xab
 891 040f 82020000 		.4byte	0x282
 892 0413 0F       		.uleb128 0xf
 893 0414 F6010000 		.4byte	.LASF60
 894 0418 05       		.byte	0x5
 895 0419 B2       		.byte	0xb2
 896 041a D9000000 		.4byte	0xd9
 897 041e 00       		.byte	0x0
 898 041f 09       		.uleb128 0x9
 899 0420 04       		.byte	0x4
 900 0421 25040000 		.4byte	0x425
 901 0425 10       		.uleb128 0x10
 902 0426 2A040000 		.4byte	0x42a
 903 042a 03       		.uleb128 0x3
 904 042b 01       		.byte	0x1
 905 042c 08       		.byte	0x8
 906 042d 3C020000 		.4byte	.LASF61
 907 0431 09       		.uleb128 0x9
ARM GAS  C:\Users\DNIEL~1\AppData\Local\Temp\cc348AEK.s 			page 17


 908 0432 04       		.byte	0x4
 909 0433 DF030000 		.4byte	0x3df
 910 0437 11       		.uleb128 0x11
 911 0438 01       		.byte	0x1
 912 0439 8F000000 		.4byte	.LASF62
 913 043d 01       		.byte	0x1
 914 043e 4B       		.byte	0x4b
 915 043f 01       		.byte	0x1
 916 0440 CE000000 		.4byte	0xce
 917 0444 00000000 		.4byte	.LFB0
 918 0448 48000000 		.4byte	.LFE0
 919 044c 00000000 		.4byte	.LLST0
 920 0450 81040000 		.4byte	0x481
 921 0454 12       		.uleb128 0x12
 922 0455 747000   		.ascii	"tp\000"
 923 0458 01       		.byte	0x1
 924 0459 4B       		.byte	0x4b
 925 045a 44020000 		.4byte	0x244
 926 045e 20000000 		.4byte	.LLST1
 927 0462 12       		.uleb128 0x12
 928 0463 6D736700 		.ascii	"msg\000"
 929 0467 01       		.byte	0x1
 930 0468 4B       		.byte	0x4b
 931 0469 CE000000 		.4byte	0xce
 932 046d 3E000000 		.4byte	.LLST2
 933 0471 13       		.uleb128 0x13
 934 0472 63747000 		.ascii	"ctp\000"
 935 0476 01       		.byte	0x1
 936 0477 4C       		.byte	0x4c
 937 0478 44020000 		.4byte	0x244
 938 047c 74000000 		.4byte	.LLST3
 939 0480 00       		.byte	0x0
 940 0481 11       		.uleb128 0x11
 941 0482 01       		.byte	0x1
 942 0483 76020000 		.4byte	.LASF63
 943 0487 01       		.byte	0x1
 944 0488 6A       		.byte	0x6a
 945 0489 01       		.byte	0x1
 946 048a 44020000 		.4byte	0x244
 947 048e 00000000 		.4byte	.LFB1
 948 0492 3C000000 		.4byte	.LFE1
 949 0496 87000000 		.4byte	.LLST4
 950 049a AD040000 		.4byte	0x4ad
 951 049e 13       		.uleb128 0x13
 952 049f 747000   		.ascii	"tp\000"
 953 04a2 01       		.byte	0x1
 954 04a3 6B       		.byte	0x6b
 955 04a4 44020000 		.4byte	0x244
 956 04a8 A7000000 		.4byte	.LLST5
 957 04ac 00       		.byte	0x0
 958 04ad 14       		.uleb128 0x14
 959 04ae 01       		.byte	0x1
 960 04af 13020000 		.4byte	.LASF68
 961 04b3 01       		.byte	0x1
 962 04b4 80       		.byte	0x80
 963 04b5 01       		.byte	0x1
 964 04b6 00000000 		.4byte	.LFB2
ARM GAS  C:\Users\DNIEL~1\AppData\Local\Temp\cc348AEK.s 			page 18


 965 04ba 10000000 		.4byte	.LFE2
 966 04be C5000000 		.4byte	.LLST6
 967 04c2 E4040000 		.4byte	0x4e4
 968 04c6 12       		.uleb128 0x12
 969 04c7 747000   		.ascii	"tp\000"
 970 04ca 01       		.byte	0x1
 971 04cb 80       		.byte	0x80
 972 04cc 44020000 		.4byte	0x244
 973 04d0 E5000000 		.4byte	.LLST7
 974 04d4 12       		.uleb128 0x12
 975 04d5 6D736700 		.ascii	"msg\000"
 976 04d9 01       		.byte	0x1
 977 04da 80       		.byte	0x80
 978 04db CE000000 		.4byte	0xce
 979 04df F8000000 		.4byte	.LLST8
 980 04e3 00       		.byte	0x0
 981 04e4 15       		.uleb128 0x15
 982 04e5 91020000 		.4byte	.LASF64
 983 04e9 07       		.byte	0x7
 984 04ea 6F       		.byte	0x6f
 985 04eb 97030000 		.4byte	0x397
 986 04ef 01       		.byte	0x1
 987 04f0 01       		.byte	0x1
 988 04f1 15       		.uleb128 0x15
 989 04f2 91020000 		.4byte	.LASF64
 990 04f6 07       		.byte	0x7
 991 04f7 6F       		.byte	0x6f
 992 04f8 97030000 		.4byte	0x397
 993 04fc 01       		.byte	0x1
 994 04fd 01       		.byte	0x1
 995 04fe 00       		.byte	0x0
 996              		.section	.debug_abbrev
 997 0000 01       		.uleb128 0x1
 998 0001 11       		.uleb128 0x11
 999 0002 01       		.byte	0x1
 1000 0003 25       		.uleb128 0x25
 1001 0004 0E       		.uleb128 0xe
 1002 0005 13       		.uleb128 0x13
 1003 0006 0B       		.uleb128 0xb
 1004 0007 03       		.uleb128 0x3
 1005 0008 0E       		.uleb128 0xe
 1006 0009 1B       		.uleb128 0x1b
 1007 000a 0E       		.uleb128 0xe
 1008 000b 11       		.uleb128 0x11
 1009 000c 01       		.uleb128 0x1
 1010 000d 52       		.uleb128 0x52
 1011 000e 01       		.uleb128 0x1
 1012 000f 55       		.uleb128 0x55
 1013 0010 06       		.uleb128 0x6
 1014 0011 10       		.uleb128 0x10
 1015 0012 06       		.uleb128 0x6
 1016 0013 00       		.byte	0x0
 1017 0014 00       		.byte	0x0
 1018 0015 02       		.uleb128 0x2
 1019 0016 24       		.uleb128 0x24
 1020 0017 00       		.byte	0x0
 1021 0018 0B       		.uleb128 0xb
ARM GAS  C:\Users\DNIEL~1\AppData\Local\Temp\cc348AEK.s 			page 19


 1022 0019 0B       		.uleb128 0xb
 1023 001a 3E       		.uleb128 0x3e
 1024 001b 0B       		.uleb128 0xb
 1025 001c 03       		.uleb128 0x3
 1026 001d 08       		.uleb128 0x8
 1027 001e 00       		.byte	0x0
 1028 001f 00       		.byte	0x0
 1029 0020 03       		.uleb128 0x3
 1030 0021 24       		.uleb128 0x24
 1031 0022 00       		.byte	0x0
 1032 0023 0B       		.uleb128 0xb
 1033 0024 0B       		.uleb128 0xb
 1034 0025 3E       		.uleb128 0x3e
 1035 0026 0B       		.uleb128 0xb
 1036 0027 03       		.uleb128 0x3
 1037 0028 0E       		.uleb128 0xe
 1038 0029 00       		.byte	0x0
 1039 002a 00       		.byte	0x0
 1040 002b 04       		.uleb128 0x4
 1041 002c 16       		.uleb128 0x16
 1042 002d 00       		.byte	0x0
 1043 002e 03       		.uleb128 0x3
 1044 002f 0E       		.uleb128 0xe
 1045 0030 3A       		.uleb128 0x3a
 1046 0031 0B       		.uleb128 0xb
 1047 0032 3B       		.uleb128 0x3b
 1048 0033 0B       		.uleb128 0xb
 1049 0034 49       		.uleb128 0x49
 1050 0035 13       		.uleb128 0x13
 1051 0036 00       		.byte	0x0
 1052 0037 00       		.byte	0x0
 1053 0038 05       		.uleb128 0x5
 1054 0039 13       		.uleb128 0x13
 1055 003a 01       		.byte	0x1
 1056 003b 03       		.uleb128 0x3
 1057 003c 0E       		.uleb128 0xe
 1058 003d 0B       		.uleb128 0xb
 1059 003e 0B       		.uleb128 0xb
 1060 003f 3A       		.uleb128 0x3a
 1061 0040 0B       		.uleb128 0xb
 1062 0041 3B       		.uleb128 0x3b
 1063 0042 0B       		.uleb128 0xb
 1064 0043 01       		.uleb128 0x1
 1065 0044 13       		.uleb128 0x13
 1066 0045 00       		.byte	0x0
 1067 0046 00       		.byte	0x0
 1068 0047 06       		.uleb128 0x6
 1069 0048 0D       		.uleb128 0xd
 1070 0049 00       		.byte	0x0
 1071 004a 03       		.uleb128 0x3
 1072 004b 0E       		.uleb128 0xe
 1073 004c 3A       		.uleb128 0x3a
 1074 004d 0B       		.uleb128 0xb
 1075 004e 3B       		.uleb128 0x3b
 1076 004f 0B       		.uleb128 0xb
 1077 0050 49       		.uleb128 0x49
 1078 0051 13       		.uleb128 0x13
ARM GAS  C:\Users\DNIEL~1\AppData\Local\Temp\cc348AEK.s 			page 20


 1079 0052 38       		.uleb128 0x38
 1080 0053 0A       		.uleb128 0xa
 1081 0054 00       		.byte	0x0
 1082 0055 00       		.byte	0x0
 1083 0056 07       		.uleb128 0x7
 1084 0057 0D       		.uleb128 0xd
 1085 0058 00       		.byte	0x0
 1086 0059 03       		.uleb128 0x3
 1087 005a 08       		.uleb128 0x8
 1088 005b 3A       		.uleb128 0x3a
 1089 005c 0B       		.uleb128 0xb
 1090 005d 3B       		.uleb128 0x3b
 1091 005e 0B       		.uleb128 0xb
 1092 005f 49       		.uleb128 0x49
 1093 0060 13       		.uleb128 0x13
 1094 0061 38       		.uleb128 0x38
 1095 0062 0A       		.uleb128 0xa
 1096 0063 00       		.byte	0x0
 1097 0064 00       		.byte	0x0
 1098 0065 08       		.uleb128 0x8
 1099 0066 13       		.uleb128 0x13
 1100 0067 01       		.byte	0x1
 1101 0068 0B       		.uleb128 0xb
 1102 0069 0B       		.uleb128 0xb
 1103 006a 3A       		.uleb128 0x3a
 1104 006b 0B       		.uleb128 0xb
 1105 006c 3B       		.uleb128 0x3b
 1106 006d 0B       		.uleb128 0xb
 1107 006e 01       		.uleb128 0x1
 1108 006f 13       		.uleb128 0x13
 1109 0070 00       		.byte	0x0
 1110 0071 00       		.byte	0x0
 1111 0072 09       		.uleb128 0x9
 1112 0073 0F       		.uleb128 0xf
 1113 0074 00       		.byte	0x0
 1114 0075 0B       		.uleb128 0xb
 1115 0076 0B       		.uleb128 0xb
 1116 0077 49       		.uleb128 0x49
 1117 0078 13       		.uleb128 0x13
 1118 0079 00       		.byte	0x0
 1119 007a 00       		.byte	0x0
 1120 007b 0A       		.uleb128 0xa
 1121 007c 0F       		.uleb128 0xf
 1122 007d 00       		.byte	0x0
 1123 007e 0B       		.uleb128 0xb
 1124 007f 0B       		.uleb128 0xb
 1125 0080 00       		.byte	0x0
 1126 0081 00       		.byte	0x0
 1127 0082 0B       		.uleb128 0xb
 1128 0083 13       		.uleb128 0x13
 1129 0084 01       		.byte	0x1
 1130 0085 03       		.uleb128 0x3
 1131 0086 0E       		.uleb128 0xe
 1132 0087 0B       		.uleb128 0xb
 1133 0088 0B       		.uleb128 0xb
 1134 0089 3A       		.uleb128 0x3a
 1135 008a 0B       		.uleb128 0xb
ARM GAS  C:\Users\DNIEL~1\AppData\Local\Temp\cc348AEK.s 			page 21


 1136 008b 3B       		.uleb128 0x3b
 1137 008c 05       		.uleb128 0x5
 1138 008d 01       		.uleb128 0x1
 1139 008e 13       		.uleb128 0x13
 1140 008f 00       		.byte	0x0
 1141 0090 00       		.byte	0x0
 1142 0091 0C       		.uleb128 0xc
 1143 0092 0D       		.uleb128 0xd
 1144 0093 00       		.byte	0x0
 1145 0094 03       		.uleb128 0x3
 1146 0095 08       		.uleb128 0x8
 1147 0096 3A       		.uleb128 0x3a
 1148 0097 0B       		.uleb128 0xb
 1149 0098 3B       		.uleb128 0x3b
 1150 0099 05       		.uleb128 0x5
 1151 009a 49       		.uleb128 0x49
 1152 009b 13       		.uleb128 0x13
 1153 009c 38       		.uleb128 0x38
 1154 009d 0A       		.uleb128 0xa
 1155 009e 00       		.byte	0x0
 1156 009f 00       		.byte	0x0
 1157 00a0 0D       		.uleb128 0xd
 1158 00a1 35       		.uleb128 0x35
 1159 00a2 00       		.byte	0x0
 1160 00a3 49       		.uleb128 0x49
 1161 00a4 13       		.uleb128 0x13
 1162 00a5 00       		.byte	0x0
 1163 00a6 00       		.byte	0x0
 1164 00a7 0E       		.uleb128 0xe
 1165 00a8 17       		.uleb128 0x17
 1166 00a9 01       		.byte	0x1
 1167 00aa 0B       		.uleb128 0xb
 1168 00ab 0B       		.uleb128 0xb
 1169 00ac 3A       		.uleb128 0x3a
 1170 00ad 0B       		.uleb128 0xb
 1171 00ae 3B       		.uleb128 0x3b
 1172 00af 0B       		.uleb128 0xb
 1173 00b0 01       		.uleb128 0x1
 1174 00b1 13       		.uleb128 0x13
 1175 00b2 00       		.byte	0x0
 1176 00b3 00       		.byte	0x0
 1177 00b4 0F       		.uleb128 0xf
 1178 00b5 0D       		.uleb128 0xd
 1179 00b6 00       		.byte	0x0
 1180 00b7 03       		.uleb128 0x3
 1181 00b8 0E       		.uleb128 0xe
 1182 00b9 3A       		.uleb128 0x3a
 1183 00ba 0B       		.uleb128 0xb
 1184 00bb 3B       		.uleb128 0x3b
 1185 00bc 0B       		.uleb128 0xb
 1186 00bd 49       		.uleb128 0x49
 1187 00be 13       		.uleb128 0x13
 1188 00bf 00       		.byte	0x0
 1189 00c0 00       		.byte	0x0
 1190 00c1 10       		.uleb128 0x10
 1191 00c2 26       		.uleb128 0x26
 1192 00c3 00       		.byte	0x0
ARM GAS  C:\Users\DNIEL~1\AppData\Local\Temp\cc348AEK.s 			page 22


 1193 00c4 49       		.uleb128 0x49
 1194 00c5 13       		.uleb128 0x13
 1195 00c6 00       		.byte	0x0
 1196 00c7 00       		.byte	0x0
 1197 00c8 11       		.uleb128 0x11
 1198 00c9 2E       		.uleb128 0x2e
 1199 00ca 01       		.byte	0x1
 1200 00cb 3F       		.uleb128 0x3f
 1201 00cc 0C       		.uleb128 0xc
 1202 00cd 03       		.uleb128 0x3
 1203 00ce 0E       		.uleb128 0xe
 1204 00cf 3A       		.uleb128 0x3a
 1205 00d0 0B       		.uleb128 0xb
 1206 00d1 3B       		.uleb128 0x3b
 1207 00d2 0B       		.uleb128 0xb
 1208 00d3 27       		.uleb128 0x27
 1209 00d4 0C       		.uleb128 0xc
 1210 00d5 49       		.uleb128 0x49
 1211 00d6 13       		.uleb128 0x13
 1212 00d7 11       		.uleb128 0x11
 1213 00d8 01       		.uleb128 0x1
 1214 00d9 12       		.uleb128 0x12
 1215 00da 01       		.uleb128 0x1
 1216 00db 40       		.uleb128 0x40
 1217 00dc 06       		.uleb128 0x6
 1218 00dd 01       		.uleb128 0x1
 1219 00de 13       		.uleb128 0x13
 1220 00df 00       		.byte	0x0
 1221 00e0 00       		.byte	0x0
 1222 00e1 12       		.uleb128 0x12
 1223 00e2 05       		.uleb128 0x5
 1224 00e3 00       		.byte	0x0
 1225 00e4 03       		.uleb128 0x3
 1226 00e5 08       		.uleb128 0x8
 1227 00e6 3A       		.uleb128 0x3a
 1228 00e7 0B       		.uleb128 0xb
 1229 00e8 3B       		.uleb128 0x3b
 1230 00e9 0B       		.uleb128 0xb
 1231 00ea 49       		.uleb128 0x49
 1232 00eb 13       		.uleb128 0x13
 1233 00ec 02       		.uleb128 0x2
 1234 00ed 06       		.uleb128 0x6
 1235 00ee 00       		.byte	0x0
 1236 00ef 00       		.byte	0x0
 1237 00f0 13       		.uleb128 0x13
 1238 00f1 34       		.uleb128 0x34
 1239 00f2 00       		.byte	0x0
 1240 00f3 03       		.uleb128 0x3
 1241 00f4 08       		.uleb128 0x8
 1242 00f5 3A       		.uleb128 0x3a
 1243 00f6 0B       		.uleb128 0xb
 1244 00f7 3B       		.uleb128 0x3b
 1245 00f8 0B       		.uleb128 0xb
 1246 00f9 49       		.uleb128 0x49
 1247 00fa 13       		.uleb128 0x13
 1248 00fb 02       		.uleb128 0x2
 1249 00fc 06       		.uleb128 0x6
ARM GAS  C:\Users\DNIEL~1\AppData\Local\Temp\cc348AEK.s 			page 23


 1250 00fd 00       		.byte	0x0
 1251 00fe 00       		.byte	0x0
 1252 00ff 14       		.uleb128 0x14
 1253 0100 2E       		.uleb128 0x2e
 1254 0101 01       		.byte	0x1
 1255 0102 3F       		.uleb128 0x3f
 1256 0103 0C       		.uleb128 0xc
 1257 0104 03       		.uleb128 0x3
 1258 0105 0E       		.uleb128 0xe
 1259 0106 3A       		.uleb128 0x3a
 1260 0107 0B       		.uleb128 0xb
 1261 0108 3B       		.uleb128 0x3b
 1262 0109 0B       		.uleb128 0xb
 1263 010a 27       		.uleb128 0x27
 1264 010b 0C       		.uleb128 0xc
 1265 010c 11       		.uleb128 0x11
 1266 010d 01       		.uleb128 0x1
 1267 010e 12       		.uleb128 0x12
 1268 010f 01       		.uleb128 0x1
 1269 0110 40       		.uleb128 0x40
 1270 0111 06       		.uleb128 0x6
 1271 0112 01       		.uleb128 0x1
 1272 0113 13       		.uleb128 0x13
 1273 0114 00       		.byte	0x0
 1274 0115 00       		.byte	0x0
 1275 0116 15       		.uleb128 0x15
 1276 0117 34       		.uleb128 0x34
 1277 0118 00       		.byte	0x0
 1278 0119 03       		.uleb128 0x3
 1279 011a 0E       		.uleb128 0xe
 1280 011b 3A       		.uleb128 0x3a
 1281 011c 0B       		.uleb128 0xb
 1282 011d 3B       		.uleb128 0x3b
 1283 011e 0B       		.uleb128 0xb
 1284 011f 49       		.uleb128 0x49
 1285 0120 13       		.uleb128 0x13
 1286 0121 3F       		.uleb128 0x3f
 1287 0122 0C       		.uleb128 0xc
 1288 0123 3C       		.uleb128 0x3c
 1289 0124 0C       		.uleb128 0xc
 1290 0125 00       		.byte	0x0
 1291 0126 00       		.byte	0x0
 1292 0127 00       		.byte	0x0
 1293              		.section	.debug_pubnames,"",%progbits
 1294 0000 3B000000 		.4byte	0x3b
 1295 0004 0200     		.2byte	0x2
 1296 0006 00000000 		.4byte	.Ldebug_info0
 1297 000a FF040000 		.4byte	0x4ff
 1298 000e 37040000 		.4byte	0x437
 1299 0012 63684D73 		.ascii	"chMsgSend\000"
 1299      6753656E 
 1299      6400
 1300 001c 81040000 		.4byte	0x481
 1301 0020 63684D73 		.ascii	"chMsgWait\000"
 1301      67576169 
 1301      7400
 1302 002a AD040000 		.4byte	0x4ad
ARM GAS  C:\Users\DNIEL~1\AppData\Local\Temp\cc348AEK.s 			page 24


 1303 002e 63684D73 		.ascii	"chMsgRelease\000"
 1303      6752656C 
 1303      65617365 
 1303      00
 1304 003b 00000000 		.4byte	0x0
 1305              		.section	.debug_pubtypes,"",%progbits
 1306 0000 17010000 		.4byte	0x117
 1307 0004 0200     		.2byte	0x2
 1308 0006 00000000 		.4byte	.Ldebug_info0
 1309 000a FF040000 		.4byte	0x4ff
 1310 000e 3E000000 		.4byte	0x3e
 1311 0012 75696E74 		.ascii	"uint8_t\000"
 1311      385F7400 
 1312 001a 5E000000 		.4byte	0x5e
 1313 001e 696E7433 		.ascii	"int32_t\000"
 1313      325F7400 
 1314 0026 70000000 		.4byte	0x70
 1315 002a 75696E74 		.ascii	"uint32_t\000"
 1315      33325F74 
 1315      00
 1316 0033 97000000 		.4byte	0x97
 1317 0037 746D6F64 		.ascii	"tmode_t\000"
 1317      655F7400 
 1318 003f A2000000 		.4byte	0xa2
 1319 0043 74737461 		.ascii	"tstate_t\000"
 1319      74655F74 
 1319      00
 1320 004c AD000000 		.4byte	0xad
 1321 0050 74726566 		.ascii	"trefs_t\000"
 1321      735F7400 
 1322 0058 B8000000 		.4byte	0xb8
 1323 005c 74736C69 		.ascii	"tslices_t\000"
 1323      6365735F 
 1323      7400
 1324 0066 C3000000 		.4byte	0xc3
 1325 006a 74707269 		.ascii	"tprio_t\000"
 1325      6F5F7400 
 1326 0072 CE000000 		.4byte	0xce
 1327 0076 6D73675F 		.ascii	"msg_t\000"
 1327      7400
 1328 007c D9000000 		.4byte	0xd9
 1329 0080 6576656E 		.ascii	"eventmask_t\000"
 1329      746D6173 
 1329      6B5F7400 
 1330 008c E4000000 		.4byte	0xe4
 1331 0090 73797374 		.ascii	"systime_t\000"
 1331      696D655F 
 1331      7400
 1332 009a EF000000 		.4byte	0xef
 1333 009e 54687265 		.ascii	"Thread\000"
 1333      616400
 1334 00a5 4A020000 		.4byte	0x24a
 1335 00a9 54687265 		.ascii	"ThreadsQueue\000"
 1335      61647351 
 1335      75657565 
 1335      00
 1336 00b6 6C020000 		.4byte	0x26c
ARM GAS  C:\Users\DNIEL~1\AppData\Local\Temp\cc348AEK.s 			page 25


 1337 00ba 54687265 		.ascii	"ThreadsList\000"
 1337      6164734C 
 1337      69737400 
 1338 00c6 77020000 		.4byte	0x277
 1339 00ca 72656761 		.ascii	"regarm_t\000"
 1339      726D5F74 
 1339      00
 1340 00d3 84020000 		.4byte	0x284
 1341 00d7 696E7463 		.ascii	"intctx\000"
 1341      747800
 1342 00de 12030000 		.4byte	0x312
 1343 00e2 636F6E74 		.ascii	"context\000"
 1343      65787400 
 1344 00ea 97030000 		.4byte	0x397
 1345 00ee 52656164 		.ascii	"ReadyList\000"
 1345      794C6973 
 1345      7400
 1346 00f8 A2030000 		.4byte	0x3a2
 1347 00fc 4D757465 		.ascii	"Mutex\000"
 1347      7800
 1348 0102 DF030000 		.4byte	0x3df
 1349 0106 4D757465 		.ascii	"Mutex\000"
 1349      7800
 1350 010c FA000000 		.4byte	0xfa
 1351 0110 54687265 		.ascii	"Thread\000"
 1351      616400
 1352 0117 00000000 		.4byte	0x0
 1353              		.section	.debug_aranges,"",%progbits
 1354 0000 2C000000 		.4byte	0x2c
 1355 0004 0200     		.2byte	0x2
 1356 0006 00000000 		.4byte	.Ldebug_info0
 1357 000a 04       		.byte	0x4
 1358 000b 00       		.byte	0x0
 1359 000c 0000     		.2byte	0x0
 1360 000e 0000     		.2byte	0x0
 1361 0010 00000000 		.4byte	.LFB0
 1362 0014 48000000 		.4byte	.LFE0-.LFB0
 1363 0018 00000000 		.4byte	.LFB1
 1364 001c 3C000000 		.4byte	.LFE1-.LFB1
 1365 0020 00000000 		.4byte	.LFB2
 1366 0024 10000000 		.4byte	.LFE2-.LFB2
 1367 0028 00000000 		.4byte	0x0
 1368 002c 00000000 		.4byte	0x0
 1369              		.section	.debug_ranges,"",%progbits
 1370              	.Ldebug_ranges0:
 1371 0000 00000000 		.4byte	.LFB0
 1372 0004 48000000 		.4byte	.LFE0
 1373 0008 00000000 		.4byte	.LFB1
 1374 000c 3C000000 		.4byte	.LFE1
 1375 0010 00000000 		.4byte	.LFB2
 1376 0014 10000000 		.4byte	.LFE2
 1377 0018 00000000 		.4byte	0x0
 1378 001c 00000000 		.4byte	0x0
 1379              		.section	.debug_str,"MS",%progbits,1
 1380              	.LASF36:
 1381 0000 705F6D73 		.ascii	"p_msg\000"
 1381      6700
ARM GAS  C:\Users\DNIEL~1\AppData\Local\Temp\cc348AEK.s 			page 26


 1382              	.LASF57:
 1383 0006 7264796D 		.ascii	"rdymsg\000"
 1383      736700
 1384              	.LASF19:
 1385 000d 6576656E 		.ascii	"eventmask_t\000"
 1385      746D6173 
 1385      6B5F7400 
 1386              	.LASF11:
 1387 0019 6C6F6E67 		.ascii	"long long unsigned int\000"
 1387      206C6F6E 
 1387      6720756E 
 1387      7369676E 
 1387      65642069 
 1388              	.LASF58:
 1389 0030 65786974 		.ascii	"exitcode\000"
 1389      636F6465 
 1389      00
 1390              	.LASF24:
 1391 0039 705F7072 		.ascii	"p_prio\000"
 1391      696F00
 1392              	.LASF10:
 1393 0040 6C6F6E67 		.ascii	"long long int\000"
 1393      206C6F6E 
 1393      6720696E 
 1393      7400
 1394              	.LASF1:
 1395 004e 7369676E 		.ascii	"signed char\000"
 1395      65642063 
 1395      68617200 
 1396              	.LASF9:
 1397 005a 6C6F6E67 		.ascii	"long unsigned int\000"
 1397      20756E73 
 1397      69676E65 
 1397      6420696E 
 1397      7400
 1398              	.LASF40:
 1399 006c 705F6D70 		.ascii	"p_mpool\000"
 1399      6F6F6C00 
 1400              	.LASF54:
 1401 0074 6D5F7175 		.ascii	"m_queue\000"
 1401      65756500 
 1402              	.LASF16:
 1403 007c 74736C69 		.ascii	"tslices_t\000"
 1403      6365735F 
 1403      7400
 1404              	.LASF7:
 1405 0086 6C6F6E67 		.ascii	"long int\000"
 1405      20696E74 
 1405      00
 1406              	.LASF62:
 1407 008f 63684D73 		.ascii	"chMsgSend\000"
 1407      6753656E 
 1407      6400
 1408              	.LASF14:
 1409 0099 74737461 		.ascii	"tstate_t\000"
 1409      74655F74 
 1409      00
ARM GAS  C:\Users\DNIEL~1\AppData\Local\Temp\cc348AEK.s 			page 27


 1410              	.LASF26:
 1411 00a2 705F6E65 		.ascii	"p_newer\000"
 1411      77657200 
 1412              	.LASF49:
 1413 00aa 725F6E65 		.ascii	"r_newer\000"
 1413      77657200 
 1414              	.LASF43:
 1415 00b2 72656761 		.ascii	"regarm_t\000"
 1415      726D5F74 
 1415      00
 1416              	.LASF0:
 1417 00bb 756E7369 		.ascii	"unsigned int\000"
 1417      676E6564 
 1417      20696E74 
 1417      00
 1418              	.LASF67:
 1419 00c8 433A5C44 		.ascii	"C:\\Dani\\MegaLux\\Repo\\LuxControl\\LuxControl\\lu"
 1419      616E695C 
 1419      4D656761 
 1419      4C75785C 
 1419      5265706F 
 1420 00f5 78636F6E 		.ascii	"xcontrol\\firmware\000"
 1420      74726F6C 
 1420      5C666972 
 1420      6D776172 
 1420      6500
 1421              	.LASF45:
 1422 0107 636F6E74 		.ascii	"context\000"
 1422      65787400 
 1423              	.LASF4:
 1424 010f 73686F72 		.ascii	"short unsigned int\000"
 1424      7420756E 
 1424      7369676E 
 1424      65642069 
 1424      6E7400
 1425              	.LASF18:
 1426 0122 6D73675F 		.ascii	"msg_t\000"
 1426      7400
 1427              	.LASF13:
 1428 0128 746D6F64 		.ascii	"tmode_t\000"
 1428      655F7400 
 1429              	.LASF42:
 1430 0130 54687265 		.ascii	"ThreadsList\000"
 1430      6164734C 
 1430      69737400 
 1431              	.LASF66:
 1432 013c 2E2E2F2E 		.ascii	"../../../ChibiOS/os/kernel/src/chmsg.c\000"
 1432      2E2F2E2E 
 1432      2F436869 
 1432      62694F53 
 1432      2F6F732F 
 1433              	.LASF53:
 1434 0163 4D757465 		.ascii	"Mutex\000"
 1434      7800
 1435              	.LASF27:
 1436 0169 705F6F6C 		.ascii	"p_older\000"
 1436      64657200 
ARM GAS  C:\Users\DNIEL~1\AppData\Local\Temp\cc348AEK.s 			page 28


 1437              	.LASF48:
 1438 0171 725F6374 		.ascii	"r_ctx\000"
 1438      7800
 1439              	.LASF41:
 1440 0177 54687265 		.ascii	"ThreadsQueue\000"
 1440      61647351 
 1440      75657565 
 1440      00
 1441              	.LASF51:
 1442 0184 725F6375 		.ascii	"r_current\000"
 1442      7272656E 
 1442      7400
 1443              	.LASF50:
 1444 018e 725F6F6C 		.ascii	"r_older\000"
 1444      64657200 
 1445              	.LASF15:
 1446 0196 74726566 		.ascii	"trefs_t\000"
 1446      735F7400 
 1447              	.LASF23:
 1448 019e 705F7072 		.ascii	"p_prev\000"
 1448      657600
 1449              	.LASF17:
 1450 01a5 74707269 		.ascii	"tprio_t\000"
 1450      6F5F7400 
 1451              	.LASF12:
 1452 01ad 5F426F6F 		.ascii	"_Bool\000"
 1452      6C00
 1453              	.LASF6:
 1454 01b3 696E7433 		.ascii	"int32_t\000"
 1454      325F7400 
 1455              	.LASF2:
 1456 01bb 756E7369 		.ascii	"unsigned char\000"
 1456      676E6564 
 1456      20636861 
 1456      7200
 1457              	.LASF38:
 1458 01c9 705F6D74 		.ascii	"p_mtxlist\000"
 1458      786C6973 
 1458      7400
 1459              	.LASF3:
 1460 01d3 73686F72 		.ascii	"short int\000"
 1460      7420696E 
 1460      7400
 1461              	.LASF29:
 1462 01dd 705F7374 		.ascii	"p_state\000"
 1462      61746500 
 1463              	.LASF32:
 1464 01e5 705F7072 		.ascii	"p_preempt\000"
 1464      65656D70 
 1464      7400
 1465              	.LASF47:
 1466 01ef 725F7072 		.ascii	"r_prio\000"
 1466      696F00
 1467              	.LASF60:
 1468 01f6 65776D61 		.ascii	"ewmask\000"
 1468      736B00
 1469              	.LASF22:
ARM GAS  C:\Users\DNIEL~1\AppData\Local\Temp\cc348AEK.s 			page 29


 1470 01fd 705F6E65 		.ascii	"p_next\000"
 1470      787400
 1471              	.LASF30:
 1472 0204 705F666C 		.ascii	"p_flags\000"
 1472      61677300 
 1473              	.LASF21:
 1474 020c 54687265 		.ascii	"Thread\000"
 1474      616400
 1475              	.LASF68:
 1476 0213 63684D73 		.ascii	"chMsgRelease\000"
 1476      6752656C 
 1476      65617365 
 1476      00
 1477              	.LASF37:
 1478 0220 705F6570 		.ascii	"p_epending\000"
 1478      656E6469 
 1478      6E6700
 1479              	.LASF8:
 1480 022b 75696E74 		.ascii	"uint32_t\000"
 1480      33325F74 
 1480      00
 1481              	.LASF46:
 1482 0234 725F7175 		.ascii	"r_queue\000"
 1482      65756500 
 1483              	.LASF61:
 1484 023c 63686172 		.ascii	"char\000"
 1484      00
 1485              	.LASF56:
 1486 0241 6D5F6E65 		.ascii	"m_next\000"
 1486      787400
 1487              	.LASF20:
 1488 0248 73797374 		.ascii	"systime_t\000"
 1488      696D655F 
 1488      7400
 1489              	.LASF39:
 1490 0252 705F7265 		.ascii	"p_realprio\000"
 1490      616C7072 
 1490      696F00
 1491              	.LASF33:
 1492 025d 705F7469 		.ascii	"p_time\000"
 1492      6D6500
 1493              	.LASF44:
 1494 0264 696E7463 		.ascii	"intctx\000"
 1494      747800
 1495              	.LASF35:
 1496 026b 705F6D73 		.ascii	"p_msgqueue\000"
 1496      67717565 
 1496      756500
 1497              	.LASF63:
 1498 0276 63684D73 		.ascii	"chMsgWait\000"
 1498      67576169 
 1498      7400
 1499              	.LASF31:
 1500 0280 705F7265 		.ascii	"p_refs\000"
 1500      667300
 1501              	.LASF52:
 1502 0287 52656164 		.ascii	"ReadyList\000"
ARM GAS  C:\Users\DNIEL~1\AppData\Local\Temp\cc348AEK.s 			page 30


 1502      794C6973 
 1502      7400
 1503              	.LASF64:
 1504 0291 726C6973 		.ascii	"rlist\000"
 1504      7400
 1505              	.LASF5:
 1506 0297 75696E74 		.ascii	"uint8_t\000"
 1506      385F7400 
 1507              	.LASF59:
 1508 029f 77746F62 		.ascii	"wtobjp\000"
 1508      6A7000
 1509              	.LASF65:
 1510 02a6 474E5520 		.ascii	"GNU C 4.5.2\000"
 1510      4320342E 
 1510      352E3200 
 1511              	.LASF28:
 1512 02b2 705F6E61 		.ascii	"p_name\000"
 1512      6D6500
 1513              	.LASF55:
 1514 02b9 6D5F6F77 		.ascii	"m_owner\000"
 1514      6E657200 
 1515              	.LASF25:
 1516 02c1 705F6374 		.ascii	"p_ctx\000"
 1516      7800
 1517              	.LASF34:
 1518 02c7 705F7761 		.ascii	"p_waiting\000"
 1518      6974696E 
 1518      6700
 1519              		.ident	"GCC: (Sourcery G++ Lite 2011.03-42) 4.5.2"
ARM GAS  C:\Users\DNIEL~1\AppData\Local\Temp\cc348AEK.s 			page 31


DEFINED SYMBOLS
                            *ABS*:00000000 chmsg.c
C:\Users\DNIEL~1\AppData\Local\Temp\cc348AEK.s:24     .text.chMsgSend:00000000 $t
C:\Users\DNIEL~1\AppData\Local\Temp\cc348AEK.s:30     .text.chMsgSend:00000000 chMsgSend
C:\Users\DNIEL~1\AppData\Local\Temp\cc348AEK.s:109    .text.chMsgSend:00000044 $d
C:\Users\DNIEL~1\AppData\Local\Temp\cc348AEK.s:114    .text.chMsgWait:00000000 $t
C:\Users\DNIEL~1\AppData\Local\Temp\cc348AEK.s:120    .text.chMsgWait:00000000 chMsgWait
C:\Users\DNIEL~1\AppData\Local\Temp\cc348AEK.s:179    .text.chMsgWait:00000038 $d
C:\Users\DNIEL~1\AppData\Local\Temp\cc348AEK.s:184    .text.chMsgRelease:00000000 $t
C:\Users\DNIEL~1\AppData\Local\Temp\cc348AEK.s:190    .text.chMsgRelease:00000000 chMsgRelease
                     .debug_frame:00000010 $d
C:\Users\DNIEL~1\AppData\Local\Temp\cc348AEK.s:113    .text.chMsgSend:00000048 $t
C:\Users\DNIEL~1\AppData\Local\Temp\cc348AEK.s:183    .text.chMsgWait:0000003c $t

UNDEFINED SYMBOLS
_port_lock
queue_insert
chSchGoSleepS
_port_unlock
chSchReadyI
rlist
fifo_remove
chSchWakeupS
