ARM GAS  C:\Users\DNIEL~1\AppData\Local\Temp\ccdw0CDo.s 			page 1


   1              		.syntax unified
   2              		.cpu cortex-m3
   3              		.fpu softvfp
   4              		.eabi_attribute 20, 1
   5              		.eabi_attribute 21, 1
   6              		.eabi_attribute 23, 3
   7              		.eabi_attribute 24, 1
   8              		.eabi_attribute 25, 1
   9              		.eabi_attribute 26, 1
  10              		.eabi_attribute 30, 2
  11              		.eabi_attribute 18, 4
  12              		.thumb
  13              		.file	"chregistry.c"
  14              		.section	.debug_abbrev,"",%progbits
  15              	.Ldebug_abbrev0:
  16              		.section	.debug_info,"",%progbits
  17              	.Ldebug_info0:
  18              		.section	.debug_line,"",%progbits
  19              	.Ldebug_line0:
  20 0000 17020000 		.text
  20      0200DE01 
  20      00000201 
  20      FB0E0D00 
  20      01010101 
  21              	.Ltext0:
  22              		.cfi_sections	.debug_frame
  23              		.section	.text.chRegFirstThread,"ax",%progbits
  24              		.align	2
  25              		.p2align 4,,15
  26              		.global	chRegFirstThread
  27              		.thumb
  28              		.thumb_func
  29              		.type	chRegFirstThread, %function
  30              	chRegFirstThread:
  31              	.LFB0:
  32              		.file 1 "../../../ChibiOS/os/kernel/src/chregistry.c"
  33              		.loc 1 110 0
  34              		.cfi_startproc
  35              		@ args = 0, pretend = 0, frame = 0
  36              		@ frame_needed = 0, uses_anonymous_args = 0
  37 0000 00B5     		push	{lr}
  38              	.LCFI0:
  39              		.cfi_def_cfa_offset 4
  40              		.loc 1 113 0
  41              	@ 113 "../../../ChibiOS/os/kernel/src/chregistry.c" 1
  42 0002 FFF7FEFF 		bl      _port_lock
  43              	@ 0 "" 2
  44              		.loc 1 114 0
  45              		.thumb
  46 0006 0448     		ldr	r0, .L2
  47 0008 0069     		ldr	r0, [r0, #16]
  48              	.LVL0:
  49              		.loc 1 116 0
  50 000a 817F     		ldrb	r1, [r0, #30]	@ zero_extendqisi2
  51 000c 4B1C     		adds	r3, r1, #1
  52 000e 8377     		strb	r3, [r0, #30]
  53              		.loc 1 118 0
ARM GAS  C:\Users\DNIEL~1\AppData\Local\Temp\ccdw0CDo.s 			page 2


  54              	@ 118 "../../../ChibiOS/os/kernel/src/chregistry.c" 1
  55 0010 FFF7FEFF 		bl      _port_unlock
  56              	@ 0 "" 2
  57              		.loc 1 120 0
  58              		.thumb
  59 0014 5DF804FB 		ldr	pc, [sp], #4
  60              		.cfi_offset 14, -4
  61              	.L3:
  62              		.align	2
  63              	.L2:
  64 0018 00000000 		.word	rlist
  65              		.cfi_endproc
  66              	.LFE0:
  67              		.size	chRegFirstThread, .-chRegFirstThread
  68 001c AFF30080 		.section	.text.chRegNextThread,"ax",%progbits
  69              		.align	2
  70              		.p2align 4,,15
  71              		.global	chRegNextThread
  72              		.thumb
  73              		.thumb_func
  74              		.type	chRegNextThread, %function
  75              	chRegNextThread:
  76              	.LFB1:
  77              		.loc 1 133 0
  78              		.cfi_startproc
  79              		@ args = 0, pretend = 0, frame = 0
  80              		@ frame_needed = 0, uses_anonymous_args = 0
  81              	.LVL1:
  82 0000 10B5     		push	{r4, lr}
  83              	.LCFI1:
  84              		.cfi_def_cfa_offset 8
  85              		.loc 1 136 0
  86              	@ 136 "../../../ChibiOS/os/kernel/src/chregistry.c" 1
  87 0002 FFF7FEFF 		bl      _port_lock
  88              	@ 0 "" 2
  89              		.loc 1 138 0
  90              		.thumb
  91 0006 0A4B     		ldr	r3, .L8
  92              		.loc 1 137 0
  93 0008 0469     		ldr	r4, [r0, #16]
  94              		.cfi_offset 14, -4
  95              		.cfi_offset 4, -8
  96              	.LVL2:
  97              		.loc 1 138 0
  98 000a 9C42     		cmp	r4, r3
  99 000c 08D0     		beq	.L6
 100              	.LVL3:
 101              		.loc 1 144 0
 102 000e A27F     		ldrb	r2, [r4, #30]	@ zero_extendqisi2
 103 0010 511C     		adds	r1, r2, #1
 104 0012 A177     		strb	r1, [r4, #30]
 105              		.loc 1 147 0
 106              	@ 147 "../../../ChibiOS/os/kernel/src/chregistry.c" 1
 107 0014 FFF7FEFF 		bl      _port_unlock
 108              	@ 0 "" 2
 109              		.loc 1 149 0
 110              		.thumb
ARM GAS  C:\Users\DNIEL~1\AppData\Local\Temp\ccdw0CDo.s 			page 3


 111 0018 FFF7FEFF 		bl	chThdRelease
 112              	.LVL4:
 113              		.loc 1 152 0
 114 001c 2046     		mov	r0, r4
 115 001e 10BD     		pop	{r4, pc}
 116              	.LVL5:
 117              	.L6:
 118              		.loc 1 139 0
 119 0020 0024     		movs	r4, #0
 120              	.LVL6:
 121              		.loc 1 147 0
 122              	@ 147 "../../../ChibiOS/os/kernel/src/chregistry.c" 1
 123 0022 FFF7FEFF 		bl      _port_unlock
 124              	@ 0 "" 2
 125              		.loc 1 149 0
 126              		.thumb
 127 0026 FFF7FEFF 		bl	chThdRelease
 128              	.LVL7:
 129              		.loc 1 152 0
 130 002a 2046     		mov	r0, r4
 131 002c 10BD     		pop	{r4, pc}
 132              	.L9:
 133 002e 00BF     		.align	2
 134              	.L8:
 135 0030 00000000 		.word	rlist
 136              		.cfi_endproc
 137              	.LFE1:
 138              		.size	chRegNextThread, .-chRegNextThread
 139              		.global	ch_debug
 140 0034 AFF30080 		.section	.rodata.ch_debug,"a",%progbits
 140      AFF30080 
 140      AFF30080 
 141              		.align	2
 142              		.type	ch_debug, %object
 143              		.size	ch_debug, 22
 144              	ch_debug:
 145 0000 6D61696E 		.ascii	"main"
 146 0004 00       		.byte	0
 147 0005 16       		.byte	22
 148 0006 4111     		.short	4417
 149 0008 04       		.byte	4
 150 0009 04       		.byte	4
 151 000a 48       		.byte	72
 152 000b 08       		.byte	8
 153 000c 0C       		.byte	12
 154 000d 10       		.byte	16
 155 000e 14       		.byte	20
 156 000f 18       		.byte	24
 157 0010 00       		.byte	0
 158 0011 1C       		.byte	28
 159 0012 1D       		.byte	29
 160 0013 1E       		.byte	30
 161 0014 1F       		.byte	31
 162 0015 20       		.byte	32
 163 0016 0000     		.text
 164              	.Letext0:
 165              		.section	.debug_loc,"",%progbits
ARM GAS  C:\Users\DNIEL~1\AppData\Local\Temp\ccdw0CDo.s 			page 4


 166              	.Ldebug_loc0:
 167              	.LLST0:
 168 0000 00000000 		.4byte	.LFB0
 169 0004 02000000 		.4byte	.LCFI0
 170 0008 0200     		.2byte	0x2
 171 000a 7D       		.byte	0x7d
 172 000b 00       		.sleb128 0
 173 000c 02000000 		.4byte	.LCFI0
 174 0010 1C000000 		.4byte	.LFE0
 175 0014 0200     		.2byte	0x2
 176 0016 7D       		.byte	0x7d
 177 0017 04       		.sleb128 4
 178 0018 00000000 		.4byte	0x0
 179 001c 00000000 		.4byte	0x0
 180              	.LLST1:
 181 0020 00000000 		.4byte	.LFB1
 182 0024 02000000 		.4byte	.LCFI1
 183 0028 0200     		.2byte	0x2
 184 002a 7D       		.byte	0x7d
 185 002b 00       		.sleb128 0
 186 002c 02000000 		.4byte	.LCFI1
 187 0030 34000000 		.4byte	.LFE1
 188 0034 0200     		.2byte	0x2
 189 0036 7D       		.byte	0x7d
 190 0037 08       		.sleb128 8
 191 0038 00000000 		.4byte	0x0
 192 003c 00000000 		.4byte	0x0
 193              	.LLST2:
 194 0040 00000000 		.4byte	.LVL1
 195 0044 0E000000 		.4byte	.LVL3
 196 0048 0100     		.2byte	0x1
 197 004a 50       		.byte	0x50
 198 004b 20000000 		.4byte	.LVL5
 199 004f 29000000 		.4byte	.LVL7-1
 200 0053 0100     		.2byte	0x1
 201 0055 50       		.byte	0x50
 202 0056 00000000 		.4byte	0x0
 203 005a 00000000 		.4byte	0x0
 204              	.LLST3:
 205 005e 0A000000 		.4byte	.LVL2
 206 0062 1B000000 		.4byte	.LVL4-1
 207 0066 0200     		.2byte	0x2
 208 0068 70       		.byte	0x70
 209 0069 10       		.sleb128 16
 210 006a 1B000000 		.4byte	.LVL4-1
 211 006e 22000000 		.4byte	.LVL6
 212 0072 0100     		.2byte	0x1
 213 0074 54       		.byte	0x54
 214 0075 22000000 		.4byte	.LVL6
 215 0079 34000000 		.4byte	.LFE1
 216 007d 0100     		.2byte	0x1
 217 007f 54       		.byte	0x54
 218 0080 00000000 		.4byte	0x0
 219 0084 00000000 		.4byte	0x0
 220              		.file 2 "c:\\program files (x86)\\codesourcery\\sourcery g++ lite\\bin\\../lib/gcc/arm-none-eabi/4
 221              		.file 3 "c:\\program files (x86)\\codesourcery\\sourcery g++ lite\\bin\\../lib/gcc/arm-none-eabi/4
 222              		.file 4 "../../../ChibiOS/os/ports/GCC/ARMCMx/chtypes.h"
ARM GAS  C:\Users\DNIEL~1\AppData\Local\Temp\ccdw0CDo.s 			page 5


 223              		.file 5 "../../../ChibiOS/os/kernel/include/chlists.h"
 224              		.file 6 "../../../ChibiOS/os/kernel/include/chthreads.h"
 225              		.file 7 "../../../ChibiOS/os/ports/GCC/ARMCMx/chcore_v7m.h"
 226              		.file 8 "../../../ChibiOS/os/kernel/include/chschd.h"
 227              		.file 9 "../../../ChibiOS/os/kernel/include/chmtx.h"
 228              		.file 10 "../../../ChibiOS/os/kernel/include/chregistry.h"
 229              		.section	.debug_info
 230 0000 F7050000 		.4byte	0x5f7
 231 0004 0200     		.2byte	0x2
 232 0006 00000000 		.4byte	.Ldebug_abbrev0
 233 000a 04       		.byte	0x4
 234 000b 01       		.uleb128 0x1
 235 000c B5030000 		.4byte	.LASF86
 236 0010 01       		.byte	0x1
 237 0011 80010000 		.4byte	.LASF87
 238 0015 27020000 		.4byte	.LASF88
 239 0019 00000000 		.4byte	0x0
 240 001d 00000000 		.4byte	0x0
 241 0021 00000000 		.4byte	.Ldebug_ranges0+0x0
 242 0025 00000000 		.4byte	.Ldebug_line0
 243 0029 02       		.uleb128 0x2
 244 002a 04       		.byte	0x4
 245 002b 05       		.byte	0x5
 246 002c 696E7400 		.ascii	"int\000"
 247 0030 03       		.uleb128 0x3
 248 0031 13000000 		.4byte	.LASF2
 249 0035 02       		.byte	0x2
 250 0036 D3       		.byte	0xd3
 251 0037 3B000000 		.4byte	0x3b
 252 003b 04       		.uleb128 0x4
 253 003c 04       		.byte	0x4
 254 003d 07       		.byte	0x7
 255 003e 03010000 		.4byte	.LASF0
 256 0042 04       		.uleb128 0x4
 257 0043 01       		.byte	0x1
 258 0044 06       		.byte	0x6
 259 0045 82000000 		.4byte	.LASF1
 260 0049 03       		.uleb128 0x3
 261 004a A6030000 		.4byte	.LASF3
 262 004e 03       		.byte	0x3
 263 004f 2A       		.byte	0x2a
 264 0050 54000000 		.4byte	0x54
 265 0054 04       		.uleb128 0x4
 266 0055 01       		.byte	0x1
 267 0056 08       		.byte	0x8
 268 0057 92020000 		.4byte	.LASF4
 269 005b 04       		.uleb128 0x4
 270 005c 02       		.byte	0x2
 271 005d 05       		.byte	0x5
 272 005e AA020000 		.4byte	.LASF5
 273 0062 03       		.uleb128 0x3
 274 0063 D7000000 		.4byte	.LASF6
 275 0067 03       		.byte	0x3
 276 0068 36       		.byte	0x36
 277 0069 6D000000 		.4byte	0x6d
 278 006d 04       		.uleb128 0x4
 279 006e 02       		.byte	0x2
ARM GAS  C:\Users\DNIEL~1\AppData\Local\Temp\ccdw0CDo.s 			page 6


 280 006f 07       		.byte	0x7
 281 0070 41010000 		.4byte	.LASF7
 282 0074 03       		.uleb128 0x3
 283 0075 8A020000 		.4byte	.LASF8
 284 0079 03       		.byte	0x3
 285 007a 4F       		.byte	0x4f
 286 007b 7F000000 		.4byte	0x7f
 287 007f 04       		.uleb128 0x4
 288 0080 04       		.byte	0x4
 289 0081 05       		.byte	0x5
 290 0082 C5000000 		.4byte	.LASF9
 291 0086 03       		.uleb128 0x3
 292 0087 1D030000 		.4byte	.LASF10
 293 008b 03       		.byte	0x3
 294 008c 50       		.byte	0x50
 295 008d 91000000 		.4byte	0x91
 296 0091 04       		.uleb128 0x4
 297 0092 04       		.byte	0x4
 298 0093 07       		.byte	0x7
 299 0094 10010000 		.4byte	.LASF11
 300 0098 04       		.uleb128 0x4
 301 0099 08       		.byte	0x8
 302 009a 05       		.byte	0x5
 303 009b 74000000 		.4byte	.LASF12
 304 009f 04       		.uleb128 0x4
 305 00a0 08       		.byte	0x8
 306 00a1 07       		.byte	0x7
 307 00a2 21000000 		.4byte	.LASF13
 308 00a6 03       		.uleb128 0x3
 309 00a7 5A010000 		.4byte	.LASF14
 310 00ab 04       		.byte	0x4
 311 00ac 28       		.byte	0x28
 312 00ad 49000000 		.4byte	0x49
 313 00b1 03       		.uleb128 0x3
 314 00b2 CE000000 		.4byte	.LASF15
 315 00b6 04       		.byte	0x4
 316 00b7 29       		.byte	0x29
 317 00b8 49000000 		.4byte	0x49
 318 00bc 03       		.uleb128 0x3
 319 00bd 0D020000 		.4byte	.LASF16
 320 00c1 04       		.byte	0x4
 321 00c2 2A       		.byte	0x2a
 322 00c3 49000000 		.4byte	0x49
 323 00c7 03       		.uleb128 0x3
 324 00c8 BB000000 		.4byte	.LASF17
 325 00cc 04       		.byte	0x4
 326 00cd 2B       		.byte	0x2b
 327 00ce 49000000 		.4byte	0x49
 328 00d2 03       		.uleb128 0x3
 329 00d3 82020000 		.4byte	.LASF18
 330 00d7 04       		.byte	0x4
 331 00d8 2C       		.byte	0x2c
 332 00d9 86000000 		.4byte	0x86
 333 00dd 03       		.uleb128 0x3
 334 00de 54010000 		.4byte	.LASF19
 335 00e2 04       		.byte	0x4
 336 00e3 2D       		.byte	0x2d
ARM GAS  C:\Users\DNIEL~1\AppData\Local\Temp\ccdw0CDo.s 			page 7


 337 00e4 74000000 		.4byte	0x74
 338 00e8 03       		.uleb128 0x3
 339 00e9 6E010000 		.4byte	.LASF20
 340 00ed 04       		.byte	0x4
 341 00ee 2F       		.byte	0x2f
 342 00ef 86000000 		.4byte	0x86
 343 00f3 03       		.uleb128 0x3
 344 00f4 56030000 		.4byte	.LASF21
 345 00f8 04       		.byte	0x4
 346 00f9 31       		.byte	0x31
 347 00fa 86000000 		.4byte	0x86
 348 00fe 03       		.uleb128 0x3
 349 00ff FE020000 		.4byte	.LASF22
 350 0103 05       		.byte	0x5
 351 0104 23       		.byte	0x23
 352 0105 09010000 		.4byte	0x109
 353 0109 05       		.uleb128 0x5
 354 010a FE020000 		.4byte	.LASF22
 355 010e 48       		.byte	0x48
 356 010f 06       		.byte	0x6
 357 0110 57       		.byte	0x57
 358 0111 2E020000 		.4byte	0x22e
 359 0115 06       		.uleb128 0x6
 360 0116 E0020000 		.4byte	.LASF23
 361 011a 06       		.byte	0x6
 362 011b 58       		.byte	0x58
 363 011c 53020000 		.4byte	0x253
 364 0120 02       		.byte	0x2
 365 0121 23       		.byte	0x23
 366 0122 00       		.uleb128 0x0
 367 0123 06       		.uleb128 0x6
 368 0124 20020000 		.4byte	.LASF24
 369 0128 06       		.byte	0x6
 370 0129 5A       		.byte	0x5a
 371 012a 53020000 		.4byte	0x253
 372 012e 02       		.byte	0x2
 373 012f 23       		.byte	0x23
 374 0130 04       		.uleb128 0x4
 375 0131 06       		.uleb128 0x6
 376 0132 60000000 		.4byte	.LASF25
 377 0136 06       		.byte	0x6
 378 0137 5C       		.byte	0x5c
 379 0138 D2000000 		.4byte	0xd2
 380 013c 02       		.byte	0x2
 381 013d 23       		.byte	0x23
 382 013e 08       		.uleb128 0x8
 383 013f 06       		.uleb128 0x6
 384 0140 DB030000 		.4byte	.LASF26
 385 0144 06       		.byte	0x6
 386 0145 5D       		.byte	0x5d
 387 0146 21030000 		.4byte	0x321
 388 014a 02       		.byte	0x2
 389 014b 23       		.byte	0x23
 390 014c 0C       		.uleb128 0xc
 391 014d 06       		.uleb128 0x6
 392 014e EA000000 		.4byte	.LASF27
 393 0152 06       		.byte	0x6
ARM GAS  C:\Users\DNIEL~1\AppData\Local\Temp\ccdw0CDo.s 			page 8


 394 0153 5F       		.byte	0x5f
 395 0154 53020000 		.4byte	0x253
 396 0158 02       		.byte	0x2
 397 0159 23       		.byte	0x23
 398 015a 10       		.uleb128 0x10
 399 015b 06       		.uleb128 0x6
 400 015c D8010000 		.4byte	.LASF28
 401 0160 06       		.byte	0x6
 402 0161 60       		.byte	0x60
 403 0162 53020000 		.4byte	0x253
 404 0166 02       		.byte	0x2
 405 0167 23       		.byte	0x23
 406 0168 14       		.uleb128 0x14
 407 0169 06       		.uleb128 0x6
 408 016a C1030000 		.4byte	.LASF29
 409 016e 06       		.byte	0x6
 410 016f 67       		.byte	0x67
 411 0170 2E040000 		.4byte	0x42e
 412 0174 02       		.byte	0x2
 413 0175 23       		.byte	0x23
 414 0176 18       		.uleb128 0x18
 415 0177 06       		.uleb128 0x6
 416 0178 B4020000 		.4byte	.LASF30
 417 017c 06       		.byte	0x6
 418 017d 72       		.byte	0x72
 419 017e B1000000 		.4byte	0xb1
 420 0182 02       		.byte	0x2
 421 0183 23       		.byte	0x23
 422 0184 1C       		.uleb128 0x1c
 423 0185 06       		.uleb128 0x6
 424 0186 F6020000 		.4byte	.LASF31
 425 018a 06       		.byte	0x6
 426 018b 76       		.byte	0x76
 427 018c A6000000 		.4byte	0xa6
 428 0190 02       		.byte	0x2
 429 0191 23       		.byte	0x23
 430 0192 1D       		.uleb128 0x1d
 431 0193 06       		.uleb128 0x6
 432 0194 8F030000 		.4byte	.LASF32
 433 0198 06       		.byte	0x6
 434 0199 7B       		.byte	0x7b
 435 019a BC000000 		.4byte	0xbc
 436 019e 02       		.byte	0x2
 437 019f 23       		.byte	0x23
 438 01a0 1E       		.uleb128 0x1e
 439 01a1 06       		.uleb128 0x6
 440 01a2 BC020000 		.4byte	.LASF33
 441 01a6 06       		.byte	0x6
 442 01a7 81       		.byte	0x81
 443 01a8 C7000000 		.4byte	0xc7
 444 01ac 02       		.byte	0x2
 445 01ad 23       		.byte	0x23
 446 01ae 1F       		.uleb128 0x1f
 447 01af 06       		.uleb128 0x6
 448 01b0 6B030000 		.4byte	.LASF34
 449 01b4 06       		.byte	0x6
 450 01b5 88       		.byte	0x88
ARM GAS  C:\Users\DNIEL~1\AppData\Local\Temp\ccdw0CDo.s 			page 9


 451 01b6 44030000 		.4byte	0x344
 452 01ba 02       		.byte	0x2
 453 01bb 23       		.byte	0x23
 454 01bc 20       		.uleb128 0x20
 455 01bd 07       		.uleb128 0x7
 456 01be 705F7500 		.ascii	"p_u\000"
 457 01c2 06       		.byte	0x6
 458 01c3 AD       		.byte	0xad
 459 01c4 F9030000 		.4byte	0x3f9
 460 01c8 02       		.byte	0x2
 461 01c9 23       		.byte	0x23
 462 01ca 24       		.uleb128 0x24
 463 01cb 06       		.uleb128 0x6
 464 01cc E1030000 		.4byte	.LASF35
 465 01d0 06       		.byte	0x6
 466 01d1 B2       		.byte	0xb2
 467 01d2 7B020000 		.4byte	0x27b
 468 01d6 02       		.byte	0x2
 469 01d7 23       		.byte	0x23
 470 01d8 28       		.uleb128 0x28
 471 01d9 06       		.uleb128 0x6
 472 01da 79030000 		.4byte	.LASF36
 473 01de 06       		.byte	0x6
 474 01df B8       		.byte	0xb8
 475 01e0 59020000 		.4byte	0x259
 476 01e4 02       		.byte	0x2
 477 01e5 23       		.byte	0x23
 478 01e6 2C       		.uleb128 0x2c
 479 01e7 06       		.uleb128 0x6
 480 01e8 0D000000 		.4byte	.LASF37
 481 01ec 06       		.byte	0x6
 482 01ed BC       		.byte	0xbc
 483 01ee DD000000 		.4byte	0xdd
 484 01f2 02       		.byte	0x2
 485 01f3 23       		.byte	0x23
 486 01f4 34       		.uleb128 0x34
 487 01f5 06       		.uleb128 0x6
 488 01f6 12030000 		.4byte	.LASF38
 489 01fa 06       		.byte	0x6
 490 01fb C2       		.byte	0xc2
 491 01fc E8000000 		.4byte	0xe8
 492 0200 02       		.byte	0x2
 493 0201 23       		.byte	0x23
 494 0202 38       		.uleb128 0x38
 495 0203 06       		.uleb128 0x6
 496 0204 A0020000 		.4byte	.LASF39
 497 0208 06       		.byte	0x6
 498 0209 C9       		.byte	0xc9
 499 020a 40040000 		.4byte	0x440
 500 020e 02       		.byte	0x2
 501 020f 23       		.byte	0x23
 502 0210 3C       		.uleb128 0x3c
 503 0211 06       		.uleb128 0x6
 504 0212 60030000 		.4byte	.LASF40
 505 0216 06       		.byte	0x6
 506 0217 CD       		.byte	0xcd
 507 0218 D2000000 		.4byte	0xd2
ARM GAS  C:\Users\DNIEL~1\AppData\Local\Temp\ccdw0CDo.s 			page 10


 508 021c 02       		.byte	0x2
 509 021d 23       		.byte	0x23
 510 021e 40       		.uleb128 0x40
 511 021f 06       		.uleb128 0x6
 512 0220 AB000000 		.4byte	.LASF41
 513 0224 06       		.byte	0x6
 514 0225 D3       		.byte	0xd3
 515 0226 91020000 		.4byte	0x291
 516 022a 02       		.byte	0x2
 517 022b 23       		.byte	0x23
 518 022c 44       		.uleb128 0x44
 519 022d 00       		.byte	0x0
 520 022e 08       		.uleb128 0x8
 521 022f 08       		.byte	0x8
 522 0230 05       		.byte	0x5
 523 0231 5A       		.byte	0x5a
 524 0232 53020000 		.4byte	0x253
 525 0236 06       		.uleb128 0x6
 526 0237 E0020000 		.4byte	.LASF23
 527 023b 05       		.byte	0x5
 528 023c 5B       		.byte	0x5b
 529 023d 53020000 		.4byte	0x253
 530 0241 02       		.byte	0x2
 531 0242 23       		.byte	0x23
 532 0243 00       		.uleb128 0x0
 533 0244 06       		.uleb128 0x6
 534 0245 20020000 		.4byte	.LASF24
 535 0249 05       		.byte	0x5
 536 024a 5D       		.byte	0x5d
 537 024b 53020000 		.4byte	0x253
 538 024f 02       		.byte	0x2
 539 0250 23       		.byte	0x23
 540 0251 04       		.uleb128 0x4
 541 0252 00       		.byte	0x0
 542 0253 09       		.uleb128 0x9
 543 0254 04       		.byte	0x4
 544 0255 FE000000 		.4byte	0xfe
 545 0259 03       		.uleb128 0x3
 546 025a E6010000 		.4byte	.LASF42
 547 025e 05       		.byte	0x5
 548 025f 5F       		.byte	0x5f
 549 0260 2E020000 		.4byte	0x22e
 550 0264 08       		.uleb128 0x8
 551 0265 04       		.byte	0x4
 552 0266 05       		.byte	0x5
 553 0267 64       		.byte	0x64
 554 0268 7B020000 		.4byte	0x27b
 555 026c 06       		.uleb128 0x6
 556 026d E0020000 		.4byte	.LASF23
 557 0271 05       		.byte	0x5
 558 0272 66       		.byte	0x66
 559 0273 53020000 		.4byte	0x253
 560 0277 02       		.byte	0x2
 561 0278 23       		.byte	0x23
 562 0279 00       		.uleb128 0x0
 563 027a 00       		.byte	0x0
 564 027b 03       		.uleb128 0x3
ARM GAS  C:\Users\DNIEL~1\AppData\Local\Temp\ccdw0CDo.s 			page 11


 565 027c 62010000 		.4byte	.LASF43
 566 0280 05       		.byte	0x5
 567 0281 69       		.byte	0x69
 568 0282 64020000 		.4byte	0x264
 569 0286 03       		.uleb128 0x3
 570 0287 FA000000 		.4byte	.LASF44
 571 028b 07       		.byte	0x7
 572 028c DE       		.byte	0xde
 573 028d 91020000 		.4byte	0x291
 574 0291 0A       		.uleb128 0xa
 575 0292 04       		.byte	0x4
 576 0293 0B       		.uleb128 0xb
 577 0294 72030000 		.4byte	.LASF45
 578 0298 24       		.byte	0x24
 579 0299 07       		.byte	0x7
 580 029a 0501     		.2byte	0x105
 581 029c 21030000 		.4byte	0x321
 582 02a0 0C       		.uleb128 0xc
 583 02a1 723400   		.ascii	"r4\000"
 584 02a4 07       		.byte	0x7
 585 02a5 1801     		.2byte	0x118
 586 02a7 86020000 		.4byte	0x286
 587 02ab 02       		.byte	0x2
 588 02ac 23       		.byte	0x23
 589 02ad 00       		.uleb128 0x0
 590 02ae 0C       		.uleb128 0xc
 591 02af 723500   		.ascii	"r5\000"
 592 02b2 07       		.byte	0x7
 593 02b3 1901     		.2byte	0x119
 594 02b5 86020000 		.4byte	0x286
 595 02b9 02       		.byte	0x2
 596 02ba 23       		.byte	0x23
 597 02bb 04       		.uleb128 0x4
 598 02bc 0C       		.uleb128 0xc
 599 02bd 723600   		.ascii	"r6\000"
 600 02c0 07       		.byte	0x7
 601 02c1 1A01     		.2byte	0x11a
 602 02c3 86020000 		.4byte	0x286
 603 02c7 02       		.byte	0x2
 604 02c8 23       		.byte	0x23
 605 02c9 08       		.uleb128 0x8
 606 02ca 0C       		.uleb128 0xc
 607 02cb 723700   		.ascii	"r7\000"
 608 02ce 07       		.byte	0x7
 609 02cf 1B01     		.2byte	0x11b
 610 02d1 86020000 		.4byte	0x286
 611 02d5 02       		.byte	0x2
 612 02d6 23       		.byte	0x23
 613 02d7 0C       		.uleb128 0xc
 614 02d8 0C       		.uleb128 0xc
 615 02d9 723800   		.ascii	"r8\000"
 616 02dc 07       		.byte	0x7
 617 02dd 1C01     		.2byte	0x11c
 618 02df 86020000 		.4byte	0x286
 619 02e3 02       		.byte	0x2
 620 02e4 23       		.byte	0x23
 621 02e5 10       		.uleb128 0x10
ARM GAS  C:\Users\DNIEL~1\AppData\Local\Temp\ccdw0CDo.s 			page 12


 622 02e6 0C       		.uleb128 0xc
 623 02e7 723900   		.ascii	"r9\000"
 624 02ea 07       		.byte	0x7
 625 02eb 1D01     		.2byte	0x11d
 626 02ed 86020000 		.4byte	0x286
 627 02f1 02       		.byte	0x2
 628 02f2 23       		.byte	0x23
 629 02f3 14       		.uleb128 0x14
 630 02f4 0C       		.uleb128 0xc
 631 02f5 72313000 		.ascii	"r10\000"
 632 02f9 07       		.byte	0x7
 633 02fa 1E01     		.2byte	0x11e
 634 02fc 86020000 		.4byte	0x286
 635 0300 02       		.byte	0x2
 636 0301 23       		.byte	0x23
 637 0302 18       		.uleb128 0x18
 638 0303 0C       		.uleb128 0xc
 639 0304 72313100 		.ascii	"r11\000"
 640 0308 07       		.byte	0x7
 641 0309 1F01     		.2byte	0x11f
 642 030b 86020000 		.4byte	0x286
 643 030f 02       		.byte	0x2
 644 0310 23       		.byte	0x23
 645 0311 1C       		.uleb128 0x1c
 646 0312 0C       		.uleb128 0xc
 647 0313 6C7200   		.ascii	"lr\000"
 648 0316 07       		.byte	0x7
 649 0317 2001     		.2byte	0x120
 650 0319 86020000 		.4byte	0x286
 651 031d 02       		.byte	0x2
 652 031e 23       		.byte	0x23
 653 031f 20       		.uleb128 0x20
 654 0320 00       		.byte	0x0
 655 0321 0B       		.uleb128 0xb
 656 0322 39010000 		.4byte	.LASF46
 657 0326 04       		.byte	0x4
 658 0327 07       		.byte	0x7
 659 0328 2A01     		.2byte	0x12a
 660 032a 3E030000 		.4byte	0x33e
 661 032e 0C       		.uleb128 0xc
 662 032f 72313300 		.ascii	"r13\000"
 663 0333 07       		.byte	0x7
 664 0334 2B01     		.2byte	0x12b
 665 0336 3E030000 		.4byte	0x33e
 666 033a 02       		.byte	0x2
 667 033b 23       		.byte	0x23
 668 033c 00       		.uleb128 0x0
 669 033d 00       		.byte	0x0
 670 033e 09       		.uleb128 0x9
 671 033f 04       		.byte	0x4
 672 0340 93020000 		.4byte	0x293
 673 0344 0D       		.uleb128 0xd
 674 0345 F3000000 		.4byte	0xf3
 675 0349 08       		.uleb128 0x8
 676 034a 1C       		.byte	0x1c
 677 034b 08       		.byte	0x8
 678 034c 57       		.byte	0x57
ARM GAS  C:\Users\DNIEL~1\AppData\Local\Temp\ccdw0CDo.s 			page 13


 679 034d A6030000 		.4byte	0x3a6
 680 0351 06       		.uleb128 0x6
 681 0352 32030000 		.4byte	.LASF47
 682 0356 08       		.byte	0x8
 683 0357 58       		.byte	0x58
 684 0358 59020000 		.4byte	0x259
 685 035c 02       		.byte	0x2
 686 035d 23       		.byte	0x23
 687 035e 00       		.uleb128 0x0
 688 035f 06       		.uleb128 0x6
 689 0360 D2020000 		.4byte	.LASF48
 690 0364 08       		.byte	0x8
 691 0365 59       		.byte	0x59
 692 0366 D2000000 		.4byte	0xd2
 693 036a 02       		.byte	0x2
 694 036b 23       		.byte	0x23
 695 036c 08       		.uleb128 0x8
 696 036d 06       		.uleb128 0x6
 697 036e E0010000 		.4byte	.LASF49
 698 0372 08       		.byte	0x8
 699 0373 5B       		.byte	0x5b
 700 0374 21030000 		.4byte	0x321
 701 0378 02       		.byte	0x2
 702 0379 23       		.byte	0x23
 703 037a 0C       		.uleb128 0xc
 704 037b 06       		.uleb128 0x6
 705 037c F2000000 		.4byte	.LASF50
 706 0380 08       		.byte	0x8
 707 0381 5E       		.byte	0x5e
 708 0382 53020000 		.4byte	0x253
 709 0386 02       		.byte	0x2
 710 0387 23       		.byte	0x23
 711 0388 10       		.uleb128 0x10
 712 0389 06       		.uleb128 0x6
 713 038a 05020000 		.4byte	.LASF51
 714 038e 08       		.byte	0x8
 715 038f 5F       		.byte	0x5f
 716 0390 53020000 		.4byte	0x253
 717 0394 02       		.byte	0x2
 718 0395 23       		.byte	0x23
 719 0396 14       		.uleb128 0x14
 720 0397 06       		.uleb128 0x6
 721 0398 FB010000 		.4byte	.LASF52
 722 039c 08       		.byte	0x8
 723 039d 62       		.byte	0x62
 724 039e 53020000 		.4byte	0x253
 725 03a2 02       		.byte	0x2
 726 03a3 23       		.byte	0x23
 727 03a4 18       		.uleb128 0x18
 728 03a5 00       		.byte	0x0
 729 03a6 03       		.uleb128 0x3
 730 03a7 96030000 		.4byte	.LASF53
 731 03ab 08       		.byte	0x8
 732 03ac 64       		.byte	0x64
 733 03ad 49030000 		.4byte	0x349
 734 03b1 05       		.uleb128 0x5
 735 03b2 7A010000 		.4byte	.LASF54
ARM GAS  C:\Users\DNIEL~1\AppData\Local\Temp\ccdw0CDo.s 			page 14


 736 03b6 10       		.byte	0x10
 737 03b7 09       		.byte	0x9
 738 03b8 25       		.byte	0x25
 739 03b9 E8030000 		.4byte	0x3e8
 740 03bd 06       		.uleb128 0x6
 741 03be B3000000 		.4byte	.LASF55
 742 03c2 09       		.byte	0x9
 743 03c3 26       		.byte	0x26
 744 03c4 59020000 		.4byte	0x259
 745 03c8 02       		.byte	0x2
 746 03c9 23       		.byte	0x23
 747 03ca 00       		.uleb128 0x0
 748 03cb 06       		.uleb128 0x6
 749 03cc D3030000 		.4byte	.LASF56
 750 03d0 09       		.byte	0x9
 751 03d1 28       		.byte	0x28
 752 03d2 53020000 		.4byte	0x253
 753 03d6 02       		.byte	0x2
 754 03d7 23       		.byte	0x23
 755 03d8 08       		.uleb128 0x8
 756 03d9 06       		.uleb128 0x6
 757 03da 4F030000 		.4byte	.LASF57
 758 03de 09       		.byte	0x9
 759 03df 2A       		.byte	0x2a
 760 03e0 E8030000 		.4byte	0x3e8
 761 03e4 02       		.byte	0x2
 762 03e5 23       		.byte	0x23
 763 03e6 0C       		.uleb128 0xc
 764 03e7 00       		.byte	0x0
 765 03e8 09       		.uleb128 0x9
 766 03e9 04       		.byte	0x4
 767 03ea B1030000 		.4byte	0x3b1
 768 03ee 03       		.uleb128 0x3
 769 03ef 7A010000 		.4byte	.LASF54
 770 03f3 09       		.byte	0x9
 771 03f4 2C       		.byte	0x2c
 772 03f5 B1030000 		.4byte	0x3b1
 773 03f9 0E       		.uleb128 0xe
 774 03fa 04       		.byte	0x4
 775 03fb 06       		.byte	0x6
 776 03fc 8F       		.byte	0x8f
 777 03fd 2E040000 		.4byte	0x42e
 778 0401 0F       		.uleb128 0xf
 779 0402 1A000000 		.4byte	.LASF58
 780 0406 06       		.byte	0x6
 781 0407 96       		.byte	0x96
 782 0408 DD000000 		.4byte	0xdd
 783 040c 0F       		.uleb128 0xf
 784 040d 46000000 		.4byte	.LASF59
 785 0411 06       		.byte	0x6
 786 0412 9D       		.byte	0x9d
 787 0413 DD000000 		.4byte	0xdd
 788 0417 0F       		.uleb128 0xf
 789 0418 AE030000 		.4byte	.LASF60
 790 041c 06       		.byte	0x6
 791 041d A4       		.byte	0xa4
 792 041e 91020000 		.4byte	0x291
ARM GAS  C:\Users\DNIEL~1\AppData\Local\Temp\ccdw0CDo.s 			page 15


 793 0422 0F       		.uleb128 0xf
 794 0423 D9020000 		.4byte	.LASF61
 795 0427 06       		.byte	0x6
 796 0428 AB       		.byte	0xab
 797 0429 E8000000 		.4byte	0xe8
 798 042d 00       		.byte	0x0
 799 042e 09       		.uleb128 0x9
 800 042f 04       		.byte	0x4
 801 0430 34040000 		.4byte	0x434
 802 0434 10       		.uleb128 0x10
 803 0435 39040000 		.4byte	0x439
 804 0439 04       		.uleb128 0x4
 805 043a 01       		.byte	0x1
 806 043b 08       		.byte	0x8
 807 043c 3A030000 		.4byte	.LASF62
 808 0440 09       		.uleb128 0x9
 809 0441 04       		.byte	0x4
 810 0442 EE030000 		.4byte	0x3ee
 811 0446 08       		.uleb128 0x8
 812 0447 16       		.byte	0x16
 813 0448 0A       		.byte	0xa
 814 0449 25       		.byte	0x25
 815 044a 4B050000 		.4byte	0x54b
 816 044e 06       		.uleb128 0x6
 817 044f 2B010000 		.4byte	.LASF63
 818 0453 0A       		.byte	0xa
 819 0454 26       		.byte	0x26
 820 0455 4B050000 		.4byte	0x54b
 821 0459 02       		.byte	0x2
 822 045a 23       		.byte	0x23
 823 045b 00       		.uleb128 0x0
 824 045c 06       		.uleb128 0x6
 825 045d AC010000 		.4byte	.LASF64
 826 0461 0A       		.byte	0xa
 827 0462 27       		.byte	0x27
 828 0463 49000000 		.4byte	0x49
 829 0467 02       		.byte	0x2
 830 0468 23       		.byte	0x23
 831 0469 04       		.uleb128 0x4
 832 046a 06       		.uleb128 0x6
 833 046b F3010000 		.4byte	.LASF65
 834 046f 0A       		.byte	0xa
 835 0470 28       		.byte	0x28
 836 0471 49000000 		.4byte	0x49
 837 0475 02       		.byte	0x2
 838 0476 23       		.byte	0x23
 839 0477 05       		.uleb128 0x5
 840 0478 06       		.uleb128 0x6
 841 0479 C8030000 		.4byte	.LASF66
 842 047d 0A       		.byte	0xa
 843 047e 29       		.byte	0x29
 844 047f 62000000 		.4byte	0x62
 845 0483 02       		.byte	0x2
 846 0484 23       		.byte	0x23
 847 0485 06       		.uleb128 0x6
 848 0486 06       		.uleb128 0x6
 849 0487 15020000 		.4byte	.LASF67
ARM GAS  C:\Users\DNIEL~1\AppData\Local\Temp\ccdw0CDo.s 			page 16


 850 048b 0A       		.byte	0xa
 851 048c 2A       		.byte	0x2a
 852 048d 49000000 		.4byte	0x49
 853 0491 02       		.byte	0x2
 854 0492 23       		.byte	0x23
 855 0493 08       		.uleb128 0x8
 856 0494 06       		.uleb128 0x6
 857 0495 C0010000 		.4byte	.LASF68
 858 0499 0A       		.byte	0xa
 859 049a 2B       		.byte	0x2b
 860 049b 49000000 		.4byte	0x49
 861 049f 02       		.byte	0x2
 862 04a0 23       		.byte	0x23
 863 04a1 09       		.uleb128 0x9
 864 04a2 06       		.uleb128 0x6
 865 04a3 38000000 		.4byte	.LASF69
 866 04a7 0A       		.byte	0xa
 867 04a8 2C       		.byte	0x2c
 868 04a9 49000000 		.4byte	0x49
 869 04ad 02       		.byte	0x2
 870 04ae 23       		.byte	0x23
 871 04af 0A       		.uleb128 0xa
 872 04b0 06       		.uleb128 0x6
 873 04b1 26030000 		.4byte	.LASF70
 874 04b5 0A       		.byte	0xa
 875 04b6 2D       		.byte	0x2d
 876 04b7 49000000 		.4byte	0x49
 877 04bb 02       		.byte	0x2
 878 04bc 23       		.byte	0x23
 879 04bd 0B       		.uleb128 0xb
 880 04be 06       		.uleb128 0x6
 881 04bf 84030000 		.4byte	.LASF71
 882 04c3 0A       		.byte	0xa
 883 04c4 2E       		.byte	0x2e
 884 04c5 49000000 		.4byte	0x49
 885 04c9 02       		.byte	0x2
 886 04ca 23       		.byte	0x23
 887 04cb 0C       		.uleb128 0xc
 888 04cc 06       		.uleb128 0x6
 889 04cd 05030000 		.4byte	.LASF72
 890 04d1 0A       		.byte	0xa
 891 04d2 2F       		.byte	0x2f
 892 04d3 49000000 		.4byte	0x49
 893 04d7 02       		.byte	0x2
 894 04d8 23       		.byte	0x23
 895 04d9 0D       		.uleb128 0xd
 896 04da 06       		.uleb128 0x6
 897 04db 00000000 		.4byte	.LASF73
 898 04df 0A       		.byte	0xa
 899 04e0 30       		.byte	0x30
 900 04e1 49000000 		.4byte	0x49
 901 04e5 02       		.byte	0x2
 902 04e6 23       		.byte	0x23
 903 04e7 0E       		.uleb128 0xe
 904 04e8 06       		.uleb128 0x6
 905 04e9 CC010000 		.4byte	.LASF74
 906 04ed 0A       		.byte	0xa
ARM GAS  C:\Users\DNIEL~1\AppData\Local\Temp\ccdw0CDo.s 			page 17


 907 04ee 31       		.byte	0x31
 908 04ef 49000000 		.4byte	0x49
 909 04f3 02       		.byte	0x2
 910 04f4 23       		.byte	0x23
 911 04f5 0F       		.uleb128 0xf
 912 04f6 06       		.uleb128 0x6
 913 04f7 8E000000 		.4byte	.LASF75
 914 04fb 0A       		.byte	0xa
 915 04fc 32       		.byte	0x32
 916 04fd 49000000 		.4byte	0x49
 917 0501 02       		.byte	0x2
 918 0502 23       		.byte	0x23
 919 0503 10       		.uleb128 0x10
 920 0504 06       		.uleb128 0x6
 921 0505 67000000 		.4byte	.LASF76
 922 0509 0A       		.byte	0xa
 923 050a 34       		.byte	0x34
 924 050b 49000000 		.4byte	0x49
 925 050f 02       		.byte	0x2
 926 0510 23       		.byte	0x23
 927 0511 11       		.uleb128 0x11
 928 0512 06       		.uleb128 0x6
 929 0513 9E000000 		.4byte	.LASF77
 930 0517 0A       		.byte	0xa
 931 0518 35       		.byte	0x35
 932 0519 49000000 		.4byte	0x49
 933 051d 02       		.byte	0x2
 934 051e 23       		.byte	0x23
 935 051f 12       		.uleb128 0x12
 936 0520 06       		.uleb128 0x6
 937 0521 B4010000 		.4byte	.LASF78
 938 0525 0A       		.byte	0xa
 939 0526 36       		.byte	0x36
 940 0527 49000000 		.4byte	0x49
 941 052b 02       		.byte	0x2
 942 052c 23       		.byte	0x23
 943 052d 13       		.uleb128 0x13
 944 052e 06       		.uleb128 0x6
 945 052f E7020000 		.4byte	.LASF79
 946 0533 0A       		.byte	0xa
 947 0534 37       		.byte	0x37
 948 0535 49000000 		.4byte	0x49
 949 0539 02       		.byte	0x2
 950 053a 23       		.byte	0x23
 951 053b 14       		.uleb128 0x14
 952 053c 06       		.uleb128 0x6
 953 053d C6020000 		.4byte	.LASF80
 954 0541 0A       		.byte	0xa
 955 0542 39       		.byte	0x39
 956 0543 49000000 		.4byte	0x49
 957 0547 02       		.byte	0x2
 958 0548 23       		.byte	0x23
 959 0549 15       		.uleb128 0x15
 960 054a 00       		.byte	0x0
 961 054b 11       		.uleb128 0x11
 962 054c 39040000 		.4byte	0x439
 963 0550 5B050000 		.4byte	0x55b
ARM GAS  C:\Users\DNIEL~1\AppData\Local\Temp\ccdw0CDo.s 			page 18


 964 0554 12       		.uleb128 0x12
 965 0555 3B000000 		.4byte	0x3b
 966 0559 03       		.byte	0x3
 967 055a 00       		.byte	0x0
 968 055b 03       		.uleb128 0x3
 969 055c E0000000 		.4byte	.LASF81
 970 0560 0A       		.byte	0xa
 971 0561 3A       		.byte	0x3a
 972 0562 46040000 		.4byte	0x446
 973 0566 13       		.uleb128 0x13
 974 0567 01       		.byte	0x1
 975 0568 4F000000 		.4byte	.LASF82
 976 056c 01       		.byte	0x1
 977 056d 6E       		.byte	0x6e
 978 056e 01       		.byte	0x1
 979 056f 53020000 		.4byte	0x253
 980 0573 00000000 		.4byte	.LFB0
 981 0577 1C000000 		.4byte	.LFE0
 982 057b 00000000 		.4byte	.LLST0
 983 057f 8E050000 		.4byte	0x58e
 984 0583 14       		.uleb128 0x14
 985 0584 747000   		.ascii	"tp\000"
 986 0587 01       		.byte	0x1
 987 0588 6F       		.byte	0x6f
 988 0589 53020000 		.4byte	0x253
 989 058d 00       		.byte	0x0
 990 058e 13       		.uleb128 0x13
 991 058f 01       		.byte	0x1
 992 0590 3F030000 		.4byte	.LASF83
 993 0594 01       		.byte	0x1
 994 0595 85       		.byte	0x85
 995 0596 01       		.byte	0x1
 996 0597 53020000 		.4byte	0x253
 997 059b 00000000 		.4byte	.LFB1
 998 059f 34000000 		.4byte	.LFE1
 999 05a3 20000000 		.4byte	.LLST1
 1000 05a7 C9050000 		.4byte	0x5c9
 1001 05ab 15       		.uleb128 0x15
 1002 05ac 747000   		.ascii	"tp\000"
 1003 05af 01       		.byte	0x1
 1004 05b0 85       		.byte	0x85
 1005 05b1 53020000 		.4byte	0x253
 1006 05b5 40000000 		.4byte	.LLST2
 1007 05b9 16       		.uleb128 0x16
 1008 05ba 6E747000 		.ascii	"ntp\000"
 1009 05be 01       		.byte	0x1
 1010 05bf 86       		.byte	0x86
 1011 05c0 53020000 		.4byte	0x253
 1012 05c4 5E000000 		.4byte	.LLST3
 1013 05c8 00       		.byte	0x0
 1014 05c9 17       		.uleb128 0x17
 1015 05ca A0030000 		.4byte	.LASF84
 1016 05ce 08       		.byte	0x8
 1017 05cf 68       		.byte	0x68
 1018 05d0 A6030000 		.4byte	0x3a6
 1019 05d4 01       		.byte	0x1
 1020 05d5 01       		.byte	0x1
ARM GAS  C:\Users\DNIEL~1\AppData\Local\Temp\ccdw0CDo.s 			page 19


 1021 05d6 17       		.uleb128 0x17
 1022 05d7 A0030000 		.4byte	.LASF84
 1023 05db 08       		.byte	0x8
 1024 05dc 68       		.byte	0x68
 1025 05dd A6030000 		.4byte	0x3a6
 1026 05e1 01       		.byte	0x1
 1027 05e2 01       		.byte	0x1
 1028 05e3 18       		.uleb128 0x18
 1029 05e4 22010000 		.4byte	.LASF85
 1030 05e8 01       		.byte	0x1
 1031 05e9 3B       		.byte	0x3b
 1032 05ea F5050000 		.4byte	0x5f5
 1033 05ee 01       		.byte	0x1
 1034 05ef 05       		.byte	0x5
 1035 05f0 03       		.byte	0x3
 1036 05f1 00000000 		.4byte	ch_debug
 1037 05f5 10       		.uleb128 0x10
 1038 05f6 5B050000 		.4byte	0x55b
 1039 05fa 00       		.byte	0x0
 1040              		.section	.debug_abbrev
 1041 0000 01       		.uleb128 0x1
 1042 0001 11       		.uleb128 0x11
 1043 0002 01       		.byte	0x1
 1044 0003 25       		.uleb128 0x25
 1045 0004 0E       		.uleb128 0xe
 1046 0005 13       		.uleb128 0x13
 1047 0006 0B       		.uleb128 0xb
 1048 0007 03       		.uleb128 0x3
 1049 0008 0E       		.uleb128 0xe
 1050 0009 1B       		.uleb128 0x1b
 1051 000a 0E       		.uleb128 0xe
 1052 000b 11       		.uleb128 0x11
 1053 000c 01       		.uleb128 0x1
 1054 000d 52       		.uleb128 0x52
 1055 000e 01       		.uleb128 0x1
 1056 000f 55       		.uleb128 0x55
 1057 0010 06       		.uleb128 0x6
 1058 0011 10       		.uleb128 0x10
 1059 0012 06       		.uleb128 0x6
 1060 0013 00       		.byte	0x0
 1061 0014 00       		.byte	0x0
 1062 0015 02       		.uleb128 0x2
 1063 0016 24       		.uleb128 0x24
 1064 0017 00       		.byte	0x0
 1065 0018 0B       		.uleb128 0xb
 1066 0019 0B       		.uleb128 0xb
 1067 001a 3E       		.uleb128 0x3e
 1068 001b 0B       		.uleb128 0xb
 1069 001c 03       		.uleb128 0x3
 1070 001d 08       		.uleb128 0x8
 1071 001e 00       		.byte	0x0
 1072 001f 00       		.byte	0x0
 1073 0020 03       		.uleb128 0x3
 1074 0021 16       		.uleb128 0x16
 1075 0022 00       		.byte	0x0
 1076 0023 03       		.uleb128 0x3
 1077 0024 0E       		.uleb128 0xe
ARM GAS  C:\Users\DNIEL~1\AppData\Local\Temp\ccdw0CDo.s 			page 20


 1078 0025 3A       		.uleb128 0x3a
 1079 0026 0B       		.uleb128 0xb
 1080 0027 3B       		.uleb128 0x3b
 1081 0028 0B       		.uleb128 0xb
 1082 0029 49       		.uleb128 0x49
 1083 002a 13       		.uleb128 0x13
 1084 002b 00       		.byte	0x0
 1085 002c 00       		.byte	0x0
 1086 002d 04       		.uleb128 0x4
 1087 002e 24       		.uleb128 0x24
 1088 002f 00       		.byte	0x0
 1089 0030 0B       		.uleb128 0xb
 1090 0031 0B       		.uleb128 0xb
 1091 0032 3E       		.uleb128 0x3e
 1092 0033 0B       		.uleb128 0xb
 1093 0034 03       		.uleb128 0x3
 1094 0035 0E       		.uleb128 0xe
 1095 0036 00       		.byte	0x0
 1096 0037 00       		.byte	0x0
 1097 0038 05       		.uleb128 0x5
 1098 0039 13       		.uleb128 0x13
 1099 003a 01       		.byte	0x1
 1100 003b 03       		.uleb128 0x3
 1101 003c 0E       		.uleb128 0xe
 1102 003d 0B       		.uleb128 0xb
 1103 003e 0B       		.uleb128 0xb
 1104 003f 3A       		.uleb128 0x3a
 1105 0040 0B       		.uleb128 0xb
 1106 0041 3B       		.uleb128 0x3b
 1107 0042 0B       		.uleb128 0xb
 1108 0043 01       		.uleb128 0x1
 1109 0044 13       		.uleb128 0x13
 1110 0045 00       		.byte	0x0
 1111 0046 00       		.byte	0x0
 1112 0047 06       		.uleb128 0x6
 1113 0048 0D       		.uleb128 0xd
 1114 0049 00       		.byte	0x0
 1115 004a 03       		.uleb128 0x3
 1116 004b 0E       		.uleb128 0xe
 1117 004c 3A       		.uleb128 0x3a
 1118 004d 0B       		.uleb128 0xb
 1119 004e 3B       		.uleb128 0x3b
 1120 004f 0B       		.uleb128 0xb
 1121 0050 49       		.uleb128 0x49
 1122 0051 13       		.uleb128 0x13
 1123 0052 38       		.uleb128 0x38
 1124 0053 0A       		.uleb128 0xa
 1125 0054 00       		.byte	0x0
 1126 0055 00       		.byte	0x0
 1127 0056 07       		.uleb128 0x7
 1128 0057 0D       		.uleb128 0xd
 1129 0058 00       		.byte	0x0
 1130 0059 03       		.uleb128 0x3
 1131 005a 08       		.uleb128 0x8
 1132 005b 3A       		.uleb128 0x3a
 1133 005c 0B       		.uleb128 0xb
 1134 005d 3B       		.uleb128 0x3b
ARM GAS  C:\Users\DNIEL~1\AppData\Local\Temp\ccdw0CDo.s 			page 21


 1135 005e 0B       		.uleb128 0xb
 1136 005f 49       		.uleb128 0x49
 1137 0060 13       		.uleb128 0x13
 1138 0061 38       		.uleb128 0x38
 1139 0062 0A       		.uleb128 0xa
 1140 0063 00       		.byte	0x0
 1141 0064 00       		.byte	0x0
 1142 0065 08       		.uleb128 0x8
 1143 0066 13       		.uleb128 0x13
 1144 0067 01       		.byte	0x1
 1145 0068 0B       		.uleb128 0xb
 1146 0069 0B       		.uleb128 0xb
 1147 006a 3A       		.uleb128 0x3a
 1148 006b 0B       		.uleb128 0xb
 1149 006c 3B       		.uleb128 0x3b
 1150 006d 0B       		.uleb128 0xb
 1151 006e 01       		.uleb128 0x1
 1152 006f 13       		.uleb128 0x13
 1153 0070 00       		.byte	0x0
 1154 0071 00       		.byte	0x0
 1155 0072 09       		.uleb128 0x9
 1156 0073 0F       		.uleb128 0xf
 1157 0074 00       		.byte	0x0
 1158 0075 0B       		.uleb128 0xb
 1159 0076 0B       		.uleb128 0xb
 1160 0077 49       		.uleb128 0x49
 1161 0078 13       		.uleb128 0x13
 1162 0079 00       		.byte	0x0
 1163 007a 00       		.byte	0x0
 1164 007b 0A       		.uleb128 0xa
 1165 007c 0F       		.uleb128 0xf
 1166 007d 00       		.byte	0x0
 1167 007e 0B       		.uleb128 0xb
 1168 007f 0B       		.uleb128 0xb
 1169 0080 00       		.byte	0x0
 1170 0081 00       		.byte	0x0
 1171 0082 0B       		.uleb128 0xb
 1172 0083 13       		.uleb128 0x13
 1173 0084 01       		.byte	0x1
 1174 0085 03       		.uleb128 0x3
 1175 0086 0E       		.uleb128 0xe
 1176 0087 0B       		.uleb128 0xb
 1177 0088 0B       		.uleb128 0xb
 1178 0089 3A       		.uleb128 0x3a
 1179 008a 0B       		.uleb128 0xb
 1180 008b 3B       		.uleb128 0x3b
 1181 008c 05       		.uleb128 0x5
 1182 008d 01       		.uleb128 0x1
 1183 008e 13       		.uleb128 0x13
 1184 008f 00       		.byte	0x0
 1185 0090 00       		.byte	0x0
 1186 0091 0C       		.uleb128 0xc
 1187 0092 0D       		.uleb128 0xd
 1188 0093 00       		.byte	0x0
 1189 0094 03       		.uleb128 0x3
 1190 0095 08       		.uleb128 0x8
 1191 0096 3A       		.uleb128 0x3a
ARM GAS  C:\Users\DNIEL~1\AppData\Local\Temp\ccdw0CDo.s 			page 22


 1192 0097 0B       		.uleb128 0xb
 1193 0098 3B       		.uleb128 0x3b
 1194 0099 05       		.uleb128 0x5
 1195 009a 49       		.uleb128 0x49
 1196 009b 13       		.uleb128 0x13
 1197 009c 38       		.uleb128 0x38
 1198 009d 0A       		.uleb128 0xa
 1199 009e 00       		.byte	0x0
 1200 009f 00       		.byte	0x0
 1201 00a0 0D       		.uleb128 0xd
 1202 00a1 35       		.uleb128 0x35
 1203 00a2 00       		.byte	0x0
 1204 00a3 49       		.uleb128 0x49
 1205 00a4 13       		.uleb128 0x13
 1206 00a5 00       		.byte	0x0
 1207 00a6 00       		.byte	0x0
 1208 00a7 0E       		.uleb128 0xe
 1209 00a8 17       		.uleb128 0x17
 1210 00a9 01       		.byte	0x1
 1211 00aa 0B       		.uleb128 0xb
 1212 00ab 0B       		.uleb128 0xb
 1213 00ac 3A       		.uleb128 0x3a
 1214 00ad 0B       		.uleb128 0xb
 1215 00ae 3B       		.uleb128 0x3b
 1216 00af 0B       		.uleb128 0xb
 1217 00b0 01       		.uleb128 0x1
 1218 00b1 13       		.uleb128 0x13
 1219 00b2 00       		.byte	0x0
 1220 00b3 00       		.byte	0x0
 1221 00b4 0F       		.uleb128 0xf
 1222 00b5 0D       		.uleb128 0xd
 1223 00b6 00       		.byte	0x0
 1224 00b7 03       		.uleb128 0x3
 1225 00b8 0E       		.uleb128 0xe
 1226 00b9 3A       		.uleb128 0x3a
 1227 00ba 0B       		.uleb128 0xb
 1228 00bb 3B       		.uleb128 0x3b
 1229 00bc 0B       		.uleb128 0xb
 1230 00bd 49       		.uleb128 0x49
 1231 00be 13       		.uleb128 0x13
 1232 00bf 00       		.byte	0x0
 1233 00c0 00       		.byte	0x0
 1234 00c1 10       		.uleb128 0x10
 1235 00c2 26       		.uleb128 0x26
 1236 00c3 00       		.byte	0x0
 1237 00c4 49       		.uleb128 0x49
 1238 00c5 13       		.uleb128 0x13
 1239 00c6 00       		.byte	0x0
 1240 00c7 00       		.byte	0x0
 1241 00c8 11       		.uleb128 0x11
 1242 00c9 01       		.uleb128 0x1
 1243 00ca 01       		.byte	0x1
 1244 00cb 49       		.uleb128 0x49
 1245 00cc 13       		.uleb128 0x13
 1246 00cd 01       		.uleb128 0x1
 1247 00ce 13       		.uleb128 0x13
 1248 00cf 00       		.byte	0x0
ARM GAS  C:\Users\DNIEL~1\AppData\Local\Temp\ccdw0CDo.s 			page 23


 1249 00d0 00       		.byte	0x0
 1250 00d1 12       		.uleb128 0x12
 1251 00d2 21       		.uleb128 0x21
 1252 00d3 00       		.byte	0x0
 1253 00d4 49       		.uleb128 0x49
 1254 00d5 13       		.uleb128 0x13
 1255 00d6 2F       		.uleb128 0x2f
 1256 00d7 0B       		.uleb128 0xb
 1257 00d8 00       		.byte	0x0
 1258 00d9 00       		.byte	0x0
 1259 00da 13       		.uleb128 0x13
 1260 00db 2E       		.uleb128 0x2e
 1261 00dc 01       		.byte	0x1
 1262 00dd 3F       		.uleb128 0x3f
 1263 00de 0C       		.uleb128 0xc
 1264 00df 03       		.uleb128 0x3
 1265 00e0 0E       		.uleb128 0xe
 1266 00e1 3A       		.uleb128 0x3a
 1267 00e2 0B       		.uleb128 0xb
 1268 00e3 3B       		.uleb128 0x3b
 1269 00e4 0B       		.uleb128 0xb
 1270 00e5 27       		.uleb128 0x27
 1271 00e6 0C       		.uleb128 0xc
 1272 00e7 49       		.uleb128 0x49
 1273 00e8 13       		.uleb128 0x13
 1274 00e9 11       		.uleb128 0x11
 1275 00ea 01       		.uleb128 0x1
 1276 00eb 12       		.uleb128 0x12
 1277 00ec 01       		.uleb128 0x1
 1278 00ed 40       		.uleb128 0x40
 1279 00ee 06       		.uleb128 0x6
 1280 00ef 01       		.uleb128 0x1
 1281 00f0 13       		.uleb128 0x13
 1282 00f1 00       		.byte	0x0
 1283 00f2 00       		.byte	0x0
 1284 00f3 14       		.uleb128 0x14
 1285 00f4 34       		.uleb128 0x34
 1286 00f5 00       		.byte	0x0
 1287 00f6 03       		.uleb128 0x3
 1288 00f7 08       		.uleb128 0x8
 1289 00f8 3A       		.uleb128 0x3a
 1290 00f9 0B       		.uleb128 0xb
 1291 00fa 3B       		.uleb128 0x3b
 1292 00fb 0B       		.uleb128 0xb
 1293 00fc 49       		.uleb128 0x49
 1294 00fd 13       		.uleb128 0x13
 1295 00fe 00       		.byte	0x0
 1296 00ff 00       		.byte	0x0
 1297 0100 15       		.uleb128 0x15
 1298 0101 05       		.uleb128 0x5
 1299 0102 00       		.byte	0x0
 1300 0103 03       		.uleb128 0x3
 1301 0104 08       		.uleb128 0x8
 1302 0105 3A       		.uleb128 0x3a
 1303 0106 0B       		.uleb128 0xb
 1304 0107 3B       		.uleb128 0x3b
 1305 0108 0B       		.uleb128 0xb
ARM GAS  C:\Users\DNIEL~1\AppData\Local\Temp\ccdw0CDo.s 			page 24


 1306 0109 49       		.uleb128 0x49
 1307 010a 13       		.uleb128 0x13
 1308 010b 02       		.uleb128 0x2
 1309 010c 06       		.uleb128 0x6
 1310 010d 00       		.byte	0x0
 1311 010e 00       		.byte	0x0
 1312 010f 16       		.uleb128 0x16
 1313 0110 34       		.uleb128 0x34
 1314 0111 00       		.byte	0x0
 1315 0112 03       		.uleb128 0x3
 1316 0113 08       		.uleb128 0x8
 1317 0114 3A       		.uleb128 0x3a
 1318 0115 0B       		.uleb128 0xb
 1319 0116 3B       		.uleb128 0x3b
 1320 0117 0B       		.uleb128 0xb
 1321 0118 49       		.uleb128 0x49
 1322 0119 13       		.uleb128 0x13
 1323 011a 02       		.uleb128 0x2
 1324 011b 06       		.uleb128 0x6
 1325 011c 00       		.byte	0x0
 1326 011d 00       		.byte	0x0
 1327 011e 17       		.uleb128 0x17
 1328 011f 34       		.uleb128 0x34
 1329 0120 00       		.byte	0x0
 1330 0121 03       		.uleb128 0x3
 1331 0122 0E       		.uleb128 0xe
 1332 0123 3A       		.uleb128 0x3a
 1333 0124 0B       		.uleb128 0xb
 1334 0125 3B       		.uleb128 0x3b
 1335 0126 0B       		.uleb128 0xb
 1336 0127 49       		.uleb128 0x49
 1337 0128 13       		.uleb128 0x13
 1338 0129 3F       		.uleb128 0x3f
 1339 012a 0C       		.uleb128 0xc
 1340 012b 3C       		.uleb128 0x3c
 1341 012c 0C       		.uleb128 0xc
 1342 012d 00       		.byte	0x0
 1343 012e 00       		.byte	0x0
 1344 012f 18       		.uleb128 0x18
 1345 0130 34       		.uleb128 0x34
 1346 0131 00       		.byte	0x0
 1347 0132 03       		.uleb128 0x3
 1348 0133 0E       		.uleb128 0xe
 1349 0134 3A       		.uleb128 0x3a
 1350 0135 0B       		.uleb128 0xb
 1351 0136 3B       		.uleb128 0x3b
 1352 0137 0B       		.uleb128 0xb
 1353 0138 49       		.uleb128 0x49
 1354 0139 13       		.uleb128 0x13
 1355 013a 3F       		.uleb128 0x3f
 1356 013b 0C       		.uleb128 0xc
 1357 013c 02       		.uleb128 0x2
 1358 013d 0A       		.uleb128 0xa
 1359 013e 00       		.byte	0x0
 1360 013f 00       		.byte	0x0
 1361 0140 00       		.byte	0x0
 1362              		.section	.debug_pubnames,"",%progbits
ARM GAS  C:\Users\DNIEL~1\AppData\Local\Temp\ccdw0CDo.s 			page 25


 1363 0000 44000000 		.4byte	0x44
 1364 0004 0200     		.2byte	0x2
 1365 0006 00000000 		.4byte	.Ldebug_info0
 1366 000a FB050000 		.4byte	0x5fb
 1367 000e 66050000 		.4byte	0x566
 1368 0012 63685265 		.ascii	"chRegFirstThread\000"
 1368      67466972 
 1368      73745468 
 1368      72656164 
 1368      00
 1369 0023 8E050000 		.4byte	0x58e
 1370 0027 63685265 		.ascii	"chRegNextThread\000"
 1370      674E6578 
 1370      74546872 
 1370      65616400 
 1371 0037 E3050000 		.4byte	0x5e3
 1372 003b 63685F64 		.ascii	"ch_debug\000"
 1372      65627567 
 1372      00
 1373 0044 00000000 		.4byte	0x0
 1374              		.section	.debug_pubtypes,"",%progbits
 1375 0000 3D010000 		.4byte	0x13d
 1376 0004 0200     		.2byte	0x2
 1377 0006 00000000 		.4byte	.Ldebug_info0
 1378 000a FB050000 		.4byte	0x5fb
 1379 000e 30000000 		.4byte	0x30
 1380 0012 73697A65 		.ascii	"size_t\000"
 1380      5F7400
 1381 0019 49000000 		.4byte	0x49
 1382 001d 75696E74 		.ascii	"uint8_t\000"
 1382      385F7400 
 1383 0025 62000000 		.4byte	0x62
 1384 0029 75696E74 		.ascii	"uint16_t\000"
 1384      31365F74 
 1384      00
 1385 0032 74000000 		.4byte	0x74
 1386 0036 696E7433 		.ascii	"int32_t\000"
 1386      325F7400 
 1387 003e 86000000 		.4byte	0x86
 1388 0042 75696E74 		.ascii	"uint32_t\000"
 1388      33325F74 
 1388      00
 1389 004b A6000000 		.4byte	0xa6
 1390 004f 746D6F64 		.ascii	"tmode_t\000"
 1390      655F7400 
 1391 0057 B1000000 		.4byte	0xb1
 1392 005b 74737461 		.ascii	"tstate_t\000"
 1392      74655F74 
 1392      00
 1393 0064 BC000000 		.4byte	0xbc
 1394 0068 74726566 		.ascii	"trefs_t\000"
 1394      735F7400 
 1395 0070 C7000000 		.4byte	0xc7
 1396 0074 74736C69 		.ascii	"tslices_t\000"
 1396      6365735F 
 1396      7400
 1397 007e D2000000 		.4byte	0xd2
ARM GAS  C:\Users\DNIEL~1\AppData\Local\Temp\ccdw0CDo.s 			page 26


 1398 0082 74707269 		.ascii	"tprio_t\000"
 1398      6F5F7400 
 1399 008a DD000000 		.4byte	0xdd
 1400 008e 6D73675F 		.ascii	"msg_t\000"
 1400      7400
 1401 0094 E8000000 		.4byte	0xe8
 1402 0098 6576656E 		.ascii	"eventmask_t\000"
 1402      746D6173 
 1402      6B5F7400 
 1403 00a4 F3000000 		.4byte	0xf3
 1404 00a8 73797374 		.ascii	"systime_t\000"
 1404      696D655F 
 1404      7400
 1405 00b2 FE000000 		.4byte	0xfe
 1406 00b6 54687265 		.ascii	"Thread\000"
 1406      616400
 1407 00bd 59020000 		.4byte	0x259
 1408 00c1 54687265 		.ascii	"ThreadsQueue\000"
 1408      61647351 
 1408      75657565 
 1408      00
 1409 00ce 7B020000 		.4byte	0x27b
 1410 00d2 54687265 		.ascii	"ThreadsList\000"
 1410      6164734C 
 1410      69737400 
 1411 00de 86020000 		.4byte	0x286
 1412 00e2 72656761 		.ascii	"regarm_t\000"
 1412      726D5F74 
 1412      00
 1413 00eb 93020000 		.4byte	0x293
 1414 00ef 696E7463 		.ascii	"intctx\000"
 1414      747800
 1415 00f6 21030000 		.4byte	0x321
 1416 00fa 636F6E74 		.ascii	"context\000"
 1416      65787400 
 1417 0102 A6030000 		.4byte	0x3a6
 1418 0106 52656164 		.ascii	"ReadyList\000"
 1418      794C6973 
 1418      7400
 1419 0110 B1030000 		.4byte	0x3b1
 1420 0114 4D757465 		.ascii	"Mutex\000"
 1420      7800
 1421 011a EE030000 		.4byte	0x3ee
 1422 011e 4D757465 		.ascii	"Mutex\000"
 1422      7800
 1423 0124 09010000 		.4byte	0x109
 1424 0128 54687265 		.ascii	"Thread\000"
 1424      616400
 1425 012f 5B050000 		.4byte	0x55b
 1426 0133 63686465 		.ascii	"chdebug_t\000"
 1426      6275675F 
 1426      7400
 1427 013d 00000000 		.4byte	0x0
 1428              		.section	.debug_aranges,"",%progbits
 1429 0000 24000000 		.4byte	0x24
 1430 0004 0200     		.2byte	0x2
 1431 0006 00000000 		.4byte	.Ldebug_info0
ARM GAS  C:\Users\DNIEL~1\AppData\Local\Temp\ccdw0CDo.s 			page 27


 1432 000a 04       		.byte	0x4
 1433 000b 00       		.byte	0x0
 1434 000c 0000     		.2byte	0x0
 1435 000e 0000     		.2byte	0x0
 1436 0010 00000000 		.4byte	.LFB0
 1437 0014 1C000000 		.4byte	.LFE0-.LFB0
 1438 0018 00000000 		.4byte	.LFB1
 1439 001c 34000000 		.4byte	.LFE1-.LFB1
 1440 0020 00000000 		.4byte	0x0
 1441 0024 00000000 		.4byte	0x0
 1442              		.section	.debug_ranges,"",%progbits
 1443              	.Ldebug_ranges0:
 1444 0000 00000000 		.4byte	.LFB0
 1445 0004 1C000000 		.4byte	.LFE0
 1446 0008 00000000 		.4byte	.LFB1
 1447 000c 34000000 		.4byte	.LFE1
 1448 0010 00000000 		.4byte	0x0
 1449 0014 00000000 		.4byte	0x0
 1450              		.section	.debug_str,"MS",%progbits,1
 1451              	.LASF73:
 1452 0000 63665F6F 		.ascii	"cf_off_older\000"
 1452      66665F6F 
 1452      6C646572 
 1452      00
 1453              	.LASF37:
 1454 000d 705F6D73 		.ascii	"p_msg\000"
 1454      6700
 1455              	.LASF2:
 1456 0013 73697A65 		.ascii	"size_t\000"
 1456      5F7400
 1457              	.LASF58:
 1458 001a 7264796D 		.ascii	"rdymsg\000"
 1458      736700
 1459              	.LASF13:
 1460 0021 6C6F6E67 		.ascii	"long long unsigned int\000"
 1460      206C6F6E 
 1460      6720756E 
 1460      7369676E 
 1460      65642069 
 1461              	.LASF69:
 1462 0038 63685F74 		.ascii	"ch_threadsize\000"
 1462      68726561 
 1462      6473697A 
 1462      6500
 1463              	.LASF59:
 1464 0046 65786974 		.ascii	"exitcode\000"
 1464      636F6465 
 1464      00
 1465              	.LASF82:
 1466 004f 63685265 		.ascii	"chRegFirstThread\000"
 1466      67466972 
 1466      73745468 
 1466      72656164 
 1466      00
 1467              	.LASF25:
 1468 0060 705F7072 		.ascii	"p_prio\000"
 1468      696F00
ARM GAS  C:\Users\DNIEL~1\AppData\Local\Temp\ccdw0CDo.s 			page 28


 1469              	.LASF76:
 1470 0067 63665F6F 		.ascii	"cf_off_state\000"
 1470      66665F73 
 1470      74617465 
 1470      00
 1471              	.LASF12:
 1472 0074 6C6F6E67 		.ascii	"long long int\000"
 1472      206C6F6E 
 1472      6720696E 
 1472      7400
 1473              	.LASF1:
 1474 0082 7369676E 		.ascii	"signed char\000"
 1474      65642063 
 1474      68617200 
 1475              	.LASF75:
 1476 008e 63665F6F 		.ascii	"cf_off_stklimit\000"
 1476      66665F73 
 1476      746B6C69 
 1476      6D697400 
 1477              	.LASF77:
 1478 009e 63665F6F 		.ascii	"cf_off_flags\000"
 1478      66665F66 
 1478      6C616773 
 1478      00
 1479              	.LASF41:
 1480 00ab 705F6D70 		.ascii	"p_mpool\000"
 1480      6F6F6C00 
 1481              	.LASF55:
 1482 00b3 6D5F7175 		.ascii	"m_queue\000"
 1482      65756500 
 1483              	.LASF17:
 1484 00bb 74736C69 		.ascii	"tslices_t\000"
 1484      6365735F 
 1484      7400
 1485              	.LASF9:
 1486 00c5 6C6F6E67 		.ascii	"long int\000"
 1486      20696E74 
 1486      00
 1487              	.LASF15:
 1488 00ce 74737461 		.ascii	"tstate_t\000"
 1488      74655F74 
 1488      00
 1489              	.LASF6:
 1490 00d7 75696E74 		.ascii	"uint16_t\000"
 1490      31365F74 
 1490      00
 1491              	.LASF81:
 1492 00e0 63686465 		.ascii	"chdebug_t\000"
 1492      6275675F 
 1492      7400
 1493              	.LASF27:
 1494 00ea 705F6E65 		.ascii	"p_newer\000"
 1494      77657200 
 1495              	.LASF50:
 1496 00f2 725F6E65 		.ascii	"r_newer\000"
 1496      77657200 
 1497              	.LASF44:
ARM GAS  C:\Users\DNIEL~1\AppData\Local\Temp\ccdw0CDo.s 			page 29


 1498 00fa 72656761 		.ascii	"regarm_t\000"
 1498      726D5F74 
 1498      00
 1499              	.LASF0:
 1500 0103 756E7369 		.ascii	"unsigned int\000"
 1500      676E6564 
 1500      20696E74 
 1500      00
 1501              	.LASF11:
 1502 0110 6C6F6E67 		.ascii	"long unsigned int\000"
 1502      20756E73 
 1502      69676E65 
 1502      6420696E 
 1502      7400
 1503              	.LASF85:
 1504 0122 63685F64 		.ascii	"ch_debug\000"
 1504      65627567 
 1504      00
 1505              	.LASF63:
 1506 012b 63685F69 		.ascii	"ch_identifier\000"
 1506      64656E74 
 1506      69666965 
 1506      7200
 1507              	.LASF46:
 1508 0139 636F6E74 		.ascii	"context\000"
 1508      65787400 
 1509              	.LASF7:
 1510 0141 73686F72 		.ascii	"short unsigned int\000"
 1510      7420756E 
 1510      7369676E 
 1510      65642069 
 1510      6E7400
 1511              	.LASF19:
 1512 0154 6D73675F 		.ascii	"msg_t\000"
 1512      7400
 1513              	.LASF14:
 1514 015a 746D6F64 		.ascii	"tmode_t\000"
 1514      655F7400 
 1515              	.LASF43:
 1516 0162 54687265 		.ascii	"ThreadsList\000"
 1516      6164734C 
 1516      69737400 
 1517              	.LASF20:
 1518 016e 6576656E 		.ascii	"eventmask_t\000"
 1518      746D6173 
 1518      6B5F7400 
 1519              	.LASF54:
 1520 017a 4D757465 		.ascii	"Mutex\000"
 1520      7800
 1521              	.LASF87:
 1522 0180 2E2E2F2E 		.ascii	"../../../ChibiOS/os/kernel/src/chregistry.c\000"
 1522      2E2F2E2E 
 1522      2F436869 
 1522      62694F53 
 1522      2F6F732F 
 1523              	.LASF64:
 1524 01ac 63685F7A 		.ascii	"ch_zero\000"
ARM GAS  C:\Users\DNIEL~1\AppData\Local\Temp\ccdw0CDo.s 			page 30


 1524      65726F00 
 1525              	.LASF78:
 1526 01b4 63665F6F 		.ascii	"cf_off_refs\000"
 1526      66665F72 
 1526      65667300 
 1527              	.LASF68:
 1528 01c0 63685F74 		.ascii	"ch_timesize\000"
 1528      696D6573 
 1528      697A6500 
 1529              	.LASF74:
 1530 01cc 63665F6F 		.ascii	"cf_off_name\000"
 1530      66665F6E 
 1530      616D6500 
 1531              	.LASF28:
 1532 01d8 705F6F6C 		.ascii	"p_older\000"
 1532      64657200 
 1533              	.LASF49:
 1534 01e0 725F6374 		.ascii	"r_ctx\000"
 1534      7800
 1535              	.LASF42:
 1536 01e6 54687265 		.ascii	"ThreadsQueue\000"
 1536      61647351 
 1536      75657565 
 1536      00
 1537              	.LASF65:
 1538 01f3 63685F73 		.ascii	"ch_size\000"
 1538      697A6500 
 1539              	.LASF52:
 1540 01fb 725F6375 		.ascii	"r_current\000"
 1540      7272656E 
 1540      7400
 1541              	.LASF51:
 1542 0205 725F6F6C 		.ascii	"r_older\000"
 1542      64657200 
 1543              	.LASF16:
 1544 020d 74726566 		.ascii	"trefs_t\000"
 1544      735F7400 
 1545              	.LASF67:
 1546 0215 63685F70 		.ascii	"ch_ptrsize\000"
 1546      74727369 
 1546      7A6500
 1547              	.LASF24:
 1548 0220 705F7072 		.ascii	"p_prev\000"
 1548      657600
 1549              	.LASF88:
 1550 0227 433A5C55 		.ascii	"C:\\Users\\D\341niel\\Dropbox\\Solar Racing\\Szoftv"
 1550      73657273 
 1550      5C44E16E 
 1550      69656C5C 
 1550      44726F70 
 1551 0252 65725C4C 		.ascii	"er\\LuxControl\\LuxControl_v1\\luxcontrol\\firmware"
 1551      7578436F 
 1551      6E74726F 
 1551      6C5C4C75 
 1551      78436F6E 
 1552 0281 00       		.ascii	"\000"
 1553              	.LASF18:
ARM GAS  C:\Users\DNIEL~1\AppData\Local\Temp\ccdw0CDo.s 			page 31


 1554 0282 74707269 		.ascii	"tprio_t\000"
 1554      6F5F7400 
 1555              	.LASF8:
 1556 028a 696E7433 		.ascii	"int32_t\000"
 1556      325F7400 
 1557              	.LASF4:
 1558 0292 756E7369 		.ascii	"unsigned char\000"
 1558      676E6564 
 1558      20636861 
 1558      7200
 1559              	.LASF39:
 1560 02a0 705F6D74 		.ascii	"p_mtxlist\000"
 1560      786C6973 
 1560      7400
 1561              	.LASF5:
 1562 02aa 73686F72 		.ascii	"short int\000"
 1562      7420696E 
 1562      7400
 1563              	.LASF30:
 1564 02b4 705F7374 		.ascii	"p_state\000"
 1564      61746500 
 1565              	.LASF33:
 1566 02bc 705F7072 		.ascii	"p_preempt\000"
 1566      65656D70 
 1566      7400
 1567              	.LASF80:
 1568 02c6 63665F6F 		.ascii	"cf_off_time\000"
 1568      66665F74 
 1568      696D6500 
 1569              	.LASF48:
 1570 02d2 725F7072 		.ascii	"r_prio\000"
 1570      696F00
 1571              	.LASF61:
 1572 02d9 65776D61 		.ascii	"ewmask\000"
 1572      736B00
 1573              	.LASF23:
 1574 02e0 705F6E65 		.ascii	"p_next\000"
 1574      787400
 1575              	.LASF79:
 1576 02e7 63665F6F 		.ascii	"cf_off_preempt\000"
 1576      66665F70 
 1576      7265656D 
 1576      707400
 1577              	.LASF31:
 1578 02f6 705F666C 		.ascii	"p_flags\000"
 1578      61677300 
 1579              	.LASF22:
 1580 02fe 54687265 		.ascii	"Thread\000"
 1580      616400
 1581              	.LASF72:
 1582 0305 63665F6F 		.ascii	"cf_off_newer\000"
 1582      66665F6E 
 1582      65776572 
 1582      00
 1583              	.LASF38:
 1584 0312 705F6570 		.ascii	"p_epending\000"
 1584      656E6469 
ARM GAS  C:\Users\DNIEL~1\AppData\Local\Temp\ccdw0CDo.s 			page 32


 1584      6E6700
 1585              	.LASF10:
 1586 031d 75696E74 		.ascii	"uint32_t\000"
 1586      33325F74 
 1586      00
 1587              	.LASF70:
 1588 0326 63665F6F 		.ascii	"cf_off_prio\000"
 1588      66665F70 
 1588      72696F00 
 1589              	.LASF47:
 1590 0332 725F7175 		.ascii	"r_queue\000"
 1590      65756500 
 1591              	.LASF62:
 1592 033a 63686172 		.ascii	"char\000"
 1592      00
 1593              	.LASF83:
 1594 033f 63685265 		.ascii	"chRegNextThread\000"
 1594      674E6578 
 1594      74546872 
 1594      65616400 
 1595              	.LASF57:
 1596 034f 6D5F6E65 		.ascii	"m_next\000"
 1596      787400
 1597              	.LASF21:
 1598 0356 73797374 		.ascii	"systime_t\000"
 1598      696D655F 
 1598      7400
 1599              	.LASF40:
 1600 0360 705F7265 		.ascii	"p_realprio\000"
 1600      616C7072 
 1600      696F00
 1601              	.LASF34:
 1602 036b 705F7469 		.ascii	"p_time\000"
 1602      6D6500
 1603              	.LASF45:
 1604 0372 696E7463 		.ascii	"intctx\000"
 1604      747800
 1605              	.LASF36:
 1606 0379 705F6D73 		.ascii	"p_msgqueue\000"
 1606      67717565 
 1606      756500
 1607              	.LASF71:
 1608 0384 63665F6F 		.ascii	"cf_off_ctx\000"
 1608      66665F63 
 1608      747800
 1609              	.LASF32:
 1610 038f 705F7265 		.ascii	"p_refs\000"
 1610      667300
 1611              	.LASF53:
 1612 0396 52656164 		.ascii	"ReadyList\000"
 1612      794C6973 
 1612      7400
 1613              	.LASF84:
 1614 03a0 726C6973 		.ascii	"rlist\000"
 1614      7400
 1615              	.LASF3:
 1616 03a6 75696E74 		.ascii	"uint8_t\000"
ARM GAS  C:\Users\DNIEL~1\AppData\Local\Temp\ccdw0CDo.s 			page 33


 1616      385F7400 
 1617              	.LASF60:
 1618 03ae 77746F62 		.ascii	"wtobjp\000"
 1618      6A7000
 1619              	.LASF86:
 1620 03b5 474E5520 		.ascii	"GNU C 4.5.2\000"
 1620      4320342E 
 1620      352E3200 
 1621              	.LASF29:
 1622 03c1 705F6E61 		.ascii	"p_name\000"
 1622      6D6500
 1623              	.LASF66:
 1624 03c8 63685F76 		.ascii	"ch_version\000"
 1624      65727369 
 1624      6F6E00
 1625              	.LASF56:
 1626 03d3 6D5F6F77 		.ascii	"m_owner\000"
 1626      6E657200 
 1627              	.LASF26:
 1628 03db 705F6374 		.ascii	"p_ctx\000"
 1628      7800
 1629              	.LASF35:
 1630 03e1 705F7761 		.ascii	"p_waiting\000"
 1630      6974696E 
 1630      6700
 1631              		.ident	"GCC: (Sourcery G++ Lite 2011.03-42) 4.5.2"
ARM GAS  C:\Users\DNIEL~1\AppData\Local\Temp\ccdw0CDo.s 			page 34


DEFINED SYMBOLS
                            *ABS*:00000000 chregistry.c
C:\Users\DNIEL~1\AppData\Local\Temp\ccdw0CDo.s:24     .text.chRegFirstThread:00000000 $t
C:\Users\DNIEL~1\AppData\Local\Temp\ccdw0CDo.s:30     .text.chRegFirstThread:00000000 chRegFirstThread
C:\Users\DNIEL~1\AppData\Local\Temp\ccdw0CDo.s:64     .text.chRegFirstThread:00000018 $d
C:\Users\DNIEL~1\AppData\Local\Temp\ccdw0CDo.s:69     .text.chRegNextThread:00000000 $t
C:\Users\DNIEL~1\AppData\Local\Temp\ccdw0CDo.s:75     .text.chRegNextThread:00000000 chRegNextThread
C:\Users\DNIEL~1\AppData\Local\Temp\ccdw0CDo.s:135    .text.chRegNextThread:00000030 $d
C:\Users\DNIEL~1\AppData\Local\Temp\ccdw0CDo.s:144    .rodata.ch_debug:00000000 ch_debug
C:\Users\DNIEL~1\AppData\Local\Temp\ccdw0CDo.s:141    .rodata.ch_debug:00000000 $d
                     .debug_frame:00000010 $d
C:\Users\DNIEL~1\AppData\Local\Temp\ccdw0CDo.s:68     .text.chRegFirstThread:0000001c $t
C:\Users\DNIEL~1\AppData\Local\Temp\ccdw0CDo.s:140    .text.chRegNextThread:00000034 $t

UNDEFINED SYMBOLS
_port_lock
_port_unlock
rlist
chThdRelease
