ARM GAS  C:\Users\DNIEL~1\AppData\Local\Temp\ccYRjMjn.s 			page 1


   1              		.syntax unified
   2              		.cpu cortex-m3
   3              		.fpu softvfp
   4              		.eabi_attribute 20, 1
   5              		.eabi_attribute 21, 1
   6              		.eabi_attribute 23, 3
   7              		.eabi_attribute 24, 1
   8              		.eabi_attribute 25, 1
   9              		.eabi_attribute 26, 1
  10              		.eabi_attribute 30, 2
  11              		.eabi_attribute 18, 4
  12              		.thumb
  13              		.file	"chsys.c"
  14              		.section	.debug_abbrev,"",%progbits
  15              	.Ldebug_abbrev0:
  16              		.section	.debug_info,"",%progbits
  17              	.Ldebug_info0:
  18              		.section	.debug_line,"",%progbits
  19              	.Ldebug_line0:
  20 0000 DB010000 		.text
  20      02007E01 
  20      00000201 
  20      FB0E0D00 
  20      01010101 
  21              	.Ltext0:
  22              		.cfi_sections	.debug_frame
  23              		.section	.text._idle_thread,"ax",%progbits
  24              		.align	2
  25              		.p2align 4,,15
  26              		.global	_idle_thread
  27              		.thumb
  28              		.thumb_func
  29              		.type	_idle_thread, %function
  30              	_idle_thread:
  31              	.LFB0:
  32              		.file 1 "../../../ChibiOS/os/kernel/src/chsys.c"
  33              		.loc 1 61 0
  34              		.cfi_startproc
  35              		@ args = 0, pretend = 0, frame = 0
  36              		@ frame_needed = 0, uses_anonymous_args = 0
  37              		@ link register save eliminated.
  38              	.LVL0:
  39              		.loc 1 64 0
  40 0000 0248     		ldr	r0, .L4
  41              	.LVL1:
  42 0002 034A     		ldr	r2, .L4+4
  43 0004 8369     		ldr	r3, [r0, #24]
  44 0006 9A61     		str	r2, [r3, #24]
  45              	.L2:
  46 0008 FEE7     		b	.L2
  47              	.L5:
  48 000a 00BF     		.align	2
  49              	.L4:
  50 000c 00000000 		.word	rlist
  51 0010 00000000 		.word	.LC0
  52              		.cfi_endproc
  53              	.LFE0:
ARM GAS  C:\Users\DNIEL~1\AppData\Local\Temp\ccYRjMjn.s 			page 2


  54              		.size	_idle_thread, .-_idle_thread
  55 0014 AFF30080 		.section	.text.chSysInit,"ax",%progbits
  55      AFF30080 
  55      AFF30080 
  56              		.align	2
  57              		.p2align 4,,15
  58              		.global	chSysInit
  59              		.thumb
  60              		.thumb_func
  61              		.type	chSysInit, %function
  62              	chSysInit:
  63              	.LFB1:
  64              		.loc 1 84 0
  65              		.cfi_startproc
  66              		@ args = 0, pretend = 0, frame = 0
  67              		@ frame_needed = 0, uses_anonymous_args = 0
  68 0000 10B5     		push	{r4, lr}
  69              	.LCFI0:
  70              		.cfi_def_cfa_offset 8
  71 0002 82B0     		sub	sp, sp, #8
  72              	.LCFI1:
  73              		.cfi_def_cfa_offset 16
  74              		.loc 1 90 0
  75              		.cfi_offset 14, -4
  76              		.cfi_offset 4, -8
  77 0004 FFF7FEFF 		bl	_port_init
  78              		.loc 1 91 0
  79 0008 FFF7FEFF 		bl	_scheduler_init
  80              		.loc 1 92 0
  81 000c FFF7FEFF 		bl	_vt_init
  82              		.loc 1 94 0
  83 0010 FFF7FEFF 		bl	_core_init
  84              		.loc 1 97 0
  85 0014 FFF7FEFF 		bl	_heap_init
  86              		.loc 1 104 0
  87 0018 4021     		movs	r1, #64
  88 001a 0B48     		ldr	r0, .L7
  89 001c FFF7FEFF 		bl	_thread_init
  90 0020 0A4C     		ldr	r4, .L7+4
  91              		.loc 1 105 0
  92 0022 0122     		movs	r2, #1
  93              		.loc 1 104 0
  94 0024 A061     		str	r0, [r4, #24]
  95              		.loc 1 105 0
  96 0026 0277     		strb	r2, [r0, #28]
  97              	.LBB2:
  98              		.loc 1 111 0
  99 0028 0023     		movs	r3, #0
 100              	.LVL2:
 101              	@ 111 "../../../ChibiOS/os/kernel/src/chsys.c" 1
 102 002a 83F31188 		msr     BASEPRI, r3                    
 103 002e 62B6     		cpsie   i
 104              	@ 0 "" 2
 105              	.LVL3:
 106              		.thumb
 107              	.LBE2:
 108              		.loc 1 115 0
ARM GAS  C:\Users\DNIEL~1\AppData\Local\Temp\ccYRjMjn.s 			page 3


 109 0030 A169     		ldr	r1, [r4, #24]
 110              		.loc 1 121 0
 111 0032 1C46     		mov	r4, r3
 112              		.loc 1 115 0
 113 0034 064B     		ldr	r3, .L7+8
 114              	.LVL4:
 115              		.loc 1 121 0
 116 0036 0748     		ldr	r0, .L7+12
 117              		.loc 1 115 0
 118 0038 8B61     		str	r3, [r1, #24]
 119              		.loc 1 121 0
 120 003a E021     		movs	r1, #224
 121 003c 064B     		ldr	r3, .L7+16
 122 003e 0094     		str	r4, [sp, #0]
 123              	.LVL5:
 124 0040 FFF7FEFF 		bl	chThdCreateStatic
 125              		.loc 1 124 0
 126 0044 02B0     		add	sp, sp, #8
 127 0046 10BD     		pop	{r4, pc}
 128              	.L8:
 129              		.align	2
 130              	.L7:
 131 0048 00000000 		.word	.LANCHOR0
 132 004c 00000000 		.word	rlist
 133 0050 00000000 		.word	ch_debug
 134 0054 00000000 		.word	.LANCHOR1
 135 0058 00000000 		.word	_idle_thread
 136              		.cfi_endproc
 137              	.LFE1:
 138              		.size	chSysInit, .-chSysInit
 139 005c AFF30080 		.section	.text.chSysTimerHandlerI,"ax",%progbits
 140              		.align	2
 141              		.p2align 4,,15
 142              		.global	chSysTimerHandlerI
 143              		.thumb
 144              		.thumb_func
 145              		.type	chSysTimerHandlerI, %function
 146              	chSysTimerHandlerI:
 147              	.LFB2:
 148              		.loc 1 137 0
 149              		.cfi_startproc
 150              		@ args = 0, pretend = 0, frame = 0
 151              		@ frame_needed = 0, uses_anonymous_args = 0
 152 0000 70B5     		push	{r4, r5, r6, lr}
 153              	.LCFI2:
 154              		.cfi_def_cfa_offset 16
 155              		.loc 1 143 0
 156 0002 124B     		ldr	r3, .L14
 157 0004 9B69     		ldr	r3, [r3, #24]
 158 0006 DA7F     		ldrb	r2, [r3, #31]	@ zero_extendqisi2
 159 0008 0AB1     		cbz	r2, .L10
 160              		.cfi_offset 14, -4
 161              		.cfi_offset 6, -8
 162              		.cfi_offset 5, -12
 163              		.cfi_offset 4, -16
 164              		.loc 1 145 0
 165 000a 013A     		subs	r2, r2, #1
ARM GAS  C:\Users\DNIEL~1\AppData\Local\Temp\ccYRjMjn.s 			page 4


 166 000c DA77     		strb	r2, [r3, #31]
 167              	.L10:
 168              		.loc 1 148 0
 169 000e 1A6A     		ldr	r2, [r3, #32]
 170              		.loc 1 150 0
 171 0010 0F4C     		ldr	r4, .L14+4
 172              		.loc 1 148 0
 173 0012 511C     		adds	r1, r2, #1
 174 0014 1962     		str	r1, [r3, #32]
 175              		.loc 1 150 0
 176 0016 E368     		ldr	r3, [r4, #12]
 177 0018 2168     		ldr	r1, [r4, #0]
 178 001a 581C     		adds	r0, r3, #1
 179 001c A142     		cmp	r1, r4
 180 001e E060     		str	r0, [r4, #12]
 181 0020 13D0     		beq	.L9
 182              	.LBB3:
 183              		.loc 1 150 0 is_stmt 0 discriminator 1
 184 0022 8D68     		ldr	r5, [r1, #8]
 185 0024 013D     		subs	r5, r5, #1
 186 0026 8D60     		str	r5, [r1, #8]
 187              	.LVL6:
 188 0028 7DB9     		cbnz	r5, .L9
 189              		.loc 1 150 0
 190 002a 2646     		mov	r6, r4
 191              	.LVL7:
 192              	.L12:
 193              	.LBB4:
 194              		.loc 1 150 0 discriminator 3
 195 002c 0B68     		ldr	r3, [r1, #0]
 196 002e CA68     		ldr	r2, [r1, #12]
 197              	.LVL8:
 198 0030 5E60     		str	r6, [r3, #4]
 199 0032 CD60     		str	r5, [r1, #12]
 200 0034 2360     		str	r3, [r4, #0]
 201              	@ 150 "../../../ChibiOS/os/kernel/src/chsys.c" 1
 202 0036 FFF7FEFF 		bl      _port_unlock
 203              	@ 0 "" 2
 204              		.thumb
 205 003a 0869     		ldr	r0, [r1, #16]
 206 003c 9047     		blx	r2
 207              	.LVL9:
 208              	@ 150 "../../../ChibiOS/os/kernel/src/chsys.c" 1
 209 003e FFF7FEFF 		bl      _port_lock
 210              	@ 0 "" 2
 211              		.thumb
 212              	.LBE4:
 213 0042 2168     		ldr	r1, [r4, #0]
 214              	.LVL10:
 215 0044 8868     		ldr	r0, [r1, #8]
 216 0046 0028     		cmp	r0, #0
 217 0048 F0D0     		beq	.L12
 218              	.LVL11:
 219              	.L9:
 220 004a 70BD     		pop	{r4, r5, r6, pc}
 221              	.L15:
 222              		.align	2
ARM GAS  C:\Users\DNIEL~1\AppData\Local\Temp\ccYRjMjn.s 			page 5


 223              	.L14:
 224 004c 00000000 		.word	rlist
 225 0050 00000000 		.word	vtlist
 226              	.LBE3:
 227              		.cfi_endproc
 228              	.LFE2:
 229              		.size	chSysTimerHandlerI, .-chSysTimerHandlerI
 230              		.global	_idle_thread_wa
 231 0054 AFF30080 		.section	.rodata.str1.4,"aMS",%progbits,1
 231      AFF30080 
 231      AFF30080 
 232              		.align	2
 233              	.LC0:
 234 0000 69646C65 		.ascii	"idle\000"
 234      00
 235 0005 000000   		.section	.bss.mainthread.4627,"aw",%nobits
 236              		.align	2
 237              		.set	.LANCHOR0,. + 0
 238              		.type	mainthread.4627, %object
 239              		.size	mainthread.4627, 72
 240              	mainthread.4627:
 241 0000 00000000 		.space	72
 241      00000000 
 241      00000000 
 241      00000000 
 241      00000000 
 242              		.section	.bss._idle_thread_wa,"aw",%nobits
 243              		.align	3
 244              		.set	.LANCHOR1,. + 0
 245              		.type	_idle_thread_wa, %object
 246              		.size	_idle_thread_wa, 224
 247              	_idle_thread_wa:
 248 0000 00000000 		.space	224
 248      00000000 
 248      00000000 
 248      00000000 
 248      00000000 
 249              		.text
 250              	.Letext0:
 251              		.section	.debug_loc,"",%progbits
 252              	.Ldebug_loc0:
 253              	.LLST0:
 254 0000 00000000 		.4byte	.LVL0
 255 0004 02000000 		.4byte	.LVL1
 256 0008 0100     		.2byte	0x1
 257 000a 50       		.byte	0x50
 258 000b 00000000 		.4byte	0x0
 259 000f 00000000 		.4byte	0x0
 260              	.LLST1:
 261 0013 00000000 		.4byte	.LFB1
 262 0017 02000000 		.4byte	.LCFI0
 263 001b 0200     		.2byte	0x2
 264 001d 7D       		.byte	0x7d
 265 001e 00       		.sleb128 0
 266 001f 02000000 		.4byte	.LCFI0
 267 0023 04000000 		.4byte	.LCFI1
 268 0027 0200     		.2byte	0x2
ARM GAS  C:\Users\DNIEL~1\AppData\Local\Temp\ccYRjMjn.s 			page 6


 269 0029 7D       		.byte	0x7d
 270 002a 08       		.sleb128 8
 271 002b 04000000 		.4byte	.LCFI1
 272 002f 5C000000 		.4byte	.LFE1
 273 0033 0200     		.2byte	0x2
 274 0035 7D       		.byte	0x7d
 275 0036 10       		.sleb128 16
 276 0037 00000000 		.4byte	0x0
 277 003b 00000000 		.4byte	0x0
 278              	.LLST2:
 279 003f 30000000 		.4byte	.LVL3
 280 0043 36000000 		.4byte	.LVL4
 281 0047 0100     		.2byte	0x1
 282 0049 53       		.byte	0x53
 283 004a 40000000 		.4byte	.LVL5
 284 004e 5C000000 		.4byte	.LFE1
 285 0052 0100     		.2byte	0x1
 286 0054 54       		.byte	0x54
 287 0055 00000000 		.4byte	0x0
 288 0059 00000000 		.4byte	0x0
 289              	.LLST3:
 290 005d 00000000 		.4byte	.LFB2
 291 0061 02000000 		.4byte	.LCFI2
 292 0065 0200     		.2byte	0x2
 293 0067 7D       		.byte	0x7d
 294 0068 00       		.sleb128 0
 295 0069 02000000 		.4byte	.LCFI2
 296 006d 54000000 		.4byte	.LFE2
 297 0071 0200     		.2byte	0x2
 298 0073 7D       		.byte	0x7d
 299 0074 10       		.sleb128 16
 300 0075 00000000 		.4byte	0x0
 301 0079 00000000 		.4byte	0x0
 302              	.LLST4:
 303 007d 28000000 		.4byte	.LVL6
 304 0081 2C000000 		.4byte	.LVL7
 305 0085 0200     		.2byte	0x2
 306 0087 74       		.byte	0x74
 307 0088 00       		.sleb128 0
 308 0089 2C000000 		.4byte	.LVL7
 309 008d 3D000000 		.4byte	.LVL9-1
 310 0091 0100     		.2byte	0x1
 311 0093 51       		.byte	0x51
 312 0094 44000000 		.4byte	.LVL10
 313 0098 4A000000 		.4byte	.LVL11
 314 009c 0200     		.2byte	0x2
 315 009e 74       		.byte	0x74
 316 009f 00       		.sleb128 0
 317 00a0 00000000 		.4byte	0x0
 318 00a4 00000000 		.4byte	0x0
 319              	.LLST5:
 320 00a8 30000000 		.4byte	.LVL8
 321 00ac 3D000000 		.4byte	.LVL9-1
 322 00b0 0200     		.2byte	0x2
 323 00b2 71       		.byte	0x71
 324 00b3 0C       		.sleb128 12
 325 00b4 00000000 		.4byte	0x0
ARM GAS  C:\Users\DNIEL~1\AppData\Local\Temp\ccYRjMjn.s 			page 7


 326 00b8 00000000 		.4byte	0x0
 327              		.file 2 "c:\\program files (x86)\\codesourcery\\sourcery g++ lite\\bin\\../lib/gcc/arm-none-eabi/4
 328              		.file 3 "../../../ChibiOS/os/ports/GCC/ARMCMx/chtypes.h"
 329              		.file 4 "../../../ChibiOS/os/kernel/include/chlists.h"
 330              		.file 5 "../../../ChibiOS/os/kernel/include/chthreads.h"
 331              		.file 6 "../../../ChibiOS/os/ports/GCC/ARMCMx/chcore_v7m.h"
 332              		.file 7 "../../../ChibiOS/os/kernel/include/chvt.h"
 333              		.file 8 "../../../ChibiOS/os/kernel/include/chschd.h"
 334              		.file 9 "../../../ChibiOS/os/kernel/include/chmtx.h"
 335              		.file 10 "../../../ChibiOS/os/kernel/include/chregistry.h"
 336              		.file 11 "../../../ChibiOS/os/kernel/include/ch.h"
 337              		.section	.debug_info
 338 0000 9A070000 		.4byte	0x79a
 339 0004 0200     		.2byte	0x2
 340 0006 00000000 		.4byte	.Ldebug_abbrev0
 341 000a 04       		.byte	0x4
 342 000b 01       		.uleb128 0x1
 343 000c 0A040000 		.4byte	.LASF102
 344 0010 01       		.byte	0x1
 345 0011 BB010000 		.4byte	.LASF103
 346 0015 5D010000 		.4byte	.LASF104
 347 0019 00000000 		.4byte	0x0
 348 001d 00000000 		.4byte	0x0
 349 0021 00000000 		.4byte	.Ldebug_ranges0+0x0
 350 0025 00000000 		.4byte	.Ldebug_line0
 351 0029 02       		.uleb128 0x2
 352 002a 04       		.byte	0x4
 353 002b 05       		.byte	0x5
 354 002c 696E7400 		.ascii	"int\000"
 355 0030 03       		.uleb128 0x3
 356 0031 04       		.byte	0x4
 357 0032 07       		.byte	0x7
 358 0033 48010000 		.4byte	.LASF0
 359 0037 03       		.uleb128 0x3
 360 0038 01       		.byte	0x1
 361 0039 06       		.byte	0x6
 362 003a A0000000 		.4byte	.LASF1
 363 003e 04       		.uleb128 0x4
 364 003f FB030000 		.4byte	.LASF4
 365 0043 02       		.byte	0x2
 366 0044 2A       		.byte	0x2a
 367 0045 49000000 		.4byte	0x49
 368 0049 03       		.uleb128 0x3
 369 004a 01       		.byte	0x1
 370 004b 08       		.byte	0x8
 371 004c DA020000 		.4byte	.LASF2
 372 0050 03       		.uleb128 0x3
 373 0051 02       		.byte	0x2
 374 0052 05       		.byte	0x5
 375 0053 F2020000 		.4byte	.LASF3
 376 0057 04       		.uleb128 0x4
 377 0058 FA000000 		.4byte	.LASF5
 378 005c 02       		.byte	0x2
 379 005d 36       		.byte	0x36
 380 005e 62000000 		.4byte	0x62
 381 0062 03       		.uleb128 0x3
 382 0063 02       		.byte	0x2
ARM GAS  C:\Users\DNIEL~1\AppData\Local\Temp\ccYRjMjn.s 			page 8


 383 0064 07       		.byte	0x7
 384 0065 E2010000 		.4byte	.LASF6
 385 0069 04       		.uleb128 0x4
 386 006a D2020000 		.4byte	.LASF7
 387 006e 02       		.byte	0x2
 388 006f 4F       		.byte	0x4f
 389 0070 74000000 		.4byte	0x74
 390 0074 03       		.uleb128 0x3
 391 0075 04       		.byte	0x4
 392 0076 05       		.byte	0x5
 393 0077 E8000000 		.4byte	.LASF8
 394 007b 04       		.uleb128 0x4
 395 007c 65030000 		.4byte	.LASF9
 396 0080 02       		.byte	0x2
 397 0081 50       		.byte	0x50
 398 0082 86000000 		.4byte	0x86
 399 0086 03       		.uleb128 0x3
 400 0087 04       		.byte	0x4
 401 0088 07       		.byte	0x7
 402 0089 BC000000 		.4byte	.LASF10
 403 008d 03       		.uleb128 0x3
 404 008e 08       		.byte	0x8
 405 008f 05       		.byte	0x5
 406 0090 92000000 		.4byte	.LASF11
 407 0094 04       		.uleb128 0x4
 408 0095 22000000 		.4byte	.LASF12
 409 0099 02       		.byte	0x2
 410 009a 78       		.byte	0x78
 411 009b 9F000000 		.4byte	0x9f
 412 009f 03       		.uleb128 0x3
 413 00a0 08       		.byte	0x8
 414 00a1 07       		.byte	0x7
 415 00a2 45000000 		.4byte	.LASF13
 416 00a6 03       		.uleb128 0x3
 417 00a7 01       		.byte	0x1
 418 00a8 02       		.byte	0x2
 419 00a9 CC020000 		.4byte	.LASF14
 420 00ad 04       		.uleb128 0x4
 421 00ae FB010000 		.4byte	.LASF15
 422 00b2 03       		.byte	0x3
 423 00b3 2C       		.byte	0x2c
 424 00b4 3E000000 		.4byte	0x3e
 425 00b8 04       		.uleb128 0x4
 426 00b9 F1000000 		.4byte	.LASF16
 427 00bd 03       		.byte	0x3
 428 00be 2D       		.byte	0x2d
 429 00bf 3E000000 		.4byte	0x3e
 430 00c3 04       		.uleb128 0x4
 431 00c4 AA020000 		.4byte	.LASF17
 432 00c8 03       		.byte	0x3
 433 00c9 2E       		.byte	0x2e
 434 00ca 3E000000 		.4byte	0x3e
 435 00ce 04       		.uleb128 0x4
 436 00cf DE000000 		.4byte	.LASF18
 437 00d3 03       		.byte	0x3
 438 00d4 2F       		.byte	0x2f
 439 00d5 3E000000 		.4byte	0x3e
ARM GAS  C:\Users\DNIEL~1\AppData\Local\Temp\ccYRjMjn.s 			page 9


 440 00d9 04       		.uleb128 0x4
 441 00da C4020000 		.4byte	.LASF19
 442 00de 03       		.byte	0x3
 443 00df 30       		.byte	0x30
 444 00e0 7B000000 		.4byte	0x7b
 445 00e4 04       		.uleb128 0x4
 446 00e5 F5010000 		.4byte	.LASF20
 447 00e9 03       		.byte	0x3
 448 00ea 31       		.byte	0x31
 449 00eb 69000000 		.4byte	0x69
 450 00ef 04       		.uleb128 0x4
 451 00f0 0F020000 		.4byte	.LASF21
 452 00f4 03       		.byte	0x3
 453 00f5 33       		.byte	0x33
 454 00f6 7B000000 		.4byte	0x7b
 455 00fa 04       		.uleb128 0x4
 456 00fb 9B030000 		.4byte	.LASF22
 457 00ff 03       		.byte	0x3
 458 0100 35       		.byte	0x35
 459 0101 7B000000 		.4byte	0x7b
 460 0105 04       		.uleb128 0x4
 461 0106 46030000 		.4byte	.LASF23
 462 010a 04       		.byte	0x4
 463 010b 2A       		.byte	0x2a
 464 010c 10010000 		.4byte	0x110
 465 0110 05       		.uleb128 0x5
 466 0111 46030000 		.4byte	.LASF23
 467 0115 48       		.byte	0x48
 468 0116 05       		.byte	0x5
 469 0117 5E       		.byte	0x5e
 470 0118 35020000 		.4byte	0x235
 471 011c 06       		.uleb128 0x6
 472 011d 28030000 		.4byte	.LASF24
 473 0121 05       		.byte	0x5
 474 0122 5F       		.byte	0x5f
 475 0123 5A020000 		.4byte	0x25a
 476 0127 02       		.byte	0x2
 477 0128 23       		.byte	0x23
 478 0129 00       		.uleb128 0x0
 479 012a 06       		.uleb128 0x6
 480 012b BD020000 		.4byte	.LASF25
 481 012f 05       		.byte	0x5
 482 0130 61       		.byte	0x61
 483 0131 5A020000 		.4byte	0x25a
 484 0135 02       		.byte	0x2
 485 0136 23       		.byte	0x23
 486 0137 04       		.uleb128 0x4
 487 0138 06       		.uleb128 0x6
 488 0139 7E000000 		.4byte	.LASF26
 489 013d 05       		.byte	0x5
 490 013e 63       		.byte	0x63
 491 013f D9000000 		.4byte	0xd9
 492 0143 02       		.byte	0x2
 493 0144 23       		.byte	0x23
 494 0145 08       		.uleb128 0x8
 495 0146 06       		.uleb128 0x6
 496 0147 4F040000 		.4byte	.LASF27
ARM GAS  C:\Users\DNIEL~1\AppData\Local\Temp\ccYRjMjn.s 			page 10


 497 014b 05       		.byte	0x5
 498 014c 64       		.byte	0x64
 499 014d 33030000 		.4byte	0x333
 500 0151 02       		.byte	0x2
 501 0152 23       		.byte	0x23
 502 0153 0C       		.uleb128 0xc
 503 0154 06       		.uleb128 0x6
 504 0155 0D010000 		.4byte	.LASF28
 505 0159 05       		.byte	0x5
 506 015a 66       		.byte	0x66
 507 015b 5A020000 		.4byte	0x25a
 508 015f 02       		.byte	0x2
 509 0160 23       		.byte	0x23
 510 0161 10       		.uleb128 0x10
 511 0162 06       		.uleb128 0x6
 512 0163 68020000 		.4byte	.LASF29
 513 0167 05       		.byte	0x5
 514 0168 67       		.byte	0x67
 515 0169 5A020000 		.4byte	0x25a
 516 016d 02       		.byte	0x2
 517 016e 23       		.byte	0x23
 518 016f 14       		.uleb128 0x14
 519 0170 06       		.uleb128 0x6
 520 0171 16040000 		.4byte	.LASF30
 521 0175 05       		.byte	0x5
 522 0176 6E       		.byte	0x6e
 523 0177 0D050000 		.4byte	0x50d
 524 017b 02       		.byte	0x2
 525 017c 23       		.byte	0x23
 526 017d 18       		.uleb128 0x18
 527 017e 06       		.uleb128 0x6
 528 017f FC020000 		.4byte	.LASF31
 529 0183 05       		.byte	0x5
 530 0184 79       		.byte	0x79
 531 0185 B8000000 		.4byte	0xb8
 532 0189 02       		.byte	0x2
 533 018a 23       		.byte	0x23
 534 018b 1C       		.uleb128 0x1c
 535 018c 06       		.uleb128 0x6
 536 018d 3E030000 		.4byte	.LASF32
 537 0191 05       		.byte	0x5
 538 0192 7D       		.byte	0x7d
 539 0193 AD000000 		.4byte	0xad
 540 0197 02       		.byte	0x2
 541 0198 23       		.byte	0x23
 542 0199 1D       		.uleb128 0x1d
 543 019a 06       		.uleb128 0x6
 544 019b E4030000 		.4byte	.LASF33
 545 019f 05       		.byte	0x5
 546 01a0 82       		.byte	0x82
 547 01a1 C3000000 		.4byte	0xc3
 548 01a5 02       		.byte	0x2
 549 01a6 23       		.byte	0x23
 550 01a7 1E       		.uleb128 0x1e
 551 01a8 06       		.uleb128 0x6
 552 01a9 04030000 		.4byte	.LASF34
 553 01ad 05       		.byte	0x5
ARM GAS  C:\Users\DNIEL~1\AppData\Local\Temp\ccYRjMjn.s 			page 11


 554 01ae 88       		.byte	0x88
 555 01af CE000000 		.4byte	0xce
 556 01b3 02       		.byte	0x2
 557 01b4 23       		.byte	0x23
 558 01b5 1F       		.uleb128 0x1f
 559 01b6 06       		.uleb128 0x6
 560 01b7 B9030000 		.4byte	.LASF35
 561 01bb 05       		.byte	0x5
 562 01bc 8F       		.byte	0x8f
 563 01bd 18040000 		.4byte	0x418
 564 01c1 02       		.byte	0x2
 565 01c2 23       		.byte	0x23
 566 01c3 20       		.uleb128 0x20
 567 01c4 07       		.uleb128 0x7
 568 01c5 705F7500 		.ascii	"p_u\000"
 569 01c9 05       		.byte	0x5
 570 01ca B4       		.byte	0xb4
 571 01cb D8040000 		.4byte	0x4d8
 572 01cf 02       		.byte	0x2
 573 01d0 23       		.byte	0x23
 574 01d1 24       		.uleb128 0x24
 575 01d2 06       		.uleb128 0x6
 576 01d3 55040000 		.4byte	.LASF36
 577 01d7 05       		.byte	0x5
 578 01d8 B9       		.byte	0xb9
 579 01d9 82020000 		.4byte	0x282
 580 01dd 02       		.byte	0x2
 581 01de 23       		.byte	0x23
 582 01df 28       		.uleb128 0x28
 583 01e0 06       		.uleb128 0x6
 584 01e1 C7030000 		.4byte	.LASF37
 585 01e5 05       		.byte	0x5
 586 01e6 BF       		.byte	0xbf
 587 01e7 60020000 		.4byte	0x260
 588 01eb 02       		.byte	0x2
 589 01ec 23       		.byte	0x23
 590 01ed 2C       		.uleb128 0x2c
 591 01ee 06       		.uleb128 0x6
 592 01ef 15000000 		.4byte	.LASF38
 593 01f3 05       		.byte	0x5
 594 01f4 C3       		.byte	0xc3
 595 01f5 E4000000 		.4byte	0xe4
 596 01f9 02       		.byte	0x2
 597 01fa 23       		.byte	0x23
 598 01fb 34       		.uleb128 0x34
 599 01fc 06       		.uleb128 0x6
 600 01fd 5A030000 		.4byte	.LASF39
 601 0201 05       		.byte	0x5
 602 0202 C9       		.byte	0xc9
 603 0203 EF000000 		.4byte	0xef
 604 0207 02       		.byte	0x2
 605 0208 23       		.byte	0x23
 606 0209 38       		.uleb128 0x38
 607 020a 06       		.uleb128 0x6
 608 020b E8020000 		.4byte	.LASF40
 609 020f 05       		.byte	0x5
 610 0210 D0       		.byte	0xd0
ARM GAS  C:\Users\DNIEL~1\AppData\Local\Temp\ccYRjMjn.s 			page 12


 611 0211 1F050000 		.4byte	0x51f
 612 0215 02       		.byte	0x2
 613 0216 23       		.byte	0x23
 614 0217 3C       		.uleb128 0x3c
 615 0218 06       		.uleb128 0x6
 616 0219 A5030000 		.4byte	.LASF41
 617 021d 05       		.byte	0x5
 618 021e D4       		.byte	0xd4
 619 021f D9000000 		.4byte	0xd9
 620 0223 02       		.byte	0x2
 621 0224 23       		.byte	0x23
 622 0225 40       		.uleb128 0x40
 623 0226 06       		.uleb128 0x6
 624 0227 CE000000 		.4byte	.LASF42
 625 022b 05       		.byte	0x5
 626 022c DA       		.byte	0xda
 627 022d 98020000 		.4byte	0x298
 628 0231 02       		.byte	0x2
 629 0232 23       		.byte	0x23
 630 0233 44       		.uleb128 0x44
 631 0234 00       		.byte	0x0
 632 0235 08       		.uleb128 0x8
 633 0236 08       		.byte	0x8
 634 0237 04       		.byte	0x4
 635 0238 61       		.byte	0x61
 636 0239 5A020000 		.4byte	0x25a
 637 023d 06       		.uleb128 0x6
 638 023e 28030000 		.4byte	.LASF24
 639 0242 04       		.byte	0x4
 640 0243 62       		.byte	0x62
 641 0244 5A020000 		.4byte	0x25a
 642 0248 02       		.byte	0x2
 643 0249 23       		.byte	0x23
 644 024a 00       		.uleb128 0x0
 645 024b 06       		.uleb128 0x6
 646 024c BD020000 		.4byte	.LASF25
 647 0250 04       		.byte	0x4
 648 0251 64       		.byte	0x64
 649 0252 5A020000 		.4byte	0x25a
 650 0256 02       		.byte	0x2
 651 0257 23       		.byte	0x23
 652 0258 04       		.uleb128 0x4
 653 0259 00       		.byte	0x0
 654 025a 09       		.uleb128 0x9
 655 025b 04       		.byte	0x4
 656 025c 05010000 		.4byte	0x105
 657 0260 04       		.uleb128 0x4
 658 0261 76020000 		.4byte	.LASF43
 659 0265 04       		.byte	0x4
 660 0266 66       		.byte	0x66
 661 0267 35020000 		.4byte	0x235
 662 026b 08       		.uleb128 0x8
 663 026c 04       		.byte	0x4
 664 026d 04       		.byte	0x4
 665 026e 6B       		.byte	0x6b
 666 026f 82020000 		.4byte	0x282
 667 0273 06       		.uleb128 0x6
ARM GAS  C:\Users\DNIEL~1\AppData\Local\Temp\ccYRjMjn.s 			page 13


 668 0274 28030000 		.4byte	.LASF24
 669 0278 04       		.byte	0x4
 670 0279 6D       		.byte	0x6d
 671 027a 5A020000 		.4byte	0x25a
 672 027e 02       		.byte	0x2
 673 027f 23       		.byte	0x23
 674 0280 00       		.uleb128 0x0
 675 0281 00       		.byte	0x0
 676 0282 04       		.uleb128 0x4
 677 0283 03020000 		.4byte	.LASF44
 678 0287 04       		.byte	0x4
 679 0288 70       		.byte	0x70
 680 0289 6B020000 		.4byte	0x26b
 681 028d 04       		.uleb128 0x4
 682 028e 2D010000 		.4byte	.LASF45
 683 0292 06       		.byte	0x6
 684 0293 E5       		.byte	0xe5
 685 0294 98020000 		.4byte	0x298
 686 0298 0A       		.uleb128 0xa
 687 0299 04       		.byte	0x4
 688 029a 04       		.uleb128 0x4
 689 029b 21020000 		.4byte	.LASF46
 690 029f 06       		.byte	0x6
 691 02a0 EB       		.byte	0xeb
 692 02a1 94000000 		.4byte	0x94
 693 02a5 0B       		.uleb128 0xb
 694 02a6 C0030000 		.4byte	.LASF47
 695 02aa 24       		.byte	0x24
 696 02ab 06       		.byte	0x6
 697 02ac 0C01     		.2byte	0x10c
 698 02ae 33030000 		.4byte	0x333
 699 02b2 0C       		.uleb128 0xc
 700 02b3 723400   		.ascii	"r4\000"
 701 02b6 06       		.byte	0x6
 702 02b7 1F01     		.2byte	0x11f
 703 02b9 8D020000 		.4byte	0x28d
 704 02bd 02       		.byte	0x2
 705 02be 23       		.byte	0x23
 706 02bf 00       		.uleb128 0x0
 707 02c0 0C       		.uleb128 0xc
 708 02c1 723500   		.ascii	"r5\000"
 709 02c4 06       		.byte	0x6
 710 02c5 2001     		.2byte	0x120
 711 02c7 8D020000 		.4byte	0x28d
 712 02cb 02       		.byte	0x2
 713 02cc 23       		.byte	0x23
 714 02cd 04       		.uleb128 0x4
 715 02ce 0C       		.uleb128 0xc
 716 02cf 723600   		.ascii	"r6\000"
 717 02d2 06       		.byte	0x6
 718 02d3 2101     		.2byte	0x121
 719 02d5 8D020000 		.4byte	0x28d
 720 02d9 02       		.byte	0x2
 721 02da 23       		.byte	0x23
 722 02db 08       		.uleb128 0x8
 723 02dc 0C       		.uleb128 0xc
 724 02dd 723700   		.ascii	"r7\000"
ARM GAS  C:\Users\DNIEL~1\AppData\Local\Temp\ccYRjMjn.s 			page 14


 725 02e0 06       		.byte	0x6
 726 02e1 2201     		.2byte	0x122
 727 02e3 8D020000 		.4byte	0x28d
 728 02e7 02       		.byte	0x2
 729 02e8 23       		.byte	0x23
 730 02e9 0C       		.uleb128 0xc
 731 02ea 0C       		.uleb128 0xc
 732 02eb 723800   		.ascii	"r8\000"
 733 02ee 06       		.byte	0x6
 734 02ef 2301     		.2byte	0x123
 735 02f1 8D020000 		.4byte	0x28d
 736 02f5 02       		.byte	0x2
 737 02f6 23       		.byte	0x23
 738 02f7 10       		.uleb128 0x10
 739 02f8 0C       		.uleb128 0xc
 740 02f9 723900   		.ascii	"r9\000"
 741 02fc 06       		.byte	0x6
 742 02fd 2401     		.2byte	0x124
 743 02ff 8D020000 		.4byte	0x28d
 744 0303 02       		.byte	0x2
 745 0304 23       		.byte	0x23
 746 0305 14       		.uleb128 0x14
 747 0306 0C       		.uleb128 0xc
 748 0307 72313000 		.ascii	"r10\000"
 749 030b 06       		.byte	0x6
 750 030c 2501     		.2byte	0x125
 751 030e 8D020000 		.4byte	0x28d
 752 0312 02       		.byte	0x2
 753 0313 23       		.byte	0x23
 754 0314 18       		.uleb128 0x18
 755 0315 0C       		.uleb128 0xc
 756 0316 72313100 		.ascii	"r11\000"
 757 031a 06       		.byte	0x6
 758 031b 2601     		.2byte	0x126
 759 031d 8D020000 		.4byte	0x28d
 760 0321 02       		.byte	0x2
 761 0322 23       		.byte	0x23
 762 0323 1C       		.uleb128 0x1c
 763 0324 0C       		.uleb128 0xc
 764 0325 6C7200   		.ascii	"lr\000"
 765 0328 06       		.byte	0x6
 766 0329 2701     		.2byte	0x127
 767 032b 8D020000 		.4byte	0x28d
 768 032f 02       		.byte	0x2
 769 0330 23       		.byte	0x23
 770 0331 20       		.uleb128 0x20
 771 0332 00       		.byte	0x0
 772 0333 0B       		.uleb128 0xb
 773 0334 B3010000 		.4byte	.LASF48
 774 0338 04       		.byte	0x4
 775 0339 06       		.byte	0x6
 776 033a 3101     		.2byte	0x131
 777 033c 50030000 		.4byte	0x350
 778 0340 0C       		.uleb128 0xc
 779 0341 72313300 		.ascii	"r13\000"
 780 0345 06       		.byte	0x6
 781 0346 3201     		.2byte	0x132
ARM GAS  C:\Users\DNIEL~1\AppData\Local\Temp\ccYRjMjn.s 			page 15


 782 0348 50030000 		.4byte	0x350
 783 034c 02       		.byte	0x2
 784 034d 23       		.byte	0x23
 785 034e 00       		.uleb128 0x0
 786 034f 00       		.byte	0x0
 787 0350 09       		.uleb128 0x9
 788 0351 04       		.byte	0x4
 789 0352 A5020000 		.4byte	0x2a5
 790 0356 04       		.uleb128 0x4
 791 0357 B0030000 		.4byte	.LASF49
 792 035b 07       		.byte	0x7
 793 035c 58       		.byte	0x58
 794 035d 61030000 		.4byte	0x361
 795 0361 09       		.uleb128 0x9
 796 0362 04       		.byte	0x4
 797 0363 67030000 		.4byte	0x367
 798 0367 0D       		.uleb128 0xd
 799 0368 01       		.byte	0x1
 800 0369 73030000 		.4byte	0x373
 801 036d 0E       		.uleb128 0xe
 802 036e 98020000 		.4byte	0x298
 803 0372 00       		.byte	0x0
 804 0373 04       		.uleb128 0x4
 805 0374 82030000 		.4byte	.LASF50
 806 0378 07       		.byte	0x7
 807 0379 5D       		.byte	0x5d
 808 037a 7E030000 		.4byte	0x37e
 809 037e 05       		.uleb128 0x5
 810 037f 82030000 		.4byte	.LASF50
 811 0383 14       		.byte	0x14
 812 0384 07       		.byte	0x7
 813 0385 64       		.byte	0x64
 814 0386 D1030000 		.4byte	0x3d1
 815 038a 06       		.uleb128 0x6
 816 038b 55010000 		.4byte	.LASF51
 817 038f 07       		.byte	0x7
 818 0390 65       		.byte	0x65
 819 0391 D1030000 		.4byte	0x3d1
 820 0395 02       		.byte	0x2
 821 0396 23       		.byte	0x23
 822 0397 00       		.uleb128 0x0
 823 0398 06       		.uleb128 0x6
 824 0399 36010000 		.4byte	.LASF52
 825 039d 07       		.byte	0x7
 826 039e 67       		.byte	0x67
 827 039f D1030000 		.4byte	0x3d1
 828 03a3 02       		.byte	0x2
 829 03a4 23       		.byte	0x23
 830 03a5 04       		.uleb128 0x4
 831 03a6 06       		.uleb128 0x6
 832 03a7 40020000 		.4byte	.LASF53
 833 03ab 07       		.byte	0x7
 834 03ac 69       		.byte	0x69
 835 03ad FA000000 		.4byte	0xfa
 836 03b1 02       		.byte	0x2
 837 03b2 23       		.byte	0x23
 838 03b3 08       		.uleb128 0x8
ARM GAS  C:\Users\DNIEL~1\AppData\Local\Temp\ccYRjMjn.s 			page 16


 839 03b4 06       		.uleb128 0x6
 840 03b5 48020000 		.4byte	.LASF54
 841 03b9 07       		.byte	0x7
 842 03ba 6A       		.byte	0x6a
 843 03bb 56030000 		.4byte	0x356
 844 03bf 02       		.byte	0x2
 845 03c0 23       		.byte	0x23
 846 03c1 0C       		.uleb128 0xc
 847 03c2 06       		.uleb128 0x6
 848 03c3 D2030000 		.4byte	.LASF55
 849 03c7 07       		.byte	0x7
 850 03c8 6C       		.byte	0x6c
 851 03c9 98020000 		.4byte	0x298
 852 03cd 02       		.byte	0x2
 853 03ce 23       		.byte	0x23
 854 03cf 10       		.uleb128 0x10
 855 03d0 00       		.byte	0x0
 856 03d1 09       		.uleb128 0x9
 857 03d2 04       		.byte	0x4
 858 03d3 73030000 		.4byte	0x373
 859 03d7 08       		.uleb128 0x8
 860 03d8 10       		.byte	0x10
 861 03d9 07       		.byte	0x7
 862 03da 76       		.byte	0x76
 863 03db 18040000 		.4byte	0x418
 864 03df 06       		.uleb128 0x6
 865 03e0 55010000 		.4byte	.LASF51
 866 03e4 07       		.byte	0x7
 867 03e5 77       		.byte	0x77
 868 03e6 D1030000 		.4byte	0x3d1
 869 03ea 02       		.byte	0x2
 870 03eb 23       		.byte	0x23
 871 03ec 00       		.uleb128 0x0
 872 03ed 06       		.uleb128 0x6
 873 03ee 36010000 		.4byte	.LASF52
 874 03f2 07       		.byte	0x7
 875 03f3 79       		.byte	0x79
 876 03f4 D1030000 		.4byte	0x3d1
 877 03f8 02       		.byte	0x2
 878 03f9 23       		.byte	0x23
 879 03fa 04       		.uleb128 0x4
 880 03fb 06       		.uleb128 0x6
 881 03fc 40020000 		.4byte	.LASF53
 882 0400 07       		.byte	0x7
 883 0401 7B       		.byte	0x7b
 884 0402 FA000000 		.4byte	0xfa
 885 0406 02       		.byte	0x2
 886 0407 23       		.byte	0x23
 887 0408 08       		.uleb128 0x8
 888 0409 06       		.uleb128 0x6
 889 040a 1D040000 		.4byte	.LASF56
 890 040e 07       		.byte	0x7
 891 040f 7C       		.byte	0x7c
 892 0410 18040000 		.4byte	0x418
 893 0414 02       		.byte	0x2
 894 0415 23       		.byte	0x23
 895 0416 0C       		.uleb128 0xc
ARM GAS  C:\Users\DNIEL~1\AppData\Local\Temp\ccYRjMjn.s 			page 17


 896 0417 00       		.byte	0x0
 897 0418 0F       		.uleb128 0xf
 898 0419 FA000000 		.4byte	0xfa
 899 041d 04       		.uleb128 0x4
 900 041e 33040000 		.4byte	.LASF57
 901 0422 07       		.byte	0x7
 902 0423 7D       		.byte	0x7d
 903 0424 D7030000 		.4byte	0x3d7
 904 0428 08       		.uleb128 0x8
 905 0429 1C       		.byte	0x1c
 906 042a 08       		.byte	0x8
 907 042b 5E       		.byte	0x5e
 908 042c 85040000 		.4byte	0x485
 909 0430 06       		.uleb128 0x6
 910 0431 7A030000 		.4byte	.LASF58
 911 0435 08       		.byte	0x8
 912 0436 5F       		.byte	0x5f
 913 0437 60020000 		.4byte	0x260
 914 043b 02       		.byte	0x2
 915 043c 23       		.byte	0x23
 916 043d 00       		.uleb128 0x0
 917 043e 06       		.uleb128 0x6
 918 043f 1A030000 		.4byte	.LASF59
 919 0443 08       		.byte	0x8
 920 0444 60       		.byte	0x60
 921 0445 D9000000 		.4byte	0xd9
 922 0449 02       		.byte	0x2
 923 044a 23       		.byte	0x23
 924 044b 08       		.uleb128 0x8
 925 044c 06       		.uleb128 0x6
 926 044d 70020000 		.4byte	.LASF60
 927 0451 08       		.byte	0x8
 928 0452 62       		.byte	0x62
 929 0453 33030000 		.4byte	0x333
 930 0457 02       		.byte	0x2
 931 0458 23       		.byte	0x23
 932 0459 0C       		.uleb128 0xc
 933 045a 06       		.uleb128 0x6
 934 045b 25010000 		.4byte	.LASF61
 935 045f 08       		.byte	0x8
 936 0460 65       		.byte	0x65
 937 0461 5A020000 		.4byte	0x25a
 938 0465 02       		.byte	0x2
 939 0466 23       		.byte	0x23
 940 0467 10       		.uleb128 0x10
 941 0468 06       		.uleb128 0x6
 942 0469 95020000 		.4byte	.LASF62
 943 046d 08       		.byte	0x8
 944 046e 66       		.byte	0x66
 945 046f 5A020000 		.4byte	0x25a
 946 0473 02       		.byte	0x2
 947 0474 23       		.byte	0x23
 948 0475 14       		.uleb128 0x14
 949 0476 06       		.uleb128 0x6
 950 0477 8B020000 		.4byte	.LASF63
 951 047b 08       		.byte	0x8
 952 047c 69       		.byte	0x69
ARM GAS  C:\Users\DNIEL~1\AppData\Local\Temp\ccYRjMjn.s 			page 18


 953 047d 5A020000 		.4byte	0x25a
 954 0481 02       		.byte	0x2
 955 0482 23       		.byte	0x23
 956 0483 18       		.uleb128 0x18
 957 0484 00       		.byte	0x0
 958 0485 04       		.uleb128 0x4
 959 0486 EB030000 		.4byte	.LASF64
 960 048a 08       		.byte	0x8
 961 048b 6B       		.byte	0x6b
 962 048c 28040000 		.4byte	0x428
 963 0490 05       		.uleb128 0x5
 964 0491 1B020000 		.4byte	.LASF65
 965 0495 10       		.byte	0x10
 966 0496 09       		.byte	0x9
 967 0497 2C       		.byte	0x2c
 968 0498 C7040000 		.4byte	0x4c7
 969 049c 06       		.uleb128 0x6
 970 049d D6000000 		.4byte	.LASF66
 971 04a1 09       		.byte	0x9
 972 04a2 2D       		.byte	0x2d
 973 04a3 60020000 		.4byte	0x260
 974 04a7 02       		.byte	0x2
 975 04a8 23       		.byte	0x23
 976 04a9 00       		.uleb128 0x0
 977 04aa 06       		.uleb128 0x6
 978 04ab 3A040000 		.4byte	.LASF67
 979 04af 09       		.byte	0x9
 980 04b0 2F       		.byte	0x2f
 981 04b1 5A020000 		.4byte	0x25a
 982 04b5 02       		.byte	0x2
 983 04b6 23       		.byte	0x23
 984 04b7 08       		.uleb128 0x8
 985 04b8 06       		.uleb128 0x6
 986 04b9 94030000 		.4byte	.LASF68
 987 04bd 09       		.byte	0x9
 988 04be 31       		.byte	0x31
 989 04bf C7040000 		.4byte	0x4c7
 990 04c3 02       		.byte	0x2
 991 04c4 23       		.byte	0x23
 992 04c5 0C       		.uleb128 0xc
 993 04c6 00       		.byte	0x0
 994 04c7 09       		.uleb128 0x9
 995 04c8 04       		.byte	0x4
 996 04c9 90040000 		.4byte	0x490
 997 04cd 04       		.uleb128 0x4
 998 04ce 1B020000 		.4byte	.LASF65
 999 04d2 09       		.byte	0x9
 1000 04d3 33       		.byte	0x33
 1001 04d4 90040000 		.4byte	0x490
 1002 04d8 10       		.uleb128 0x10
 1003 04d9 04       		.byte	0x4
 1004 04da 05       		.byte	0x5
 1005 04db 96       		.byte	0x96
 1006 04dc 0D050000 		.4byte	0x50d
 1007 04e0 11       		.uleb128 0x11
 1008 04e1 1B000000 		.4byte	.LASF69
 1009 04e5 05       		.byte	0x5
ARM GAS  C:\Users\DNIEL~1\AppData\Local\Temp\ccYRjMjn.s 			page 19


 1010 04e6 9D       		.byte	0x9d
 1011 04e7 E4000000 		.4byte	0xe4
 1012 04eb 11       		.uleb128 0x11
 1013 04ec 6A000000 		.4byte	.LASF70
 1014 04f0 05       		.byte	0x5
 1015 04f1 A4       		.byte	0xa4
 1016 04f2 E4000000 		.4byte	0xe4
 1017 04f6 11       		.uleb128 0x11
 1018 04f7 03040000 		.4byte	.LASF71
 1019 04fb 05       		.byte	0x5
 1020 04fc AB       		.byte	0xab
 1021 04fd 98020000 		.4byte	0x298
 1022 0501 11       		.uleb128 0x11
 1023 0502 21030000 		.4byte	.LASF72
 1024 0506 05       		.byte	0x5
 1025 0507 B2       		.byte	0xb2
 1026 0508 EF000000 		.4byte	0xef
 1027 050c 00       		.byte	0x0
 1028 050d 09       		.uleb128 0x9
 1029 050e 04       		.byte	0x4
 1030 050f 13050000 		.4byte	0x513
 1031 0513 12       		.uleb128 0x12
 1032 0514 18050000 		.4byte	0x518
 1033 0518 03       		.uleb128 0x3
 1034 0519 01       		.byte	0x1
 1035 051a 08       		.byte	0x8
 1036 051b 8F030000 		.4byte	.LASF73
 1037 051f 09       		.uleb128 0x9
 1038 0520 04       		.byte	0x4
 1039 0521 CD040000 		.4byte	0x4cd
 1040 0525 04       		.uleb128 0x4
 1041 0526 00000000 		.4byte	.LASF74
 1042 052a 05       		.byte	0x5
 1043 052b E5       		.byte	0xe5
 1044 052c 30050000 		.4byte	0x530
 1045 0530 09       		.uleb128 0x9
 1046 0531 04       		.byte	0x4
 1047 0532 36050000 		.4byte	0x536
 1048 0536 13       		.uleb128 0x13
 1049 0537 01       		.byte	0x1
 1050 0538 E4000000 		.4byte	0xe4
 1051 053c 46050000 		.4byte	0x546
 1052 0540 0E       		.uleb128 0xe
 1053 0541 98020000 		.4byte	0x298
 1054 0545 00       		.byte	0x0
 1055 0546 08       		.uleb128 0x8
 1056 0547 16       		.byte	0x16
 1057 0548 0A       		.byte	0xa
 1058 0549 2C       		.byte	0x2c
 1059 054a 4B060000 		.4byte	0x64b
 1060 054e 06       		.uleb128 0x6
 1061 054f A5010000 		.4byte	.LASF75
 1062 0553 0A       		.byte	0xa
 1063 0554 2D       		.byte	0x2d
 1064 0555 4B060000 		.4byte	0x64b
 1065 0559 02       		.byte	0x2
 1066 055a 23       		.byte	0x23
ARM GAS  C:\Users\DNIEL~1\AppData\Local\Temp\ccYRjMjn.s 			page 20


 1067 055b 00       		.uleb128 0x0
 1068 055c 06       		.uleb128 0x6
 1069 055d 2C020000 		.4byte	.LASF76
 1070 0561 0A       		.byte	0xa
 1071 0562 2E       		.byte	0x2e
 1072 0563 3E000000 		.4byte	0x3e
 1073 0567 02       		.byte	0x2
 1074 0568 23       		.byte	0x23
 1075 0569 04       		.uleb128 0x4
 1076 056a 06       		.uleb128 0x6
 1077 056b 83020000 		.4byte	.LASF77
 1078 056f 0A       		.byte	0xa
 1079 0570 2F       		.byte	0x2f
 1080 0571 3E000000 		.4byte	0x3e
 1081 0575 02       		.byte	0x2
 1082 0576 23       		.byte	0x23
 1083 0577 05       		.uleb128 0x5
 1084 0578 06       		.uleb128 0x6
 1085 0579 28040000 		.4byte	.LASF78
 1086 057d 0A       		.byte	0xa
 1087 057e 30       		.byte	0x30
 1088 057f 57000000 		.4byte	0x57
 1089 0583 02       		.byte	0x2
 1090 0584 23       		.byte	0x23
 1091 0585 06       		.uleb128 0x6
 1092 0586 06       		.uleb128 0x6
 1093 0587 B2020000 		.4byte	.LASF79
 1094 058b 0A       		.byte	0xa
 1095 058c 31       		.byte	0x31
 1096 058d 3E000000 		.4byte	0x3e
 1097 0591 02       		.byte	0x2
 1098 0592 23       		.byte	0x23
 1099 0593 08       		.uleb128 0x8
 1100 0594 06       		.uleb128 0x6
 1101 0595 50020000 		.4byte	.LASF80
 1102 0599 0A       		.byte	0xa
 1103 059a 32       		.byte	0x32
 1104 059b 3E000000 		.4byte	0x3e
 1105 059f 02       		.byte	0x2
 1106 05a0 23       		.byte	0x23
 1107 05a1 09       		.uleb128 0x9
 1108 05a2 06       		.uleb128 0x6
 1109 05a3 5C000000 		.4byte	.LASF81
 1110 05a7 0A       		.byte	0xa
 1111 05a8 33       		.byte	0x33
 1112 05a9 3E000000 		.4byte	0x3e
 1113 05ad 02       		.byte	0x2
 1114 05ae 23       		.byte	0x23
 1115 05af 0A       		.uleb128 0xa
 1116 05b0 06       		.uleb128 0x6
 1117 05b1 6E030000 		.4byte	.LASF82
 1118 05b5 0A       		.byte	0xa
 1119 05b6 34       		.byte	0x34
 1120 05b7 3E000000 		.4byte	0x3e
 1121 05bb 02       		.byte	0x2
 1122 05bc 23       		.byte	0x23
 1123 05bd 0B       		.uleb128 0xb
ARM GAS  C:\Users\DNIEL~1\AppData\Local\Temp\ccYRjMjn.s 			page 21


 1124 05be 06       		.uleb128 0x6
 1125 05bf D9030000 		.4byte	.LASF83
 1126 05c3 0A       		.byte	0xa
 1127 05c4 35       		.byte	0x35
 1128 05c5 3E000000 		.4byte	0x3e
 1129 05c9 02       		.byte	0x2
 1130 05ca 23       		.byte	0x23
 1131 05cb 0C       		.uleb128 0xc
 1132 05cc 06       		.uleb128 0x6
 1133 05cd 4D030000 		.4byte	.LASF84
 1134 05d1 0A       		.byte	0xa
 1135 05d2 36       		.byte	0x36
 1136 05d3 3E000000 		.4byte	0x3e
 1137 05d7 02       		.byte	0x2
 1138 05d8 23       		.byte	0x23
 1139 05d9 0D       		.uleb128 0xd
 1140 05da 06       		.uleb128 0x6
 1141 05db 08000000 		.4byte	.LASF85
 1142 05df 0A       		.byte	0xa
 1143 05e0 37       		.byte	0x37
 1144 05e1 3E000000 		.4byte	0x3e
 1145 05e5 02       		.byte	0x2
 1146 05e6 23       		.byte	0x23
 1147 05e7 0E       		.uleb128 0xe
 1148 05e8 06       		.uleb128 0x6
 1149 05e9 5C020000 		.4byte	.LASF86
 1150 05ed 0A       		.byte	0xa
 1151 05ee 38       		.byte	0x38
 1152 05ef 3E000000 		.4byte	0x3e
 1153 05f3 02       		.byte	0x2
 1154 05f4 23       		.byte	0x23
 1155 05f5 0F       		.uleb128 0xf
 1156 05f6 06       		.uleb128 0x6
 1157 05f7 AC000000 		.4byte	.LASF87
 1158 05fb 0A       		.byte	0xa
 1159 05fc 39       		.byte	0x39
 1160 05fd 3E000000 		.4byte	0x3e
 1161 0601 02       		.byte	0x2
 1162 0602 23       		.byte	0x23
 1163 0603 10       		.uleb128 0x10
 1164 0604 06       		.uleb128 0x6
 1165 0605 85000000 		.4byte	.LASF88
 1166 0609 0A       		.byte	0xa
 1167 060a 3B       		.byte	0x3b
 1168 060b 3E000000 		.4byte	0x3e
 1169 060f 02       		.byte	0x2
 1170 0610 23       		.byte	0x23
 1171 0611 11       		.uleb128 0x11
 1172 0612 06       		.uleb128 0x6
 1173 0613 42040000 		.4byte	.LASF89
 1174 0617 0A       		.byte	0xa
 1175 0618 3C       		.byte	0x3c
 1176 0619 3E000000 		.4byte	0x3e
 1177 061d 02       		.byte	0x2
 1178 061e 23       		.byte	0x23
 1179 061f 12       		.uleb128 0x12
 1180 0620 06       		.uleb128 0x6
ARM GAS  C:\Users\DNIEL~1\AppData\Local\Temp\ccYRjMjn.s 			page 22


 1181 0621 34020000 		.4byte	.LASF90
 1182 0625 0A       		.byte	0xa
 1183 0626 3D       		.byte	0x3d
 1184 0627 3E000000 		.4byte	0x3e
 1185 062b 02       		.byte	0x2
 1186 062c 23       		.byte	0x23
 1187 062d 13       		.uleb128 0x13
 1188 062e 06       		.uleb128 0x6
 1189 062f 2F030000 		.4byte	.LASF91
 1190 0633 0A       		.byte	0xa
 1191 0634 3E       		.byte	0x3e
 1192 0635 3E000000 		.4byte	0x3e
 1193 0639 02       		.byte	0x2
 1194 063a 23       		.byte	0x23
 1195 063b 14       		.uleb128 0x14
 1196 063c 06       		.uleb128 0x6
 1197 063d 0E030000 		.4byte	.LASF92
 1198 0641 0A       		.byte	0xa
 1199 0642 40       		.byte	0x40
 1200 0643 3E000000 		.4byte	0x3e
 1201 0647 02       		.byte	0x2
 1202 0648 23       		.byte	0x23
 1203 0649 15       		.uleb128 0x15
 1204 064a 00       		.byte	0x0
 1205 064b 14       		.uleb128 0x14
 1206 064c 18050000 		.4byte	0x518
 1207 0650 5B060000 		.4byte	0x65b
 1208 0654 15       		.uleb128 0x15
 1209 0655 30000000 		.4byte	0x30
 1210 0659 03       		.byte	0x3
 1211 065a 00       		.byte	0x0
 1212 065b 04       		.uleb128 0x4
 1213 065c 03010000 		.4byte	.LASF93
 1214 0660 0A       		.byte	0xa
 1215 0661 41       		.byte	0x41
 1216 0662 46050000 		.4byte	0x546
 1217 0666 16       		.uleb128 0x16
 1218 0667 01       		.byte	0x1
 1219 0668 9D020000 		.4byte	.LASF94
 1220 066c 01       		.byte	0x1
 1221 066d 3D       		.byte	0x3d
 1222 066e 01       		.byte	0x1
 1223 066f 00000000 		.4byte	.LFB0
 1224 0673 14000000 		.4byte	.LFE0
 1225 0677 02       		.byte	0x2
 1226 0678 7D       		.byte	0x7d
 1227 0679 00       		.sleb128 0
 1228 067a 8C060000 		.4byte	0x68c
 1229 067e 17       		.uleb128 0x17
 1230 067f 7000     		.ascii	"p\000"
 1231 0681 01       		.byte	0x1
 1232 0682 3D       		.byte	0x3d
 1233 0683 98020000 		.4byte	0x298
 1234 0687 00000000 		.4byte	.LLST0
 1235 068b 00       		.byte	0x0
 1236 068c 18       		.uleb128 0x18
 1237 068d 01       		.byte	0x1
ARM GAS  C:\Users\DNIEL~1\AppData\Local\Temp\ccYRjMjn.s 			page 23


 1238 068e 3E010000 		.4byte	.LASF95
 1239 0692 01       		.byte	0x1
 1240 0693 54       		.byte	0x54
 1241 0694 01       		.byte	0x1
 1242 0695 00000000 		.4byte	.LFB1
 1243 0699 5C000000 		.4byte	.LFE1
 1244 069d 13000000 		.4byte	.LLST1
 1245 06a1 D0060000 		.4byte	0x6d0
 1246 06a5 19       		.uleb128 0x19
 1247 06a6 73000000 		.4byte	.LASF96
 1248 06aa 01       		.byte	0x1
 1249 06ab 55       		.byte	0x55
 1250 06ac 05010000 		.4byte	0x105
 1251 06b0 05       		.byte	0x5
 1252 06b1 03       		.byte	0x3
 1253 06b2 00000000 		.4byte	mainthread.4627
 1254 06b6 1A       		.uleb128 0x1a
 1255 06b7 28000000 		.4byte	.LBB2
 1256 06bb 30000000 		.4byte	.LBE2
 1257 06bf 1B       		.uleb128 0x1b
 1258 06c0 746D7000 		.ascii	"tmp\000"
 1259 06c4 01       		.byte	0x1
 1260 06c5 6F       		.byte	0x6f
 1261 06c6 7B000000 		.4byte	0x7b
 1262 06ca 3F000000 		.4byte	.LLST2
 1263 06ce 00       		.byte	0x0
 1264 06cf 00       		.byte	0x0
 1265 06d0 18       		.uleb128 0x18
 1266 06d1 01       		.byte	0x1
 1267 06d2 32000000 		.4byte	.LASF97
 1268 06d6 01       		.byte	0x1
 1269 06d7 89       		.byte	0x89
 1270 06d8 01       		.byte	0x1
 1271 06d9 00000000 		.4byte	.LFB2
 1272 06dd 54000000 		.4byte	.LFE2
 1273 06e1 5D000000 		.4byte	.LLST3
 1274 06e5 1B070000 		.4byte	0x71b
 1275 06e9 1A       		.uleb128 0x1a
 1276 06ea 22000000 		.4byte	.LBB3
 1277 06ee 54000000 		.4byte	.LBE3
 1278 06f2 1B       		.uleb128 0x1b
 1279 06f3 76747000 		.ascii	"vtp\000"
 1280 06f7 01       		.byte	0x1
 1281 06f8 96       		.byte	0x96
 1282 06f9 D1030000 		.4byte	0x3d1
 1283 06fd 7D000000 		.4byte	.LLST4
 1284 0701 1A       		.uleb128 0x1a
 1285 0702 2C000000 		.4byte	.LBB4
 1286 0706 42000000 		.4byte	.LBE4
 1287 070a 1B       		.uleb128 0x1b
 1288 070b 666E00   		.ascii	"fn\000"
 1289 070e 01       		.byte	0x1
 1290 070f 96       		.byte	0x96
 1291 0710 56030000 		.4byte	0x356
 1292 0714 A8000000 		.4byte	.LLST5
 1293 0718 00       		.byte	0x0
 1294 0719 00       		.byte	0x0
ARM GAS  C:\Users\DNIEL~1\AppData\Local\Temp\ccYRjMjn.s 			page 24


 1295 071a 00       		.byte	0x0
 1296 071b 1C       		.uleb128 0x1c
 1297 071c 2B000000 		.4byte	.LASF98
 1298 0720 07       		.byte	0x7
 1299 0721 F5       		.byte	0xf5
 1300 0722 1D040000 		.4byte	0x41d
 1301 0726 01       		.byte	0x1
 1302 0727 01       		.byte	0x1
 1303 0728 1C       		.uleb128 0x1c
 1304 0729 F5030000 		.4byte	.LASF99
 1305 072d 08       		.byte	0x8
 1306 072e 6F       		.byte	0x6f
 1307 072f 85040000 		.4byte	0x485
 1308 0733 01       		.byte	0x1
 1309 0734 01       		.byte	0x1
 1310 0735 1C       		.uleb128 0x1c
 1311 0736 9C010000 		.4byte	.LASF100
 1312 073a 0A       		.byte	0xa
 1313 073b 7E       		.byte	0x7e
 1314 073c 42070000 		.4byte	0x742
 1315 0740 01       		.byte	0x1
 1316 0741 01       		.byte	0x1
 1317 0742 12       		.uleb128 0x12
 1318 0743 5B060000 		.4byte	0x65b
 1319 0747 14       		.uleb128 0x14
 1320 0748 9A020000 		.4byte	0x29a
 1321 074c 57070000 		.4byte	0x757
 1322 0750 15       		.uleb128 0x15
 1323 0751 30000000 		.4byte	0x30
 1324 0755 1B       		.byte	0x1b
 1325 0756 00       		.byte	0x0
 1326 0757 1C       		.uleb128 0x1c
 1327 0758 15010000 		.4byte	.LASF101
 1328 075c 0B       		.byte	0xb
 1329 075d 89       		.byte	0x89
 1330 075e 47070000 		.4byte	0x747
 1331 0762 01       		.byte	0x1
 1332 0763 01       		.byte	0x1
 1333 0764 1C       		.uleb128 0x1c
 1334 0765 2B000000 		.4byte	.LASF98
 1335 0769 07       		.byte	0x7
 1336 076a F5       		.byte	0xf5
 1337 076b 1D040000 		.4byte	0x41d
 1338 076f 01       		.byte	0x1
 1339 0770 01       		.byte	0x1
 1340 0771 1C       		.uleb128 0x1c
 1341 0772 F5030000 		.4byte	.LASF99
 1342 0776 08       		.byte	0x8
 1343 0777 6F       		.byte	0x6f
 1344 0778 85040000 		.4byte	0x485
 1345 077c 01       		.byte	0x1
 1346 077d 01       		.byte	0x1
 1347 077e 1C       		.uleb128 0x1c
 1348 077f 9C010000 		.4byte	.LASF100
 1349 0783 0A       		.byte	0xa
 1350 0784 7E       		.byte	0x7e
 1351 0785 42070000 		.4byte	0x742
ARM GAS  C:\Users\DNIEL~1\AppData\Local\Temp\ccYRjMjn.s 			page 25


 1352 0789 01       		.byte	0x1
 1353 078a 01       		.byte	0x1
 1354 078b 1D       		.uleb128 0x1d
 1355 078c 15010000 		.4byte	.LASF101
 1356 0790 01       		.byte	0x1
 1357 0791 31       		.byte	0x31
 1358 0792 47070000 		.4byte	0x747
 1359 0796 01       		.byte	0x1
 1360 0797 05       		.byte	0x5
 1361 0798 03       		.byte	0x3
 1362 0799 00000000 		.4byte	_idle_thread_wa
 1363 079d 00       		.byte	0x0
 1364              		.section	.debug_abbrev
 1365 0000 01       		.uleb128 0x1
 1366 0001 11       		.uleb128 0x11
 1367 0002 01       		.byte	0x1
 1368 0003 25       		.uleb128 0x25
 1369 0004 0E       		.uleb128 0xe
 1370 0005 13       		.uleb128 0x13
 1371 0006 0B       		.uleb128 0xb
 1372 0007 03       		.uleb128 0x3
 1373 0008 0E       		.uleb128 0xe
 1374 0009 1B       		.uleb128 0x1b
 1375 000a 0E       		.uleb128 0xe
 1376 000b 11       		.uleb128 0x11
 1377 000c 01       		.uleb128 0x1
 1378 000d 52       		.uleb128 0x52
 1379 000e 01       		.uleb128 0x1
 1380 000f 55       		.uleb128 0x55
 1381 0010 06       		.uleb128 0x6
 1382 0011 10       		.uleb128 0x10
 1383 0012 06       		.uleb128 0x6
 1384 0013 00       		.byte	0x0
 1385 0014 00       		.byte	0x0
 1386 0015 02       		.uleb128 0x2
 1387 0016 24       		.uleb128 0x24
 1388 0017 00       		.byte	0x0
 1389 0018 0B       		.uleb128 0xb
 1390 0019 0B       		.uleb128 0xb
 1391 001a 3E       		.uleb128 0x3e
 1392 001b 0B       		.uleb128 0xb
 1393 001c 03       		.uleb128 0x3
 1394 001d 08       		.uleb128 0x8
 1395 001e 00       		.byte	0x0
 1396 001f 00       		.byte	0x0
 1397 0020 03       		.uleb128 0x3
 1398 0021 24       		.uleb128 0x24
 1399 0022 00       		.byte	0x0
 1400 0023 0B       		.uleb128 0xb
 1401 0024 0B       		.uleb128 0xb
 1402 0025 3E       		.uleb128 0x3e
 1403 0026 0B       		.uleb128 0xb
 1404 0027 03       		.uleb128 0x3
 1405 0028 0E       		.uleb128 0xe
 1406 0029 00       		.byte	0x0
 1407 002a 00       		.byte	0x0
 1408 002b 04       		.uleb128 0x4
ARM GAS  C:\Users\DNIEL~1\AppData\Local\Temp\ccYRjMjn.s 			page 26


 1409 002c 16       		.uleb128 0x16
 1410 002d 00       		.byte	0x0
 1411 002e 03       		.uleb128 0x3
 1412 002f 0E       		.uleb128 0xe
 1413 0030 3A       		.uleb128 0x3a
 1414 0031 0B       		.uleb128 0xb
 1415 0032 3B       		.uleb128 0x3b
 1416 0033 0B       		.uleb128 0xb
 1417 0034 49       		.uleb128 0x49
 1418 0035 13       		.uleb128 0x13
 1419 0036 00       		.byte	0x0
 1420 0037 00       		.byte	0x0
 1421 0038 05       		.uleb128 0x5
 1422 0039 13       		.uleb128 0x13
 1423 003a 01       		.byte	0x1
 1424 003b 03       		.uleb128 0x3
 1425 003c 0E       		.uleb128 0xe
 1426 003d 0B       		.uleb128 0xb
 1427 003e 0B       		.uleb128 0xb
 1428 003f 3A       		.uleb128 0x3a
 1429 0040 0B       		.uleb128 0xb
 1430 0041 3B       		.uleb128 0x3b
 1431 0042 0B       		.uleb128 0xb
 1432 0043 01       		.uleb128 0x1
 1433 0044 13       		.uleb128 0x13
 1434 0045 00       		.byte	0x0
 1435 0046 00       		.byte	0x0
 1436 0047 06       		.uleb128 0x6
 1437 0048 0D       		.uleb128 0xd
 1438 0049 00       		.byte	0x0
 1439 004a 03       		.uleb128 0x3
 1440 004b 0E       		.uleb128 0xe
 1441 004c 3A       		.uleb128 0x3a
 1442 004d 0B       		.uleb128 0xb
 1443 004e 3B       		.uleb128 0x3b
 1444 004f 0B       		.uleb128 0xb
 1445 0050 49       		.uleb128 0x49
 1446 0051 13       		.uleb128 0x13
 1447 0052 38       		.uleb128 0x38
 1448 0053 0A       		.uleb128 0xa
 1449 0054 00       		.byte	0x0
 1450 0055 00       		.byte	0x0
 1451 0056 07       		.uleb128 0x7
 1452 0057 0D       		.uleb128 0xd
 1453 0058 00       		.byte	0x0
 1454 0059 03       		.uleb128 0x3
 1455 005a 08       		.uleb128 0x8
 1456 005b 3A       		.uleb128 0x3a
 1457 005c 0B       		.uleb128 0xb
 1458 005d 3B       		.uleb128 0x3b
 1459 005e 0B       		.uleb128 0xb
 1460 005f 49       		.uleb128 0x49
 1461 0060 13       		.uleb128 0x13
 1462 0061 38       		.uleb128 0x38
 1463 0062 0A       		.uleb128 0xa
 1464 0063 00       		.byte	0x0
 1465 0064 00       		.byte	0x0
ARM GAS  C:\Users\DNIEL~1\AppData\Local\Temp\ccYRjMjn.s 			page 27


 1466 0065 08       		.uleb128 0x8
 1467 0066 13       		.uleb128 0x13
 1468 0067 01       		.byte	0x1
 1469 0068 0B       		.uleb128 0xb
 1470 0069 0B       		.uleb128 0xb
 1471 006a 3A       		.uleb128 0x3a
 1472 006b 0B       		.uleb128 0xb
 1473 006c 3B       		.uleb128 0x3b
 1474 006d 0B       		.uleb128 0xb
 1475 006e 01       		.uleb128 0x1
 1476 006f 13       		.uleb128 0x13
 1477 0070 00       		.byte	0x0
 1478 0071 00       		.byte	0x0
 1479 0072 09       		.uleb128 0x9
 1480 0073 0F       		.uleb128 0xf
 1481 0074 00       		.byte	0x0
 1482 0075 0B       		.uleb128 0xb
 1483 0076 0B       		.uleb128 0xb
 1484 0077 49       		.uleb128 0x49
 1485 0078 13       		.uleb128 0x13
 1486 0079 00       		.byte	0x0
 1487 007a 00       		.byte	0x0
 1488 007b 0A       		.uleb128 0xa
 1489 007c 0F       		.uleb128 0xf
 1490 007d 00       		.byte	0x0
 1491 007e 0B       		.uleb128 0xb
 1492 007f 0B       		.uleb128 0xb
 1493 0080 00       		.byte	0x0
 1494 0081 00       		.byte	0x0
 1495 0082 0B       		.uleb128 0xb
 1496 0083 13       		.uleb128 0x13
 1497 0084 01       		.byte	0x1
 1498 0085 03       		.uleb128 0x3
 1499 0086 0E       		.uleb128 0xe
 1500 0087 0B       		.uleb128 0xb
 1501 0088 0B       		.uleb128 0xb
 1502 0089 3A       		.uleb128 0x3a
 1503 008a 0B       		.uleb128 0xb
 1504 008b 3B       		.uleb128 0x3b
 1505 008c 05       		.uleb128 0x5
 1506 008d 01       		.uleb128 0x1
 1507 008e 13       		.uleb128 0x13
 1508 008f 00       		.byte	0x0
 1509 0090 00       		.byte	0x0
 1510 0091 0C       		.uleb128 0xc
 1511 0092 0D       		.uleb128 0xd
 1512 0093 00       		.byte	0x0
 1513 0094 03       		.uleb128 0x3
 1514 0095 08       		.uleb128 0x8
 1515 0096 3A       		.uleb128 0x3a
 1516 0097 0B       		.uleb128 0xb
 1517 0098 3B       		.uleb128 0x3b
 1518 0099 05       		.uleb128 0x5
 1519 009a 49       		.uleb128 0x49
 1520 009b 13       		.uleb128 0x13
 1521 009c 38       		.uleb128 0x38
 1522 009d 0A       		.uleb128 0xa
ARM GAS  C:\Users\DNIEL~1\AppData\Local\Temp\ccYRjMjn.s 			page 28


 1523 009e 00       		.byte	0x0
 1524 009f 00       		.byte	0x0
 1525 00a0 0D       		.uleb128 0xd
 1526 00a1 15       		.uleb128 0x15
 1527 00a2 01       		.byte	0x1
 1528 00a3 27       		.uleb128 0x27
 1529 00a4 0C       		.uleb128 0xc
 1530 00a5 01       		.uleb128 0x1
 1531 00a6 13       		.uleb128 0x13
 1532 00a7 00       		.byte	0x0
 1533 00a8 00       		.byte	0x0
 1534 00a9 0E       		.uleb128 0xe
 1535 00aa 05       		.uleb128 0x5
 1536 00ab 00       		.byte	0x0
 1537 00ac 49       		.uleb128 0x49
 1538 00ad 13       		.uleb128 0x13
 1539 00ae 00       		.byte	0x0
 1540 00af 00       		.byte	0x0
 1541 00b0 0F       		.uleb128 0xf
 1542 00b1 35       		.uleb128 0x35
 1543 00b2 00       		.byte	0x0
 1544 00b3 49       		.uleb128 0x49
 1545 00b4 13       		.uleb128 0x13
 1546 00b5 00       		.byte	0x0
 1547 00b6 00       		.byte	0x0
 1548 00b7 10       		.uleb128 0x10
 1549 00b8 17       		.uleb128 0x17
 1550 00b9 01       		.byte	0x1
 1551 00ba 0B       		.uleb128 0xb
 1552 00bb 0B       		.uleb128 0xb
 1553 00bc 3A       		.uleb128 0x3a
 1554 00bd 0B       		.uleb128 0xb
 1555 00be 3B       		.uleb128 0x3b
 1556 00bf 0B       		.uleb128 0xb
 1557 00c0 01       		.uleb128 0x1
 1558 00c1 13       		.uleb128 0x13
 1559 00c2 00       		.byte	0x0
 1560 00c3 00       		.byte	0x0
 1561 00c4 11       		.uleb128 0x11
 1562 00c5 0D       		.uleb128 0xd
 1563 00c6 00       		.byte	0x0
 1564 00c7 03       		.uleb128 0x3
 1565 00c8 0E       		.uleb128 0xe
 1566 00c9 3A       		.uleb128 0x3a
 1567 00ca 0B       		.uleb128 0xb
 1568 00cb 3B       		.uleb128 0x3b
 1569 00cc 0B       		.uleb128 0xb
 1570 00cd 49       		.uleb128 0x49
 1571 00ce 13       		.uleb128 0x13
 1572 00cf 00       		.byte	0x0
 1573 00d0 00       		.byte	0x0
 1574 00d1 12       		.uleb128 0x12
 1575 00d2 26       		.uleb128 0x26
 1576 00d3 00       		.byte	0x0
 1577 00d4 49       		.uleb128 0x49
 1578 00d5 13       		.uleb128 0x13
 1579 00d6 00       		.byte	0x0
ARM GAS  C:\Users\DNIEL~1\AppData\Local\Temp\ccYRjMjn.s 			page 29


 1580 00d7 00       		.byte	0x0
 1581 00d8 13       		.uleb128 0x13
 1582 00d9 15       		.uleb128 0x15
 1583 00da 01       		.byte	0x1
 1584 00db 27       		.uleb128 0x27
 1585 00dc 0C       		.uleb128 0xc
 1586 00dd 49       		.uleb128 0x49
 1587 00de 13       		.uleb128 0x13
 1588 00df 01       		.uleb128 0x1
 1589 00e0 13       		.uleb128 0x13
 1590 00e1 00       		.byte	0x0
 1591 00e2 00       		.byte	0x0
 1592 00e3 14       		.uleb128 0x14
 1593 00e4 01       		.uleb128 0x1
 1594 00e5 01       		.byte	0x1
 1595 00e6 49       		.uleb128 0x49
 1596 00e7 13       		.uleb128 0x13
 1597 00e8 01       		.uleb128 0x1
 1598 00e9 13       		.uleb128 0x13
 1599 00ea 00       		.byte	0x0
 1600 00eb 00       		.byte	0x0
 1601 00ec 15       		.uleb128 0x15
 1602 00ed 21       		.uleb128 0x21
 1603 00ee 00       		.byte	0x0
 1604 00ef 49       		.uleb128 0x49
 1605 00f0 13       		.uleb128 0x13
 1606 00f1 2F       		.uleb128 0x2f
 1607 00f2 0B       		.uleb128 0xb
 1608 00f3 00       		.byte	0x0
 1609 00f4 00       		.byte	0x0
 1610 00f5 16       		.uleb128 0x16
 1611 00f6 2E       		.uleb128 0x2e
 1612 00f7 01       		.byte	0x1
 1613 00f8 3F       		.uleb128 0x3f
 1614 00f9 0C       		.uleb128 0xc
 1615 00fa 03       		.uleb128 0x3
 1616 00fb 0E       		.uleb128 0xe
 1617 00fc 3A       		.uleb128 0x3a
 1618 00fd 0B       		.uleb128 0xb
 1619 00fe 3B       		.uleb128 0x3b
 1620 00ff 0B       		.uleb128 0xb
 1621 0100 27       		.uleb128 0x27
 1622 0101 0C       		.uleb128 0xc
 1623 0102 11       		.uleb128 0x11
 1624 0103 01       		.uleb128 0x1
 1625 0104 12       		.uleb128 0x12
 1626 0105 01       		.uleb128 0x1
 1627 0106 40       		.uleb128 0x40
 1628 0107 0A       		.uleb128 0xa
 1629 0108 01       		.uleb128 0x1
 1630 0109 13       		.uleb128 0x13
 1631 010a 00       		.byte	0x0
 1632 010b 00       		.byte	0x0
 1633 010c 17       		.uleb128 0x17
 1634 010d 05       		.uleb128 0x5
 1635 010e 00       		.byte	0x0
 1636 010f 03       		.uleb128 0x3
ARM GAS  C:\Users\DNIEL~1\AppData\Local\Temp\ccYRjMjn.s 			page 30


 1637 0110 08       		.uleb128 0x8
 1638 0111 3A       		.uleb128 0x3a
 1639 0112 0B       		.uleb128 0xb
 1640 0113 3B       		.uleb128 0x3b
 1641 0114 0B       		.uleb128 0xb
 1642 0115 49       		.uleb128 0x49
 1643 0116 13       		.uleb128 0x13
 1644 0117 02       		.uleb128 0x2
 1645 0118 06       		.uleb128 0x6
 1646 0119 00       		.byte	0x0
 1647 011a 00       		.byte	0x0
 1648 011b 18       		.uleb128 0x18
 1649 011c 2E       		.uleb128 0x2e
 1650 011d 01       		.byte	0x1
 1651 011e 3F       		.uleb128 0x3f
 1652 011f 0C       		.uleb128 0xc
 1653 0120 03       		.uleb128 0x3
 1654 0121 0E       		.uleb128 0xe
 1655 0122 3A       		.uleb128 0x3a
 1656 0123 0B       		.uleb128 0xb
 1657 0124 3B       		.uleb128 0x3b
 1658 0125 0B       		.uleb128 0xb
 1659 0126 27       		.uleb128 0x27
 1660 0127 0C       		.uleb128 0xc
 1661 0128 11       		.uleb128 0x11
 1662 0129 01       		.uleb128 0x1
 1663 012a 12       		.uleb128 0x12
 1664 012b 01       		.uleb128 0x1
 1665 012c 40       		.uleb128 0x40
 1666 012d 06       		.uleb128 0x6
 1667 012e 01       		.uleb128 0x1
 1668 012f 13       		.uleb128 0x13
 1669 0130 00       		.byte	0x0
 1670 0131 00       		.byte	0x0
 1671 0132 19       		.uleb128 0x19
 1672 0133 34       		.uleb128 0x34
 1673 0134 00       		.byte	0x0
 1674 0135 03       		.uleb128 0x3
 1675 0136 0E       		.uleb128 0xe
 1676 0137 3A       		.uleb128 0x3a
 1677 0138 0B       		.uleb128 0xb
 1678 0139 3B       		.uleb128 0x3b
 1679 013a 0B       		.uleb128 0xb
 1680 013b 49       		.uleb128 0x49
 1681 013c 13       		.uleb128 0x13
 1682 013d 02       		.uleb128 0x2
 1683 013e 0A       		.uleb128 0xa
 1684 013f 00       		.byte	0x0
 1685 0140 00       		.byte	0x0
 1686 0141 1A       		.uleb128 0x1a
 1687 0142 0B       		.uleb128 0xb
 1688 0143 01       		.byte	0x1
 1689 0144 11       		.uleb128 0x11
 1690 0145 01       		.uleb128 0x1
 1691 0146 12       		.uleb128 0x12
 1692 0147 01       		.uleb128 0x1
 1693 0148 00       		.byte	0x0
ARM GAS  C:\Users\DNIEL~1\AppData\Local\Temp\ccYRjMjn.s 			page 31


 1694 0149 00       		.byte	0x0
 1695 014a 1B       		.uleb128 0x1b
 1696 014b 34       		.uleb128 0x34
 1697 014c 00       		.byte	0x0
 1698 014d 03       		.uleb128 0x3
 1699 014e 08       		.uleb128 0x8
 1700 014f 3A       		.uleb128 0x3a
 1701 0150 0B       		.uleb128 0xb
 1702 0151 3B       		.uleb128 0x3b
 1703 0152 0B       		.uleb128 0xb
 1704 0153 49       		.uleb128 0x49
 1705 0154 13       		.uleb128 0x13
 1706 0155 02       		.uleb128 0x2
 1707 0156 06       		.uleb128 0x6
 1708 0157 00       		.byte	0x0
 1709 0158 00       		.byte	0x0
 1710 0159 1C       		.uleb128 0x1c
 1711 015a 34       		.uleb128 0x34
 1712 015b 00       		.byte	0x0
 1713 015c 03       		.uleb128 0x3
 1714 015d 0E       		.uleb128 0xe
 1715 015e 3A       		.uleb128 0x3a
 1716 015f 0B       		.uleb128 0xb
 1717 0160 3B       		.uleb128 0x3b
 1718 0161 0B       		.uleb128 0xb
 1719 0162 49       		.uleb128 0x49
 1720 0163 13       		.uleb128 0x13
 1721 0164 3F       		.uleb128 0x3f
 1722 0165 0C       		.uleb128 0xc
 1723 0166 3C       		.uleb128 0x3c
 1724 0167 0C       		.uleb128 0xc
 1725 0168 00       		.byte	0x0
 1726 0169 00       		.byte	0x0
 1727 016a 1D       		.uleb128 0x1d
 1728 016b 34       		.uleb128 0x34
 1729 016c 00       		.byte	0x0
 1730 016d 03       		.uleb128 0x3
 1731 016e 0E       		.uleb128 0xe
 1732 016f 3A       		.uleb128 0x3a
 1733 0170 0B       		.uleb128 0xb
 1734 0171 3B       		.uleb128 0x3b
 1735 0172 0B       		.uleb128 0xb
 1736 0173 49       		.uleb128 0x49
 1737 0174 13       		.uleb128 0x13
 1738 0175 3F       		.uleb128 0x3f
 1739 0176 0C       		.uleb128 0xc
 1740 0177 02       		.uleb128 0x2
 1741 0178 0A       		.uleb128 0xa
 1742 0179 00       		.byte	0x0
 1743 017a 00       		.byte	0x0
 1744 017b 00       		.byte	0x0
 1745              		.section	.debug_pubnames,"",%progbits
 1746 0000 58000000 		.4byte	0x58
 1747 0004 0200     		.2byte	0x2
 1748 0006 00000000 		.4byte	.Ldebug_info0
 1749 000a 9E070000 		.4byte	0x79e
 1750 000e 66060000 		.4byte	0x666
ARM GAS  C:\Users\DNIEL~1\AppData\Local\Temp\ccYRjMjn.s 			page 32


 1751 0012 5F69646C 		.ascii	"_idle_thread\000"
 1751      655F7468 
 1751      72656164 
 1751      00
 1752 001f 8C060000 		.4byte	0x68c
 1753 0023 63685379 		.ascii	"chSysInit\000"
 1753      73496E69 
 1753      7400
 1754 002d D0060000 		.4byte	0x6d0
 1755 0031 63685379 		.ascii	"chSysTimerHandlerI\000"
 1755      7354696D 
 1755      65724861 
 1755      6E646C65 
 1755      724900
 1756 0044 8B070000 		.4byte	0x78b
 1757 0048 5F69646C 		.ascii	"_idle_thread_wa\000"
 1757      655F7468 
 1757      72656164 
 1757      5F776100 
 1758 0058 00000000 		.4byte	0x0
 1759              		.section	.debug_pubtypes,"",%progbits
 1760 0000 94010000 		.4byte	0x194
 1761 0004 0200     		.2byte	0x2
 1762 0006 00000000 		.4byte	.Ldebug_info0
 1763 000a 9E070000 		.4byte	0x79e
 1764 000e 3E000000 		.4byte	0x3e
 1765 0012 75696E74 		.ascii	"uint8_t\000"
 1765      385F7400 
 1766 001a 57000000 		.4byte	0x57
 1767 001e 75696E74 		.ascii	"uint16_t\000"
 1767      31365F74 
 1767      00
 1768 0027 69000000 		.4byte	0x69
 1769 002b 696E7433 		.ascii	"int32_t\000"
 1769      325F7400 
 1770 0033 7B000000 		.4byte	0x7b
 1771 0037 75696E74 		.ascii	"uint32_t\000"
 1771      33325F74 
 1771      00
 1772 0040 94000000 		.4byte	0x94
 1773 0044 75696E74 		.ascii	"uint64_t\000"
 1773      36345F74 
 1773      00
 1774 004d AD000000 		.4byte	0xad
 1775 0051 746D6F64 		.ascii	"tmode_t\000"
 1775      655F7400 
 1776 0059 B8000000 		.4byte	0xb8
 1777 005d 74737461 		.ascii	"tstate_t\000"
 1777      74655F74 
 1777      00
 1778 0066 C3000000 		.4byte	0xc3
 1779 006a 74726566 		.ascii	"trefs_t\000"
 1779      735F7400 
 1780 0072 CE000000 		.4byte	0xce
 1781 0076 74736C69 		.ascii	"tslices_t\000"
 1781      6365735F 
 1781      7400
ARM GAS  C:\Users\DNIEL~1\AppData\Local\Temp\ccYRjMjn.s 			page 33


 1782 0080 D9000000 		.4byte	0xd9
 1783 0084 74707269 		.ascii	"tprio_t\000"
 1783      6F5F7400 
 1784 008c E4000000 		.4byte	0xe4
 1785 0090 6D73675F 		.ascii	"msg_t\000"
 1785      7400
 1786 0096 EF000000 		.4byte	0xef
 1787 009a 6576656E 		.ascii	"eventmask_t\000"
 1787      746D6173 
 1787      6B5F7400 
 1788 00a6 FA000000 		.4byte	0xfa
 1789 00aa 73797374 		.ascii	"systime_t\000"
 1789      696D655F 
 1789      7400
 1790 00b4 05010000 		.4byte	0x105
 1791 00b8 54687265 		.ascii	"Thread\000"
 1791      616400
 1792 00bf 60020000 		.4byte	0x260
 1793 00c3 54687265 		.ascii	"ThreadsQueue\000"
 1793      61647351 
 1793      75657565 
 1793      00
 1794 00d0 82020000 		.4byte	0x282
 1795 00d4 54687265 		.ascii	"ThreadsList\000"
 1795      6164734C 
 1795      69737400 
 1796 00e0 8D020000 		.4byte	0x28d
 1797 00e4 72656761 		.ascii	"regarm_t\000"
 1797      726D5F74 
 1797      00
 1798 00ed 9A020000 		.4byte	0x29a
 1799 00f1 73746B61 		.ascii	"stkalign_t\000"
 1799      6C69676E 
 1799      5F7400
 1800 00fc A5020000 		.4byte	0x2a5
 1801 0100 696E7463 		.ascii	"intctx\000"
 1801      747800
 1802 0107 33030000 		.4byte	0x333
 1803 010b 636F6E74 		.ascii	"context\000"
 1803      65787400 
 1804 0113 56030000 		.4byte	0x356
 1805 0117 76746675 		.ascii	"vtfunc_t\000"
 1805      6E635F74 
 1805      00
 1806 0120 73030000 		.4byte	0x373
 1807 0124 56697274 		.ascii	"VirtualTimer\000"
 1807      75616C54 
 1807      696D6572 
 1807      00
 1808 0131 7E030000 		.4byte	0x37e
 1809 0135 56697274 		.ascii	"VirtualTimer\000"
 1809      75616C54 
 1809      696D6572 
 1809      00
 1810 0142 1D040000 		.4byte	0x41d
 1811 0146 56544C69 		.ascii	"VTList\000"
 1811      737400
ARM GAS  C:\Users\DNIEL~1\AppData\Local\Temp\ccYRjMjn.s 			page 34


 1812 014d 85040000 		.4byte	0x485
 1813 0151 52656164 		.ascii	"ReadyList\000"
 1813      794C6973 
 1813      7400
 1814 015b 90040000 		.4byte	0x490
 1815 015f 4D757465 		.ascii	"Mutex\000"
 1815      7800
 1816 0165 CD040000 		.4byte	0x4cd
 1817 0169 4D757465 		.ascii	"Mutex\000"
 1817      7800
 1818 016f 10010000 		.4byte	0x110
 1819 0173 54687265 		.ascii	"Thread\000"
 1819      616400
 1820 017a 25050000 		.4byte	0x525
 1821 017e 7466756E 		.ascii	"tfunc_t\000"
 1821      635F7400 
 1822 0186 5B060000 		.4byte	0x65b
 1823 018a 63686465 		.ascii	"chdebug_t\000"
 1823      6275675F 
 1823      7400
 1824 0194 00000000 		.4byte	0x0
 1825              		.section	.debug_aranges,"",%progbits
 1826 0000 2C000000 		.4byte	0x2c
 1827 0004 0200     		.2byte	0x2
 1828 0006 00000000 		.4byte	.Ldebug_info0
 1829 000a 04       		.byte	0x4
 1830 000b 00       		.byte	0x0
 1831 000c 0000     		.2byte	0x0
 1832 000e 0000     		.2byte	0x0
 1833 0010 00000000 		.4byte	.LFB0
 1834 0014 14000000 		.4byte	.LFE0-.LFB0
 1835 0018 00000000 		.4byte	.LFB1
 1836 001c 5C000000 		.4byte	.LFE1-.LFB1
 1837 0020 00000000 		.4byte	.LFB2
 1838 0024 54000000 		.4byte	.LFE2-.LFB2
 1839 0028 00000000 		.4byte	0x0
 1840 002c 00000000 		.4byte	0x0
 1841              		.section	.debug_ranges,"",%progbits
 1842              	.Ldebug_ranges0:
 1843 0000 00000000 		.4byte	.LFB0
 1844 0004 14000000 		.4byte	.LFE0
 1845 0008 00000000 		.4byte	.LFB1
 1846 000c 5C000000 		.4byte	.LFE1
 1847 0010 00000000 		.4byte	.LFB2
 1848 0014 54000000 		.4byte	.LFE2
 1849 0018 00000000 		.4byte	0x0
 1850 001c 00000000 		.4byte	0x0
 1851              		.section	.debug_str,"MS",%progbits,1
 1852              	.LASF74:
 1853 0000 7466756E 		.ascii	"tfunc_t\000"
 1853      635F7400 
 1854              	.LASF85:
 1855 0008 63665F6F 		.ascii	"cf_off_older\000"
 1855      66665F6F 
 1855      6C646572 
 1855      00
 1856              	.LASF38:
ARM GAS  C:\Users\DNIEL~1\AppData\Local\Temp\ccYRjMjn.s 			page 35


 1857 0015 705F6D73 		.ascii	"p_msg\000"
 1857      6700
 1858              	.LASF69:
 1859 001b 7264796D 		.ascii	"rdymsg\000"
 1859      736700
 1860              	.LASF12:
 1861 0022 75696E74 		.ascii	"uint64_t\000"
 1861      36345F74 
 1861      00
 1862              	.LASF98:
 1863 002b 76746C69 		.ascii	"vtlist\000"
 1863      737400
 1864              	.LASF97:
 1865 0032 63685379 		.ascii	"chSysTimerHandlerI\000"
 1865      7354696D 
 1865      65724861 
 1865      6E646C65 
 1865      724900
 1866              	.LASF13:
 1867 0045 6C6F6E67 		.ascii	"long long unsigned int\000"
 1867      206C6F6E 
 1867      6720756E 
 1867      7369676E 
 1867      65642069 
 1868              	.LASF81:
 1869 005c 63685F74 		.ascii	"ch_threadsize\000"
 1869      68726561 
 1869      6473697A 
 1869      6500
 1870              	.LASF70:
 1871 006a 65786974 		.ascii	"exitcode\000"
 1871      636F6465 
 1871      00
 1872              	.LASF96:
 1873 0073 6D61696E 		.ascii	"mainthread\000"
 1873      74687265 
 1873      616400
 1874              	.LASF26:
 1875 007e 705F7072 		.ascii	"p_prio\000"
 1875      696F00
 1876              	.LASF88:
 1877 0085 63665F6F 		.ascii	"cf_off_state\000"
 1877      66665F73 
 1877      74617465 
 1877      00
 1878              	.LASF11:
 1879 0092 6C6F6E67 		.ascii	"long long int\000"
 1879      206C6F6E 
 1879      6720696E 
 1879      7400
 1880              	.LASF1:
 1881 00a0 7369676E 		.ascii	"signed char\000"
 1881      65642063 
 1881      68617200 
 1882              	.LASF87:
 1883 00ac 63665F6F 		.ascii	"cf_off_stklimit\000"
 1883      66665F73 
ARM GAS  C:\Users\DNIEL~1\AppData\Local\Temp\ccYRjMjn.s 			page 36


 1883      746B6C69 
 1883      6D697400 
 1884              	.LASF10:
 1885 00bc 6C6F6E67 		.ascii	"long unsigned int\000"
 1885      20756E73 
 1885      69676E65 
 1885      6420696E 
 1885      7400
 1886              	.LASF42:
 1887 00ce 705F6D70 		.ascii	"p_mpool\000"
 1887      6F6F6C00 
 1888              	.LASF66:
 1889 00d6 6D5F7175 		.ascii	"m_queue\000"
 1889      65756500 
 1890              	.LASF18:
 1891 00de 74736C69 		.ascii	"tslices_t\000"
 1891      6365735F 
 1891      7400
 1892              	.LASF8:
 1893 00e8 6C6F6E67 		.ascii	"long int\000"
 1893      20696E74 
 1893      00
 1894              	.LASF16:
 1895 00f1 74737461 		.ascii	"tstate_t\000"
 1895      74655F74 
 1895      00
 1896              	.LASF5:
 1897 00fa 75696E74 		.ascii	"uint16_t\000"
 1897      31365F74 
 1897      00
 1898              	.LASF93:
 1899 0103 63686465 		.ascii	"chdebug_t\000"
 1899      6275675F 
 1899      7400
 1900              	.LASF28:
 1901 010d 705F6E65 		.ascii	"p_newer\000"
 1901      77657200 
 1902              	.LASF101:
 1903 0115 5F69646C 		.ascii	"_idle_thread_wa\000"
 1903      655F7468 
 1903      72656164 
 1903      5F776100 
 1904              	.LASF61:
 1905 0125 725F6E65 		.ascii	"r_newer\000"
 1905      77657200 
 1906              	.LASF45:
 1907 012d 72656761 		.ascii	"regarm_t\000"
 1907      726D5F74 
 1907      00
 1908              	.LASF52:
 1909 0136 76745F70 		.ascii	"vt_prev\000"
 1909      72657600 
 1910              	.LASF95:
 1911 013e 63685379 		.ascii	"chSysInit\000"
 1911      73496E69 
 1911      7400
 1912              	.LASF0:
ARM GAS  C:\Users\DNIEL~1\AppData\Local\Temp\ccYRjMjn.s 			page 37


 1913 0148 756E7369 		.ascii	"unsigned int\000"
 1913      676E6564 
 1913      20696E74 
 1913      00
 1914              	.LASF51:
 1915 0155 76745F6E 		.ascii	"vt_next\000"
 1915      65787400 
 1916              	.LASF104:
 1917 015d 433A5C44 		.ascii	"C:\\Dani\\MegaLux\\Repo\\LuxControl\\LuxControl\\lu"
 1917      616E695C 
 1917      4D656761 
 1917      4C75785C 
 1917      5265706F 
 1918 018a 78636F6E 		.ascii	"xcontrol\\firmware\000"
 1918      74726F6C 
 1918      5C666972 
 1918      6D776172 
 1918      6500
 1919              	.LASF100:
 1920 019c 63685F64 		.ascii	"ch_debug\000"
 1920      65627567 
 1920      00
 1921              	.LASF75:
 1922 01a5 63685F69 		.ascii	"ch_identifier\000"
 1922      64656E74 
 1922      69666965 
 1922      7200
 1923              	.LASF48:
 1924 01b3 636F6E74 		.ascii	"context\000"
 1924      65787400 
 1925              	.LASF103:
 1926 01bb 2E2E2F2E 		.ascii	"../../../ChibiOS/os/kernel/src/chsys.c\000"
 1926      2E2F2E2E 
 1926      2F436869 
 1926      62694F53 
 1926      2F6F732F 
 1927              	.LASF6:
 1928 01e2 73686F72 		.ascii	"short unsigned int\000"
 1928      7420756E 
 1928      7369676E 
 1928      65642069 
 1928      6E7400
 1929              	.LASF20:
 1930 01f5 6D73675F 		.ascii	"msg_t\000"
 1930      7400
 1931              	.LASF15:
 1932 01fb 746D6F64 		.ascii	"tmode_t\000"
 1932      655F7400 
 1933              	.LASF44:
 1934 0203 54687265 		.ascii	"ThreadsList\000"
 1934      6164734C 
 1934      69737400 
 1935              	.LASF21:
 1936 020f 6576656E 		.ascii	"eventmask_t\000"
 1936      746D6173 
 1936      6B5F7400 
 1937              	.LASF65:
ARM GAS  C:\Users\DNIEL~1\AppData\Local\Temp\ccYRjMjn.s 			page 38


 1938 021b 4D757465 		.ascii	"Mutex\000"
 1938      7800
 1939              	.LASF46:
 1940 0221 73746B61 		.ascii	"stkalign_t\000"
 1940      6C69676E 
 1940      5F7400
 1941              	.LASF76:
 1942 022c 63685F7A 		.ascii	"ch_zero\000"
 1942      65726F00 
 1943              	.LASF90:
 1944 0234 63665F6F 		.ascii	"cf_off_refs\000"
 1944      66665F72 
 1944      65667300 
 1945              	.LASF53:
 1946 0240 76745F74 		.ascii	"vt_time\000"
 1946      696D6500 
 1947              	.LASF54:
 1948 0248 76745F66 		.ascii	"vt_func\000"
 1948      756E6300 
 1949              	.LASF80:
 1950 0250 63685F74 		.ascii	"ch_timesize\000"
 1950      696D6573 
 1950      697A6500 
 1951              	.LASF86:
 1952 025c 63665F6F 		.ascii	"cf_off_name\000"
 1952      66665F6E 
 1952      616D6500 
 1953              	.LASF29:
 1954 0268 705F6F6C 		.ascii	"p_older\000"
 1954      64657200 
 1955              	.LASF60:
 1956 0270 725F6374 		.ascii	"r_ctx\000"
 1956      7800
 1957              	.LASF43:
 1958 0276 54687265 		.ascii	"ThreadsQueue\000"
 1958      61647351 
 1958      75657565 
 1958      00
 1959              	.LASF77:
 1960 0283 63685F73 		.ascii	"ch_size\000"
 1960      697A6500 
 1961              	.LASF63:
 1962 028b 725F6375 		.ascii	"r_current\000"
 1962      7272656E 
 1962      7400
 1963              	.LASF62:
 1964 0295 725F6F6C 		.ascii	"r_older\000"
 1964      64657200 
 1965              	.LASF94:
 1966 029d 5F69646C 		.ascii	"_idle_thread\000"
 1966      655F7468 
 1966      72656164 
 1966      00
 1967              	.LASF17:
 1968 02aa 74726566 		.ascii	"trefs_t\000"
 1968      735F7400 
 1969              	.LASF79:
ARM GAS  C:\Users\DNIEL~1\AppData\Local\Temp\ccYRjMjn.s 			page 39


 1970 02b2 63685F70 		.ascii	"ch_ptrsize\000"
 1970      74727369 
 1970      7A6500
 1971              	.LASF25:
 1972 02bd 705F7072 		.ascii	"p_prev\000"
 1972      657600
 1973              	.LASF19:
 1974 02c4 74707269 		.ascii	"tprio_t\000"
 1974      6F5F7400 
 1975              	.LASF14:
 1976 02cc 5F426F6F 		.ascii	"_Bool\000"
 1976      6C00
 1977              	.LASF7:
 1978 02d2 696E7433 		.ascii	"int32_t\000"
 1978      325F7400 
 1979              	.LASF2:
 1980 02da 756E7369 		.ascii	"unsigned char\000"
 1980      676E6564 
 1980      20636861 
 1980      7200
 1981              	.LASF40:
 1982 02e8 705F6D74 		.ascii	"p_mtxlist\000"
 1982      786C6973 
 1982      7400
 1983              	.LASF3:
 1984 02f2 73686F72 		.ascii	"short int\000"
 1984      7420696E 
 1984      7400
 1985              	.LASF31:
 1986 02fc 705F7374 		.ascii	"p_state\000"
 1986      61746500 
 1987              	.LASF34:
 1988 0304 705F7072 		.ascii	"p_preempt\000"
 1988      65656D70 
 1988      7400
 1989              	.LASF92:
 1990 030e 63665F6F 		.ascii	"cf_off_time\000"
 1990      66665F74 
 1990      696D6500 
 1991              	.LASF59:
 1992 031a 725F7072 		.ascii	"r_prio\000"
 1992      696F00
 1993              	.LASF72:
 1994 0321 65776D61 		.ascii	"ewmask\000"
 1994      736B00
 1995              	.LASF24:
 1996 0328 705F6E65 		.ascii	"p_next\000"
 1996      787400
 1997              	.LASF91:
 1998 032f 63665F6F 		.ascii	"cf_off_preempt\000"
 1998      66665F70 
 1998      7265656D 
 1998      707400
 1999              	.LASF32:
 2000 033e 705F666C 		.ascii	"p_flags\000"
 2000      61677300 
 2001              	.LASF23:
ARM GAS  C:\Users\DNIEL~1\AppData\Local\Temp\ccYRjMjn.s 			page 40


 2002 0346 54687265 		.ascii	"Thread\000"
 2002      616400
 2003              	.LASF84:
 2004 034d 63665F6F 		.ascii	"cf_off_newer\000"
 2004      66665F6E 
 2004      65776572 
 2004      00
 2005              	.LASF39:
 2006 035a 705F6570 		.ascii	"p_epending\000"
 2006      656E6469 
 2006      6E6700
 2007              	.LASF9:
 2008 0365 75696E74 		.ascii	"uint32_t\000"
 2008      33325F74 
 2008      00
 2009              	.LASF82:
 2010 036e 63665F6F 		.ascii	"cf_off_prio\000"
 2010      66665F70 
 2010      72696F00 
 2011              	.LASF58:
 2012 037a 725F7175 		.ascii	"r_queue\000"
 2012      65756500 
 2013              	.LASF50:
 2014 0382 56697274 		.ascii	"VirtualTimer\000"
 2014      75616C54 
 2014      696D6572 
 2014      00
 2015              	.LASF73:
 2016 038f 63686172 		.ascii	"char\000"
 2016      00
 2017              	.LASF68:
 2018 0394 6D5F6E65 		.ascii	"m_next\000"
 2018      787400
 2019              	.LASF22:
 2020 039b 73797374 		.ascii	"systime_t\000"
 2020      696D655F 
 2020      7400
 2021              	.LASF41:
 2022 03a5 705F7265 		.ascii	"p_realprio\000"
 2022      616C7072 
 2022      696F00
 2023              	.LASF49:
 2024 03b0 76746675 		.ascii	"vtfunc_t\000"
 2024      6E635F74 
 2024      00
 2025              	.LASF35:
 2026 03b9 705F7469 		.ascii	"p_time\000"
 2026      6D6500
 2027              	.LASF47:
 2028 03c0 696E7463 		.ascii	"intctx\000"
 2028      747800
 2029              	.LASF37:
 2030 03c7 705F6D73 		.ascii	"p_msgqueue\000"
 2030      67717565 
 2030      756500
 2031              	.LASF55:
 2032 03d2 76745F70 		.ascii	"vt_par\000"
ARM GAS  C:\Users\DNIEL~1\AppData\Local\Temp\ccYRjMjn.s 			page 41


 2032      617200
 2033              	.LASF83:
 2034 03d9 63665F6F 		.ascii	"cf_off_ctx\000"
 2034      66665F63 
 2034      747800
 2035              	.LASF33:
 2036 03e4 705F7265 		.ascii	"p_refs\000"
 2036      667300
 2037              	.LASF64:
 2038 03eb 52656164 		.ascii	"ReadyList\000"
 2038      794C6973 
 2038      7400
 2039              	.LASF99:
 2040 03f5 726C6973 		.ascii	"rlist\000"
 2040      7400
 2041              	.LASF4:
 2042 03fb 75696E74 		.ascii	"uint8_t\000"
 2042      385F7400 
 2043              	.LASF71:
 2044 0403 77746F62 		.ascii	"wtobjp\000"
 2044      6A7000
 2045              	.LASF102:
 2046 040a 474E5520 		.ascii	"GNU C 4.5.2\000"
 2046      4320342E 
 2046      352E3200 
 2047              	.LASF30:
 2048 0416 705F6E61 		.ascii	"p_name\000"
 2048      6D6500
 2049              	.LASF56:
 2050 041d 76745F73 		.ascii	"vt_systime\000"
 2050      79737469 
 2050      6D6500
 2051              	.LASF78:
 2052 0428 63685F76 		.ascii	"ch_version\000"
 2052      65727369 
 2052      6F6E00
 2053              	.LASF57:
 2054 0433 56544C69 		.ascii	"VTList\000"
 2054      737400
 2055              	.LASF67:
 2056 043a 6D5F6F77 		.ascii	"m_owner\000"
 2056      6E657200 
 2057              	.LASF89:
 2058 0442 63665F6F 		.ascii	"cf_off_flags\000"
 2058      66665F66 
 2058      6C616773 
 2058      00
 2059              	.LASF27:
 2060 044f 705F6374 		.ascii	"p_ctx\000"
 2060      7800
 2061              	.LASF36:
 2062 0455 705F7761 		.ascii	"p_waiting\000"
 2062      6974696E 
 2062      6700
 2063              		.ident	"GCC: (Sourcery G++ Lite 2011.03-42) 4.5.2"
ARM GAS  C:\Users\DNIEL~1\AppData\Local\Temp\ccYRjMjn.s 			page 42


DEFINED SYMBOLS
                            *ABS*:00000000 chsys.c
C:\Users\DNIEL~1\AppData\Local\Temp\ccYRjMjn.s:24     .text._idle_thread:00000000 $t
C:\Users\DNIEL~1\AppData\Local\Temp\ccYRjMjn.s:30     .text._idle_thread:00000000 _idle_thread
C:\Users\DNIEL~1\AppData\Local\Temp\ccYRjMjn.s:50     .text._idle_thread:0000000c $d
C:\Users\DNIEL~1\AppData\Local\Temp\ccYRjMjn.s:56     .text.chSysInit:00000000 $t
C:\Users\DNIEL~1\AppData\Local\Temp\ccYRjMjn.s:62     .text.chSysInit:00000000 chSysInit
C:\Users\DNIEL~1\AppData\Local\Temp\ccYRjMjn.s:131    .text.chSysInit:00000048 $d
C:\Users\DNIEL~1\AppData\Local\Temp\ccYRjMjn.s:140    .text.chSysTimerHandlerI:00000000 $t
C:\Users\DNIEL~1\AppData\Local\Temp\ccYRjMjn.s:146    .text.chSysTimerHandlerI:00000000 chSysTimerHandlerI
C:\Users\DNIEL~1\AppData\Local\Temp\ccYRjMjn.s:224    .text.chSysTimerHandlerI:0000004c $d
C:\Users\DNIEL~1\AppData\Local\Temp\ccYRjMjn.s:247    .bss._idle_thread_wa:00000000 _idle_thread_wa
C:\Users\DNIEL~1\AppData\Local\Temp\ccYRjMjn.s:232    .rodata.str1.4:00000000 $d
C:\Users\DNIEL~1\AppData\Local\Temp\ccYRjMjn.s:236    .bss.mainthread.4627:00000000 $d
C:\Users\DNIEL~1\AppData\Local\Temp\ccYRjMjn.s:240    .bss.mainthread.4627:00000000 mainthread.4627
C:\Users\DNIEL~1\AppData\Local\Temp\ccYRjMjn.s:243    .bss._idle_thread_wa:00000000 $d
                     .debug_frame:00000010 $d
C:\Users\DNIEL~1\AppData\Local\Temp\ccYRjMjn.s:55     .text._idle_thread:00000014 $t
C:\Users\DNIEL~1\AppData\Local\Temp\ccYRjMjn.s:139    .text.chSysInit:0000005c $t
C:\Users\DNIEL~1\AppData\Local\Temp\ccYRjMjn.s:231    .text.chSysTimerHandlerI:00000054 $t

UNDEFINED SYMBOLS
rlist
_port_init
_scheduler_init
_vt_init
_core_init
_heap_init
_thread_init
chThdCreateStatic
ch_debug
_port_unlock
_port_lock
vtlist
